2025-01-06 20:22:55,004 [INFO] Activator:176 - 


2025-01-06 20:22:55,006 [INFO] Activator:177 - !SESSION log4j initialized
2025-01-06 20:22:57,026 [INFO] LogOutputStream:77 - [STDOUT_REDIRECT] 
2025-01-06 20:22:58,579 [INFO] ApplicationProperties:184 - Using Application install path: C:\ST\STM32CubeIDE_1.17.0\STM32CubeIDE\plugins\com.st.stm32cube.common.mx_6.13.0.202411220809
2025-01-06 20:22:58,590 [INFO] DbMcusXml:78 - Set database path to: C:\ST\STM32CubeIDE_1.17.0\STM32CubeIDE\plugins\com.st.stm32cube.common.mx_6.13.0.202411220809\\db\/mcu/
2025-01-06 20:22:58,590 [INFO] ApiDb:274 - Set plugin database path to: C:\ST\STM32CubeIDE_1.17.0\STM32CubeIDE\plugins\com.st.stm32cube.common.mx_6.13.0.202411220809\\db\/plugins/boardmanager/
2025-01-06 20:22:58,590 [WARN] ApiDb:259 - Overriding images path with different value:  => C:\ST\STM32CubeIDE_1.17.0\STM32CubeIDE\plugins\com.st.stm32cube.common.mx_6.13.0.202411220809\\db\/plugins/mcufinder/images/
2025-01-06 20:22:58,594 [INFO] ApiDb:250 - Set database path to: C:\Users\arees\.stmcufinder\plugins\mcufinder//mcu/
2025-01-06 20:22:58,595 [INFO] DbMcusAds:125 - Set database path to: C:\Users\arees\.stmcufinder\plugins\mcufinder//mcu/
2025-01-06 20:22:58,597 [INFO] CrossReferenceDbSqlite:203 - Set database path to: C:\Users\arees\.stmcufinder\plugins\mcufinder//mcu/cs/
2025-01-06 20:22:58,674 [INFO] RulesReader:64 - Compatibility file has been processed (297 Rules)
2025-01-06 20:22:58,744 [INFO] DbMcusXml:78 - Set database path to: C:\ST\STM32CubeIDE_1.17.0\STM32CubeIDE\plugins\com.st.stm32cube.common.mx_6.13.0.202411220809\\db\/mcu/
2025-01-06 20:22:58,745 [INFO] ApiDb:274 - Set plugin database path to: C:\ST\STM32CubeIDE_1.17.0\STM32CubeIDE\plugins\com.st.stm32cube.common.mx_6.13.0.202411220809\\db\/plugins/boardmanager/
2025-01-06 20:22:58,745 [INFO] ApiDb:261 - Set plugin images path to: C:\ST\STM32CubeIDE_1.17.0\STM32CubeIDE\plugins\com.st.stm32cube.common.mx_6.13.0.202411220809\\db\/plugins/mcufinder/images/
2025-01-06 20:22:58,745 [WARN] DbFile:41 - Overriding database path with different value: C:\Users\arees\.stmcufinder\plugins\mcufinder/ => C:\Users\arees\.stmcufinder\plugins\mcufinder
2025-01-06 20:22:58,745 [INFO] ApiDb:250 - Set database path to: C:\Users\arees\.stmcufinder\plugins\mcufinder//mcu/
2025-01-06 20:22:58,745 [WARN] DbFile:41 - Overriding database path with different value: C:\Users\arees\.stmcufinder\plugins\mcufinder/ => C:\Users\arees\.stmcufinder\plugins\mcufinder
2025-01-06 20:22:58,745 [INFO] DbMcusAds:125 - Set database path to: C:\Users\arees\.stmcufinder\plugins\mcufinder//mcu/
2025-01-06 20:22:58,745 [WARN] DbFile:41 - Overriding database path with different value: C:\Users\arees\.stmcufinder\plugins\mcufinder/ => C:\Users\arees\.stmcufinder\plugins\mcufinder
2025-01-06 20:22:58,745 [WARN] DbFile:41 - Overriding database path with different value: C:\Users\arees\.stmcufinder\plugins\mcufinder/ => C:\Users\arees\.stmcufinder\plugins\mcufinder
2025-01-06 20:22:58,745 [INFO] CrossReferenceDbSqlite:203 - Set database path to: C:\Users\arees\.stmcufinder\plugins\mcufinder//mcu/cs/
2025-01-06 20:22:58,790 [INFO] MainPanel:272 - HeapMemory: 268435456
2025-01-06 20:22:58,845 [INFO] DbMcusXml:78 - Set database path to: C:\ST\STM32CubeIDE_1.17.0\STM32CubeIDE\plugins\com.st.stm32cube.common.mx_6.13.0.202411220809\\db\/mcu/
2025-01-06 20:22:58,845 [INFO] ApiDb:274 - Set plugin database path to: C:\ST\STM32CubeIDE_1.17.0\STM32CubeIDE\plugins\com.st.stm32cube.common.mx_6.13.0.202411220809\\db\/plugins/boardmanager/
2025-01-06 20:22:58,845 [INFO] ApiDb:261 - Set plugin images path to: C:\ST\STM32CubeIDE_1.17.0\STM32CubeIDE\plugins\com.st.stm32cube.common.mx_6.13.0.202411220809\\db\/plugins/mcufinder/images/
2025-01-06 20:22:58,845 [WARN] DbFile:41 - Overriding database path with different value: C:\Users\arees\.stmcufinder\plugins\mcufinder/ => C:\Users\arees\.stmcufinder\plugins\mcufinder
2025-01-06 20:22:58,845 [INFO] ApiDb:250 - Set database path to: C:\Users\arees\.stmcufinder\plugins\mcufinder//mcu/
2025-01-06 20:22:58,845 [WARN] DbFile:41 - Overriding database path with different value: C:\Users\arees\.stmcufinder\plugins\mcufinder/ => C:\Users\arees\.stmcufinder\plugins\mcufinder
2025-01-06 20:22:58,845 [INFO] DbMcusAds:125 - Set database path to: C:\Users\arees\.stmcufinder\plugins\mcufinder//mcu/
2025-01-06 20:22:58,845 [WARN] DbFile:41 - Overriding database path with different value: C:\Users\arees\.stmcufinder\plugins\mcufinder/ => C:\Users\arees\.stmcufinder\plugins\mcufinder
2025-01-06 20:22:58,845 [WARN] DbFile:41 - Overriding database path with different value: C:\Users\arees\.stmcufinder\plugins\mcufinder/ => C:\Users\arees\.stmcufinder\plugins\mcufinder
2025-01-06 20:22:58,845 [INFO] CrossReferenceDbSqlite:203 - Set database path to: C:\Users\arees\.stmcufinder\plugins\mcufinder//mcu/cs/
2025-01-06 20:22:58,859 [INFO] ApplicationProperties:184 - Using Application install path: C:\ST\STM32CubeIDE_1.17.0\STM32CubeIDE\plugins\com.st.stm32cube.common.mx_6.13.0.202411220809
2025-01-06 20:22:58,860 [INFO] PluginManage:196 - Search for loadable plugins [exclusion list=, ]
2025-01-06 20:22:58,861 [INFO] PluginManage:310 - Check plugin analytics
2025-01-06 20:22:58,994 [INFO] AnalyticsPlugin:253 - Accepted Software Licenses: 
2025-01-06 20:22:58,994 [INFO] AnalyticsPlugin:255 - Accepted CMSIS Pack Licenses: 
2025-01-06 20:22:58,994 [INFO] AnalyticsPlugin:257 - Accepted Firmware Licenses: 
2025-01-06 20:22:58,997 [INFO] PluginManage:359 - Loaded plugin analytics (category:tool,tabindex:-1)
2025-01-06 20:22:58,998 [INFO] PluginManage:310 - Check plugin cadmodel
2025-01-06 20:22:59,003 [INFO] CADModel:105 - Init CAD model plugin
2025-01-06 20:22:59,003 [INFO] PluginManage:359 - Loaded plugin cadmodel (category:power,tabindex:5)
2025-01-06 20:22:59,003 [INFO] PluginManage:310 - Check plugin clock
2025-01-06 20:22:59,012 [INFO] PluginManage:359 - Loaded plugin clock (category:base,tabindex:2)
2025-01-06 20:22:59,013 [INFO] PluginManage:310 - Check plugin ddr
2025-01-06 20:22:59,015 [INFO] PluginManage:359 - Loaded plugin ddr (category:tool,tabindex:6)
2025-01-06 20:22:59,015 [INFO] PluginManage:310 - Check plugin filemanager
2025-01-06 20:22:59,135 [INFO] PluginManage:359 - Loaded plugin filemanager (category:base,tabindex:10)
2025-01-06 20:22:59,135 [INFO] PluginManage:310 - Check plugin ipmanager
2025-01-06 20:22:59,142 [INFO] PluginManage:359 - Loaded plugin ipmanager (category:base,tabindex:5)
2025-01-06 20:22:59,142 [INFO] PluginManage:310 - Check plugin lpbam
2025-01-06 20:22:59,148 [INFO] PluginManage:359 - Loaded plugin lpbam (category:base,tabindex:0)
2025-01-06 20:22:59,149 [INFO] PluginManage:310 - Check plugin memorymap
2025-01-06 20:22:59,155 [INFO] PluginManage:359 - Loaded plugin memorymap (category:base,tabindex:4)
2025-01-06 20:22:59,155 [INFO] PluginManage:310 - Check plugin pinoutandconfiguration
2025-01-06 20:22:59,160 [INFO] PluginManage:359 - Loaded plugin pinoutandconfiguration (category:base,tabindex:1)
2025-01-06 20:22:59,160 [INFO] PluginManage:310 - Check plugin pinoutconfig
2025-01-06 20:22:59,218 [WARN] SupportedApi:132 - Cannot load RTOS API schema: s4s-elt-must-match.1: The content of 'definitions' must match (annotation?, (simpleType | complexType)?, (unique | key | keyref)*)). A problem was found starting at: attribute.
2025-01-06 20:22:59,303 [INFO] PluginManage:359 - Loaded plugin pinoutconfig (category:base,tabindex:0)
2025-01-06 20:22:59,304 [INFO] PluginManage:310 - Check plugin power
2025-01-06 20:22:59,310 [INFO] PluginManage:359 - Loaded plugin power (category:power,tabindex:4)
2025-01-06 20:22:59,310 [INFO] PluginManage:310 - Check plugin projectmanager
2025-01-06 20:22:59,321 [INFO] PluginManage:359 - Loaded plugin projectmanager (category:projectmanager,tabindex:4)
2025-01-06 20:22:59,321 [INFO] PluginManage:310 - Check plugin rif
2025-01-06 20:22:59,324 [INFO] PluginManage:359 - Loaded plugin rif (category:base,tabindex:3)
2025-01-06 20:22:59,325 [INFO] PluginManage:310 - Check plugin thirdparty
2025-01-06 20:22:59,411 [INFO] PluginManage:359 - Loaded plugin thirdparty (category:base,tabindex:-1)
2025-01-06 20:22:59,411 [INFO] PluginManage:310 - Check plugin tools
2025-01-06 20:22:59,411 [WARN] IntegrityCheckThread:84 - waiting for thirdparty lock release [integrity check]
2025-01-06 20:22:59,412 [INFO] IntegrityCheckThread:86 - entering critical section [integrity check]
2025-01-06 20:22:59,412 [INFO] ThirdPartyUpdaterWithRetryManager:70 - Updater plugin not ready yet. [1/15]
2025-01-06 20:22:59,414 [INFO] PluginManage:359 - Loaded plugin tools (category:base,tabindex:7)
2025-01-06 20:22:59,414 [INFO] PluginManage:310 - Check plugin tutovideos
2025-01-06 20:22:59,520 [INFO] PluginManage:359 - Loaded plugin tutovideos (category:base,tabindex:-1)
2025-01-06 20:22:59,520 [INFO] PluginManage:310 - Check plugin updater
2025-01-06 20:22:59,535 [INFO] PluginManage:359 - Loaded plugin updater (category:base,tabindex:12)
2025-01-06 20:22:59,536 [INFO] PluginManage:310 - Check plugin userauth
2025-01-06 20:22:59,538 [INFO] UserAuth:118 - Init User Auth plugin
2025-01-06 20:22:59,538 [INFO] PluginManage:359 - Loaded plugin userauth (category:base,tabindex:14)
2025-01-06 20:22:59,539 [INFO] PluginManage:283 - PluginManage : Loaded plugins [18]
2025-01-06 20:22:59,678 [INFO] PinOutPanel:1589 - setPackage(No Configuration,No Configuration)
2025-01-06 20:22:59,741 [INFO] CADModel:165 - CPN selected for project level
2025-01-06 20:22:59,741 [INFO] CADModel:114 - Register for checkConnection events
2025-01-06 20:22:59,755 [INFO] IPUIPlugin:80 - create IPUIPlugin
2025-01-06 20:22:59,756 [INFO] PluginManager:220 - loadIPPluginJar : add adc
2025-01-06 20:22:59,759 [INFO] IPUIPlugin:80 - create IPUIPlugin
2025-01-06 20:22:59,760 [INFO] PluginManager:220 - loadIPPluginJar : add aes
2025-01-06 20:22:59,762 [INFO] IPUIPlugin:80 - create IPUIPlugin
2025-01-06 20:22:59,763 [INFO] PluginManager:220 - loadIPPluginJar : add can
2025-01-06 20:22:59,764 [INFO] IPUIPlugin:80 - create IPUIPlugin
2025-01-06 20:22:59,765 [INFO] PluginManager:220 - loadIPPluginJar : add comp
2025-01-06 20:22:59,767 [INFO] IPUIPlugin:80 - create IPUIPlugin
2025-01-06 20:22:59,767 [INFO] PluginManager:220 - loadIPPluginJar : add cryp
2025-01-06 20:22:59,770 [INFO] IPUIPlugin:80 - create IPUIPlugin
2025-01-06 20:22:59,770 [INFO] PluginManager:220 - loadIPPluginJar : add ddr_ctrl_phy
2025-01-06 20:22:59,773 [INFO] IPUIPlugin:80 - create IPUIPlugin
2025-01-06 20:22:59,773 [INFO] PluginManager:220 - loadIPPluginJar : add dfsdm
2025-01-06 20:22:59,777 [INFO] IPUIPlugin:80 - create IPUIPlugin
2025-01-06 20:22:59,778 [INFO] PluginManager:220 - loadIPPluginJar : add dma
2025-01-06 20:22:59,781 [INFO] IPUIPlugin:80 - create IPUIPlugin
2025-01-06 20:22:59,781 [INFO] PluginManager:220 - loadIPPluginJar : add dma3
2025-01-06 20:22:59,783 [INFO] IPUIPlugin:80 - create IPUIPlugin
2025-01-06 20:22:59,783 [INFO] PluginManager:220 - loadIPPluginJar : add extmemmanager
2025-01-06 20:22:59,784 [INFO] IPUIPlugin:80 - create IPUIPlugin
2025-01-06 20:22:59,784 [INFO] PluginManager:220 - loadIPPluginJar : add fatfs
2025-01-06 20:22:59,788 [INFO] IPUIPlugin:80 - create IPUIPlugin
2025-01-06 20:22:59,788 [INFO] PluginManager:220 - loadIPPluginJar : add fmc
2025-01-06 20:22:59,792 [INFO] IPUIPlugin:80 - create IPUIPlugin
2025-01-06 20:22:59,793 [INFO] PluginManager:220 - loadIPPluginJar : add freertos
2025-01-06 20:22:59,794 [INFO] IPUIPlugin:80 - create IPUIPlugin
2025-01-06 20:22:59,794 [INFO] PluginManager:220 - loadIPPluginJar : add genericplugin
2025-01-06 20:22:59,795 [INFO] IPUIPlugin:80 - create IPUIPlugin
2025-01-06 20:22:59,795 [INFO] PluginManager:220 - loadIPPluginJar : add gfxmmu
2025-01-06 20:22:59,798 [INFO] IPUIPlugin:80 - create IPUIPlugin
2025-01-06 20:22:59,798 [INFO] PluginManager:220 - loadIPPluginJar : add gic
2025-01-06 20:22:59,800 [INFO] IPUIPlugin:80 - create IPUIPlugin
2025-01-06 20:22:59,800 [INFO] PluginManager:220 - loadIPPluginJar : add gpio
2025-01-06 20:22:59,802 [INFO] IPUIPlugin:80 - create IPUIPlugin
2025-01-06 20:22:59,802 [INFO] PluginManager:220 - loadIPPluginJar : add gtzc
2025-01-06 20:22:59,803 [INFO] IPUIPlugin:80 - create IPUIPlugin
2025-01-06 20:22:59,803 [INFO] PluginManager:220 - loadIPPluginJar : add hash
2025-01-06 20:22:59,805 [INFO] IPUIPlugin:80 - create IPUIPlugin
2025-01-06 20:22:59,805 [INFO] PluginManager:220 - loadIPPluginJar : add i2c
2025-01-06 20:22:59,806 [INFO] IPUIPlugin:80 - create IPUIPlugin
2025-01-06 20:22:59,806 [INFO] PluginManager:220 - loadIPPluginJar : add i2s
2025-01-06 20:22:59,808 [INFO] IPUIPlugin:80 - create IPUIPlugin
2025-01-06 20:22:59,808 [INFO] PluginManager:220 - loadIPPluginJar : add i3c
2025-01-06 20:22:59,810 [INFO] IPUIPlugin:80 - create IPUIPlugin
2025-01-06 20:22:59,810 [INFO] PluginManager:220 - loadIPPluginJar : add ipddr
2025-01-06 20:22:59,813 [INFO] IPUIPlugin:80 - create IPUIPlugin
2025-01-06 20:22:59,813 [INFO] PluginManager:220 - loadIPPluginJar : add linkedlist
2025-01-06 20:22:59,815 [INFO] IPUIPlugin:80 - create IPUIPlugin
2025-01-06 20:22:59,815 [INFO] PluginManager:220 - loadIPPluginJar : add lorawan
2025-01-06 20:22:59,817 [INFO] IPUIPlugin:80 - create IPUIPlugin
2025-01-06 20:22:59,817 [INFO] PluginManager:220 - loadIPPluginJar : add ltdc
2025-01-06 20:22:59,820 [INFO] IPUIPlugin:80 - create IPUIPlugin
2025-01-06 20:22:59,820 [INFO] PluginManager:220 - loadIPPluginJar : add mdma
2025-01-06 20:22:59,822 [INFO] IPUIPlugin:80 - create IPUIPlugin
2025-01-06 20:22:59,822 [INFO] PluginManager:220 - loadIPPluginJar : add nvic
2025-01-06 20:22:59,824 [INFO] IPUIPlugin:80 - create IPUIPlugin
2025-01-06 20:22:59,824 [INFO] PluginManager:220 - loadIPPluginJar : add opamp
2025-01-06 20:22:59,825 [INFO] IPUIPlugin:80 - create IPUIPlugin
2025-01-06 20:22:59,825 [INFO] PluginManager:220 - loadIPPluginJar : add openamp
2025-01-06 20:22:59,827 [INFO] IPUIPlugin:80 - create IPUIPlugin
2025-01-06 20:22:59,828 [INFO] PluginManager:220 - loadIPPluginJar : add pdm2pcm
2025-01-06 20:22:59,831 [INFO] IPUIPlugin:80 - create IPUIPlugin
2025-01-06 20:22:59,833 [INFO] PluginManager:220 - loadIPPluginJar : add plateformsettings
2025-01-06 20:22:59,834 [INFO] IPUIPlugin:80 - create IPUIPlugin
2025-01-06 20:22:59,834 [INFO] PluginManager:220 - loadIPPluginJar : add quadspi
2025-01-06 20:22:59,835 [INFO] IPUIPlugin:80 - create IPUIPlugin
2025-01-06 20:22:59,835 [INFO] PluginManager:220 - loadIPPluginJar : add radio
2025-01-06 20:22:59,837 [INFO] IPUIPlugin:80 - create IPUIPlugin
2025-01-06 20:22:59,837 [INFO] PluginManager:220 - loadIPPluginJar : add resmgrutility
2025-01-06 20:22:59,840 [INFO] IPUIPlugin:80 - create IPUIPlugin
2025-01-06 20:22:59,840 [INFO] PluginManager:220 - loadIPPluginJar : add sai
2025-01-06 20:22:59,841 [INFO] IPUIPlugin:80 - create IPUIPlugin
2025-01-06 20:22:59,841 [INFO] PluginManager:220 - loadIPPluginJar : add spi
2025-01-06 20:22:59,844 [INFO] IPUIPlugin:80 - create IPUIPlugin
2025-01-06 20:22:59,844 [INFO] PluginManager:220 - loadIPPluginJar : add stm32_wpan
2025-01-06 20:22:59,845 [INFO] IPUIPlugin:80 - create IPUIPlugin
2025-01-06 20:22:59,845 [INFO] PluginManager:220 - loadIPPluginJar : add tim
2025-01-06 20:22:59,847 [INFO] IPUIPlugin:80 - create IPUIPlugin
2025-01-06 20:22:59,847 [INFO] PluginManager:220 - loadIPPluginJar : add touchsensing
2025-01-06 20:22:59,848 [INFO] IPUIPlugin:80 - create IPUIPlugin
2025-01-06 20:22:59,848 [INFO] PluginManager:220 - loadIPPluginJar : add tracer_emb
2025-01-06 20:22:59,849 [INFO] IPUIPlugin:80 - create IPUIPlugin
2025-01-06 20:22:59,849 [INFO] PluginManager:220 - loadIPPluginJar : add ts
2025-01-06 20:22:59,850 [INFO] IPUIPlugin:80 - create IPUIPlugin
2025-01-06 20:22:59,851 [INFO] PluginManager:220 - loadIPPluginJar : add tsc
2025-01-06 20:22:59,852 [INFO] IPUIPlugin:80 - create IPUIPlugin
2025-01-06 20:22:59,852 [INFO] PluginManager:220 - loadIPPluginJar : add ucpd
2025-01-06 20:22:59,853 [INFO] IPUIPlugin:80 - create IPUIPlugin
2025-01-06 20:22:59,853 [INFO] PluginManager:220 - loadIPPluginJar : add usart
2025-01-06 20:22:59,855 [INFO] IPUIPlugin:80 - create IPUIPlugin
2025-01-06 20:22:59,855 [INFO] PluginManager:220 - loadIPPluginJar : add usbx
2025-01-06 20:22:59,965 [FATAL] Updater:351 - Updater called before beeing initialized
2025-01-06 20:22:59,981 [INFO] RulesReader:64 - Compatibility file has been processed (297 Rules)
2025-01-06 20:22:59,990 [INFO] RulesReader:64 - Compatibility file has been processed (297 Rules)
2025-01-06 20:22:59,998 [INFO] CADModel:165 - CPN selected for project level
2025-01-06 20:22:59,998 [INFO] CADModel:114 - Register for checkConnection events
2025-01-06 20:22:59,998 [FATAL] Updater:351 - Updater called before beeing initialized
2025-01-06 20:22:59,998 [ERROR] CADModel:125 - Updater not yet initialized, retry later 
2025-01-06 20:23:00,113 [FATAL] Updater:351 - Updater called before beeing initialized
2025-01-06 20:23:00,115 [INFO] CADModel:165 - CPN selected for project level
2025-01-06 20:23:00,115 [INFO] CADModel:114 - Register for checkConnection events
2025-01-06 20:23:00,115 [FATAL] Updater:351 - Updater called before beeing initialized
2025-01-06 20:23:00,115 [ERROR] CADModel:125 - Updater not yet initialized, retry later 
2025-01-06 20:23:00,117 [FATAL] Updater:351 - Updater called before beeing initialized
2025-01-06 20:23:00,191 [FATAL] Updater:351 - Updater called before beeing initialized
2025-01-06 20:23:00,199 [INFO] DbMcusAds:53 - JSON generation date=Thu Sep 30 01:55:09 CDT 2021 (1632984909247)
2025-01-06 20:23:00,200 [FATAL] Updater:351 - Updater called before beeing initialized
2025-01-06 20:23:00,228 [WARN] DetailPanel:346 - Failed to get advertising image, set to default
2025-01-06 20:23:00,392 [FATAL] Updater:351 - Updater called before beeing initialized
2025-01-06 20:23:00,393 [FATAL] Updater:351 - Updater called before beeing initialized
2025-01-06 20:23:00,393 [FATAL] Updater:351 - Updater called before beeing initialized
2025-01-06 20:23:00,393 [WARN] DetailPanel:346 - Failed to get advertising image, set to default
2025-01-06 20:23:00,394 [FATAL] Updater:351 - Updater called before beeing initialized
2025-01-06 20:23:00,433 [ERROR] Updater:1198 - MainUpdater not yet initialized. External WinMGr cannot be set.
2025-01-06 20:23:00,434 [INFO] Updater:1134 - Updater Version found : 6.13.0
2025-01-06 20:23:00,444 [INFO] ApplicationProperties:184 - Using Application install path: C:\ST\STM32CubeIDE_1.17.0\STM32CubeIDE\plugins\com.st.stm32cube.common.mx_6.13.0.202411220809
2025-01-06 20:23:02,008 [ERROR] LogOutputStream:75 - [STDERR_REDIRECT] Jan 06, 2025 8:23:02 PM java.util.prefs.WindowsPreferences <init>
2025-01-06 20:23:02,008 [ERROR] LogOutputStream:75 - [STDERR_REDIRECT] WARNING: Could not open/create prefs root node Software\JavaSoft\Prefs at root 0xffffffff80000002. Windows RegCreateKeyEx(...) returned error code 5.
2025-01-06 20:23:02,009 [ERROR] LogOutputStream:75 - [STDERR_REDIRECT] 
2025-01-06 20:23:02,353 [INFO] MainUpdater:2872 - connection check result : 10
2025-01-06 20:23:02,353 [INFO] MainUpdater:289 - Updater Check For Update Now.
2025-01-06 20:23:02,353 [INFO] MicroXplorer:498 - Change Database Version : DB.6.0.130
2025-01-06 20:23:02,359 [INFO] McuFinderGlobals:63 - Set McuFinder mode to 2 (CubeIDE integrated)
2025-01-06 20:23:02,359 [INFO] UserAuth:171 - activating auth plugin
2025-01-06 20:23:02,361 [INFO] UserAuth:486 - Internet connection configuration mode: 1
2025-01-06 20:23:02,397 [INFO] JxBrowserEngine:152 - Initiate JxBrowser Engine with user profile folder
2025-01-06 20:23:02,413 [WARN] MainUpdater:1193 - Updater busy. Cannot search thirdparties
2025-01-06 20:23:02,413 [INFO] ThirdPartyUpdaterWithRetryManager:96 - Updater plugin is busy. [1/15]
2025-01-06 20:23:02,518 [INFO] CheckServerUpdateThread:120 - End of CheckServer Thread
2025-01-06 20:23:02,869 [INFO] WebApp:168 - Instantiating new browser for Auth
2025-01-06 20:23:03,309 [INFO] WebApp:449 - Apply proxy settings
2025-01-06 20:23:03,309 [INFO] WebApp:534 - Chromium requires no authentication
2025-01-06 20:23:03,314 [INFO] WebApp:477 - Direct internet connection detected
2025-01-06 20:23:03,331 [INFO] WebApp:880 - Register for checkConnection events
2025-01-06 20:23:03,331 [INFO] WebApp:449 - Apply proxy settings
2025-01-06 20:23:03,331 [INFO] WebApp:534 - Chromium requires no authentication
2025-01-06 20:23:03,332 [INFO] WebApp:477 - Direct internet connection detected
2025-01-06 20:23:03,446 [INFO] WebApp:221 - Starting web application
2025-01-06 20:23:03,446 [INFO] WebApp:579 - Web application path used C:\ST\STM32CubeIDE_1.17.0\STM32CubeIDE\plugins\com.st.stm32cube.common.mx_6.13.0.202411220809\db\plugins\mcufinder\reactClient1\index.html
2025-01-06 20:23:03,662 [INFO] WebApp:187 - Connection restablished
2025-01-06 20:23:05,576 [WARN] PackLoader:240 - Cannot read IP mode file for STMicroelectronics.FP-SNS-MOTENVWB1.1.4.0
2025-01-06 20:23:05,584 [WARN] PackLoader:240 - Cannot read IP mode file for STMicroelectronics.FP-ATR-ASTRA1.2.0.1
2025-01-06 20:23:05,590 [WARN] PackLoader:240 - Cannot read IP mode file for STMicroelectronics.X-CUBE-SMBUS.2.1.0
2025-01-06 20:23:05,597 [WARN] PackLoader:240 - Cannot read IP mode file for STMicroelectronics.X-CUBE-WB05N.1.1.0
2025-01-06 20:23:05,621 [WARN] PackLoader:240 - Cannot read IP mode file for STMicroelectronics.X-CUBE-AZRTOS-F7.1.1.0
2025-01-06 20:23:05,627 [WARN] PackLoader:240 - Cannot read IP mode file for STMicroelectronics.FP-SNS-FLIGHT1.5.0.2
2025-01-06 20:23:05,649 [WARN] PackLoader:240 - Cannot read IP mode file for Infineon.AIROC-Wi-Fi-Bluetooth-STM32.1.7.0
2025-01-06 20:23:05,660 [WARN] PackLoader:240 - Cannot read IP mode file for STMicroelectronics.X-CUBE-DISPLAY.3.0.0
2025-01-06 20:23:05,667 [WARN] PackLoader:240 - Cannot read IP mode file for STMicroelectronics.X-CUBE-BLE1.7.0.0
2025-01-06 20:23:05,672 [WARN] PackLoader:240 - Cannot read IP mode file for STMicroelectronics.X-CUBE-NFC10.1.0.0
2025-01-06 20:23:05,682 [WARN] PackLoader:240 - Cannot read IP mode file for STMicroelectronics.X-CUBE-BLEMGR.4.0.0
2025-01-06 20:23:05,688 [WARN] PackLoader:240 - Cannot read IP mode file for emotas.I-CUBE-CANOPEN.1.3.0
2025-01-06 20:23:05,692 [WARN] PackLoader:240 - Cannot read IP mode file for STMicroelectronics.FP-SNS-SMARTAG2.1.2.0
2025-01-06 20:23:05,729 [WARN] PackLoader:240 - Cannot read IP mode file for STMicroelectronics.X-CUBE-MEMS1.11.1.0
2025-01-06 20:23:05,840 [INFO] LogOutputStream:77 - [STDOUT_REDIRECT] 1 : Invalid condition id : UX_CORESTACK_Condition cause : null
2025-01-06 20:23:05,842 [INFO] LogOutputStream:77 - [STDOUT_REDIRECT] 1 : Invalid condition id : UX_CORESTACK_Condition cause : null
2025-01-06 20:23:05,843 [INFO] LogOutputStream:77 - [STDOUT_REDIRECT] 1 : Invalid condition id : UX_CORESTACK_Condition cause : null
2025-01-06 20:23:05,844 [INFO] LogOutputStream:77 - [STDOUT_REDIRECT] 1 : Invalid condition id : UX_CORESTACK_Condition cause : null
2025-01-06 20:23:05,845 [INFO] LogOutputStream:77 - [STDOUT_REDIRECT] 1 : Invalid condition id : UX_CORESTACK_Condition cause : null
2025-01-06 20:23:05,847 [WARN] PackLoader:240 - Cannot read IP mode file for STMicroelectronics.X-CUBE-AZRTOS-WL.2.0.0
2025-01-06 20:23:05,850 [WARN] PackLoader:240 - Cannot read IP mode file for STMicroelectronics.FP-SNS-MOTENV1.5.0.0
2025-01-06 20:23:05,853 [WARN] PackLoader:240 - Cannot read IP mode file for wolfSSL.I-CUBE-wolfMQTT.1.19.0
2025-01-06 20:23:05,863 [WARN] PackLoader:240 - Cannot read IP mode file for WES.I-CUBE-Cesium.1.3.0
2025-01-06 20:23:05,866 [WARN] PackLoader:240 - Cannot read IP mode file for STMicroelectronics.X-CUBE-BLE2.3.3.0
2025-01-06 20:23:05,869 [WARN] PackLoader:240 - Cannot read IP mode file for STMicroelectronics.X-CUBE-NFC9.1.0.0
2025-01-06 20:23:05,877 [WARN] PackLoader:240 - Cannot read IP mode file for STMicroelectronics.X-CUBE-AZRTOS-G0.1.1.0
2025-01-06 20:23:05,883 [WARN] PackLoader:240 - Cannot read IP mode file for STMicroelectronics.X-CUBE-SAFEA1.1.2.2
2025-01-06 20:23:05,887 [WARN] PackLoader:240 - Cannot read IP mode file for STMicroelectronics.X-CUBE-NFC4.3.0.0
2025-01-06 20:23:05,892 [WARN] PackLoader:240 - Cannot read IP mode file for EmbeddedOffice.I-CUBE-FS-RTOS.1.0.1
2025-01-06 20:23:05,896 [WARN] PackLoader:240 - Cannot read IP mode file for STMicroelectronics.X-CUBE-TCPP.4.2.0
2025-01-06 20:23:05,899 [WARN] PackLoader:240 - Cannot read IP mode file for RealThread.X-CUBE-RT-Thread_Nano.4.1.1
2025-01-06 20:23:05,901 [WARN] PackLoader:240 - Cannot read IP mode file for STMicroelectronics.FP-ATR-SIGFOX1.3.2.0
2025-01-06 20:23:05,904 [WARN] ConditionMgr:438 - getConditionDescription Invalid condition id : Cortex-A Device cause : null
2025-01-06 20:23:05,924 [WARN] ConditionMgr:1044 - genDependencies : Invalid condition id : Cortex-A Device cause : null
2025-01-06 20:23:05,925 [WARN] ConditionMgr:1044 - genDependencies : Invalid condition id : Cortex-A Device cause : null
2025-01-06 20:23:05,925 [WARN] ConditionMgr:1044 - genDependencies : Invalid condition id : Cortex-A Device cause : null
2025-01-06 20:23:05,933 [WARN] PackLoader:240 - Cannot read IP mode file for STMicroelectronics.X-CUBE-EEPRMA1.5.1.0
2025-01-06 20:23:05,938 [WARN] PackLoader:240 - Cannot read IP mode file for wolfSSL.I-CUBE-wolfSSL.5.7.4
2025-01-06 20:23:05,942 [WARN] PackLoader:240 - Cannot read IP mode file for ITTIA_DB.I-CUBE-ITTIADB.8.9.0
2025-01-06 20:23:05,962 [WARN] PackLoader:240 - Cannot read IP mode file for SEGGER.I-CUBE-embOS.1.3.1
2025-01-06 20:23:06,006 [WARN] PackLoader:240 - Cannot read IP mode file for STMicroelectronics.X-CUBE-ALGOBUILD.1.4.0
2025-01-06 20:23:06,010 [WARN] PackLoader:240 - Cannot read IP mode file for STMicroelectronics.X-CUBE-AI.9.1.0
2025-01-06 20:23:06,018 [WARN] PackLoader:240 - Cannot read IP mode file for STMicroelectronics.X-CUBE-AZRTOS-F4.1.1.0
2025-01-06 20:23:06,022 [WARN] PackLoader:240 - Cannot read IP mode file for STMicroelectronics.X-CUBE-ISPU.2.1.0
2025-01-06 20:23:06,032 [WARN] PackLoader:240 - Cannot read IP mode file for STMicroelectronics.X-CUBE-AZRTOS-L5.2.0.0
2025-01-06 20:23:06,038 [WARN] PackLoader:240 - Cannot read IP mode file for STMicroelectronics.X-CUBE-NFC6.3.1.0
2025-01-06 20:23:06,044 [WARN] PackLoader:240 - Cannot read IP mode file for STMicroelectronics.X-CUBE-DPower.1.2.0
2025-01-06 20:23:06,048 [WARN] PackLoader:240 - Cannot read IP mode file for STMicroelectronics.X-CUBE-FREERTOS.1.3.0
2025-01-06 20:23:06,051 [WARN] PackLoader:240 - Cannot read IP mode file for STMicroelectronics.X-CUBE-NFC7.1.0.1
2025-01-06 20:23:06,063 [WARN] ConditionMgr:438 - getConditionDescription Invalid condition id : LAN8742 Phy interface Condition cause : null
2025-01-06 20:23:06,063 [WARN] PackLoader:240 - Cannot read IP mode file for STMicroelectronics.X-CUBE-AZRTOS-L4.2.0.0
2025-01-06 20:23:06,064 [WARN] ConditionMgr:1044 - genDependencies : Invalid condition id : LAN8742 Phy interface Condition cause : null
2025-01-06 20:23:06,064 [WARN] ConditionMgr:1044 - genDependencies : Invalid condition id : LAN8742 Phy interface Condition cause : null
2025-01-06 20:23:06,064 [WARN] ConditionMgr:1044 - genDependencies : Invalid condition id : LAN8742 Phy interface Condition cause : null
2025-01-06 20:23:06,071 [WARN] PackLoader:240 - Cannot read IP mode file for STMicroelectronics.X-CUBE-SFXS2LP1.4.0.0
2025-01-06 20:23:06,083 [WARN] PackLoader:240 - Cannot read IP mode file for STMicroelectronics.X-CUBE-AZRTOS-H7.3.3.0
2025-01-06 20:23:06,091 [WARN] PackLoader:240 - Cannot read IP mode file for STMicroelectronics.X-CUBE-IPS.3.0.0
2025-01-06 20:23:06,099 [WARN] ConditionMgr:438 - getConditionDescription Invalid condition id : UX DEVICE CLASS RTOS Condition cause : null
2025-01-06 20:23:06,099 [WARN] ConditionMgr:438 - getConditionDescription Invalid condition id : UX DEVICE CLASS RTOS Condition cause : null
2025-01-06 20:23:06,100 [WARN] PackLoader:240 - Cannot read IP mode file for STMicroelectronics.X-CUBE-AZRTOS-WB.2.0.0
2025-01-06 20:23:06,101 [WARN] ConditionMgr:1044 - genDependencies : Invalid condition id : UX DEVICE CLASS RTOS Condition cause : null
2025-01-06 20:23:06,101 [WARN] ConditionMgr:1044 - genDependencies : Invalid condition id : UX DEVICE CLASS RTOS Condition cause : null
2025-01-06 20:23:06,101 [WARN] ConditionMgr:1044 - genDependencies : Invalid condition id : UX DEVICE CLASS RTOS Condition cause : null
2025-01-06 20:23:06,101 [WARN] ConditionMgr:1044 - genDependencies : Invalid condition id : UX DEVICE CLASS RTOS Condition cause : null
2025-01-06 20:23:06,101 [WARN] ConditionMgr:1044 - genDependencies : Invalid condition id : UX DEVICE CLASS RTOS Condition cause : null
2025-01-06 20:23:06,105 [WARN] PackLoader:240 - Cannot read IP mode file for STMicroelectronics.X-CUBE-GNSS1.7.0.1
2025-01-06 20:23:06,109 [WARN] PackLoader:240 - Cannot read IP mode file for STMicroelectronics.FP-SNS-STBOX1.2.0.0
2025-01-06 20:23:06,118 [WARN] PackLoader:240 - Cannot read IP mode file for STMicroelectronics.X-CUBE-SUBG2.5.0.0
2025-01-06 20:23:06,123 [WARN] PackLoader:240 - Cannot read IP mode file for Cesanta.I-CUBE-Mongoose.7.13.0
2025-01-06 20:23:06,131 [WARN] PackLoader:240 - Cannot read IP mode file for STMicroelectronics.X-CUBE-AZRTOS-G4.2.0.0
2025-01-06 20:23:06,135 [WARN] PackLoader:240 - Cannot read IP mode file for STMicroelectronics.X-CUBE-ALS.1.0.2
2025-01-06 20:23:06,140 [WARN] PackLoader:240 - Cannot read IP mode file for STMicroelectronics.X-CUBE-TOUCHGFX.4.24.1
2025-01-06 20:23:06,143 [WARN] PackLoader:240 - Cannot read IP mode file for wolfSSL.I-CUBE-wolfTPM.3.4.0
2025-01-06 20:23:06,147 [WARN] PackLoader:240 - Cannot read IP mode file for portGmbH.I-Cube-SoM-uGOAL.1.1.0
2025-01-06 20:23:06,157 [WARN] PackLoader:240 - Cannot read IP mode file for STMicroelectronics.X-CUBE-AZRTOS-H7RS.1.0.0
2025-01-06 20:23:06,164 [WARN] PackLoader:240 - Cannot read IP mode file for STMicroelectronics.X-CUBE-TOF1.3.4.2
2025-01-06 20:23:06,173 [WARN] PackLoader:240 - Cannot read IP mode file for wolfSSL.I-CUBE-wolfSSH.1.4.17
2025-01-06 20:23:06,173 [INFO] ThirdParty:978 - Integrity check success = true
2025-01-06 20:23:06,173 [INFO] IntegrityCheckThread:100 - exiting critical section [integrity check]
2025-01-06 20:23:06,173 [INFO] IntegrityCheckThread:103 - End integrity checks thread
2025-01-06 20:23:15,140 [ERROR] LogOutputStream:75 - [STDERR_REDIRECT] 
2025-01-06 20:24:40,666 [INFO] Activator:176 - 


2025-01-06 20:24:40,667 [INFO] Activator:177 - !SESSION log4j initialized
2025-01-06 20:24:43,418 [INFO] LogOutputStream:77 - [STDOUT_REDIRECT] 
2025-01-06 20:24:44,956 [INFO] ApplicationProperties:184 - Using Application install path: C:\ST\STM32CubeIDE_1.17.0\STM32CubeIDE\plugins\com.st.stm32cube.common.mx_6.13.0.202411220809
2025-01-06 20:24:44,967 [INFO] DbMcusXml:78 - Set database path to: C:\ST\STM32CubeIDE_1.17.0\STM32CubeIDE\plugins\com.st.stm32cube.common.mx_6.13.0.202411220809\\db\/mcu/
2025-01-06 20:24:44,968 [INFO] ApiDb:274 - Set plugin database path to: C:\ST\STM32CubeIDE_1.17.0\STM32CubeIDE\plugins\com.st.stm32cube.common.mx_6.13.0.202411220809\\db\/plugins/boardmanager/
2025-01-06 20:24:44,968 [WARN] ApiDb:259 - Overriding images path with different value:  => C:\ST\STM32CubeIDE_1.17.0\STM32CubeIDE\plugins\com.st.stm32cube.common.mx_6.13.0.202411220809\\db\/plugins/mcufinder/images/
2025-01-06 20:24:44,971 [INFO] ApiDb:250 - Set database path to: C:\Users\arees\.stmcufinder\plugins\mcufinder//mcu/
2025-01-06 20:24:44,972 [INFO] DbMcusAds:125 - Set database path to: C:\Users\arees\.stmcufinder\plugins\mcufinder//mcu/
2025-01-06 20:24:44,973 [INFO] CrossReferenceDbSqlite:203 - Set database path to: C:\Users\arees\.stmcufinder\plugins\mcufinder//mcu/cs/
2025-01-06 20:24:45,042 [INFO] RulesReader:64 - Compatibility file has been processed (297 Rules)
2025-01-06 20:24:45,117 [INFO] DbMcusXml:78 - Set database path to: C:\ST\STM32CubeIDE_1.17.0\STM32CubeIDE\plugins\com.st.stm32cube.common.mx_6.13.0.202411220809\\db\/mcu/
2025-01-06 20:24:45,117 [INFO] ApiDb:274 - Set plugin database path to: C:\ST\STM32CubeIDE_1.17.0\STM32CubeIDE\plugins\com.st.stm32cube.common.mx_6.13.0.202411220809\\db\/plugins/boardmanager/
2025-01-06 20:24:45,117 [INFO] ApiDb:261 - Set plugin images path to: C:\ST\STM32CubeIDE_1.17.0\STM32CubeIDE\plugins\com.st.stm32cube.common.mx_6.13.0.202411220809\\db\/plugins/mcufinder/images/
2025-01-06 20:24:45,117 [WARN] DbFile:41 - Overriding database path with different value: C:\Users\arees\.stmcufinder\plugins\mcufinder/ => C:\Users\arees\.stmcufinder\plugins\mcufinder
2025-01-06 20:24:45,118 [INFO] ApiDb:250 - Set database path to: C:\Users\arees\.stmcufinder\plugins\mcufinder//mcu/
2025-01-06 20:24:45,118 [WARN] DbFile:41 - Overriding database path with different value: C:\Users\arees\.stmcufinder\plugins\mcufinder/ => C:\Users\arees\.stmcufinder\plugins\mcufinder
2025-01-06 20:24:45,118 [INFO] DbMcusAds:125 - Set database path to: C:\Users\arees\.stmcufinder\plugins\mcufinder//mcu/
2025-01-06 20:24:45,118 [WARN] DbFile:41 - Overriding database path with different value: C:\Users\arees\.stmcufinder\plugins\mcufinder/ => C:\Users\arees\.stmcufinder\plugins\mcufinder
2025-01-06 20:24:45,118 [WARN] DbFile:41 - Overriding database path with different value: C:\Users\arees\.stmcufinder\plugins\mcufinder/ => C:\Users\arees\.stmcufinder\plugins\mcufinder
2025-01-06 20:24:45,118 [INFO] CrossReferenceDbSqlite:203 - Set database path to: C:\Users\arees\.stmcufinder\plugins\mcufinder//mcu/cs/
2025-01-06 20:24:45,163 [INFO] MainPanel:272 - HeapMemory: 268435456
2025-01-06 20:24:45,212 [INFO] DbMcusXml:78 - Set database path to: C:\ST\STM32CubeIDE_1.17.0\STM32CubeIDE\plugins\com.st.stm32cube.common.mx_6.13.0.202411220809\\db\/mcu/
2025-01-06 20:24:45,212 [INFO] ApiDb:274 - Set plugin database path to: C:\ST\STM32CubeIDE_1.17.0\STM32CubeIDE\plugins\com.st.stm32cube.common.mx_6.13.0.202411220809\\db\/plugins/boardmanager/
2025-01-06 20:24:45,212 [INFO] ApiDb:261 - Set plugin images path to: C:\ST\STM32CubeIDE_1.17.0\STM32CubeIDE\plugins\com.st.stm32cube.common.mx_6.13.0.202411220809\\db\/plugins/mcufinder/images/
2025-01-06 20:24:45,212 [WARN] DbFile:41 - Overriding database path with different value: C:\Users\arees\.stmcufinder\plugins\mcufinder/ => C:\Users\arees\.stmcufinder\plugins\mcufinder
2025-01-06 20:24:45,212 [INFO] ApiDb:250 - Set database path to: C:\Users\arees\.stmcufinder\plugins\mcufinder//mcu/
2025-01-06 20:24:45,212 [WARN] DbFile:41 - Overriding database path with different value: C:\Users\arees\.stmcufinder\plugins\mcufinder/ => C:\Users\arees\.stmcufinder\plugins\mcufinder
2025-01-06 20:24:45,212 [INFO] DbMcusAds:125 - Set database path to: C:\Users\arees\.stmcufinder\plugins\mcufinder//mcu/
2025-01-06 20:24:45,213 [WARN] DbFile:41 - Overriding database path with different value: C:\Users\arees\.stmcufinder\plugins\mcufinder/ => C:\Users\arees\.stmcufinder\plugins\mcufinder
2025-01-06 20:24:45,213 [WARN] DbFile:41 - Overriding database path with different value: C:\Users\arees\.stmcufinder\plugins\mcufinder/ => C:\Users\arees\.stmcufinder\plugins\mcufinder
2025-01-06 20:24:45,213 [INFO] CrossReferenceDbSqlite:203 - Set database path to: C:\Users\arees\.stmcufinder\plugins\mcufinder//mcu/cs/
2025-01-06 20:24:45,225 [INFO] ApplicationProperties:184 - Using Application install path: C:\ST\STM32CubeIDE_1.17.0\STM32CubeIDE\plugins\com.st.stm32cube.common.mx_6.13.0.202411220809
2025-01-06 20:24:45,226 [INFO] PluginManage:196 - Search for loadable plugins [exclusion list=, ]
2025-01-06 20:24:45,227 [INFO] PluginManage:310 - Check plugin analytics
2025-01-06 20:24:45,355 [INFO] AnalyticsPlugin:253 - Accepted Software Licenses: 
2025-01-06 20:24:45,356 [INFO] AnalyticsPlugin:255 - Accepted CMSIS Pack Licenses: 
2025-01-06 20:24:45,356 [INFO] AnalyticsPlugin:257 - Accepted Firmware Licenses: 
2025-01-06 20:24:45,359 [INFO] PluginManage:359 - Loaded plugin analytics (category:tool,tabindex:-1)
2025-01-06 20:24:45,360 [INFO] PluginManage:310 - Check plugin cadmodel
2025-01-06 20:24:45,364 [INFO] CADModel:105 - Init CAD model plugin
2025-01-06 20:24:45,364 [INFO] PluginManage:359 - Loaded plugin cadmodel (category:power,tabindex:5)
2025-01-06 20:24:45,365 [INFO] PluginManage:310 - Check plugin clock
2025-01-06 20:24:45,373 [INFO] PluginManage:359 - Loaded plugin clock (category:base,tabindex:2)
2025-01-06 20:24:45,374 [INFO] PluginManage:310 - Check plugin ddr
2025-01-06 20:24:45,375 [INFO] PluginManage:359 - Loaded plugin ddr (category:tool,tabindex:6)
2025-01-06 20:24:45,375 [INFO] PluginManage:310 - Check plugin filemanager
2025-01-06 20:24:45,472 [INFO] PluginManage:359 - Loaded plugin filemanager (category:base,tabindex:10)
2025-01-06 20:24:45,473 [INFO] PluginManage:310 - Check plugin ipmanager
2025-01-06 20:24:45,479 [INFO] PluginManage:359 - Loaded plugin ipmanager (category:base,tabindex:5)
2025-01-06 20:24:45,479 [INFO] PluginManage:310 - Check plugin lpbam
2025-01-06 20:24:45,485 [INFO] PluginManage:359 - Loaded plugin lpbam (category:base,tabindex:0)
2025-01-06 20:24:45,485 [INFO] PluginManage:310 - Check plugin memorymap
2025-01-06 20:24:45,504 [INFO] PluginManage:359 - Loaded plugin memorymap (category:base,tabindex:4)
2025-01-06 20:24:45,504 [INFO] PluginManage:310 - Check plugin pinoutandconfiguration
2025-01-06 20:24:45,510 [INFO] PluginManage:359 - Loaded plugin pinoutandconfiguration (category:base,tabindex:1)
2025-01-06 20:24:45,510 [INFO] PluginManage:310 - Check plugin pinoutconfig
2025-01-06 20:24:45,566 [WARN] SupportedApi:132 - Cannot load RTOS API schema: s4s-elt-must-match.1: The content of 'definitions' must match (annotation?, (simpleType | complexType)?, (unique | key | keyref)*)). A problem was found starting at: attribute.
2025-01-06 20:24:45,646 [INFO] PluginManage:359 - Loaded plugin pinoutconfig (category:base,tabindex:0)
2025-01-06 20:24:45,646 [INFO] PluginManage:310 - Check plugin power
2025-01-06 20:24:45,652 [INFO] PluginManage:359 - Loaded plugin power (category:power,tabindex:4)
2025-01-06 20:24:45,652 [INFO] PluginManage:310 - Check plugin projectmanager
2025-01-06 20:24:45,662 [INFO] PluginManage:359 - Loaded plugin projectmanager (category:projectmanager,tabindex:4)
2025-01-06 20:24:45,662 [INFO] PluginManage:310 - Check plugin rif
2025-01-06 20:24:45,669 [INFO] PluginManage:359 - Loaded plugin rif (category:base,tabindex:3)
2025-01-06 20:24:45,669 [INFO] PluginManage:310 - Check plugin thirdparty
2025-01-06 20:24:45,747 [WARN] IntegrityCheckThread:84 - waiting for thirdparty lock release [integrity check]
2025-01-06 20:24:45,748 [INFO] IntegrityCheckThread:86 - entering critical section [integrity check]
2025-01-06 20:24:45,748 [INFO] ThirdPartyUpdaterWithRetryManager:70 - Updater plugin not ready yet. [1/15]
2025-01-06 20:24:45,748 [INFO] PluginManage:359 - Loaded plugin thirdparty (category:base,tabindex:-1)
2025-01-06 20:24:45,748 [INFO] PluginManage:310 - Check plugin tools
2025-01-06 20:24:45,751 [INFO] PluginManage:359 - Loaded plugin tools (category:base,tabindex:7)
2025-01-06 20:24:45,752 [INFO] PluginManage:310 - Check plugin tutovideos
2025-01-06 20:24:45,865 [INFO] PluginManage:359 - Loaded plugin tutovideos (category:base,tabindex:-1)
2025-01-06 20:24:45,865 [INFO] PluginManage:310 - Check plugin updater
2025-01-06 20:24:45,882 [INFO] PluginManage:359 - Loaded plugin updater (category:base,tabindex:12)
2025-01-06 20:24:45,882 [INFO] PluginManage:310 - Check plugin userauth
2025-01-06 20:24:45,885 [INFO] UserAuth:118 - Init User Auth plugin
2025-01-06 20:24:45,885 [INFO] PluginManage:359 - Loaded plugin userauth (category:base,tabindex:14)
2025-01-06 20:24:45,886 [INFO] PluginManage:283 - PluginManage : Loaded plugins [18]
2025-01-06 20:24:46,081 [INFO] PinOutPanel:1589 - setPackage(No Configuration,No Configuration)
2025-01-06 20:24:46,138 [INFO] CADModel:165 - CPN selected for project level
2025-01-06 20:24:46,138 [INFO] CADModel:114 - Register for checkConnection events
2025-01-06 20:24:46,146 [INFO] IPUIPlugin:80 - create IPUIPlugin
2025-01-06 20:24:46,146 [INFO] PluginManager:220 - loadIPPluginJar : add adc
2025-01-06 20:24:46,148 [INFO] IPUIPlugin:80 - create IPUIPlugin
2025-01-06 20:24:46,148 [INFO] PluginManager:220 - loadIPPluginJar : add aes
2025-01-06 20:24:46,149 [INFO] IPUIPlugin:80 - create IPUIPlugin
2025-01-06 20:24:46,149 [INFO] PluginManager:220 - loadIPPluginJar : add can
2025-01-06 20:24:46,150 [INFO] IPUIPlugin:80 - create IPUIPlugin
2025-01-06 20:24:46,150 [INFO] PluginManager:220 - loadIPPluginJar : add comp
2025-01-06 20:24:46,151 [INFO] IPUIPlugin:80 - create IPUIPlugin
2025-01-06 20:24:46,151 [INFO] PluginManager:220 - loadIPPluginJar : add cryp
2025-01-06 20:24:46,153 [INFO] IPUIPlugin:80 - create IPUIPlugin
2025-01-06 20:24:46,153 [INFO] PluginManager:220 - loadIPPluginJar : add ddr_ctrl_phy
2025-01-06 20:24:46,154 [INFO] IPUIPlugin:80 - create IPUIPlugin
2025-01-06 20:24:46,154 [INFO] PluginManager:220 - loadIPPluginJar : add dfsdm
2025-01-06 20:24:46,156 [INFO] IPUIPlugin:80 - create IPUIPlugin
2025-01-06 20:24:46,157 [INFO] PluginManager:220 - loadIPPluginJar : add dma
2025-01-06 20:24:46,158 [INFO] IPUIPlugin:80 - create IPUIPlugin
2025-01-06 20:24:46,158 [INFO] PluginManager:220 - loadIPPluginJar : add dma3
2025-01-06 20:24:46,160 [INFO] IPUIPlugin:80 - create IPUIPlugin
2025-01-06 20:24:46,160 [INFO] PluginManager:220 - loadIPPluginJar : add extmemmanager
2025-01-06 20:24:46,161 [INFO] IPUIPlugin:80 - create IPUIPlugin
2025-01-06 20:24:46,161 [INFO] PluginManager:220 - loadIPPluginJar : add fatfs
2025-01-06 20:24:46,164 [INFO] IPUIPlugin:80 - create IPUIPlugin
2025-01-06 20:24:46,164 [INFO] PluginManager:220 - loadIPPluginJar : add fmc
2025-01-06 20:24:46,168 [INFO] IPUIPlugin:80 - create IPUIPlugin
2025-01-06 20:24:46,168 [INFO] PluginManager:220 - loadIPPluginJar : add freertos
2025-01-06 20:24:46,169 [INFO] IPUIPlugin:80 - create IPUIPlugin
2025-01-06 20:24:46,169 [INFO] PluginManager:220 - loadIPPluginJar : add genericplugin
2025-01-06 20:24:46,170 [INFO] IPUIPlugin:80 - create IPUIPlugin
2025-01-06 20:24:46,170 [INFO] PluginManager:220 - loadIPPluginJar : add gfxmmu
2025-01-06 20:24:46,173 [INFO] IPUIPlugin:80 - create IPUIPlugin
2025-01-06 20:24:46,173 [INFO] PluginManager:220 - loadIPPluginJar : add gic
2025-01-06 20:24:46,176 [INFO] IPUIPlugin:80 - create IPUIPlugin
2025-01-06 20:24:46,176 [INFO] PluginManager:220 - loadIPPluginJar : add gpio
2025-01-06 20:24:46,178 [INFO] IPUIPlugin:80 - create IPUIPlugin
2025-01-06 20:24:46,178 [INFO] PluginManager:220 - loadIPPluginJar : add gtzc
2025-01-06 20:24:46,180 [INFO] IPUIPlugin:80 - create IPUIPlugin
2025-01-06 20:24:46,180 [INFO] PluginManager:220 - loadIPPluginJar : add hash
2025-01-06 20:24:46,182 [INFO] IPUIPlugin:80 - create IPUIPlugin
2025-01-06 20:24:46,182 [INFO] PluginManager:220 - loadIPPluginJar : add i2c
2025-01-06 20:24:46,183 [INFO] IPUIPlugin:80 - create IPUIPlugin
2025-01-06 20:24:46,183 [INFO] PluginManager:220 - loadIPPluginJar : add i2s
2025-01-06 20:24:46,185 [INFO] IPUIPlugin:80 - create IPUIPlugin
2025-01-06 20:24:46,185 [INFO] PluginManager:220 - loadIPPluginJar : add i3c
2025-01-06 20:24:46,188 [INFO] IPUIPlugin:80 - create IPUIPlugin
2025-01-06 20:24:46,189 [INFO] PluginManager:220 - loadIPPluginJar : add ipddr
2025-01-06 20:24:46,192 [INFO] IPUIPlugin:80 - create IPUIPlugin
2025-01-06 20:24:46,192 [INFO] PluginManager:220 - loadIPPluginJar : add linkedlist
2025-01-06 20:24:46,195 [INFO] IPUIPlugin:80 - create IPUIPlugin
2025-01-06 20:24:46,195 [INFO] PluginManager:220 - loadIPPluginJar : add lorawan
2025-01-06 20:24:46,196 [INFO] IPUIPlugin:80 - create IPUIPlugin
2025-01-06 20:24:46,196 [INFO] PluginManager:220 - loadIPPluginJar : add ltdc
2025-01-06 20:24:46,199 [INFO] IPUIPlugin:80 - create IPUIPlugin
2025-01-06 20:24:46,199 [INFO] PluginManager:220 - loadIPPluginJar : add mdma
2025-01-06 20:24:46,200 [INFO] IPUIPlugin:80 - create IPUIPlugin
2025-01-06 20:24:46,201 [INFO] PluginManager:220 - loadIPPluginJar : add nvic
2025-01-06 20:24:46,202 [INFO] IPUIPlugin:80 - create IPUIPlugin
2025-01-06 20:24:46,202 [INFO] PluginManager:220 - loadIPPluginJar : add opamp
2025-01-06 20:24:46,204 [INFO] IPUIPlugin:80 - create IPUIPlugin
2025-01-06 20:24:46,204 [INFO] PluginManager:220 - loadIPPluginJar : add openamp
2025-01-06 20:24:46,205 [INFO] IPUIPlugin:80 - create IPUIPlugin
2025-01-06 20:24:46,205 [INFO] PluginManager:220 - loadIPPluginJar : add pdm2pcm
2025-01-06 20:24:46,209 [INFO] IPUIPlugin:80 - create IPUIPlugin
2025-01-06 20:24:46,210 [INFO] PluginManager:220 - loadIPPluginJar : add plateformsettings
2025-01-06 20:24:46,211 [INFO] IPUIPlugin:80 - create IPUIPlugin
2025-01-06 20:24:46,211 [INFO] PluginManager:220 - loadIPPluginJar : add quadspi
2025-01-06 20:24:46,212 [INFO] IPUIPlugin:80 - create IPUIPlugin
2025-01-06 20:24:46,212 [INFO] PluginManager:220 - loadIPPluginJar : add radio
2025-01-06 20:24:46,214 [INFO] IPUIPlugin:80 - create IPUIPlugin
2025-01-06 20:24:46,214 [INFO] PluginManager:220 - loadIPPluginJar : add resmgrutility
2025-01-06 20:24:46,216 [INFO] IPUIPlugin:80 - create IPUIPlugin
2025-01-06 20:24:46,216 [INFO] PluginManager:220 - loadIPPluginJar : add sai
2025-01-06 20:24:46,216 [INFO] IPUIPlugin:80 - create IPUIPlugin
2025-01-06 20:24:46,216 [INFO] PluginManager:220 - loadIPPluginJar : add spi
2025-01-06 20:24:46,219 [INFO] IPUIPlugin:80 - create IPUIPlugin
2025-01-06 20:24:46,219 [INFO] PluginManager:220 - loadIPPluginJar : add stm32_wpan
2025-01-06 20:24:46,220 [INFO] IPUIPlugin:80 - create IPUIPlugin
2025-01-06 20:24:46,220 [INFO] PluginManager:220 - loadIPPluginJar : add tim
2025-01-06 20:24:46,222 [INFO] IPUIPlugin:80 - create IPUIPlugin
2025-01-06 20:24:46,222 [INFO] PluginManager:220 - loadIPPluginJar : add touchsensing
2025-01-06 20:24:46,223 [INFO] IPUIPlugin:80 - create IPUIPlugin
2025-01-06 20:24:46,223 [INFO] PluginManager:220 - loadIPPluginJar : add tracer_emb
2025-01-06 20:24:46,224 [INFO] IPUIPlugin:80 - create IPUIPlugin
2025-01-06 20:24:46,224 [INFO] PluginManager:220 - loadIPPluginJar : add ts
2025-01-06 20:24:46,225 [INFO] IPUIPlugin:80 - create IPUIPlugin
2025-01-06 20:24:46,225 [INFO] PluginManager:220 - loadIPPluginJar : add tsc
2025-01-06 20:24:46,226 [INFO] IPUIPlugin:80 - create IPUIPlugin
2025-01-06 20:24:46,226 [INFO] PluginManager:220 - loadIPPluginJar : add ucpd
2025-01-06 20:24:46,227 [INFO] IPUIPlugin:80 - create IPUIPlugin
2025-01-06 20:24:46,227 [INFO] PluginManager:220 - loadIPPluginJar : add usart
2025-01-06 20:24:46,229 [INFO] IPUIPlugin:80 - create IPUIPlugin
2025-01-06 20:24:46,229 [INFO] PluginManager:220 - loadIPPluginJar : add usbx
2025-01-06 20:24:46,334 [FATAL] Updater:351 - Updater called before beeing initialized
2025-01-06 20:24:46,351 [INFO] RulesReader:64 - Compatibility file has been processed (297 Rules)
2025-01-06 20:24:46,359 [INFO] RulesReader:64 - Compatibility file has been processed (297 Rules)
2025-01-06 20:24:46,366 [INFO] CADModel:165 - CPN selected for project level
2025-01-06 20:24:46,366 [INFO] CADModel:114 - Register for checkConnection events
2025-01-06 20:24:46,366 [FATAL] Updater:351 - Updater called before beeing initialized
2025-01-06 20:24:46,366 [ERROR] CADModel:125 - Updater not yet initialized, retry later 
2025-01-06 20:24:46,476 [FATAL] Updater:351 - Updater called before beeing initialized
2025-01-06 20:24:46,477 [INFO] CADModel:165 - CPN selected for project level
2025-01-06 20:24:46,477 [INFO] CADModel:114 - Register for checkConnection events
2025-01-06 20:24:46,477 [FATAL] Updater:351 - Updater called before beeing initialized
2025-01-06 20:24:46,478 [ERROR] CADModel:125 - Updater not yet initialized, retry later 
2025-01-06 20:24:46,479 [FATAL] Updater:351 - Updater called before beeing initialized
2025-01-06 20:24:46,553 [FATAL] Updater:351 - Updater called before beeing initialized
2025-01-06 20:24:46,562 [INFO] DbMcusAds:53 - JSON generation date=Thu Sep 30 01:55:09 CDT 2021 (1632984909247)
2025-01-06 20:24:46,562 [FATAL] Updater:351 - Updater called before beeing initialized
2025-01-06 20:24:46,590 [WARN] DetailPanel:346 - Failed to get advertising image, set to default
2025-01-06 20:24:46,749 [FATAL] Updater:351 - Updater called before beeing initialized
2025-01-06 20:24:46,750 [FATAL] Updater:351 - Updater called before beeing initialized
2025-01-06 20:24:46,750 [FATAL] Updater:351 - Updater called before beeing initialized
2025-01-06 20:24:46,750 [WARN] DetailPanel:346 - Failed to get advertising image, set to default
2025-01-06 20:24:46,751 [FATAL] Updater:351 - Updater called before beeing initialized
2025-01-06 20:24:46,786 [ERROR] Updater:1198 - MainUpdater not yet initialized. External WinMGr cannot be set.
2025-01-06 20:24:46,789 [INFO] Updater:1134 - Updater Version found : 6.13.0
2025-01-06 20:24:46,798 [INFO] ApplicationProperties:184 - Using Application install path: C:\ST\STM32CubeIDE_1.17.0\STM32CubeIDE\plugins\com.st.stm32cube.common.mx_6.13.0.202411220809
2025-01-06 20:24:48,363 [ERROR] LogOutputStream:75 - [STDERR_REDIRECT] Jan 06, 2025 8:24:48 PM java.util.prefs.WindowsPreferences <init>
2025-01-06 20:24:48,364 [ERROR] LogOutputStream:75 - [STDERR_REDIRECT] WARNING: Could not open/create prefs root node Software\JavaSoft\Prefs at root 0xffffffff80000002. Windows RegCreateKeyEx(...) returned error code 5.
2025-01-06 20:24:48,364 [ERROR] LogOutputStream:75 - [STDERR_REDIRECT] 
2025-01-06 20:24:48,679 [INFO] MainUpdater:2872 - connection check result : 10
2025-01-06 20:24:48,679 [INFO] MainUpdater:289 - Updater Check For Update Now.
2025-01-06 20:24:48,679 [INFO] MicroXplorer:498 - Change Database Version : DB.6.0.130
2025-01-06 20:24:48,685 [INFO] McuFinderGlobals:63 - Set McuFinder mode to 2 (CubeIDE integrated)
2025-01-06 20:24:48,685 [INFO] UserAuth:171 - activating auth plugin
2025-01-06 20:24:48,687 [INFO] UserAuth:486 - Internet connection configuration mode: 1
2025-01-06 20:24:48,719 [INFO] JxBrowserEngine:152 - Initiate JxBrowser Engine with user profile folder
2025-01-06 20:24:48,748 [WARN] MainUpdater:1193 - Updater busy. Cannot search thirdparties
2025-01-06 20:24:48,748 [INFO] ThirdPartyUpdaterWithRetryManager:96 - Updater plugin is busy. [1/15]
2025-01-06 20:24:48,845 [INFO] CheckServerUpdateThread:120 - End of CheckServer Thread
2025-01-06 20:24:49,219 [INFO] WebApp:168 - Instantiating new browser for Auth
2025-01-06 20:24:49,670 [INFO] WebApp:449 - Apply proxy settings
2025-01-06 20:24:49,670 [INFO] WebApp:534 - Chromium requires no authentication
2025-01-06 20:24:49,675 [INFO] WebApp:477 - Direct internet connection detected
2025-01-06 20:24:49,691 [INFO] WebApp:880 - Register for checkConnection events
2025-01-06 20:24:49,691 [INFO] WebApp:449 - Apply proxy settings
2025-01-06 20:24:49,691 [INFO] WebApp:534 - Chromium requires no authentication
2025-01-06 20:24:49,691 [INFO] WebApp:477 - Direct internet connection detected
2025-01-06 20:24:49,804 [INFO] WebApp:221 - Starting web application
2025-01-06 20:24:49,805 [INFO] WebApp:579 - Web application path used C:\ST\STM32CubeIDE_1.17.0\STM32CubeIDE\plugins\com.st.stm32cube.common.mx_6.13.0.202411220809\db\plugins\mcufinder\reactClient1\index.html
2025-01-06 20:24:50,020 [INFO] WebApp:187 - Connection restablished
2025-01-06 20:24:51,901 [WARN] PackLoader:240 - Cannot read IP mode file for STMicroelectronics.FP-SNS-MOTENVWB1.1.4.0
2025-01-06 20:24:51,909 [WARN] PackLoader:240 - Cannot read IP mode file for STMicroelectronics.FP-ATR-ASTRA1.2.0.1
2025-01-06 20:24:51,916 [WARN] PackLoader:240 - Cannot read IP mode file for STMicroelectronics.X-CUBE-SMBUS.2.1.0
2025-01-06 20:24:51,921 [WARN] PackLoader:240 - Cannot read IP mode file for STMicroelectronics.X-CUBE-WB05N.1.1.0
2025-01-06 20:24:51,943 [WARN] PackLoader:240 - Cannot read IP mode file for STMicroelectronics.X-CUBE-AZRTOS-F7.1.1.0
2025-01-06 20:24:51,949 [WARN] PackLoader:240 - Cannot read IP mode file for STMicroelectronics.FP-SNS-FLIGHT1.5.0.2
2025-01-06 20:24:51,972 [WARN] PackLoader:240 - Cannot read IP mode file for Infineon.AIROC-Wi-Fi-Bluetooth-STM32.1.7.0
2025-01-06 20:24:51,983 [WARN] PackLoader:240 - Cannot read IP mode file for STMicroelectronics.X-CUBE-DISPLAY.3.0.0
2025-01-06 20:24:51,990 [WARN] PackLoader:240 - Cannot read IP mode file for STMicroelectronics.X-CUBE-BLE1.7.0.0
2025-01-06 20:24:51,994 [WARN] PackLoader:240 - Cannot read IP mode file for STMicroelectronics.X-CUBE-NFC10.1.0.0
2025-01-06 20:24:52,002 [WARN] PackLoader:240 - Cannot read IP mode file for STMicroelectronics.X-CUBE-BLEMGR.4.0.0
2025-01-06 20:24:52,007 [WARN] PackLoader:240 - Cannot read IP mode file for emotas.I-CUBE-CANOPEN.1.3.0
2025-01-06 20:24:52,010 [WARN] PackLoader:240 - Cannot read IP mode file for STMicroelectronics.FP-SNS-SMARTAG2.1.2.0
2025-01-06 20:24:52,035 [WARN] PackLoader:240 - Cannot read IP mode file for STMicroelectronics.X-CUBE-MEMS1.11.1.0
2025-01-06 20:24:52,126 [INFO] LogOutputStream:77 - [STDOUT_REDIRECT] 1 : Invalid condition id : UX_CORESTACK_Condition cause : null
2025-01-06 20:24:52,127 [INFO] LogOutputStream:77 - [STDOUT_REDIRECT] 1 : Invalid condition id : UX_CORESTACK_Condition cause : null
2025-01-06 20:24:52,129 [INFO] LogOutputStream:77 - [STDOUT_REDIRECT] 1 : Invalid condition id : UX_CORESTACK_Condition cause : null
2025-01-06 20:24:52,130 [INFO] LogOutputStream:77 - [STDOUT_REDIRECT] 1 : Invalid condition id : UX_CORESTACK_Condition cause : null
2025-01-06 20:24:52,131 [INFO] LogOutputStream:77 - [STDOUT_REDIRECT] 1 : Invalid condition id : UX_CORESTACK_Condition cause : null
2025-01-06 20:24:52,133 [WARN] PackLoader:240 - Cannot read IP mode file for STMicroelectronics.X-CUBE-AZRTOS-WL.2.0.0
2025-01-06 20:24:52,136 [WARN] PackLoader:240 - Cannot read IP mode file for STMicroelectronics.FP-SNS-MOTENV1.5.0.0
2025-01-06 20:24:52,140 [WARN] PackLoader:240 - Cannot read IP mode file for wolfSSL.I-CUBE-wolfMQTT.1.19.0
2025-01-06 20:24:52,165 [WARN] PackLoader:240 - Cannot read IP mode file for WES.I-CUBE-Cesium.1.3.0
2025-01-06 20:24:52,170 [WARN] PackLoader:240 - Cannot read IP mode file for STMicroelectronics.X-CUBE-BLE2.3.3.0
2025-01-06 20:24:52,174 [WARN] PackLoader:240 - Cannot read IP mode file for STMicroelectronics.X-CUBE-NFC9.1.0.0
2025-01-06 20:24:52,182 [WARN] PackLoader:240 - Cannot read IP mode file for STMicroelectronics.X-CUBE-AZRTOS-G0.1.1.0
2025-01-06 20:24:52,186 [WARN] PackLoader:240 - Cannot read IP mode file for STMicroelectronics.X-CUBE-SAFEA1.1.2.2
2025-01-06 20:24:52,189 [WARN] PackLoader:240 - Cannot read IP mode file for STMicroelectronics.X-CUBE-NFC4.3.0.0
2025-01-06 20:24:52,194 [WARN] PackLoader:240 - Cannot read IP mode file for EmbeddedOffice.I-CUBE-FS-RTOS.1.0.1
2025-01-06 20:24:52,197 [WARN] PackLoader:240 - Cannot read IP mode file for STMicroelectronics.X-CUBE-TCPP.4.2.0
2025-01-06 20:24:52,200 [WARN] PackLoader:240 - Cannot read IP mode file for RealThread.X-CUBE-RT-Thread_Nano.4.1.1
2025-01-06 20:24:52,203 [WARN] PackLoader:240 - Cannot read IP mode file for STMicroelectronics.FP-ATR-SIGFOX1.3.2.0
2025-01-06 20:24:52,205 [WARN] ConditionMgr:438 - getConditionDescription Invalid condition id : Cortex-A Device cause : null
2025-01-06 20:24:52,217 [WARN] ConditionMgr:1044 - genDependencies : Invalid condition id : Cortex-A Device cause : null
2025-01-06 20:24:52,217 [WARN] ConditionMgr:1044 - genDependencies : Invalid condition id : Cortex-A Device cause : null
2025-01-06 20:24:52,217 [WARN] ConditionMgr:1044 - genDependencies : Invalid condition id : Cortex-A Device cause : null
2025-01-06 20:24:52,220 [WARN] PackLoader:240 - Cannot read IP mode file for STMicroelectronics.X-CUBE-EEPRMA1.5.1.0
2025-01-06 20:24:52,223 [WARN] PackLoader:240 - Cannot read IP mode file for wolfSSL.I-CUBE-wolfSSL.5.7.4
2025-01-06 20:24:52,226 [WARN] PackLoader:240 - Cannot read IP mode file for ITTIA_DB.I-CUBE-ITTIADB.8.9.0
2025-01-06 20:24:52,239 [WARN] PackLoader:240 - Cannot read IP mode file for SEGGER.I-CUBE-embOS.1.3.1
2025-01-06 20:24:52,255 [WARN] PackLoader:240 - Cannot read IP mode file for STMicroelectronics.X-CUBE-ALGOBUILD.1.4.0
2025-01-06 20:24:52,258 [WARN] PackLoader:240 - Cannot read IP mode file for STMicroelectronics.X-CUBE-AI.9.1.0
2025-01-06 20:24:52,265 [WARN] PackLoader:240 - Cannot read IP mode file for STMicroelectronics.X-CUBE-AZRTOS-F4.1.1.0
2025-01-06 20:24:52,269 [WARN] PackLoader:240 - Cannot read IP mode file for STMicroelectronics.X-CUBE-ISPU.2.1.0
2025-01-06 20:24:52,277 [WARN] PackLoader:240 - Cannot read IP mode file for STMicroelectronics.X-CUBE-AZRTOS-L5.2.0.0
2025-01-06 20:24:52,282 [WARN] PackLoader:240 - Cannot read IP mode file for STMicroelectronics.X-CUBE-NFC6.3.1.0
2025-01-06 20:24:52,285 [WARN] PackLoader:240 - Cannot read IP mode file for STMicroelectronics.X-CUBE-DPower.1.2.0
2025-01-06 20:24:52,288 [WARN] PackLoader:240 - Cannot read IP mode file for STMicroelectronics.X-CUBE-FREERTOS.1.3.0
2025-01-06 20:24:52,291 [WARN] PackLoader:240 - Cannot read IP mode file for STMicroelectronics.X-CUBE-NFC7.1.0.1
2025-01-06 20:24:52,299 [WARN] ConditionMgr:438 - getConditionDescription Invalid condition id : LAN8742 Phy interface Condition cause : null
2025-01-06 20:24:52,299 [WARN] PackLoader:240 - Cannot read IP mode file for STMicroelectronics.X-CUBE-AZRTOS-L4.2.0.0
2025-01-06 20:24:52,300 [WARN] ConditionMgr:1044 - genDependencies : Invalid condition id : LAN8742 Phy interface Condition cause : null
2025-01-06 20:24:52,300 [WARN] ConditionMgr:1044 - genDependencies : Invalid condition id : LAN8742 Phy interface Condition cause : null
2025-01-06 20:24:52,300 [WARN] ConditionMgr:1044 - genDependencies : Invalid condition id : LAN8742 Phy interface Condition cause : null
2025-01-06 20:24:52,304 [WARN] PackLoader:240 - Cannot read IP mode file for STMicroelectronics.X-CUBE-SFXS2LP1.4.0.0
2025-01-06 20:24:52,314 [WARN] PackLoader:240 - Cannot read IP mode file for STMicroelectronics.X-CUBE-AZRTOS-H7.3.3.0
2025-01-06 20:24:52,320 [WARN] PackLoader:240 - Cannot read IP mode file for STMicroelectronics.X-CUBE-IPS.3.0.0
2025-01-06 20:24:52,328 [WARN] ConditionMgr:438 - getConditionDescription Invalid condition id : UX DEVICE CLASS RTOS Condition cause : null
2025-01-06 20:24:52,328 [WARN] ConditionMgr:438 - getConditionDescription Invalid condition id : UX DEVICE CLASS RTOS Condition cause : null
2025-01-06 20:24:52,329 [WARN] PackLoader:240 - Cannot read IP mode file for STMicroelectronics.X-CUBE-AZRTOS-WB.2.0.0
2025-01-06 20:24:52,329 [WARN] ConditionMgr:1044 - genDependencies : Invalid condition id : UX DEVICE CLASS RTOS Condition cause : null
2025-01-06 20:24:52,329 [WARN] ConditionMgr:1044 - genDependencies : Invalid condition id : UX DEVICE CLASS RTOS Condition cause : null
2025-01-06 20:24:52,330 [WARN] ConditionMgr:1044 - genDependencies : Invalid condition id : UX DEVICE CLASS RTOS Condition cause : null
2025-01-06 20:24:52,330 [WARN] ConditionMgr:1044 - genDependencies : Invalid condition id : UX DEVICE CLASS RTOS Condition cause : null
2025-01-06 20:24:52,330 [WARN] ConditionMgr:1044 - genDependencies : Invalid condition id : UX DEVICE CLASS RTOS Condition cause : null
2025-01-06 20:24:52,333 [WARN] PackLoader:240 - Cannot read IP mode file for STMicroelectronics.X-CUBE-GNSS1.7.0.1
2025-01-06 20:24:52,338 [WARN] PackLoader:240 - Cannot read IP mode file for STMicroelectronics.FP-SNS-STBOX1.2.0.0
2025-01-06 20:24:52,347 [WARN] PackLoader:240 - Cannot read IP mode file for STMicroelectronics.X-CUBE-SUBG2.5.0.0
2025-01-06 20:24:52,352 [WARN] PackLoader:240 - Cannot read IP mode file for Cesanta.I-CUBE-Mongoose.7.13.0
2025-01-06 20:24:52,359 [WARN] PackLoader:240 - Cannot read IP mode file for STMicroelectronics.X-CUBE-AZRTOS-G4.2.0.0
2025-01-06 20:24:52,363 [WARN] PackLoader:240 - Cannot read IP mode file for STMicroelectronics.X-CUBE-ALS.1.0.2
2025-01-06 20:24:52,369 [WARN] PackLoader:240 - Cannot read IP mode file for STMicroelectronics.X-CUBE-TOUCHGFX.4.24.1
2025-01-06 20:24:52,372 [WARN] PackLoader:240 - Cannot read IP mode file for wolfSSL.I-CUBE-wolfTPM.3.4.0
2025-01-06 20:24:52,377 [WARN] PackLoader:240 - Cannot read IP mode file for portGmbH.I-Cube-SoM-uGOAL.1.1.0
2025-01-06 20:24:52,392 [WARN] PackLoader:240 - Cannot read IP mode file for STMicroelectronics.X-CUBE-AZRTOS-H7RS.1.0.0
2025-01-06 20:24:52,398 [WARN] PackLoader:240 - Cannot read IP mode file for STMicroelectronics.X-CUBE-TOF1.3.4.2
2025-01-06 20:24:52,407 [WARN] PackLoader:240 - Cannot read IP mode file for wolfSSL.I-CUBE-wolfSSH.1.4.17
2025-01-06 20:24:52,408 [INFO] ThirdParty:978 - Integrity check success = true
2025-01-06 20:24:52,408 [INFO] IntegrityCheckThread:100 - exiting critical section [integrity check]
2025-01-06 20:24:52,408 [INFO] IntegrityCheckThread:103 - End integrity checks thread
2025-01-06 20:36:07,831 [ERROR] LogOutputStream:75 - [STDERR_REDIRECT] 
