2025-08-05 01:52:20,565 [INFO] Activator:176 - 


2025-08-05 01:52:20,570 [INFO] Activator:177 - !SESSION log4j initialized
2025-08-05 01:52:24,796 [INFO] LogOutputStream:77 - [STDOUT_REDIRECT] 
2025-08-05 01:52:27,407 [INFO] ApplicationProperties:184 - Using Application install path: C:\ST\STM32CubeIDE_1.17.0\STM32CubeIDE\plugins\com.st.stm32cube.common.mx_6.13.0.202411220809
2025-08-05 01:52:27,419 [INFO] DbMcusXml:78 - Set database path to: C:\ST\STM32CubeIDE_1.17.0\STM32CubeIDE\plugins\com.st.stm32cube.common.mx_6.13.0.202411220809\\db\/mcu/
2025-08-05 01:52:27,419 [INFO] ApiDb:274 - Set plugin database path to: C:\ST\STM32CubeIDE_1.17.0\STM32CubeIDE\plugins\com.st.stm32cube.common.mx_6.13.0.202411220809\\db\/plugins/boardmanager/
2025-08-05 01:52:27,419 [WARN] ApiDb:259 - Overriding images path with different value:  => C:\ST\STM32CubeIDE_1.17.0\STM32CubeIDE\plugins\com.st.stm32cube.common.mx_6.13.0.202411220809\\db\/plugins/mcufinder/images/
2025-08-05 01:52:27,425 [INFO] ApiDb:250 - Set database path to: C:\Users\arees\.stmcufinder\plugins\mcufinder//mcu/
2025-08-05 01:52:27,426 [INFO] DbMcusAds:125 - Set database path to: C:\Users\arees\.stmcufinder\plugins\mcufinder//mcu/
2025-08-05 01:52:27,427 [INFO] CrossReferenceDbSqlite:203 - Set database path to: C:\Users\arees\.stmcufinder\plugins\mcufinder//mcu/cs/
2025-08-05 01:52:27,515 [INFO] RulesReader:64 - Compatibility file has been processed (297 Rules)
2025-08-05 01:52:27,598 [INFO] DbMcusXml:78 - Set database path to: C:\ST\STM32CubeIDE_1.17.0\STM32CubeIDE\plugins\com.st.stm32cube.common.mx_6.13.0.202411220809\\db\/mcu/
2025-08-05 01:52:27,598 [INFO] ApiDb:274 - Set plugin database path to: C:\ST\STM32CubeIDE_1.17.0\STM32CubeIDE\plugins\com.st.stm32cube.common.mx_6.13.0.202411220809\\db\/plugins/boardmanager/
2025-08-05 01:52:27,598 [INFO] ApiDb:261 - Set plugin images path to: C:\ST\STM32CubeIDE_1.17.0\STM32CubeIDE\plugins\com.st.stm32cube.common.mx_6.13.0.202411220809\\db\/plugins/mcufinder/images/
2025-08-05 01:52:27,598 [WARN] DbFile:41 - Overriding database path with different value: C:\Users\arees\.stmcufinder\plugins\mcufinder/ => C:\Users\arees\.stmcufinder\plugins\mcufinder
2025-08-05 01:52:27,598 [INFO] ApiDb:250 - Set database path to: C:\Users\arees\.stmcufinder\plugins\mcufinder//mcu/
2025-08-05 01:52:27,598 [WARN] DbFile:41 - Overriding database path with different value: C:\Users\arees\.stmcufinder\plugins\mcufinder/ => C:\Users\arees\.stmcufinder\plugins\mcufinder
2025-08-05 01:52:27,598 [INFO] DbMcusAds:125 - Set database path to: C:\Users\arees\.stmcufinder\plugins\mcufinder//mcu/
2025-08-05 01:52:27,599 [WARN] DbFile:41 - Overriding database path with different value: C:\Users\arees\.stmcufinder\plugins\mcufinder/ => C:\Users\arees\.stmcufinder\plugins\mcufinder
2025-08-05 01:52:27,599 [WARN] DbFile:41 - Overriding database path with different value: C:\Users\arees\.stmcufinder\plugins\mcufinder/ => C:\Users\arees\.stmcufinder\plugins\mcufinder
2025-08-05 01:52:27,599 [INFO] CrossReferenceDbSqlite:203 - Set database path to: C:\Users\arees\.stmcufinder\plugins\mcufinder//mcu/cs/
2025-08-05 01:52:27,655 [INFO] MainPanel:272 - HeapMemory: 268435456
2025-08-05 01:52:27,735 [INFO] DbMcusXml:78 - Set database path to: C:\ST\STM32CubeIDE_1.17.0\STM32CubeIDE\plugins\com.st.stm32cube.common.mx_6.13.0.202411220809\\db\/mcu/
2025-08-05 01:52:27,735 [INFO] ApiDb:274 - Set plugin database path to: C:\ST\STM32CubeIDE_1.17.0\STM32CubeIDE\plugins\com.st.stm32cube.common.mx_6.13.0.202411220809\\db\/plugins/boardmanager/
2025-08-05 01:52:27,735 [INFO] ApiDb:261 - Set plugin images path to: C:\ST\STM32CubeIDE_1.17.0\STM32CubeIDE\plugins\com.st.stm32cube.common.mx_6.13.0.202411220809\\db\/plugins/mcufinder/images/
2025-08-05 01:52:27,735 [WARN] DbFile:41 - Overriding database path with different value: C:\Users\arees\.stmcufinder\plugins\mcufinder/ => C:\Users\arees\.stmcufinder\plugins\mcufinder
2025-08-05 01:52:27,735 [INFO] ApiDb:250 - Set database path to: C:\Users\arees\.stmcufinder\plugins\mcufinder//mcu/
2025-08-05 01:52:27,735 [WARN] DbFile:41 - Overriding database path with different value: C:\Users\arees\.stmcufinder\plugins\mcufinder/ => C:\Users\arees\.stmcufinder\plugins\mcufinder
2025-08-05 01:52:27,736 [INFO] DbMcusAds:125 - Set database path to: C:\Users\arees\.stmcufinder\plugins\mcufinder//mcu/
2025-08-05 01:52:27,736 [WARN] DbFile:41 - Overriding database path with different value: C:\Users\arees\.stmcufinder\plugins\mcufinder/ => C:\Users\arees\.stmcufinder\plugins\mcufinder
2025-08-05 01:52:27,736 [WARN] DbFile:41 - Overriding database path with different value: C:\Users\arees\.stmcufinder\plugins\mcufinder/ => C:\Users\arees\.stmcufinder\plugins\mcufinder
2025-08-05 01:52:27,736 [INFO] CrossReferenceDbSqlite:203 - Set database path to: C:\Users\arees\.stmcufinder\plugins\mcufinder//mcu/cs/
2025-08-05 01:52:27,750 [INFO] ApplicationProperties:184 - Using Application install path: C:\ST\STM32CubeIDE_1.17.0\STM32CubeIDE\plugins\com.st.stm32cube.common.mx_6.13.0.202411220809
2025-08-05 01:52:27,751 [INFO] PluginManage:196 - Search for loadable plugins [exclusion list=, ]
2025-08-05 01:52:27,752 [INFO] PluginManage:310 - Check plugin analytics
2025-08-05 01:52:27,883 [INFO] AnalyticsPlugin:253 - Accepted Software Licenses: 
2025-08-05 01:52:27,884 [INFO] AnalyticsPlugin:255 - Accepted CMSIS Pack Licenses: 
2025-08-05 01:52:27,884 [INFO] AnalyticsPlugin:257 - Accepted Firmware Licenses: 
2025-08-05 01:52:27,886 [INFO] PluginManage:359 - Loaded plugin analytics (category:tool,tabindex:-1)
2025-08-05 01:52:27,886 [INFO] PluginManage:310 - Check plugin cadmodel
2025-08-05 01:52:27,900 [INFO] CADModel:105 - Init CAD model plugin
2025-08-05 01:52:27,900 [INFO] PluginManage:359 - Loaded plugin cadmodel (category:power,tabindex:5)
2025-08-05 01:52:27,901 [INFO] PluginManage:310 - Check plugin clock
2025-08-05 01:52:27,919 [INFO] PluginManage:359 - Loaded plugin clock (category:base,tabindex:2)
2025-08-05 01:52:27,919 [INFO] PluginManage:310 - Check plugin ddr
2025-08-05 01:52:27,923 [INFO] PluginManage:359 - Loaded plugin ddr (category:tool,tabindex:6)
2025-08-05 01:52:27,923 [INFO] PluginManage:310 - Check plugin filemanager
2025-08-05 01:52:28,038 [INFO] PluginManage:359 - Loaded plugin filemanager (category:base,tabindex:10)
2025-08-05 01:52:28,038 [INFO] PluginManage:310 - Check plugin ipmanager
2025-08-05 01:52:28,044 [INFO] PluginManage:359 - Loaded plugin ipmanager (category:base,tabindex:5)
2025-08-05 01:52:28,044 [INFO] PluginManage:310 - Check plugin lpbam
2025-08-05 01:52:28,061 [INFO] PluginManage:359 - Loaded plugin lpbam (category:base,tabindex:0)
2025-08-05 01:52:28,061 [INFO] PluginManage:310 - Check plugin memorymap
2025-08-05 01:52:28,082 [INFO] PluginManage:359 - Loaded plugin memorymap (category:base,tabindex:4)
2025-08-05 01:52:28,082 [INFO] PluginManage:310 - Check plugin pinoutandconfiguration
2025-08-05 01:52:28,098 [INFO] PluginManage:359 - Loaded plugin pinoutandconfiguration (category:base,tabindex:1)
2025-08-05 01:52:28,098 [INFO] PluginManage:310 - Check plugin pinoutconfig
2025-08-05 01:52:28,182 [WARN] SupportedApi:132 - Cannot load RTOS API schema: s4s-elt-must-match.1: The content of 'definitions' must match (annotation?, (simpleType | complexType)?, (unique | key | keyref)*)). A problem was found starting at: attribute.
2025-08-05 01:52:28,297 [INFO] PluginManage:359 - Loaded plugin pinoutconfig (category:base,tabindex:0)
2025-08-05 01:52:28,297 [INFO] PluginManage:310 - Check plugin power
2025-08-05 01:52:28,316 [INFO] PluginManage:359 - Loaded plugin power (category:power,tabindex:4)
2025-08-05 01:52:28,316 [INFO] PluginManage:310 - Check plugin projectmanager
2025-08-05 01:52:28,329 [INFO] PluginManage:359 - Loaded plugin projectmanager (category:projectmanager,tabindex:4)
2025-08-05 01:52:28,329 [INFO] PluginManage:310 - Check plugin rif
2025-08-05 01:52:28,346 [INFO] PluginManage:359 - Loaded plugin rif (category:base,tabindex:3)
2025-08-05 01:52:28,346 [INFO] PluginManage:310 - Check plugin thirdparty
2025-08-05 01:52:28,574 [WARN] IntegrityCheckThread:84 - waiting for thirdparty lock release [integrity check]
2025-08-05 01:52:28,575 [INFO] PluginManage:359 - Loaded plugin thirdparty (category:base,tabindex:-1)
2025-08-05 01:52:28,575 [INFO] IntegrityCheckThread:86 - entering critical section [integrity check]
2025-08-05 01:52:28,575 [INFO] PluginManage:310 - Check plugin tools
2025-08-05 01:52:28,575 [INFO] ThirdPartyUpdaterWithRetryManager:70 - Updater plugin not ready yet. [1/15]
2025-08-05 01:52:28,609 [INFO] PluginManage:359 - Loaded plugin tools (category:base,tabindex:7)
2025-08-05 01:52:28,609 [INFO] PluginManage:310 - Check plugin tutovideos
2025-08-05 01:52:28,746 [INFO] PluginManage:359 - Loaded plugin tutovideos (category:base,tabindex:-1)
2025-08-05 01:52:28,746 [INFO] PluginManage:310 - Check plugin updater
2025-08-05 01:52:28,762 [INFO] PluginManage:359 - Loaded plugin updater (category:base,tabindex:12)
2025-08-05 01:52:28,762 [INFO] PluginManage:310 - Check plugin userauth
2025-08-05 01:52:28,765 [INFO] UserAuth:118 - Init User Auth plugin
2025-08-05 01:52:28,765 [INFO] PluginManage:359 - Loaded plugin userauth (category:base,tabindex:14)
2025-08-05 01:52:28,766 [INFO] PluginManage:283 - PluginManage : Loaded plugins [18]
2025-08-05 01:52:28,922 [INFO] PinOutPanel:1589 - setPackage(No Configuration,No Configuration)
2025-08-05 01:52:28,983 [INFO] CADModel:165 - CPN selected for project level
2025-08-05 01:52:28,983 [INFO] CADModel:114 - Register for checkConnection events
2025-08-05 01:52:29,013 [INFO] IPUIPlugin:80 - create IPUIPlugin
2025-08-05 01:52:29,014 [INFO] PluginManager:220 - loadIPPluginJar : add adc
2025-08-05 01:52:29,053 [INFO] IPUIPlugin:80 - create IPUIPlugin
2025-08-05 01:52:29,053 [INFO] PluginManager:220 - loadIPPluginJar : add aes
2025-08-05 01:52:29,095 [INFO] IPUIPlugin:80 - create IPUIPlugin
2025-08-05 01:52:29,095 [INFO] PluginManager:220 - loadIPPluginJar : add can
2025-08-05 01:52:29,119 [INFO] IPUIPlugin:80 - create IPUIPlugin
2025-08-05 01:52:29,119 [INFO] PluginManager:220 - loadIPPluginJar : add comp
2025-08-05 01:52:29,149 [INFO] IPUIPlugin:80 - create IPUIPlugin
2025-08-05 01:52:29,149 [INFO] PluginManager:220 - loadIPPluginJar : add cryp
2025-08-05 01:52:29,160 [INFO] IPUIPlugin:80 - create IPUIPlugin
2025-08-05 01:52:29,160 [INFO] PluginManager:220 - loadIPPluginJar : add ddr_ctrl_phy
2025-08-05 01:52:29,186 [INFO] IPUIPlugin:80 - create IPUIPlugin
2025-08-05 01:52:29,186 [INFO] PluginManager:220 - loadIPPluginJar : add dfsdm
2025-08-05 01:52:29,197 [INFO] IPUIPlugin:80 - create IPUIPlugin
2025-08-05 01:52:29,198 [INFO] PluginManager:220 - loadIPPluginJar : add dma
2025-08-05 01:52:29,231 [INFO] IPUIPlugin:80 - create IPUIPlugin
2025-08-05 01:52:29,231 [INFO] PluginManager:220 - loadIPPluginJar : add dma3
2025-08-05 01:52:29,280 [INFO] IPUIPlugin:80 - create IPUIPlugin
2025-08-05 01:52:29,280 [INFO] PluginManager:220 - loadIPPluginJar : add extmemmanager
2025-08-05 01:52:29,313 [INFO] IPUIPlugin:80 - create IPUIPlugin
2025-08-05 01:52:29,313 [INFO] PluginManager:220 - loadIPPluginJar : add fatfs
2025-08-05 01:52:29,361 [INFO] IPUIPlugin:80 - create IPUIPlugin
2025-08-05 01:52:29,361 [INFO] PluginManager:220 - loadIPPluginJar : add fmc
2025-08-05 01:52:29,378 [INFO] IPUIPlugin:80 - create IPUIPlugin
2025-08-05 01:52:29,379 [INFO] PluginManager:220 - loadIPPluginJar : add freertos
2025-08-05 01:52:29,404 [INFO] IPUIPlugin:80 - create IPUIPlugin
2025-08-05 01:52:29,404 [INFO] PluginManager:220 - loadIPPluginJar : add genericplugin
2025-08-05 01:52:29,497 [INFO] IPUIPlugin:80 - create IPUIPlugin
2025-08-05 01:52:29,497 [INFO] PluginManager:220 - loadIPPluginJar : add gfxmmu
2025-08-05 01:52:29,619 [INFO] IPUIPlugin:80 - create IPUIPlugin
2025-08-05 01:52:29,620 [INFO] PluginManager:220 - loadIPPluginJar : add gic
2025-08-05 01:52:29,630 [INFO] IPUIPlugin:80 - create IPUIPlugin
2025-08-05 01:52:29,630 [INFO] PluginManager:220 - loadIPPluginJar : add gpio
2025-08-05 01:52:29,710 [INFO] IPUIPlugin:80 - create IPUIPlugin
2025-08-05 01:52:29,710 [INFO] PluginManager:220 - loadIPPluginJar : add gtzc
2025-08-05 01:52:29,737 [INFO] IPUIPlugin:80 - create IPUIPlugin
2025-08-05 01:52:29,737 [INFO] PluginManager:220 - loadIPPluginJar : add hash
2025-08-05 01:52:29,788 [INFO] IPUIPlugin:80 - create IPUIPlugin
2025-08-05 01:52:29,788 [INFO] PluginManager:220 - loadIPPluginJar : add i2c
2025-08-05 01:52:29,825 [INFO] IPUIPlugin:80 - create IPUIPlugin
2025-08-05 01:52:29,825 [INFO] PluginManager:220 - loadIPPluginJar : add i2s
2025-08-05 01:52:29,892 [INFO] IPUIPlugin:80 - create IPUIPlugin
2025-08-05 01:52:29,892 [INFO] PluginManager:220 - loadIPPluginJar : add i3c
2025-08-05 01:52:29,989 [INFO] IPUIPlugin:80 - create IPUIPlugin
2025-08-05 01:52:29,989 [INFO] PluginManager:220 - loadIPPluginJar : add ipddr
2025-08-05 01:52:30,065 [INFO] IPUIPlugin:80 - create IPUIPlugin
2025-08-05 01:52:30,066 [INFO] PluginManager:220 - loadIPPluginJar : add linkedlist
2025-08-05 01:52:30,098 [INFO] IPUIPlugin:80 - create IPUIPlugin
2025-08-05 01:52:30,098 [INFO] PluginManager:220 - loadIPPluginJar : add lorawan
2025-08-05 01:52:30,132 [INFO] IPUIPlugin:80 - create IPUIPlugin
2025-08-05 01:52:30,132 [INFO] PluginManager:220 - loadIPPluginJar : add ltdc
2025-08-05 01:52:30,147 [INFO] IPUIPlugin:80 - create IPUIPlugin
2025-08-05 01:52:30,147 [INFO] PluginManager:220 - loadIPPluginJar : add mdma
2025-08-05 01:52:30,158 [INFO] IPUIPlugin:80 - create IPUIPlugin
2025-08-05 01:52:30,159 [INFO] PluginManager:220 - loadIPPluginJar : add nvic
2025-08-05 01:52:30,190 [INFO] IPUIPlugin:80 - create IPUIPlugin
2025-08-05 01:52:30,191 [INFO] PluginManager:220 - loadIPPluginJar : add opamp
2025-08-05 01:52:30,249 [INFO] IPUIPlugin:80 - create IPUIPlugin
2025-08-05 01:52:30,249 [INFO] PluginManager:220 - loadIPPluginJar : add openamp
2025-08-05 01:52:30,289 [INFO] IPUIPlugin:80 - create IPUIPlugin
2025-08-05 01:52:30,290 [INFO] PluginManager:220 - loadIPPluginJar : add pdm2pcm
2025-08-05 01:52:30,302 [INFO] IPUIPlugin:80 - create IPUIPlugin
2025-08-05 01:52:30,304 [INFO] PluginManager:220 - loadIPPluginJar : add plateformsettings
2025-08-05 01:52:30,325 [INFO] IPUIPlugin:80 - create IPUIPlugin
2025-08-05 01:52:30,326 [INFO] PluginManager:220 - loadIPPluginJar : add quadspi
2025-08-05 01:52:30,349 [INFO] IPUIPlugin:80 - create IPUIPlugin
2025-08-05 01:52:30,350 [INFO] PluginManager:220 - loadIPPluginJar : add radio
2025-08-05 01:52:30,360 [INFO] IPUIPlugin:80 - create IPUIPlugin
2025-08-05 01:52:30,360 [INFO] PluginManager:220 - loadIPPluginJar : add resmgrutility
2025-08-05 01:52:30,400 [INFO] IPUIPlugin:80 - create IPUIPlugin
2025-08-05 01:52:30,400 [INFO] PluginManager:220 - loadIPPluginJar : add sai
2025-08-05 01:52:30,433 [INFO] IPUIPlugin:80 - create IPUIPlugin
2025-08-05 01:52:30,433 [INFO] PluginManager:220 - loadIPPluginJar : add spi
2025-08-05 01:52:30,488 [INFO] IPUIPlugin:80 - create IPUIPlugin
2025-08-05 01:52:30,488 [INFO] PluginManager:220 - loadIPPluginJar : add stm32_wpan
2025-08-05 01:52:30,513 [INFO] IPUIPlugin:80 - create IPUIPlugin
2025-08-05 01:52:30,514 [INFO] PluginManager:220 - loadIPPluginJar : add tim
2025-08-05 01:52:30,574 [INFO] IPUIPlugin:80 - create IPUIPlugin
2025-08-05 01:52:30,574 [INFO] PluginManager:220 - loadIPPluginJar : add touchsensing
2025-08-05 01:52:30,597 [INFO] IPUIPlugin:80 - create IPUIPlugin
2025-08-05 01:52:30,597 [INFO] PluginManager:220 - loadIPPluginJar : add tracer_emb
2025-08-05 01:52:30,623 [INFO] IPUIPlugin:80 - create IPUIPlugin
2025-08-05 01:52:30,624 [INFO] PluginManager:220 - loadIPPluginJar : add ts
2025-08-05 01:52:30,647 [INFO] IPUIPlugin:80 - create IPUIPlugin
2025-08-05 01:52:30,647 [INFO] PluginManager:220 - loadIPPluginJar : add tsc
2025-08-05 01:52:30,667 [INFO] IPUIPlugin:80 - create IPUIPlugin
2025-08-05 01:52:30,667 [INFO] PluginManager:220 - loadIPPluginJar : add ucpd
2025-08-05 01:52:30,710 [INFO] IPUIPlugin:80 - create IPUIPlugin
2025-08-05 01:52:30,710 [INFO] PluginManager:220 - loadIPPluginJar : add usart
2025-08-05 01:52:30,749 [INFO] IPUIPlugin:80 - create IPUIPlugin
2025-08-05 01:52:30,749 [INFO] PluginManager:220 - loadIPPluginJar : add usbx
2025-08-05 01:52:30,866 [FATAL] Updater:351 - Updater called before beeing initialized
2025-08-05 01:52:30,886 [INFO] RulesReader:64 - Compatibility file has been processed (297 Rules)
2025-08-05 01:52:30,894 [INFO] RulesReader:64 - Compatibility file has been processed (297 Rules)
2025-08-05 01:52:30,905 [INFO] CADModel:165 - CPN selected for project level
2025-08-05 01:52:30,905 [INFO] CADModel:114 - Register for checkConnection events
2025-08-05 01:52:30,905 [FATAL] Updater:351 - Updater called before beeing initialized
2025-08-05 01:52:30,905 [ERROR] CADModel:125 - Updater not yet initialized, retry later 
2025-08-05 01:52:31,144 [FATAL] Updater:351 - Updater called before beeing initialized
2025-08-05 01:52:31,147 [INFO] CADModel:165 - CPN selected for project level
2025-08-05 01:52:31,147 [INFO] CADModel:114 - Register for checkConnection events
2025-08-05 01:52:31,147 [FATAL] Updater:351 - Updater called before beeing initialized
2025-08-05 01:52:31,147 [ERROR] CADModel:125 - Updater not yet initialized, retry later 
2025-08-05 01:52:31,150 [FATAL] Updater:351 - Updater called before beeing initialized
2025-08-05 01:52:31,252 [FATAL] Updater:351 - Updater called before beeing initialized
2025-08-05 01:52:31,277 [INFO] DbMcusAds:53 - JSON generation date=Tue Jul 08 03:14:23 CDT 2025 (1751962463582)
2025-08-05 01:52:31,278 [FATAL] Updater:351 - Updater called before beeing initialized
2025-08-05 01:52:31,317 [WARN] DetailPanel:346 - Failed to get advertising image, set to default
2025-08-05 01:52:31,519 [FATAL] Updater:351 - Updater called before beeing initialized
2025-08-05 01:52:31,521 [FATAL] Updater:351 - Updater called before beeing initialized
2025-08-05 01:52:31,521 [FATAL] Updater:351 - Updater called before beeing initialized
2025-08-05 01:52:31,521 [WARN] DetailPanel:346 - Failed to get advertising image, set to default
2025-08-05 01:52:31,522 [FATAL] Updater:351 - Updater called before beeing initialized
2025-08-05 01:52:31,575 [ERROR] Updater:1198 - MainUpdater not yet initialized. External WinMGr cannot be set.
2025-08-05 01:52:31,576 [INFO] ThirdPartyUpdaterWithRetryManager:70 - Updater plugin not ready yet. [2/15]
2025-08-05 01:52:31,583 [INFO] Updater:1134 - Updater Version found : 6.13.0
2025-08-05 01:52:31,595 [INFO] ApplicationProperties:184 - Using Application install path: C:\ST\STM32CubeIDE_1.17.0\STM32CubeIDE\plugins\com.st.stm32cube.common.mx_6.13.0.202411220809
2025-08-05 01:52:33,192 [ERROR] LogOutputStream:75 - [STDERR_REDIRECT] Aug 05, 2025 1:52:33 AM java.util.prefs.WindowsPreferences <init>
2025-08-05 01:52:33,194 [ERROR] LogOutputStream:75 - [STDERR_REDIRECT] WARNING: Could not open/create prefs root node Software\JavaSoft\Prefs at root 0xffffffff80000002. Windows RegCreateKeyEx(...) returned error code 5.
2025-08-05 01:52:33,194 [ERROR] LogOutputStream:75 - [STDERR_REDIRECT] 
2025-08-05 01:52:33,528 [INFO] MainUpdater:2872 - connection check result : 10
2025-08-05 01:52:33,529 [INFO] MainUpdater:289 - Updater Check For Update Now.
2025-08-05 01:52:33,529 [INFO] MicroXplorer:498 - Change Database Version : DB.6.0.130
2025-08-05 01:52:33,544 [INFO] McuFinderGlobals:63 - Set McuFinder mode to 2 (CubeIDE integrated)
2025-08-05 01:52:33,544 [INFO] UserAuth:171 - activating auth plugin
2025-08-05 01:52:33,547 [INFO] UserAuth:486 - Internet connection configuration mode: 1
2025-08-05 01:52:33,587 [INFO] JxBrowserEngine:152 - Initiate JxBrowser Engine with user profile folder
2025-08-05 01:52:33,734 [INFO] CheckServerUpdateThread:120 - End of CheckServer Thread
2025-08-05 01:52:34,370 [INFO] WebApp:168 - Instantiating new browser for Auth
2025-08-05 01:52:34,823 [WARN] PackLoader:240 - Cannot read IP mode file for STMicroelectronics.FP-SNS-MOTENVWB1.1.4.0
2025-08-05 01:52:34,840 [WARN] PackLoader:240 - Cannot read IP mode file for STMicroelectronics.FP-ATR-ASTRA1.2.0.2
2025-08-05 01:52:34,853 [WARN] PackLoader:240 - Cannot read IP mode file for STMicroelectronics.FP-ATR-ASTRA1.2.0.1
2025-08-05 01:52:34,870 [WARN] PackLoader:240 - Cannot read IP mode file for STMicroelectronics.X-CUBE-SMBUS.2.1.0
2025-08-05 01:52:34,885 [WARN] PackLoader:240 - Cannot read IP mode file for STMicroelectronics.X-CUBE-WB05N.1.1.0
2025-08-05 01:52:34,898 [WARN] PackLoader:240 - Cannot read IP mode file for STMicroelectronics.X-CUBE-ST60.1.0.0
2025-08-05 01:52:34,939 [WARN] PackLoader:240 - Cannot read IP mode file for STMicroelectronics.X-CUBE-AZRTOS-F7.1.1.0
2025-08-05 01:52:34,955 [WARN] PackLoader:240 - Cannot read IP mode file for STMicroelectronics.FP-SNS-FLIGHT1.5.0.2
2025-08-05 01:52:34,982 [WARN] PackLoader:240 - Cannot read IP mode file for Infineon.AIROC-Wi-Fi-Bluetooth-STM32.1.7.0
2025-08-05 01:52:35,016 [WARN] PackLoader:240 - Cannot read IP mode file for STMicroelectronics.X-CUBE-AZRTOS-H7.3.4.0
2025-08-05 01:52:35,035 [WARN] PackLoader:240 - Cannot read IP mode file for STMicroelectronics.X-CUBE-DISPLAY.3.0.0
2025-08-05 01:52:35,050 [WARN] PackLoader:240 - Cannot read IP mode file for STMicroelectronics.X-CUBE-BLE1.7.0.0
2025-08-05 01:52:35,085 [WARN] PackLoader:240 - Cannot read IP mode file for STMicroelectronics.X-CUBE-NFC10.1.0.0
2025-08-05 01:52:35,100 [WARN] PackLoader:240 - Cannot read IP mode file for STMicroelectronics.X-CUBE-BLEMGR.4.0.0
2025-08-05 01:52:35,114 [WARN] PackLoader:240 - Cannot read IP mode file for emotas.I-CUBE-CANOPEN.1.3.0
2025-08-05 01:52:35,125 [ERROR] Engine:466 - C:\Users\arees\.stm32cubemx\thirdparties\pdsc\STMicroelectronics.FP-SNS-STBOX1.2.1.0.pdsc: PDSC version is not supported
2025-08-05 01:52:35,135 [WARN] PackLoader:240 - Cannot read IP mode file for STMicroelectronics.FP-SNS-SMARTAG2.1.2.0
2025-08-05 01:52:35,148 [WARN] PackLoader:240 - Cannot read IP mode file for STMicroelectronics.FP-SNS-FLIGHT1.5.1.0
2025-08-05 01:52:35,185 [WARN] PackLoader:240 - Cannot read IP mode file for STMicroelectronics.X-CUBE-MEMS1.11.1.0
2025-08-05 01:52:35,308 [INFO] LogOutputStream:77 - [STDOUT_REDIRECT] 1 : Invalid condition id : UX_CORESTACK_Condition cause : null
2025-08-05 01:52:35,309 [INFO] LogOutputStream:77 - [STDOUT_REDIRECT] 1 : Invalid condition id : UX_CORESTACK_Condition cause : null
2025-08-05 01:52:35,310 [INFO] LogOutputStream:77 - [STDOUT_REDIRECT] 1 : Invalid condition id : UX_CORESTACK_Condition cause : null
2025-08-05 01:52:35,312 [INFO] LogOutputStream:77 - [STDOUT_REDIRECT] 1 : Invalid condition id : UX_CORESTACK_Condition cause : null
2025-08-05 01:52:35,313 [INFO] LogOutputStream:77 - [STDOUT_REDIRECT] 1 : Invalid condition id : UX_CORESTACK_Condition cause : null
2025-08-05 01:52:35,315 [WARN] PackLoader:240 - Cannot read IP mode file for STMicroelectronics.X-CUBE-AZRTOS-WL.2.0.0
2025-08-05 01:52:35,329 [WARN] PackLoader:240 - Cannot read IP mode file for STMicroelectronics.FP-SNS-MOTENV1.5.0.0
2025-08-05 01:52:35,334 [INFO] WebApp:449 - Apply proxy settings
2025-08-05 01:52:35,335 [INFO] WebApp:534 - Chromium requires no authentication
2025-08-05 01:52:35,342 [WARN] PackLoader:240 - Cannot read IP mode file for wolfSSL.I-CUBE-wolfMQTT.1.19.0
2025-08-05 01:52:35,360 [WARN] PackLoader:240 - Cannot read IP mode file for WES.I-CUBE-Cesium.1.3.0
2025-08-05 01:52:35,373 [WARN] PackLoader:240 - Cannot read IP mode file for STMicroelectronics.X-CUBE-BLE2.3.3.0
2025-08-05 01:52:35,379 [INFO] WebApp:477 - Direct internet connection detected
2025-08-05 01:52:35,388 [WARN] PackLoader:240 - Cannot read IP mode file for STMicroelectronics.X-CUBE-NFC9.1.0.0
2025-08-05 01:52:35,408 [WARN] PackLoader:240 - Cannot read IP mode file for STMicroelectronics.X-CUBE-BLE1.7.1.0
2025-08-05 01:52:35,424 [WARN] PackLoader:240 - Cannot read IP mode file for STMicroelectronics.X-CUBE-EEPRMA1.5.2.0
2025-08-05 01:52:35,446 [WARN] PackLoader:240 - Cannot read IP mode file for STMicroelectronics.X-CUBE-AZRTOS-G0.1.1.0
2025-08-05 01:52:35,460 [WARN] PackLoader:240 - Cannot read IP mode file for STMicroelectronics.X-CUBE-SAFEA1.1.2.2
2025-08-05 01:52:35,472 [WARN] PackLoader:240 - Cannot read IP mode file for STMicroelectronics.X-CUBE-NFC4.3.0.0
2025-08-05 01:52:35,485 [WARN] PackLoader:240 - Cannot read IP mode file for EmbeddedOffice.I-CUBE-FS-RTOS.1.0.1
2025-08-05 01:52:35,496 [WARN] PackLoader:240 - Cannot read IP mode file for STMicroelectronics.X-CUBE-WB05N.2.0.0
2025-08-05 01:52:35,508 [WARN] PackLoader:240 - Cannot read IP mode file for STMicroelectronics.X-CUBE-TCPP.4.2.0
2025-08-05 01:52:35,520 [WARN] PackLoader:240 - Cannot read IP mode file for RealThread.X-CUBE-RT-Thread_Nano.4.1.1
2025-08-05 01:52:35,535 [INFO] WebApp:880 - Register for checkConnection events
2025-08-05 01:52:35,536 [INFO] WebApp:449 - Apply proxy settings
2025-08-05 01:52:35,536 [INFO] WebApp:534 - Chromium requires no authentication
2025-08-05 01:52:35,536 [INFO] WebApp:477 - Direct internet connection detected
2025-08-05 01:52:35,538 [WARN] PackLoader:240 - Cannot read IP mode file for STMicroelectronics.FP-ATR-SIGFOX1.3.2.0
2025-08-05 01:52:35,558 [WARN] ConditionMgr:438 - getConditionDescription Invalid condition id : Cortex-A Device cause : null
2025-08-05 01:52:35,588 [WARN] ConditionMgr:1044 - genDependencies : Invalid condition id : Cortex-A Device cause : null
2025-08-05 01:52:35,589 [WARN] ConditionMgr:1044 - genDependencies : Invalid condition id : Cortex-A Device cause : null
2025-08-05 01:52:35,589 [WARN] ConditionMgr:1044 - genDependencies : Invalid condition id : Cortex-A Device cause : null
2025-08-05 01:52:35,594 [INFO] WebApp:187 - Connection restablished
2025-08-05 01:52:35,607 [WARN] PackLoader:240 - Cannot read IP mode file for STMicroelectronics.X-CUBE-EEPRMA1.5.1.0
2025-08-05 01:52:35,626 [WARN] PackLoader:240 - Cannot read IP mode file for wolfSSL.I-CUBE-wolfSSL.5.7.4
2025-08-05 01:52:35,643 [WARN] PackLoader:240 - Cannot read IP mode file for ITTIA_DB.I-CUBE-ITTIADB.8.9.0
2025-08-05 01:52:35,663 [WARN] PackLoader:240 - Cannot read IP mode file for STMicroelectronics.X-CUBE-ST67W61.1.0.0
2025-08-05 01:52:35,679 [WARN] PackLoader:240 - Cannot read IP mode file for STMicroelectronics.X-CUBE-AI.10.2.0
2025-08-05 01:52:35,708 [WARN] PackLoader:240 - Cannot read IP mode file for SEGGER.I-CUBE-embOS.1.3.1
2025-08-05 01:52:35,739 [WARN] PackLoader:240 - Cannot read IP mode file for STMicroelectronics.X-CUBE-ALGOBUILD.1.4.0
2025-08-05 01:52:35,776 [WARN] PackLoader:240 - Cannot read IP mode file for STMicroelectronics.X-CUBE-MEMS1.11.3.0
2025-08-05 01:52:35,949 [WARN] PackLoader:240 - Cannot read IP mode file for STMicroelectronics.X-CUBE-AI.9.1.0
2025-08-05 01:52:35,963 [WARN] PackLoader:240 - Cannot read IP mode file for STMicroelectronics.X-CUBE-PM33A1.1.0.0
2025-08-05 01:52:35,990 [WARN] PackLoader:240 - Cannot read IP mode file for STMicroelectronics.X-CUBE-AZRTOS-F4.1.1.0
2025-08-05 01:52:36,007 [WARN] PackLoader:240 - Cannot read IP mode file for Avnet-IotConnect.X-CUBE-IoTC-DA16k-PMOD.1.0.0
2025-08-05 01:52:36,019 [WARN] PackLoader:240 - Cannot read IP mode file for STMicroelectronics.X-CUBE-ISPU.2.1.0
2025-08-05 01:52:36,032 [WARN] PackLoader:240 - Cannot read IP mode file for STMicroelectronics.X-CUBE-NFC12.1.0.0
2025-08-05 01:52:36,058 [WARN] PackLoader:240 - Cannot read IP mode file for STMicroelectronics.X-CUBE-AZRTOS-L5.2.0.0
2025-08-05 01:52:36,075 [WARN] PackLoader:240 - Cannot read IP mode file for STMicroelectronics.X-CUBE-NFC6.3.1.0
2025-08-05 01:52:36,090 [WARN] PackLoader:240 - Cannot read IP mode file for STMicroelectronics.X-CUBE-DPower.1.2.0
2025-08-05 01:52:36,107 [WARN] PackLoader:240 - Cannot read IP mode file for STMicroelectronics.X-CUBE-FREERTOS.1.3.1
2025-08-05 01:52:36,122 [WARN] PackLoader:240 - Cannot read IP mode file for STMicroelectronics.X-CUBE-FREERTOS.1.3.0
2025-08-05 01:52:36,134 [WARN] PackLoader:240 - Cannot read IP mode file for STMicroelectronics.X-CUBE-NFC7.1.0.1
2025-08-05 01:52:36,149 [WARN] PackLoader:240 - Cannot read IP mode file for STMicroelectronics.FP-SNS-STAIOTCFT.1.0.0
2025-08-05 01:52:36,162 [WARN] PackLoader:240 - Cannot read IP mode file for STMicroelectronics.X-CUBE-DPower.1.3.0
2025-08-05 01:52:36,186 [WARN] ConditionMgr:438 - getConditionDescription Invalid condition id : LAN8742 Phy interface Condition cause : null
2025-08-05 01:52:36,186 [WARN] PackLoader:240 - Cannot read IP mode file for STMicroelectronics.X-CUBE-AZRTOS-L4.2.0.0
2025-08-05 01:52:36,187 [WARN] ConditionMgr:1044 - genDependencies : Invalid condition id : LAN8742 Phy interface Condition cause : null
2025-08-05 01:52:36,187 [WARN] ConditionMgr:1044 - genDependencies : Invalid condition id : LAN8742 Phy interface Condition cause : null
2025-08-05 01:52:36,187 [WARN] ConditionMgr:1044 - genDependencies : Invalid condition id : LAN8742 Phy interface Condition cause : null
2025-08-05 01:52:36,201 [WARN] PackLoader:240 - Cannot read IP mode file for STMicroelectronics.X-CUBE-SFXS2LP1.4.0.0
2025-08-05 01:52:36,245 [WARN] PackLoader:240 - Cannot read IP mode file for STMicroelectronics.X-CUBE-AZRTOS-H7.3.3.0
2025-08-05 01:52:36,262 [WARN] PackLoader:240 - Cannot read IP mode file for STMicroelectronics.X-CUBE-BLEMGR.4.1.0
2025-08-05 01:52:36,278 [WARN] PackLoader:240 - Cannot read IP mode file for STMicroelectronics.X-CUBE-IPS.3.0.0
2025-08-05 01:52:36,296 [WARN] ConditionMgr:438 - getConditionDescription Invalid condition id : UX DEVICE CLASS RTOS Condition cause : null
2025-08-05 01:52:36,296 [WARN] ConditionMgr:438 - getConditionDescription Invalid condition id : UX DEVICE CLASS RTOS Condition cause : null
2025-08-05 01:52:36,297 [WARN] PackLoader:240 - Cannot read IP mode file for STMicroelectronics.X-CUBE-AZRTOS-WB.2.0.0
2025-08-05 01:52:36,297 [WARN] ConditionMgr:1044 - genDependencies : Invalid condition id : UX DEVICE CLASS RTOS Condition cause : null
2025-08-05 01:52:36,297 [WARN] ConditionMgr:1044 - genDependencies : Invalid condition id : UX DEVICE CLASS RTOS Condition cause : null
2025-08-05 01:52:36,298 [WARN] ConditionMgr:1044 - genDependencies : Invalid condition id : UX DEVICE CLASS RTOS Condition cause : null
2025-08-05 01:52:36,298 [WARN] ConditionMgr:1044 - genDependencies : Invalid condition id : UX DEVICE CLASS RTOS Condition cause : null
2025-08-05 01:52:36,298 [WARN] ConditionMgr:1044 - genDependencies : Invalid condition id : UX DEVICE CLASS RTOS Condition cause : null
2025-08-05 01:52:36,310 [WARN] PackLoader:240 - Cannot read IP mode file for STMicroelectronics.X-CUBE-GNSS1.7.0.1
2025-08-05 01:52:36,328 [WARN] PackLoader:240 - Cannot read IP mode file for STMicroelectronics.X-CUBE-TOUCHGFX.4.25.0
2025-08-05 01:52:36,344 [WARN] PackLoader:240 - Cannot read IP mode file for STMicroelectronics.FP-SNS-STBOX1.2.0.0
2025-08-05 01:52:36,361 [WARN] PackLoader:240 - Cannot read IP mode file for STMicroelectronics.X-CUBE-SUBG2.5.0.0
2025-08-05 01:52:36,388 [WARN] PackLoader:240 - Cannot read IP mode file for STMicroelectronics.X-CUBE-AZRTOS-H7RS.1.1.0
2025-08-05 01:52:36,402 [WARN] PackLoader:240 - Cannot read IP mode file for Cesanta.I-CUBE-Mongoose.7.13.0
2025-08-05 01:52:36,421 [WARN] PackLoader:240 - Cannot read IP mode file for STMicroelectronics.X-CUBE-AZRTOS-G4.2.0.0
2025-08-05 01:52:36,433 [WARN] PackLoader:240 - Cannot read IP mode file for STMicroelectronics.X-CUBE-NFC7.2.0.0
2025-08-05 01:52:36,448 [WARN] PackLoader:240 - Cannot read IP mode file for STMicroelectronics.X-CUBE-IPS.3.1.0
2025-08-05 01:52:36,462 [WARN] PackLoader:240 - Cannot read IP mode file for STMicroelectronics.X-CUBE-ALS.1.0.2
2025-08-05 01:52:36,475 [WARN] PackLoader:240 - Cannot read IP mode file for STMicroelectronics.X-CUBE-TOUCHGFX.4.24.2
2025-08-05 01:52:36,485 [WARN] PackLoader:240 - Cannot read IP mode file for STMicroelectronics.X-CUBE-TOUCHGFX.4.24.1
2025-08-05 01:52:36,495 [WARN] PackLoader:240 - Cannot read IP mode file for wolfSSL.I-CUBE-wolfTPM.3.4.0
2025-08-05 01:52:36,506 [WARN] PackLoader:240 - Cannot read IP mode file for portGmbH.I-Cube-SoM-uGOAL.1.1.0
2025-08-05 01:52:36,525 [WARN] PackLoader:240 - Cannot read IP mode file for STMicroelectronics.X-CUBE-AZRTOS-H7RS.1.0.0
2025-08-05 01:52:36,541 [WARN] PackLoader:240 - Cannot read IP mode file for STMicroelectronics.X-CUBE-TOF1.3.4.2
2025-08-05 01:52:36,559 [WARN] PackLoader:240 - Cannot read IP mode file for STMicroelectronics.X-CUBE-TOF1.3.4.3
2025-08-05 01:52:36,579 [WARN] PackLoader:240 - Cannot read IP mode file for wolfSSL.I-CUBE-wolfSSH.1.4.17
2025-08-05 01:52:36,579 [INFO] ThirdParty:978 - Integrity check success = true
2025-08-05 01:52:36,579 [INFO] IntegrityCheckThread:100 - exiting critical section [integrity check]
2025-08-05 01:52:36,579 [INFO] IntegrityCheckThread:103 - End integrity checks thread
2025-08-05 01:52:36,702 [INFO] WebApp:221 - Starting web application
2025-08-05 01:52:36,703 [INFO] WebApp:579 - Web application path used C:\ST\STM32CubeIDE_1.17.0\STM32CubeIDE\plugins\com.st.stm32cube.common.mx_6.13.0.202411220809\db\plugins\mcufinder\reactClient1\index.html
2025-08-05 01:53:25,547 [INFO] Activator:176 - 


2025-08-05 01:53:25,549 [INFO] Activator:177 - !SESSION log4j initialized
2025-08-05 01:53:28,981 [INFO] LogOutputStream:77 - [STDOUT_REDIRECT] 
2025-08-05 01:53:30,585 [INFO] ApplicationProperties:184 - Using Application install path: C:\ST\STM32CubeIDE_1.17.0\STM32CubeIDE\plugins\com.st.stm32cube.common.mx_6.13.0.202411220809
2025-08-05 01:53:30,594 [INFO] DbMcusXml:78 - Set database path to: C:\ST\STM32CubeIDE_1.17.0\STM32CubeIDE\plugins\com.st.stm32cube.common.mx_6.13.0.202411220809\\db\/mcu/
2025-08-05 01:53:30,594 [INFO] ApiDb:274 - Set plugin database path to: C:\ST\STM32CubeIDE_1.17.0\STM32CubeIDE\plugins\com.st.stm32cube.common.mx_6.13.0.202411220809\\db\/plugins/boardmanager/
2025-08-05 01:53:30,594 [WARN] ApiDb:259 - Overriding images path with different value:  => C:\ST\STM32CubeIDE_1.17.0\STM32CubeIDE\plugins\com.st.stm32cube.common.mx_6.13.0.202411220809\\db\/plugins/mcufinder/images/
2025-08-05 01:53:30,598 [INFO] ApiDb:250 - Set database path to: C:\Users\arees\.stmcufinder\plugins\mcufinder//mcu/
2025-08-05 01:53:30,599 [INFO] DbMcusAds:125 - Set database path to: C:\Users\arees\.stmcufinder\plugins\mcufinder//mcu/
2025-08-05 01:53:30,600 [INFO] CrossReferenceDbSqlite:203 - Set database path to: C:\Users\arees\.stmcufinder\plugins\mcufinder//mcu/cs/
2025-08-05 01:53:30,683 [INFO] RulesReader:64 - Compatibility file has been processed (297 Rules)
2025-08-05 01:53:30,769 [INFO] DbMcusXml:78 - Set database path to: C:\ST\STM32CubeIDE_1.17.0\STM32CubeIDE\plugins\com.st.stm32cube.common.mx_6.13.0.202411220809\\db\/mcu/
2025-08-05 01:53:30,770 [INFO] ApiDb:274 - Set plugin database path to: C:\ST\STM32CubeIDE_1.17.0\STM32CubeIDE\plugins\com.st.stm32cube.common.mx_6.13.0.202411220809\\db\/plugins/boardmanager/
2025-08-05 01:53:30,770 [INFO] ApiDb:261 - Set plugin images path to: C:\ST\STM32CubeIDE_1.17.0\STM32CubeIDE\plugins\com.st.stm32cube.common.mx_6.13.0.202411220809\\db\/plugins/mcufinder/images/
2025-08-05 01:53:30,770 [WARN] DbFile:41 - Overriding database path with different value: C:\Users\arees\.stmcufinder\plugins\mcufinder/ => C:\Users\arees\.stmcufinder\plugins\mcufinder
2025-08-05 01:53:30,770 [INFO] ApiDb:250 - Set database path to: C:\Users\arees\.stmcufinder\plugins\mcufinder//mcu/
2025-08-05 01:53:30,770 [WARN] DbFile:41 - Overriding database path with different value: C:\Users\arees\.stmcufinder\plugins\mcufinder/ => C:\Users\arees\.stmcufinder\plugins\mcufinder
2025-08-05 01:53:30,770 [INFO] DbMcusAds:125 - Set database path to: C:\Users\arees\.stmcufinder\plugins\mcufinder//mcu/
2025-08-05 01:53:30,770 [WARN] DbFile:41 - Overriding database path with different value: C:\Users\arees\.stmcufinder\plugins\mcufinder/ => C:\Users\arees\.stmcufinder\plugins\mcufinder
2025-08-05 01:53:30,770 [WARN] DbFile:41 - Overriding database path with different value: C:\Users\arees\.stmcufinder\plugins\mcufinder/ => C:\Users\arees\.stmcufinder\plugins\mcufinder
2025-08-05 01:53:30,770 [INFO] CrossReferenceDbSqlite:203 - Set database path to: C:\Users\arees\.stmcufinder\plugins\mcufinder//mcu/cs/
2025-08-05 01:53:30,817 [INFO] MainPanel:272 - HeapMemory: 268435456
2025-08-05 01:53:30,870 [INFO] DbMcusXml:78 - Set database path to: C:\ST\STM32CubeIDE_1.17.0\STM32CubeIDE\plugins\com.st.stm32cube.common.mx_6.13.0.202411220809\\db\/mcu/
2025-08-05 01:53:30,870 [INFO] ApiDb:274 - Set plugin database path to: C:\ST\STM32CubeIDE_1.17.0\STM32CubeIDE\plugins\com.st.stm32cube.common.mx_6.13.0.202411220809\\db\/plugins/boardmanager/
2025-08-05 01:53:30,870 [INFO] ApiDb:261 - Set plugin images path to: C:\ST\STM32CubeIDE_1.17.0\STM32CubeIDE\plugins\com.st.stm32cube.common.mx_6.13.0.202411220809\\db\/plugins/mcufinder/images/
2025-08-05 01:53:30,870 [WARN] DbFile:41 - Overriding database path with different value: C:\Users\arees\.stmcufinder\plugins\mcufinder/ => C:\Users\arees\.stmcufinder\plugins\mcufinder
2025-08-05 01:53:30,870 [INFO] ApiDb:250 - Set database path to: C:\Users\arees\.stmcufinder\plugins\mcufinder//mcu/
2025-08-05 01:53:30,870 [WARN] DbFile:41 - Overriding database path with different value: C:\Users\arees\.stmcufinder\plugins\mcufinder/ => C:\Users\arees\.stmcufinder\plugins\mcufinder
2025-08-05 01:53:30,871 [INFO] DbMcusAds:125 - Set database path to: C:\Users\arees\.stmcufinder\plugins\mcufinder//mcu/
2025-08-05 01:53:30,871 [WARN] DbFile:41 - Overriding database path with different value: C:\Users\arees\.stmcufinder\plugins\mcufinder/ => C:\Users\arees\.stmcufinder\plugins\mcufinder
2025-08-05 01:53:30,871 [WARN] DbFile:41 - Overriding database path with different value: C:\Users\arees\.stmcufinder\plugins\mcufinder/ => C:\Users\arees\.stmcufinder\plugins\mcufinder
2025-08-05 01:53:30,871 [INFO] CrossReferenceDbSqlite:203 - Set database path to: C:\Users\arees\.stmcufinder\plugins\mcufinder//mcu/cs/
2025-08-05 01:53:30,884 [INFO] ApplicationProperties:184 - Using Application install path: C:\ST\STM32CubeIDE_1.17.0\STM32CubeIDE\plugins\com.st.stm32cube.common.mx_6.13.0.202411220809
2025-08-05 01:53:30,884 [INFO] PluginManage:196 - Search for loadable plugins [exclusion list=, ]
2025-08-05 01:53:30,885 [INFO] PluginManage:310 - Check plugin analytics
2025-08-05 01:53:31,023 [INFO] AnalyticsPlugin:253 - Accepted Software Licenses: 
2025-08-05 01:53:31,023 [INFO] AnalyticsPlugin:255 - Accepted CMSIS Pack Licenses: 
2025-08-05 01:53:31,023 [INFO] AnalyticsPlugin:257 - Accepted Firmware Licenses: 
2025-08-05 01:53:31,026 [INFO] PluginManage:359 - Loaded plugin analytics (category:tool,tabindex:-1)
2025-08-05 01:53:31,027 [INFO] PluginManage:310 - Check plugin cadmodel
2025-08-05 01:53:31,029 [INFO] CADModel:105 - Init CAD model plugin
2025-08-05 01:53:31,029 [INFO] PluginManage:359 - Loaded plugin cadmodel (category:power,tabindex:5)
2025-08-05 01:53:31,030 [INFO] PluginManage:310 - Check plugin clock
2025-08-05 01:53:31,035 [INFO] PluginManage:359 - Loaded plugin clock (category:base,tabindex:2)
2025-08-05 01:53:31,036 [INFO] PluginManage:310 - Check plugin ddr
2025-08-05 01:53:31,037 [INFO] PluginManage:359 - Loaded plugin ddr (category:tool,tabindex:6)
2025-08-05 01:53:31,037 [INFO] PluginManage:310 - Check plugin filemanager
2025-08-05 01:53:31,123 [INFO] PluginManage:359 - Loaded plugin filemanager (category:base,tabindex:10)
2025-08-05 01:53:31,123 [INFO] PluginManage:310 - Check plugin ipmanager
2025-08-05 01:53:31,128 [INFO] PluginManage:359 - Loaded plugin ipmanager (category:base,tabindex:5)
2025-08-05 01:53:31,128 [INFO] PluginManage:310 - Check plugin lpbam
2025-08-05 01:53:31,133 [INFO] PluginManage:359 - Loaded plugin lpbam (category:base,tabindex:0)
2025-08-05 01:53:31,133 [INFO] PluginManage:310 - Check plugin memorymap
2025-08-05 01:53:31,140 [INFO] PluginManage:359 - Loaded plugin memorymap (category:base,tabindex:4)
2025-08-05 01:53:31,140 [INFO] PluginManage:310 - Check plugin pinoutandconfiguration
2025-08-05 01:53:31,144 [INFO] PluginManage:359 - Loaded plugin pinoutandconfiguration (category:base,tabindex:1)
2025-08-05 01:53:31,145 [INFO] PluginManage:310 - Check plugin pinoutconfig
2025-08-05 01:53:31,204 [WARN] SupportedApi:132 - Cannot load RTOS API schema: s4s-elt-must-match.1: The content of 'definitions' must match (annotation?, (simpleType | complexType)?, (unique | key | keyref)*)). A problem was found starting at: attribute.
2025-08-05 01:53:31,301 [INFO] PluginManage:359 - Loaded plugin pinoutconfig (category:base,tabindex:0)
2025-08-05 01:53:31,301 [INFO] PluginManage:310 - Check plugin power
2025-08-05 01:53:31,307 [INFO] PluginManage:359 - Loaded plugin power (category:power,tabindex:4)
2025-08-05 01:53:31,307 [INFO] PluginManage:310 - Check plugin projectmanager
2025-08-05 01:53:31,318 [INFO] PluginManage:359 - Loaded plugin projectmanager (category:projectmanager,tabindex:4)
2025-08-05 01:53:31,318 [INFO] PluginManage:310 - Check plugin rif
2025-08-05 01:53:31,322 [INFO] PluginManage:359 - Loaded plugin rif (category:base,tabindex:3)
2025-08-05 01:53:31,322 [INFO] PluginManage:310 - Check plugin thirdparty
2025-08-05 01:53:31,422 [WARN] IntegrityCheckThread:84 - waiting for thirdparty lock release [integrity check]
2025-08-05 01:53:31,423 [INFO] IntegrityCheckThread:86 - entering critical section [integrity check]
2025-08-05 01:53:31,423 [INFO] ThirdPartyUpdaterWithRetryManager:70 - Updater plugin not ready yet. [1/15]
2025-08-05 01:53:31,423 [INFO] PluginManage:359 - Loaded plugin thirdparty (category:base,tabindex:-1)
2025-08-05 01:53:31,423 [INFO] PluginManage:310 - Check plugin tools
2025-08-05 01:53:31,427 [INFO] PluginManage:359 - Loaded plugin tools (category:base,tabindex:7)
2025-08-05 01:53:31,428 [INFO] PluginManage:310 - Check plugin tutovideos
2025-08-05 01:53:31,571 [INFO] PluginManage:359 - Loaded plugin tutovideos (category:base,tabindex:-1)
2025-08-05 01:53:31,571 [INFO] PluginManage:310 - Check plugin updater
2025-08-05 01:53:31,588 [INFO] PluginManage:359 - Loaded plugin updater (category:base,tabindex:12)
2025-08-05 01:53:31,588 [INFO] PluginManage:310 - Check plugin userauth
2025-08-05 01:53:31,590 [INFO] UserAuth:118 - Init User Auth plugin
2025-08-05 01:53:31,591 [INFO] PluginManage:359 - Loaded plugin userauth (category:base,tabindex:14)
2025-08-05 01:53:31,591 [INFO] PluginManage:283 - PluginManage : Loaded plugins [18]
2025-08-05 01:53:31,739 [INFO] PinOutPanel:1589 - setPackage(No Configuration,No Configuration)
2025-08-05 01:53:31,798 [INFO] CADModel:165 - CPN selected for project level
2025-08-05 01:53:31,798 [INFO] CADModel:114 - Register for checkConnection events
2025-08-05 01:53:31,808 [INFO] IPUIPlugin:80 - create IPUIPlugin
2025-08-05 01:53:31,808 [INFO] PluginManager:220 - loadIPPluginJar : add adc
2025-08-05 01:53:31,810 [INFO] IPUIPlugin:80 - create IPUIPlugin
2025-08-05 01:53:31,810 [INFO] PluginManager:220 - loadIPPluginJar : add aes
2025-08-05 01:53:31,811 [INFO] IPUIPlugin:80 - create IPUIPlugin
2025-08-05 01:53:31,812 [INFO] PluginManager:220 - loadIPPluginJar : add can
2025-08-05 01:53:31,813 [INFO] IPUIPlugin:80 - create IPUIPlugin
2025-08-05 01:53:31,813 [INFO] PluginManager:220 - loadIPPluginJar : add comp
2025-08-05 01:53:31,815 [INFO] IPUIPlugin:80 - create IPUIPlugin
2025-08-05 01:53:31,815 [INFO] PluginManager:220 - loadIPPluginJar : add cryp
2025-08-05 01:53:31,816 [INFO] IPUIPlugin:80 - create IPUIPlugin
2025-08-05 01:53:31,816 [INFO] PluginManager:220 - loadIPPluginJar : add ddr_ctrl_phy
2025-08-05 01:53:31,818 [INFO] IPUIPlugin:80 - create IPUIPlugin
2025-08-05 01:53:31,818 [INFO] PluginManager:220 - loadIPPluginJar : add dfsdm
2025-08-05 01:53:31,822 [INFO] IPUIPlugin:80 - create IPUIPlugin
2025-08-05 01:53:31,822 [INFO] PluginManager:220 - loadIPPluginJar : add dma
2025-08-05 01:53:31,825 [INFO] IPUIPlugin:80 - create IPUIPlugin
2025-08-05 01:53:31,825 [INFO] PluginManager:220 - loadIPPluginJar : add dma3
2025-08-05 01:53:31,826 [INFO] IPUIPlugin:80 - create IPUIPlugin
2025-08-05 01:53:31,827 [INFO] PluginManager:220 - loadIPPluginJar : add extmemmanager
2025-08-05 01:53:31,828 [INFO] IPUIPlugin:80 - create IPUIPlugin
2025-08-05 01:53:31,828 [INFO] PluginManager:220 - loadIPPluginJar : add fatfs
2025-08-05 01:53:31,831 [INFO] IPUIPlugin:80 - create IPUIPlugin
2025-08-05 01:53:31,831 [INFO] PluginManager:220 - loadIPPluginJar : add fmc
2025-08-05 01:53:31,840 [INFO] IPUIPlugin:80 - create IPUIPlugin
2025-08-05 01:53:31,840 [INFO] PluginManager:220 - loadIPPluginJar : add freertos
2025-08-05 01:53:31,842 [INFO] IPUIPlugin:80 - create IPUIPlugin
2025-08-05 01:53:31,842 [INFO] PluginManager:220 - loadIPPluginJar : add genericplugin
2025-08-05 01:53:31,844 [INFO] IPUIPlugin:80 - create IPUIPlugin
2025-08-05 01:53:31,844 [INFO] PluginManager:220 - loadIPPluginJar : add gfxmmu
2025-08-05 01:53:31,848 [INFO] IPUIPlugin:80 - create IPUIPlugin
2025-08-05 01:53:31,848 [INFO] PluginManager:220 - loadIPPluginJar : add gic
2025-08-05 01:53:31,851 [INFO] IPUIPlugin:80 - create IPUIPlugin
2025-08-05 01:53:31,851 [INFO] PluginManager:220 - loadIPPluginJar : add gpio
2025-08-05 01:53:31,854 [INFO] IPUIPlugin:80 - create IPUIPlugin
2025-08-05 01:53:31,854 [INFO] PluginManager:220 - loadIPPluginJar : add gtzc
2025-08-05 01:53:31,856 [INFO] IPUIPlugin:80 - create IPUIPlugin
2025-08-05 01:53:31,856 [INFO] PluginManager:220 - loadIPPluginJar : add hash
2025-08-05 01:53:31,858 [INFO] IPUIPlugin:80 - create IPUIPlugin
2025-08-05 01:53:31,858 [INFO] PluginManager:220 - loadIPPluginJar : add i2c
2025-08-05 01:53:31,860 [INFO] IPUIPlugin:80 - create IPUIPlugin
2025-08-05 01:53:31,861 [INFO] PluginManager:220 - loadIPPluginJar : add i2s
2025-08-05 01:53:31,863 [INFO] IPUIPlugin:80 - create IPUIPlugin
2025-08-05 01:53:31,863 [INFO] PluginManager:220 - loadIPPluginJar : add i3c
2025-08-05 01:53:31,865 [INFO] IPUIPlugin:80 - create IPUIPlugin
2025-08-05 01:53:31,865 [INFO] PluginManager:220 - loadIPPluginJar : add ipddr
2025-08-05 01:53:31,869 [INFO] IPUIPlugin:80 - create IPUIPlugin
2025-08-05 01:53:31,869 [INFO] PluginManager:220 - loadIPPluginJar : add linkedlist
2025-08-05 01:53:31,872 [INFO] IPUIPlugin:80 - create IPUIPlugin
2025-08-05 01:53:31,872 [INFO] PluginManager:220 - loadIPPluginJar : add lorawan
2025-08-05 01:53:31,873 [INFO] IPUIPlugin:80 - create IPUIPlugin
2025-08-05 01:53:31,873 [INFO] PluginManager:220 - loadIPPluginJar : add ltdc
2025-08-05 01:53:31,875 [INFO] IPUIPlugin:80 - create IPUIPlugin
2025-08-05 01:53:31,875 [INFO] PluginManager:220 - loadIPPluginJar : add mdma
2025-08-05 01:53:31,878 [INFO] IPUIPlugin:80 - create IPUIPlugin
2025-08-05 01:53:31,878 [INFO] PluginManager:220 - loadIPPluginJar : add nvic
2025-08-05 01:53:31,880 [INFO] IPUIPlugin:80 - create IPUIPlugin
2025-08-05 01:53:31,880 [INFO] PluginManager:220 - loadIPPluginJar : add opamp
2025-08-05 01:53:31,882 [INFO] IPUIPlugin:80 - create IPUIPlugin
2025-08-05 01:53:31,882 [INFO] PluginManager:220 - loadIPPluginJar : add openamp
2025-08-05 01:53:31,884 [INFO] IPUIPlugin:80 - create IPUIPlugin
2025-08-05 01:53:31,884 [INFO] PluginManager:220 - loadIPPluginJar : add pdm2pcm
2025-08-05 01:53:31,888 [INFO] IPUIPlugin:80 - create IPUIPlugin
2025-08-05 01:53:31,889 [INFO] PluginManager:220 - loadIPPluginJar : add plateformsettings
2025-08-05 01:53:31,890 [INFO] IPUIPlugin:80 - create IPUIPlugin
2025-08-05 01:53:31,890 [INFO] PluginManager:220 - loadIPPluginJar : add quadspi
2025-08-05 01:53:31,891 [INFO] IPUIPlugin:80 - create IPUIPlugin
2025-08-05 01:53:31,892 [INFO] PluginManager:220 - loadIPPluginJar : add radio
2025-08-05 01:53:31,894 [INFO] IPUIPlugin:80 - create IPUIPlugin
2025-08-05 01:53:31,894 [INFO] PluginManager:220 - loadIPPluginJar : add resmgrutility
2025-08-05 01:53:31,895 [INFO] IPUIPlugin:80 - create IPUIPlugin
2025-08-05 01:53:31,895 [INFO] PluginManager:220 - loadIPPluginJar : add sai
2025-08-05 01:53:31,897 [INFO] IPUIPlugin:80 - create IPUIPlugin
2025-08-05 01:53:31,897 [INFO] PluginManager:220 - loadIPPluginJar : add spi
2025-08-05 01:53:31,900 [INFO] IPUIPlugin:80 - create IPUIPlugin
2025-08-05 01:53:31,900 [INFO] PluginManager:220 - loadIPPluginJar : add stm32_wpan
2025-08-05 01:53:31,901 [INFO] IPUIPlugin:80 - create IPUIPlugin
2025-08-05 01:53:31,901 [INFO] PluginManager:220 - loadIPPluginJar : add tim
2025-08-05 01:53:31,903 [INFO] IPUIPlugin:80 - create IPUIPlugin
2025-08-05 01:53:31,903 [INFO] PluginManager:220 - loadIPPluginJar : add touchsensing
2025-08-05 01:53:31,904 [INFO] IPUIPlugin:80 - create IPUIPlugin
2025-08-05 01:53:31,904 [INFO] PluginManager:220 - loadIPPluginJar : add tracer_emb
2025-08-05 01:53:31,905 [INFO] IPUIPlugin:80 - create IPUIPlugin
2025-08-05 01:53:31,905 [INFO] PluginManager:220 - loadIPPluginJar : add ts
2025-08-05 01:53:31,907 [INFO] IPUIPlugin:80 - create IPUIPlugin
2025-08-05 01:53:31,907 [INFO] PluginManager:220 - loadIPPluginJar : add tsc
2025-08-05 01:53:31,908 [INFO] IPUIPlugin:80 - create IPUIPlugin
2025-08-05 01:53:31,908 [INFO] PluginManager:220 - loadIPPluginJar : add ucpd
2025-08-05 01:53:31,909 [INFO] IPUIPlugin:80 - create IPUIPlugin
2025-08-05 01:53:31,909 [INFO] PluginManager:220 - loadIPPluginJar : add usart
2025-08-05 01:53:31,912 [INFO] IPUIPlugin:80 - create IPUIPlugin
2025-08-05 01:53:31,912 [INFO] PluginManager:220 - loadIPPluginJar : add usbx
2025-08-05 01:53:32,025 [FATAL] Updater:351 - Updater called before beeing initialized
2025-08-05 01:53:32,042 [INFO] RulesReader:64 - Compatibility file has been processed (297 Rules)
2025-08-05 01:53:32,050 [INFO] RulesReader:64 - Compatibility file has been processed (297 Rules)
2025-08-05 01:53:32,059 [INFO] CADModel:165 - CPN selected for project level
2025-08-05 01:53:32,059 [INFO] CADModel:114 - Register for checkConnection events
2025-08-05 01:53:32,059 [FATAL] Updater:351 - Updater called before beeing initialized
2025-08-05 01:53:32,059 [ERROR] CADModel:125 - Updater not yet initialized, retry later 
2025-08-05 01:53:32,182 [FATAL] Updater:351 - Updater called before beeing initialized
2025-08-05 01:53:32,183 [INFO] CADModel:165 - CPN selected for project level
2025-08-05 01:53:32,183 [INFO] CADModel:114 - Register for checkConnection events
2025-08-05 01:53:32,183 [FATAL] Updater:351 - Updater called before beeing initialized
2025-08-05 01:53:32,184 [ERROR] CADModel:125 - Updater not yet initialized, retry later 
2025-08-05 01:53:32,186 [FATAL] Updater:351 - Updater called before beeing initialized
2025-08-05 01:53:32,272 [FATAL] Updater:351 - Updater called before beeing initialized
2025-08-05 01:53:32,285 [INFO] DbMcusAds:53 - JSON generation date=Tue Jul 08 03:14:23 CDT 2025 (1751962463582)
2025-08-05 01:53:32,285 [FATAL] Updater:351 - Updater called before beeing initialized
2025-08-05 01:53:32,318 [WARN] DetailPanel:346 - Failed to get advertising image, set to default
2025-08-05 01:53:32,507 [FATAL] Updater:351 - Updater called before beeing initialized
2025-08-05 01:53:32,508 [FATAL] Updater:351 - Updater called before beeing initialized
2025-08-05 01:53:32,509 [FATAL] Updater:351 - Updater called before beeing initialized
2025-08-05 01:53:32,509 [WARN] DetailPanel:346 - Failed to get advertising image, set to default
2025-08-05 01:53:32,509 [FATAL] Updater:351 - Updater called before beeing initialized
2025-08-05 01:53:32,545 [ERROR] Updater:1198 - MainUpdater not yet initialized. External WinMGr cannot be set.
2025-08-05 01:53:32,547 [INFO] Updater:1134 - Updater Version found : 6.13.0
2025-08-05 01:53:32,557 [INFO] ApplicationProperties:184 - Using Application install path: C:\ST\STM32CubeIDE_1.17.0\STM32CubeIDE\plugins\com.st.stm32cube.common.mx_6.13.0.202411220809
2025-08-05 01:53:34,121 [ERROR] LogOutputStream:75 - [STDERR_REDIRECT] Aug 05, 2025 1:53:34 AM java.util.prefs.WindowsPreferences <init>
2025-08-05 01:53:34,122 [ERROR] LogOutputStream:75 - [STDERR_REDIRECT] WARNING: Could not open/create prefs root node Software\JavaSoft\Prefs at root 0xffffffff80000002. Windows RegCreateKeyEx(...) returned error code 5.
2025-08-05 01:53:34,122 [ERROR] LogOutputStream:75 - [STDERR_REDIRECT] 
2025-08-05 01:53:34,417 [INFO] MainUpdater:2872 - connection check result : 10
2025-08-05 01:53:34,417 [INFO] MainUpdater:289 - Updater Check For Update Now.
2025-08-05 01:53:34,417 [INFO] MicroXplorer:498 - Change Database Version : DB.6.0.130
2025-08-05 01:53:34,424 [INFO] ThirdPartyUpdaterWithRetryManager:70 - Updater plugin not ready yet. [2/15]
2025-08-05 01:53:34,429 [INFO] McuFinderGlobals:63 - Set McuFinder mode to 2 (CubeIDE integrated)
2025-08-05 01:53:34,429 [INFO] UserAuth:171 - activating auth plugin
2025-08-05 01:53:34,431 [INFO] UserAuth:486 - Internet connection configuration mode: 1
2025-08-05 01:53:34,465 [INFO] JxBrowserEngine:152 - Initiate JxBrowser Engine with user profile folder
2025-08-05 01:53:34,588 [INFO] CheckServerUpdateThread:120 - End of CheckServer Thread
2025-08-05 01:53:34,909 [INFO] WebApp:168 - Instantiating new browser for Auth
2025-08-05 01:53:35,364 [INFO] WebApp:449 - Apply proxy settings
2025-08-05 01:53:35,365 [INFO] WebApp:534 - Chromium requires no authentication
2025-08-05 01:53:35,371 [INFO] WebApp:477 - Direct internet connection detected
2025-08-05 01:53:35,387 [INFO] WebApp:880 - Register for checkConnection events
2025-08-05 01:53:35,387 [INFO] WebApp:449 - Apply proxy settings
2025-08-05 01:53:35,387 [INFO] WebApp:534 - Chromium requires no authentication
2025-08-05 01:53:35,387 [INFO] WebApp:477 - Direct internet connection detected
2025-08-05 01:53:35,496 [INFO] WebApp:221 - Starting web application
2025-08-05 01:53:35,496 [INFO] WebApp:579 - Web application path used C:\ST\STM32CubeIDE_1.17.0\STM32CubeIDE\plugins\com.st.stm32cube.common.mx_6.13.0.202411220809\db\plugins\mcufinder\reactClient1\index.html
2025-08-05 01:53:35,597 [INFO] WebApp:187 - Connection restablished
2025-08-05 01:53:37,596 [WARN] PackLoader:240 - Cannot read IP mode file for STMicroelectronics.FP-SNS-MOTENVWB1.1.4.0
2025-08-05 01:53:37,605 [WARN] PackLoader:240 - Cannot read IP mode file for STMicroelectronics.FP-ATR-ASTRA1.2.0.2
2025-08-05 01:53:37,608 [WARN] PackLoader:240 - Cannot read IP mode file for STMicroelectronics.FP-ATR-ASTRA1.2.0.1
2025-08-05 01:53:37,618 [WARN] PackLoader:240 - Cannot read IP mode file for STMicroelectronics.X-CUBE-SMBUS.2.1.0
2025-08-05 01:53:37,624 [WARN] PackLoader:240 - Cannot read IP mode file for STMicroelectronics.X-CUBE-WB05N.1.1.0
2025-08-05 01:53:37,628 [WARN] PackLoader:240 - Cannot read IP mode file for STMicroelectronics.X-CUBE-ST60.1.0.0
2025-08-05 01:53:37,653 [WARN] PackLoader:240 - Cannot read IP mode file for STMicroelectronics.X-CUBE-AZRTOS-F7.1.1.0
2025-08-05 01:53:37,660 [WARN] PackLoader:240 - Cannot read IP mode file for STMicroelectronics.FP-SNS-FLIGHT1.5.0.2
2025-08-05 01:53:37,682 [WARN] PackLoader:240 - Cannot read IP mode file for Infineon.AIROC-Wi-Fi-Bluetooth-STM32.1.7.0
2025-08-05 01:53:37,706 [WARN] PackLoader:240 - Cannot read IP mode file for STMicroelectronics.X-CUBE-AZRTOS-H7.3.4.0
2025-08-05 01:53:37,716 [WARN] PackLoader:240 - Cannot read IP mode file for STMicroelectronics.X-CUBE-DISPLAY.3.0.0
2025-08-05 01:53:37,722 [WARN] PackLoader:240 - Cannot read IP mode file for STMicroelectronics.X-CUBE-BLE1.7.0.0
2025-08-05 01:53:37,727 [WARN] PackLoader:240 - Cannot read IP mode file for STMicroelectronics.X-CUBE-NFC10.1.0.0
2025-08-05 01:53:37,735 [WARN] PackLoader:240 - Cannot read IP mode file for STMicroelectronics.X-CUBE-BLEMGR.4.0.0
2025-08-05 01:53:37,741 [WARN] PackLoader:240 - Cannot read IP mode file for emotas.I-CUBE-CANOPEN.1.3.0
2025-08-05 01:53:37,744 [ERROR] Engine:466 - C:\Users\arees\.stm32cubemx\thirdparties\pdsc\STMicroelectronics.FP-SNS-STBOX1.2.1.0.pdsc: PDSC version is not supported
2025-08-05 01:53:37,747 [WARN] PackLoader:240 - Cannot read IP mode file for STMicroelectronics.FP-SNS-SMARTAG2.1.2.0
2025-08-05 01:53:37,755 [WARN] PackLoader:240 - Cannot read IP mode file for STMicroelectronics.FP-SNS-FLIGHT1.5.1.0
2025-08-05 01:53:37,782 [WARN] PackLoader:240 - Cannot read IP mode file for STMicroelectronics.X-CUBE-MEMS1.11.1.0
2025-08-05 01:53:37,853 [INFO] LogOutputStream:77 - [STDOUT_REDIRECT] 1 : Invalid condition id : UX_CORESTACK_Condition cause : null
2025-08-05 01:53:37,854 [INFO] LogOutputStream:77 - [STDOUT_REDIRECT] 1 : Invalid condition id : UX_CORESTACK_Condition cause : null
2025-08-05 01:53:37,855 [INFO] LogOutputStream:77 - [STDOUT_REDIRECT] 1 : Invalid condition id : UX_CORESTACK_Condition cause : null
2025-08-05 01:53:37,857 [INFO] LogOutputStream:77 - [STDOUT_REDIRECT] 1 : Invalid condition id : UX_CORESTACK_Condition cause : null
2025-08-05 01:53:37,858 [INFO] LogOutputStream:77 - [STDOUT_REDIRECT] 1 : Invalid condition id : UX_CORESTACK_Condition cause : null
2025-08-05 01:53:37,859 [WARN] PackLoader:240 - Cannot read IP mode file for STMicroelectronics.X-CUBE-AZRTOS-WL.2.0.0
2025-08-05 01:53:37,862 [WARN] PackLoader:240 - Cannot read IP mode file for STMicroelectronics.FP-SNS-MOTENV1.5.0.0
2025-08-05 01:53:37,865 [WARN] PackLoader:240 - Cannot read IP mode file for wolfSSL.I-CUBE-wolfMQTT.1.19.0
2025-08-05 01:53:37,872 [WARN] PackLoader:240 - Cannot read IP mode file for WES.I-CUBE-Cesium.1.3.0
2025-08-05 01:53:37,874 [WARN] PackLoader:240 - Cannot read IP mode file for STMicroelectronics.X-CUBE-BLE2.3.3.0
2025-08-05 01:53:37,878 [WARN] PackLoader:240 - Cannot read IP mode file for STMicroelectronics.X-CUBE-NFC9.1.0.0
2025-08-05 01:53:37,881 [WARN] PackLoader:240 - Cannot read IP mode file for STMicroelectronics.X-CUBE-BLE1.7.1.0
2025-08-05 01:53:37,889 [WARN] PackLoader:240 - Cannot read IP mode file for STMicroelectronics.X-CUBE-EEPRMA1.5.2.0
2025-08-05 01:53:37,898 [WARN] PackLoader:240 - Cannot read IP mode file for STMicroelectronics.X-CUBE-AZRTOS-G0.1.1.0
2025-08-05 01:53:37,903 [WARN] PackLoader:240 - Cannot read IP mode file for STMicroelectronics.X-CUBE-SAFEA1.1.2.2
2025-08-05 01:53:37,906 [WARN] PackLoader:240 - Cannot read IP mode file for STMicroelectronics.X-CUBE-NFC4.3.0.0
2025-08-05 01:53:37,911 [WARN] PackLoader:240 - Cannot read IP mode file for EmbeddedOffice.I-CUBE-FS-RTOS.1.0.1
2025-08-05 01:53:37,933 [WARN] PackLoader:240 - Cannot read IP mode file for STMicroelectronics.X-CUBE-WB05N.2.0.0
2025-08-05 01:53:37,937 [WARN] PackLoader:240 - Cannot read IP mode file for STMicroelectronics.X-CUBE-TCPP.4.2.0
2025-08-05 01:53:37,941 [WARN] PackLoader:240 - Cannot read IP mode file for RealThread.X-CUBE-RT-Thread_Nano.4.1.1
2025-08-05 01:53:37,943 [WARN] PackLoader:240 - Cannot read IP mode file for STMicroelectronics.FP-ATR-SIGFOX1.3.2.0
2025-08-05 01:53:37,946 [WARN] ConditionMgr:438 - getConditionDescription Invalid condition id : Cortex-A Device cause : null
2025-08-05 01:53:37,957 [WARN] ConditionMgr:1044 - genDependencies : Invalid condition id : Cortex-A Device cause : null
2025-08-05 01:53:37,958 [WARN] ConditionMgr:1044 - genDependencies : Invalid condition id : Cortex-A Device cause : null
2025-08-05 01:53:37,958 [WARN] ConditionMgr:1044 - genDependencies : Invalid condition id : Cortex-A Device cause : null
2025-08-05 01:53:37,961 [WARN] PackLoader:240 - Cannot read IP mode file for STMicroelectronics.X-CUBE-EEPRMA1.5.1.0
2025-08-05 01:53:37,964 [WARN] PackLoader:240 - Cannot read IP mode file for wolfSSL.I-CUBE-wolfSSL.5.7.4
2025-08-05 01:53:37,967 [WARN] PackLoader:240 - Cannot read IP mode file for ITTIA_DB.I-CUBE-ITTIADB.8.9.0
2025-08-05 01:53:37,973 [WARN] PackLoader:240 - Cannot read IP mode file for STMicroelectronics.X-CUBE-ST67W61.1.0.0
2025-08-05 01:53:37,976 [WARN] PackLoader:240 - Cannot read IP mode file for STMicroelectronics.X-CUBE-AI.10.2.0
2025-08-05 01:53:37,990 [WARN] PackLoader:240 - Cannot read IP mode file for SEGGER.I-CUBE-embOS.1.3.1
2025-08-05 01:53:38,018 [WARN] PackLoader:240 - Cannot read IP mode file for STMicroelectronics.X-CUBE-ALGOBUILD.1.4.0
2025-08-05 01:53:38,037 [WARN] PackLoader:240 - Cannot read IP mode file for STMicroelectronics.X-CUBE-MEMS1.11.3.0
2025-08-05 01:53:38,159 [WARN] PackLoader:240 - Cannot read IP mode file for STMicroelectronics.X-CUBE-AI.9.1.0
2025-08-05 01:53:38,163 [WARN] PackLoader:240 - Cannot read IP mode file for STMicroelectronics.X-CUBE-PM33A1.1.0.0
2025-08-05 01:53:38,171 [WARN] PackLoader:240 - Cannot read IP mode file for STMicroelectronics.X-CUBE-AZRTOS-F4.1.1.0
2025-08-05 01:53:38,175 [WARN] PackLoader:240 - Cannot read IP mode file for Avnet-IotConnect.X-CUBE-IoTC-DA16k-PMOD.1.0.0
2025-08-05 01:53:38,178 [WARN] PackLoader:240 - Cannot read IP mode file for STMicroelectronics.X-CUBE-ISPU.2.1.0
2025-08-05 01:53:38,181 [WARN] PackLoader:240 - Cannot read IP mode file for STMicroelectronics.X-CUBE-NFC12.1.0.0
2025-08-05 01:53:38,191 [WARN] PackLoader:240 - Cannot read IP mode file for STMicroelectronics.X-CUBE-AZRTOS-L5.2.0.0
2025-08-05 01:53:38,197 [WARN] PackLoader:240 - Cannot read IP mode file for STMicroelectronics.X-CUBE-NFC6.3.1.0
2025-08-05 01:53:38,202 [WARN] PackLoader:240 - Cannot read IP mode file for STMicroelectronics.X-CUBE-DPower.1.2.0
2025-08-05 01:53:38,206 [WARN] PackLoader:240 - Cannot read IP mode file for STMicroelectronics.X-CUBE-FREERTOS.1.3.1
2025-08-05 01:53:38,208 [WARN] PackLoader:240 - Cannot read IP mode file for STMicroelectronics.X-CUBE-FREERTOS.1.3.0
2025-08-05 01:53:38,211 [WARN] PackLoader:240 - Cannot read IP mode file for STMicroelectronics.X-CUBE-NFC7.1.0.1
2025-08-05 01:53:38,214 [WARN] PackLoader:240 - Cannot read IP mode file for STMicroelectronics.FP-SNS-STAIOTCFT.1.0.0
2025-08-05 01:53:38,218 [WARN] PackLoader:240 - Cannot read IP mode file for STMicroelectronics.X-CUBE-DPower.1.3.0
2025-08-05 01:53:38,228 [WARN] ConditionMgr:438 - getConditionDescription Invalid condition id : LAN8742 Phy interface Condition cause : null
2025-08-05 01:53:38,229 [WARN] PackLoader:240 - Cannot read IP mode file for STMicroelectronics.X-CUBE-AZRTOS-L4.2.0.0
2025-08-05 01:53:38,229 [WARN] ConditionMgr:1044 - genDependencies : Invalid condition id : LAN8742 Phy interface Condition cause : null
2025-08-05 01:53:38,229 [WARN] ConditionMgr:1044 - genDependencies : Invalid condition id : LAN8742 Phy interface Condition cause : null
2025-08-05 01:53:38,230 [WARN] ConditionMgr:1044 - genDependencies : Invalid condition id : LAN8742 Phy interface Condition cause : null
2025-08-05 01:53:38,234 [WARN] PackLoader:240 - Cannot read IP mode file for STMicroelectronics.X-CUBE-SFXS2LP1.4.0.0
2025-08-05 01:53:38,242 [WARN] PackLoader:240 - Cannot read IP mode file for STMicroelectronics.X-CUBE-AZRTOS-H7.3.3.0
2025-08-05 01:53:38,248 [WARN] PackLoader:240 - Cannot read IP mode file for STMicroelectronics.X-CUBE-BLEMGR.4.1.0
2025-08-05 01:53:38,255 [WARN] PackLoader:240 - Cannot read IP mode file for STMicroelectronics.X-CUBE-IPS.3.0.0
2025-08-05 01:53:38,265 [WARN] ConditionMgr:438 - getConditionDescription Invalid condition id : UX DEVICE CLASS RTOS Condition cause : null
2025-08-05 01:53:38,265 [WARN] ConditionMgr:438 - getConditionDescription Invalid condition id : UX DEVICE CLASS RTOS Condition cause : null
2025-08-05 01:53:38,266 [WARN] PackLoader:240 - Cannot read IP mode file for STMicroelectronics.X-CUBE-AZRTOS-WB.2.0.0
2025-08-05 01:53:38,266 [WARN] ConditionMgr:1044 - genDependencies : Invalid condition id : UX DEVICE CLASS RTOS Condition cause : null
2025-08-05 01:53:38,266 [WARN] ConditionMgr:1044 - genDependencies : Invalid condition id : UX DEVICE CLASS RTOS Condition cause : null
2025-08-05 01:53:38,266 [WARN] ConditionMgr:1044 - genDependencies : Invalid condition id : UX DEVICE CLASS RTOS Condition cause : null
2025-08-05 01:53:38,266 [WARN] ConditionMgr:1044 - genDependencies : Invalid condition id : UX DEVICE CLASS RTOS Condition cause : null
2025-08-05 01:53:38,266 [WARN] ConditionMgr:1044 - genDependencies : Invalid condition id : UX DEVICE CLASS RTOS Condition cause : null
2025-08-05 01:53:38,269 [WARN] PackLoader:240 - Cannot read IP mode file for STMicroelectronics.X-CUBE-GNSS1.7.0.1
2025-08-05 01:53:38,275 [WARN] PackLoader:240 - Cannot read IP mode file for STMicroelectronics.X-CUBE-TOUCHGFX.4.25.0
2025-08-05 01:53:38,279 [WARN] PackLoader:240 - Cannot read IP mode file for STMicroelectronics.FP-SNS-STBOX1.2.0.0
2025-08-05 01:53:38,285 [WARN] PackLoader:240 - Cannot read IP mode file for STMicroelectronics.X-CUBE-SUBG2.5.0.0
2025-08-05 01:53:38,295 [WARN] PackLoader:240 - Cannot read IP mode file for STMicroelectronics.X-CUBE-AZRTOS-H7RS.1.1.0
2025-08-05 01:53:38,299 [WARN] PackLoader:240 - Cannot read IP mode file for Cesanta.I-CUBE-Mongoose.7.13.0
2025-08-05 01:53:38,305 [WARN] PackLoader:240 - Cannot read IP mode file for STMicroelectronics.X-CUBE-AZRTOS-G4.2.0.0
2025-08-05 01:53:38,307 [WARN] PackLoader:240 - Cannot read IP mode file for STMicroelectronics.X-CUBE-NFC7.2.0.0
2025-08-05 01:53:38,312 [WARN] PackLoader:240 - Cannot read IP mode file for STMicroelectronics.X-CUBE-IPS.3.1.0
2025-08-05 01:53:38,317 [WARN] PackLoader:240 - Cannot read IP mode file for STMicroelectronics.X-CUBE-ALS.1.0.2
2025-08-05 01:53:38,318 [WARN] PackLoader:240 - Cannot read IP mode file for STMicroelectronics.X-CUBE-TOUCHGFX.4.24.2
2025-08-05 01:53:38,320 [WARN] PackLoader:240 - Cannot read IP mode file for STMicroelectronics.X-CUBE-TOUCHGFX.4.24.1
2025-08-05 01:53:38,322 [WARN] PackLoader:240 - Cannot read IP mode file for wolfSSL.I-CUBE-wolfTPM.3.4.0
2025-08-05 01:53:38,325 [WARN] PackLoader:240 - Cannot read IP mode file for portGmbH.I-Cube-SoM-uGOAL.1.1.0
2025-08-05 01:53:38,331 [WARN] PackLoader:240 - Cannot read IP mode file for STMicroelectronics.X-CUBE-AZRTOS-H7RS.1.0.0
2025-08-05 01:53:38,337 [WARN] PackLoader:240 - Cannot read IP mode file for STMicroelectronics.X-CUBE-TOF1.3.4.2
2025-08-05 01:53:38,344 [WARN] PackLoader:240 - Cannot read IP mode file for STMicroelectronics.X-CUBE-TOF1.3.4.3
2025-08-05 01:53:38,357 [WARN] PackLoader:240 - Cannot read IP mode file for wolfSSL.I-CUBE-wolfSSH.1.4.17
2025-08-05 01:53:38,358 [INFO] ThirdParty:978 - Integrity check success = true
2025-08-05 01:53:38,358 [INFO] IntegrityCheckThread:100 - exiting critical section [integrity check]
2025-08-05 01:53:38,358 [INFO] IntegrityCheckThread:103 - End integrity checks thread
2025-08-05 01:59:48,771 [ERROR] LogOutputStream:75 - [STDERR_REDIRECT] 
2025-08-05 01:59:55,088 [INFO] Activator:176 - 


2025-08-05 01:59:55,090 [INFO] Activator:177 - !SESSION log4j initialized
2025-08-05 01:59:59,065 [INFO] LogOutputStream:77 - [STDOUT_REDIRECT] 
2025-08-05 01:59:59,861 [INFO] ApplicationProperties:184 - Using Application install path: C:\ST\STM32CubeIDE_1.17.0\STM32CubeIDE\plugins\com.st.stm32cube.common.mx_6.13.0.202411220809
2025-08-05 01:59:59,872 [INFO] DbMcusXml:78 - Set database path to: C:\ST\STM32CubeIDE_1.17.0\STM32CubeIDE\plugins\com.st.stm32cube.common.mx_6.13.0.202411220809\\db\/mcu/
2025-08-05 01:59:59,872 [INFO] ApiDb:274 - Set plugin database path to: C:\ST\STM32CubeIDE_1.17.0\STM32CubeIDE\plugins\com.st.stm32cube.common.mx_6.13.0.202411220809\\db\/plugins/boardmanager/
2025-08-05 01:59:59,872 [WARN] ApiDb:259 - Overriding images path with different value:  => C:\ST\STM32CubeIDE_1.17.0\STM32CubeIDE\plugins\com.st.stm32cube.common.mx_6.13.0.202411220809\\db\/plugins/mcufinder/images/
2025-08-05 01:59:59,875 [INFO] ApiDb:250 - Set database path to: C:\Users\arees\.stmcufinder\plugins\mcufinder//mcu/
2025-08-05 01:59:59,876 [INFO] DbMcusAds:125 - Set database path to: C:\Users\arees\.stmcufinder\plugins\mcufinder//mcu/
2025-08-05 01:59:59,877 [INFO] CrossReferenceDbSqlite:203 - Set database path to: C:\Users\arees\.stmcufinder\plugins\mcufinder//mcu/cs/
2025-08-05 01:59:59,951 [INFO] RulesReader:64 - Compatibility file has been processed (297 Rules)
2025-08-05 02:00:00,023 [INFO] DbMcusXml:78 - Set database path to: C:\ST\STM32CubeIDE_1.17.0\STM32CubeIDE\plugins\com.st.stm32cube.common.mx_6.13.0.202411220809\\db\/mcu/
2025-08-05 02:00:00,024 [INFO] ApiDb:274 - Set plugin database path to: C:\ST\STM32CubeIDE_1.17.0\STM32CubeIDE\plugins\com.st.stm32cube.common.mx_6.13.0.202411220809\\db\/plugins/boardmanager/
2025-08-05 02:00:00,024 [INFO] ApiDb:261 - Set plugin images path to: C:\ST\STM32CubeIDE_1.17.0\STM32CubeIDE\plugins\com.st.stm32cube.common.mx_6.13.0.202411220809\\db\/plugins/mcufinder/images/
2025-08-05 02:00:00,024 [WARN] DbFile:41 - Overriding database path with different value: C:\Users\arees\.stmcufinder\plugins\mcufinder/ => C:\Users\arees\.stmcufinder\plugins\mcufinder
2025-08-05 02:00:00,025 [INFO] ApiDb:250 - Set database path to: C:\Users\arees\.stmcufinder\plugins\mcufinder//mcu/
2025-08-05 02:00:00,025 [WARN] DbFile:41 - Overriding database path with different value: C:\Users\arees\.stmcufinder\plugins\mcufinder/ => C:\Users\arees\.stmcufinder\plugins\mcufinder
2025-08-05 02:00:00,025 [INFO] DbMcusAds:125 - Set database path to: C:\Users\arees\.stmcufinder\plugins\mcufinder//mcu/
2025-08-05 02:00:00,025 [WARN] DbFile:41 - Overriding database path with different value: C:\Users\arees\.stmcufinder\plugins\mcufinder/ => C:\Users\arees\.stmcufinder\plugins\mcufinder
2025-08-05 02:00:00,025 [WARN] DbFile:41 - Overriding database path with different value: C:\Users\arees\.stmcufinder\plugins\mcufinder/ => C:\Users\arees\.stmcufinder\plugins\mcufinder
2025-08-05 02:00:00,025 [INFO] CrossReferenceDbSqlite:203 - Set database path to: C:\Users\arees\.stmcufinder\plugins\mcufinder//mcu/cs/
2025-08-05 02:00:00,070 [INFO] MainPanel:272 - HeapMemory: 268435456
2025-08-05 02:00:00,127 [INFO] DbMcusXml:78 - Set database path to: C:\ST\STM32CubeIDE_1.17.0\STM32CubeIDE\plugins\com.st.stm32cube.common.mx_6.13.0.202411220809\\db\/mcu/
2025-08-05 02:00:00,127 [INFO] ApiDb:274 - Set plugin database path to: C:\ST\STM32CubeIDE_1.17.0\STM32CubeIDE\plugins\com.st.stm32cube.common.mx_6.13.0.202411220809\\db\/plugins/boardmanager/
2025-08-05 02:00:00,127 [INFO] ApiDb:261 - Set plugin images path to: C:\ST\STM32CubeIDE_1.17.0\STM32CubeIDE\plugins\com.st.stm32cube.common.mx_6.13.0.202411220809\\db\/plugins/mcufinder/images/
2025-08-05 02:00:00,127 [WARN] DbFile:41 - Overriding database path with different value: C:\Users\arees\.stmcufinder\plugins\mcufinder/ => C:\Users\arees\.stmcufinder\plugins\mcufinder
2025-08-05 02:00:00,127 [INFO] ApiDb:250 - Set database path to: C:\Users\arees\.stmcufinder\plugins\mcufinder//mcu/
2025-08-05 02:00:00,127 [WARN] DbFile:41 - Overriding database path with different value: C:\Users\arees\.stmcufinder\plugins\mcufinder/ => C:\Users\arees\.stmcufinder\plugins\mcufinder
2025-08-05 02:00:00,127 [INFO] DbMcusAds:125 - Set database path to: C:\Users\arees\.stmcufinder\plugins\mcufinder//mcu/
2025-08-05 02:00:00,128 [WARN] DbFile:41 - Overriding database path with different value: C:\Users\arees\.stmcufinder\plugins\mcufinder/ => C:\Users\arees\.stmcufinder\plugins\mcufinder
2025-08-05 02:00:00,128 [WARN] DbFile:41 - Overriding database path with different value: C:\Users\arees\.stmcufinder\plugins\mcufinder/ => C:\Users\arees\.stmcufinder\plugins\mcufinder
2025-08-05 02:00:00,128 [INFO] CrossReferenceDbSqlite:203 - Set database path to: C:\Users\arees\.stmcufinder\plugins\mcufinder//mcu/cs/
2025-08-05 02:00:00,140 [INFO] ApplicationProperties:184 - Using Application install path: C:\ST\STM32CubeIDE_1.17.0\STM32CubeIDE\plugins\com.st.stm32cube.common.mx_6.13.0.202411220809
2025-08-05 02:00:00,141 [INFO] PluginManage:196 - Search for loadable plugins [exclusion list=, ]
2025-08-05 02:00:00,142 [INFO] PluginManage:310 - Check plugin analytics
2025-08-05 02:00:00,272 [INFO] AnalyticsPlugin:253 - Accepted Software Licenses: 
2025-08-05 02:00:00,272 [INFO] AnalyticsPlugin:255 - Accepted CMSIS Pack Licenses: 
2025-08-05 02:00:00,272 [INFO] AnalyticsPlugin:257 - Accepted Firmware Licenses: 
2025-08-05 02:00:00,277 [INFO] PluginManage:359 - Loaded plugin analytics (category:tool,tabindex:-1)
2025-08-05 02:00:00,278 [INFO] PluginManage:310 - Check plugin cadmodel
2025-08-05 02:00:00,282 [INFO] CADModel:105 - Init CAD model plugin
2025-08-05 02:00:00,282 [INFO] PluginManage:359 - Loaded plugin cadmodel (category:power,tabindex:5)
2025-08-05 02:00:00,283 [INFO] PluginManage:310 - Check plugin clock
2025-08-05 02:00:00,289 [INFO] PluginManage:359 - Loaded plugin clock (category:base,tabindex:2)
2025-08-05 02:00:00,290 [INFO] PluginManage:310 - Check plugin ddr
2025-08-05 02:00:00,291 [INFO] PluginManage:359 - Loaded plugin ddr (category:tool,tabindex:6)
2025-08-05 02:00:00,291 [INFO] PluginManage:310 - Check plugin filemanager
2025-08-05 02:00:00,383 [INFO] PluginManage:359 - Loaded plugin filemanager (category:base,tabindex:10)
2025-08-05 02:00:00,383 [INFO] PluginManage:310 - Check plugin ipmanager
2025-08-05 02:00:00,388 [INFO] PluginManage:359 - Loaded plugin ipmanager (category:base,tabindex:5)
2025-08-05 02:00:00,388 [INFO] PluginManage:310 - Check plugin lpbam
2025-08-05 02:00:00,393 [INFO] PluginManage:359 - Loaded plugin lpbam (category:base,tabindex:0)
2025-08-05 02:00:00,393 [INFO] PluginManage:310 - Check plugin memorymap
2025-08-05 02:00:00,401 [INFO] PluginManage:359 - Loaded plugin memorymap (category:base,tabindex:4)
2025-08-05 02:00:00,401 [INFO] PluginManage:310 - Check plugin pinoutandconfiguration
2025-08-05 02:00:00,406 [INFO] PluginManage:359 - Loaded plugin pinoutandconfiguration (category:base,tabindex:1)
2025-08-05 02:00:00,406 [INFO] PluginManage:310 - Check plugin pinoutconfig
2025-08-05 02:00:00,462 [WARN] SupportedApi:132 - Cannot load RTOS API schema: s4s-elt-must-match.1: The content of 'definitions' must match (annotation?, (simpleType | complexType)?, (unique | key | keyref)*)). A problem was found starting at: attribute.
2025-08-05 02:00:00,559 [INFO] PluginManage:359 - Loaded plugin pinoutconfig (category:base,tabindex:0)
2025-08-05 02:00:00,560 [INFO] PluginManage:310 - Check plugin power
2025-08-05 02:00:00,565 [INFO] PluginManage:359 - Loaded plugin power (category:power,tabindex:4)
2025-08-05 02:00:00,565 [INFO] PluginManage:310 - Check plugin projectmanager
2025-08-05 02:00:00,577 [INFO] PluginManage:359 - Loaded plugin projectmanager (category:projectmanager,tabindex:4)
2025-08-05 02:00:00,577 [INFO] PluginManage:310 - Check plugin rif
2025-08-05 02:00:00,581 [INFO] PluginManage:359 - Loaded plugin rif (category:base,tabindex:3)
2025-08-05 02:00:00,581 [INFO] PluginManage:310 - Check plugin thirdparty
2025-08-05 02:00:00,679 [WARN] IntegrityCheckThread:84 - waiting for thirdparty lock release [integrity check]
2025-08-05 02:00:00,680 [INFO] IntegrityCheckThread:86 - entering critical section [integrity check]
2025-08-05 02:00:00,680 [INFO] ThirdPartyUpdaterWithRetryManager:70 - Updater plugin not ready yet. [1/15]
2025-08-05 02:00:00,680 [INFO] PluginManage:359 - Loaded plugin thirdparty (category:base,tabindex:-1)
2025-08-05 02:00:00,680 [INFO] PluginManage:310 - Check plugin tools
2025-08-05 02:00:00,683 [INFO] PluginManage:359 - Loaded plugin tools (category:base,tabindex:7)
2025-08-05 02:00:00,683 [INFO] PluginManage:310 - Check plugin tutovideos
2025-08-05 02:00:00,796 [INFO] PluginManage:359 - Loaded plugin tutovideos (category:base,tabindex:-1)
2025-08-05 02:00:00,796 [INFO] PluginManage:310 - Check plugin updater
2025-08-05 02:00:00,813 [INFO] PluginManage:359 - Loaded plugin updater (category:base,tabindex:12)
2025-08-05 02:00:00,813 [INFO] PluginManage:310 - Check plugin userauth
2025-08-05 02:00:00,816 [INFO] UserAuth:118 - Init User Auth plugin
2025-08-05 02:00:00,816 [INFO] PluginManage:359 - Loaded plugin userauth (category:base,tabindex:14)
2025-08-05 02:00:00,817 [INFO] PluginManage:283 - PluginManage : Loaded plugins [18]
2025-08-05 02:00:00,963 [INFO] PinOutPanel:1589 - setPackage(No Configuration,No Configuration)
2025-08-05 02:00:01,026 [INFO] CADModel:165 - CPN selected for project level
2025-08-05 02:00:01,027 [INFO] CADModel:114 - Register for checkConnection events
2025-08-05 02:00:01,038 [INFO] IPUIPlugin:80 - create IPUIPlugin
2025-08-05 02:00:01,038 [INFO] PluginManager:220 - loadIPPluginJar : add adc
2025-08-05 02:00:01,040 [INFO] IPUIPlugin:80 - create IPUIPlugin
2025-08-05 02:00:01,040 [INFO] PluginManager:220 - loadIPPluginJar : add aes
2025-08-05 02:00:01,042 [INFO] IPUIPlugin:80 - create IPUIPlugin
2025-08-05 02:00:01,042 [INFO] PluginManager:220 - loadIPPluginJar : add can
2025-08-05 02:00:01,044 [INFO] IPUIPlugin:80 - create IPUIPlugin
2025-08-05 02:00:01,044 [INFO] PluginManager:220 - loadIPPluginJar : add comp
2025-08-05 02:00:01,046 [INFO] IPUIPlugin:80 - create IPUIPlugin
2025-08-05 02:00:01,046 [INFO] PluginManager:220 - loadIPPluginJar : add cryp
2025-08-05 02:00:01,048 [INFO] IPUIPlugin:80 - create IPUIPlugin
2025-08-05 02:00:01,048 [INFO] PluginManager:220 - loadIPPluginJar : add ddr_ctrl_phy
2025-08-05 02:00:01,050 [INFO] IPUIPlugin:80 - create IPUIPlugin
2025-08-05 02:00:01,050 [INFO] PluginManager:220 - loadIPPluginJar : add dfsdm
2025-08-05 02:00:01,054 [INFO] IPUIPlugin:80 - create IPUIPlugin
2025-08-05 02:00:01,054 [INFO] PluginManager:220 - loadIPPluginJar : add dma
2025-08-05 02:00:01,056 [INFO] IPUIPlugin:80 - create IPUIPlugin
2025-08-05 02:00:01,056 [INFO] PluginManager:220 - loadIPPluginJar : add dma3
2025-08-05 02:00:01,057 [INFO] IPUIPlugin:80 - create IPUIPlugin
2025-08-05 02:00:01,058 [INFO] PluginManager:220 - loadIPPluginJar : add extmemmanager
2025-08-05 02:00:01,058 [INFO] IPUIPlugin:80 - create IPUIPlugin
2025-08-05 02:00:01,058 [INFO] PluginManager:220 - loadIPPluginJar : add fatfs
2025-08-05 02:00:01,061 [INFO] IPUIPlugin:80 - create IPUIPlugin
2025-08-05 02:00:01,061 [INFO] PluginManager:220 - loadIPPluginJar : add fmc
2025-08-05 02:00:01,065 [INFO] IPUIPlugin:80 - create IPUIPlugin
2025-08-05 02:00:01,065 [INFO] PluginManager:220 - loadIPPluginJar : add freertos
2025-08-05 02:00:01,066 [INFO] IPUIPlugin:80 - create IPUIPlugin
2025-08-05 02:00:01,066 [INFO] PluginManager:220 - loadIPPluginJar : add genericplugin
2025-08-05 02:00:01,067 [INFO] IPUIPlugin:80 - create IPUIPlugin
2025-08-05 02:00:01,067 [INFO] PluginManager:220 - loadIPPluginJar : add gfxmmu
2025-08-05 02:00:01,070 [INFO] IPUIPlugin:80 - create IPUIPlugin
2025-08-05 02:00:01,070 [INFO] PluginManager:220 - loadIPPluginJar : add gic
2025-08-05 02:00:01,072 [INFO] IPUIPlugin:80 - create IPUIPlugin
2025-08-05 02:00:01,072 [INFO] PluginManager:220 - loadIPPluginJar : add gpio
2025-08-05 02:00:01,074 [INFO] IPUIPlugin:80 - create IPUIPlugin
2025-08-05 02:00:01,074 [INFO] PluginManager:220 - loadIPPluginJar : add gtzc
2025-08-05 02:00:01,075 [INFO] IPUIPlugin:80 - create IPUIPlugin
2025-08-05 02:00:01,076 [INFO] PluginManager:220 - loadIPPluginJar : add hash
2025-08-05 02:00:01,077 [INFO] IPUIPlugin:80 - create IPUIPlugin
2025-08-05 02:00:01,077 [INFO] PluginManager:220 - loadIPPluginJar : add i2c
2025-08-05 02:00:01,078 [INFO] IPUIPlugin:80 - create IPUIPlugin
2025-08-05 02:00:01,078 [INFO] PluginManager:220 - loadIPPluginJar : add i2s
2025-08-05 02:00:01,080 [INFO] IPUIPlugin:80 - create IPUIPlugin
2025-08-05 02:00:01,080 [INFO] PluginManager:220 - loadIPPluginJar : add i3c
2025-08-05 02:00:01,083 [INFO] IPUIPlugin:80 - create IPUIPlugin
2025-08-05 02:00:01,083 [INFO] PluginManager:220 - loadIPPluginJar : add ipddr
2025-08-05 02:00:01,087 [INFO] IPUIPlugin:80 - create IPUIPlugin
2025-08-05 02:00:01,087 [INFO] PluginManager:220 - loadIPPluginJar : add linkedlist
2025-08-05 02:00:01,090 [INFO] IPUIPlugin:80 - create IPUIPlugin
2025-08-05 02:00:01,090 [INFO] PluginManager:220 - loadIPPluginJar : add lorawan
2025-08-05 02:00:01,091 [INFO] IPUIPlugin:80 - create IPUIPlugin
2025-08-05 02:00:01,091 [INFO] PluginManager:220 - loadIPPluginJar : add ltdc
2025-08-05 02:00:01,093 [INFO] IPUIPlugin:80 - create IPUIPlugin
2025-08-05 02:00:01,094 [INFO] PluginManager:220 - loadIPPluginJar : add mdma
2025-08-05 02:00:01,096 [INFO] IPUIPlugin:80 - create IPUIPlugin
2025-08-05 02:00:01,096 [INFO] PluginManager:220 - loadIPPluginJar : add nvic
2025-08-05 02:00:01,098 [INFO] IPUIPlugin:80 - create IPUIPlugin
2025-08-05 02:00:01,098 [INFO] PluginManager:220 - loadIPPluginJar : add opamp
2025-08-05 02:00:01,100 [INFO] IPUIPlugin:80 - create IPUIPlugin
2025-08-05 02:00:01,100 [INFO] PluginManager:220 - loadIPPluginJar : add openamp
2025-08-05 02:00:01,101 [INFO] IPUIPlugin:80 - create IPUIPlugin
2025-08-05 02:00:01,101 [INFO] PluginManager:220 - loadIPPluginJar : add pdm2pcm
2025-08-05 02:00:01,105 [INFO] IPUIPlugin:80 - create IPUIPlugin
2025-08-05 02:00:01,106 [INFO] PluginManager:220 - loadIPPluginJar : add plateformsettings
2025-08-05 02:00:01,107 [INFO] IPUIPlugin:80 - create IPUIPlugin
2025-08-05 02:00:01,107 [INFO] PluginManager:220 - loadIPPluginJar : add quadspi
2025-08-05 02:00:01,108 [INFO] IPUIPlugin:80 - create IPUIPlugin
2025-08-05 02:00:01,108 [INFO] PluginManager:220 - loadIPPluginJar : add radio
2025-08-05 02:00:01,110 [INFO] IPUIPlugin:80 - create IPUIPlugin
2025-08-05 02:00:01,110 [INFO] PluginManager:220 - loadIPPluginJar : add resmgrutility
2025-08-05 02:00:01,112 [INFO] IPUIPlugin:80 - create IPUIPlugin
2025-08-05 02:00:01,112 [INFO] PluginManager:220 - loadIPPluginJar : add sai
2025-08-05 02:00:01,113 [INFO] IPUIPlugin:80 - create IPUIPlugin
2025-08-05 02:00:01,113 [INFO] PluginManager:220 - loadIPPluginJar : add spi
2025-08-05 02:00:01,116 [INFO] IPUIPlugin:80 - create IPUIPlugin
2025-08-05 02:00:01,116 [INFO] PluginManager:220 - loadIPPluginJar : add stm32_wpan
2025-08-05 02:00:01,117 [INFO] IPUIPlugin:80 - create IPUIPlugin
2025-08-05 02:00:01,117 [INFO] PluginManager:220 - loadIPPluginJar : add tim
2025-08-05 02:00:01,119 [INFO] IPUIPlugin:80 - create IPUIPlugin
2025-08-05 02:00:01,119 [INFO] PluginManager:220 - loadIPPluginJar : add touchsensing
2025-08-05 02:00:01,120 [INFO] IPUIPlugin:80 - create IPUIPlugin
2025-08-05 02:00:01,120 [INFO] PluginManager:220 - loadIPPluginJar : add tracer_emb
2025-08-05 02:00:01,121 [INFO] IPUIPlugin:80 - create IPUIPlugin
2025-08-05 02:00:01,121 [INFO] PluginManager:220 - loadIPPluginJar : add ts
2025-08-05 02:00:01,122 [INFO] IPUIPlugin:80 - create IPUIPlugin
2025-08-05 02:00:01,122 [INFO] PluginManager:220 - loadIPPluginJar : add tsc
2025-08-05 02:00:01,123 [INFO] IPUIPlugin:80 - create IPUIPlugin
2025-08-05 02:00:01,123 [INFO] PluginManager:220 - loadIPPluginJar : add ucpd
2025-08-05 02:00:01,125 [INFO] IPUIPlugin:80 - create IPUIPlugin
2025-08-05 02:00:01,125 [INFO] PluginManager:220 - loadIPPluginJar : add usart
2025-08-05 02:00:01,126 [INFO] IPUIPlugin:80 - create IPUIPlugin
2025-08-05 02:00:01,126 [INFO] PluginManager:220 - loadIPPluginJar : add usbx
2025-08-05 02:00:01,235 [FATAL] Updater:351 - Updater called before beeing initialized
2025-08-05 02:00:01,253 [INFO] RulesReader:64 - Compatibility file has been processed (297 Rules)
2025-08-05 02:00:01,262 [INFO] RulesReader:64 - Compatibility file has been processed (297 Rules)
2025-08-05 02:00:01,269 [INFO] CADModel:165 - CPN selected for project level
2025-08-05 02:00:01,269 [INFO] CADModel:114 - Register for checkConnection events
2025-08-05 02:00:01,269 [FATAL] Updater:351 - Updater called before beeing initialized
2025-08-05 02:00:01,270 [ERROR] CADModel:125 - Updater not yet initialized, retry later 
2025-08-05 02:00:01,388 [FATAL] Updater:351 - Updater called before beeing initialized
2025-08-05 02:00:01,389 [INFO] CADModel:165 - CPN selected for project level
2025-08-05 02:00:01,389 [INFO] CADModel:114 - Register for checkConnection events
2025-08-05 02:00:01,389 [FATAL] Updater:351 - Updater called before beeing initialized
2025-08-05 02:00:01,389 [ERROR] CADModel:125 - Updater not yet initialized, retry later 
2025-08-05 02:00:01,391 [FATAL] Updater:351 - Updater called before beeing initialized
2025-08-05 02:00:01,467 [FATAL] Updater:351 - Updater called before beeing initialized
2025-08-05 02:00:01,472 [INFO] DbMcusAds:53 - JSON generation date=Tue Jul 08 03:14:23 CDT 2025 (1751962463582)
2025-08-05 02:00:01,473 [FATAL] Updater:351 - Updater called before beeing initialized
2025-08-05 02:00:01,500 [WARN] DetailPanel:346 - Failed to get advertising image, set to default
2025-08-05 02:00:01,669 [FATAL] Updater:351 - Updater called before beeing initialized
2025-08-05 02:00:01,671 [FATAL] Updater:351 - Updater called before beeing initialized
2025-08-05 02:00:01,671 [FATAL] Updater:351 - Updater called before beeing initialized
2025-08-05 02:00:01,671 [WARN] DetailPanel:346 - Failed to get advertising image, set to default
2025-08-05 02:00:01,672 [FATAL] Updater:351 - Updater called before beeing initialized
2025-08-05 02:00:01,708 [ERROR] Updater:1198 - MainUpdater not yet initialized. External WinMGr cannot be set.
2025-08-05 02:00:01,709 [INFO] Updater:1134 - Updater Version found : 6.13.0
2025-08-05 02:00:01,721 [INFO] ApplicationProperties:184 - Using Application install path: C:\ST\STM32CubeIDE_1.17.0\STM32CubeIDE\plugins\com.st.stm32cube.common.mx_6.13.0.202411220809
2025-08-05 02:00:03,286 [ERROR] LogOutputStream:75 - [STDERR_REDIRECT] Aug 05, 2025 2:00:03 AM java.util.prefs.WindowsPreferences <init>
2025-08-05 02:00:03,287 [ERROR] LogOutputStream:75 - [STDERR_REDIRECT] WARNING: Could not open/create prefs root node Software\JavaSoft\Prefs at root 0xffffffff80000002. Windows RegCreateKeyEx(...) returned error code 5.
2025-08-05 02:00:03,287 [ERROR] LogOutputStream:75 - [STDERR_REDIRECT] 
2025-08-05 02:00:03,578 [INFO] MainUpdater:2872 - connection check result : 10
2025-08-05 02:00:03,578 [INFO] MainUpdater:289 - Updater Check For Update Now.
2025-08-05 02:00:03,578 [INFO] MicroXplorer:498 - Change Database Version : DB.6.0.130
2025-08-05 02:00:03,586 [INFO] McuFinderGlobals:63 - Set McuFinder mode to 2 (CubeIDE integrated)
2025-08-05 02:00:03,586 [INFO] UserAuth:171 - activating auth plugin
2025-08-05 02:00:03,588 [INFO] UserAuth:486 - Internet connection configuration mode: 1
2025-08-05 02:00:03,620 [INFO] JxBrowserEngine:152 - Initiate JxBrowser Engine with user profile folder
2025-08-05 02:00:03,681 [WARN] MainUpdater:1193 - Updater busy. Cannot search thirdparties
2025-08-05 02:00:03,681 [INFO] ThirdPartyUpdaterWithRetryManager:96 - Updater plugin is busy. [1/15]
2025-08-05 02:00:03,741 [INFO] CheckServerUpdateThread:120 - End of CheckServer Thread
2025-08-05 02:00:04,115 [INFO] WebApp:168 - Instantiating new browser for Auth
2025-08-05 02:00:04,586 [INFO] WebApp:449 - Apply proxy settings
2025-08-05 02:00:04,587 [INFO] WebApp:534 - Chromium requires no authentication
2025-08-05 02:00:04,591 [INFO] WebApp:477 - Direct internet connection detected
2025-08-05 02:00:04,607 [INFO] WebApp:880 - Register for checkConnection events
2025-08-05 02:00:04,607 [INFO] WebApp:449 - Apply proxy settings
2025-08-05 02:00:04,607 [INFO] WebApp:534 - Chromium requires no authentication
2025-08-05 02:00:04,608 [INFO] WebApp:477 - Direct internet connection detected
2025-08-05 02:00:04,725 [INFO] WebApp:221 - Starting web application
2025-08-05 02:00:04,725 [INFO] WebApp:579 - Web application path used C:\ST\STM32CubeIDE_1.17.0\STM32CubeIDE\plugins\com.st.stm32cube.common.mx_6.13.0.202411220809\db\plugins\mcufinder\reactClient1\index.html
2025-08-05 02:00:04,824 [INFO] WebApp:187 - Connection restablished
2025-08-05 02:00:06,852 [WARN] PackLoader:240 - Cannot read IP mode file for STMicroelectronics.FP-SNS-MOTENVWB1.1.4.0
2025-08-05 02:00:06,859 [WARN] PackLoader:240 - Cannot read IP mode file for STMicroelectronics.FP-ATR-ASTRA1.2.0.2
2025-08-05 02:00:06,862 [WARN] PackLoader:240 - Cannot read IP mode file for STMicroelectronics.FP-ATR-ASTRA1.2.0.1
2025-08-05 02:00:06,870 [WARN] PackLoader:240 - Cannot read IP mode file for STMicroelectronics.X-CUBE-SMBUS.2.1.0
2025-08-05 02:00:06,876 [WARN] PackLoader:240 - Cannot read IP mode file for STMicroelectronics.X-CUBE-WB05N.1.1.0
2025-08-05 02:00:06,879 [WARN] PackLoader:240 - Cannot read IP mode file for STMicroelectronics.X-CUBE-ST60.1.0.0
2025-08-05 02:00:06,903 [WARN] PackLoader:240 - Cannot read IP mode file for STMicroelectronics.X-CUBE-AZRTOS-F7.1.1.0
2025-08-05 02:00:06,909 [WARN] PackLoader:240 - Cannot read IP mode file for STMicroelectronics.FP-SNS-FLIGHT1.5.0.2
2025-08-05 02:00:06,927 [WARN] PackLoader:240 - Cannot read IP mode file for Infineon.AIROC-Wi-Fi-Bluetooth-STM32.1.7.0
2025-08-05 02:00:06,948 [WARN] PackLoader:240 - Cannot read IP mode file for STMicroelectronics.X-CUBE-AZRTOS-H7.3.4.0
2025-08-05 02:00:06,955 [WARN] PackLoader:240 - Cannot read IP mode file for STMicroelectronics.X-CUBE-DISPLAY.3.0.0
2025-08-05 02:00:06,960 [WARN] PackLoader:240 - Cannot read IP mode file for STMicroelectronics.X-CUBE-BLE1.7.0.0
2025-08-05 02:00:06,963 [WARN] PackLoader:240 - Cannot read IP mode file for STMicroelectronics.X-CUBE-NFC10.1.0.0
2025-08-05 02:00:06,970 [WARN] PackLoader:240 - Cannot read IP mode file for STMicroelectronics.X-CUBE-BLEMGR.4.0.0
2025-08-05 02:00:06,975 [WARN] PackLoader:240 - Cannot read IP mode file for emotas.I-CUBE-CANOPEN.1.3.0
2025-08-05 02:00:06,979 [ERROR] Engine:466 - C:\Users\arees\.stm32cubemx\thirdparties\pdsc\STMicroelectronics.FP-SNS-STBOX1.2.1.0.pdsc: PDSC version is not supported
2025-08-05 02:00:06,981 [WARN] PackLoader:240 - Cannot read IP mode file for STMicroelectronics.FP-SNS-SMARTAG2.1.2.0
2025-08-05 02:00:06,983 [WARN] PackLoader:240 - Cannot read IP mode file for STMicroelectronics.FP-SNS-FLIGHT1.5.1.0
2025-08-05 02:00:07,007 [WARN] PackLoader:240 - Cannot read IP mode file for STMicroelectronics.X-CUBE-MEMS1.11.1.0
2025-08-05 02:00:07,129 [INFO] LogOutputStream:77 - [STDOUT_REDIRECT] 1 : Invalid condition id : UX_CORESTACK_Condition cause : null
2025-08-05 02:00:07,130 [INFO] LogOutputStream:77 - [STDOUT_REDIRECT] 1 : Invalid condition id : UX_CORESTACK_Condition cause : null
2025-08-05 02:00:07,131 [INFO] LogOutputStream:77 - [STDOUT_REDIRECT] 1 : Invalid condition id : UX_CORESTACK_Condition cause : null
2025-08-05 02:00:07,133 [INFO] LogOutputStream:77 - [STDOUT_REDIRECT] 1 : Invalid condition id : UX_CORESTACK_Condition cause : null
2025-08-05 02:00:07,134 [INFO] LogOutputStream:77 - [STDOUT_REDIRECT] 1 : Invalid condition id : UX_CORESTACK_Condition cause : null
2025-08-05 02:00:07,135 [WARN] PackLoader:240 - Cannot read IP mode file for STMicroelectronics.X-CUBE-AZRTOS-WL.2.0.0
2025-08-05 02:00:07,138 [WARN] PackLoader:240 - Cannot read IP mode file for STMicroelectronics.FP-SNS-MOTENV1.5.0.0
2025-08-05 02:00:07,141 [WARN] PackLoader:240 - Cannot read IP mode file for wolfSSL.I-CUBE-wolfMQTT.1.19.0
2025-08-05 02:00:07,149 [WARN] PackLoader:240 - Cannot read IP mode file for WES.I-CUBE-Cesium.1.3.0
2025-08-05 02:00:07,151 [WARN] PackLoader:240 - Cannot read IP mode file for STMicroelectronics.X-CUBE-BLE2.3.3.0
2025-08-05 02:00:07,154 [WARN] PackLoader:240 - Cannot read IP mode file for STMicroelectronics.X-CUBE-NFC9.1.0.0
2025-08-05 02:00:07,158 [WARN] PackLoader:240 - Cannot read IP mode file for STMicroelectronics.X-CUBE-BLE1.7.1.0
2025-08-05 02:00:07,161 [WARN] PackLoader:240 - Cannot read IP mode file for STMicroelectronics.X-CUBE-EEPRMA1.5.2.0
2025-08-05 02:00:07,168 [WARN] PackLoader:240 - Cannot read IP mode file for STMicroelectronics.X-CUBE-AZRTOS-G0.1.1.0
2025-08-05 02:00:07,172 [WARN] PackLoader:240 - Cannot read IP mode file for STMicroelectronics.X-CUBE-SAFEA1.1.2.2
2025-08-05 02:00:07,175 [WARN] PackLoader:240 - Cannot read IP mode file for STMicroelectronics.X-CUBE-NFC4.3.0.0
2025-08-05 02:00:07,179 [WARN] PackLoader:240 - Cannot read IP mode file for EmbeddedOffice.I-CUBE-FS-RTOS.1.0.1
2025-08-05 02:00:07,182 [WARN] PackLoader:240 - Cannot read IP mode file for STMicroelectronics.X-CUBE-WB05N.2.0.0
2025-08-05 02:00:07,184 [WARN] PackLoader:240 - Cannot read IP mode file for STMicroelectronics.X-CUBE-TCPP.4.2.0
2025-08-05 02:00:07,187 [WARN] PackLoader:240 - Cannot read IP mode file for RealThread.X-CUBE-RT-Thread_Nano.4.1.1
2025-08-05 02:00:07,189 [WARN] PackLoader:240 - Cannot read IP mode file for STMicroelectronics.FP-ATR-SIGFOX1.3.2.0
2025-08-05 02:00:07,191 [WARN] ConditionMgr:438 - getConditionDescription Invalid condition id : Cortex-A Device cause : null
2025-08-05 02:00:07,202 [WARN] ConditionMgr:1044 - genDependencies : Invalid condition id : Cortex-A Device cause : null
2025-08-05 02:00:07,203 [WARN] ConditionMgr:1044 - genDependencies : Invalid condition id : Cortex-A Device cause : null
2025-08-05 02:00:07,203 [WARN] ConditionMgr:1044 - genDependencies : Invalid condition id : Cortex-A Device cause : null
2025-08-05 02:00:07,205 [WARN] PackLoader:240 - Cannot read IP mode file for STMicroelectronics.X-CUBE-EEPRMA1.5.1.0
2025-08-05 02:00:07,208 [WARN] PackLoader:240 - Cannot read IP mode file for wolfSSL.I-CUBE-wolfSSL.5.7.4
2025-08-05 02:00:07,211 [WARN] PackLoader:240 - Cannot read IP mode file for ITTIA_DB.I-CUBE-ITTIADB.8.9.0
2025-08-05 02:00:07,218 [WARN] PackLoader:240 - Cannot read IP mode file for STMicroelectronics.X-CUBE-ST67W61.1.0.0
2025-08-05 02:00:07,221 [WARN] PackLoader:240 - Cannot read IP mode file for STMicroelectronics.X-CUBE-AI.10.2.0
2025-08-05 02:00:07,236 [WARN] PackLoader:240 - Cannot read IP mode file for SEGGER.I-CUBE-embOS.1.3.1
2025-08-05 02:00:07,253 [WARN] PackLoader:240 - Cannot read IP mode file for STMicroelectronics.X-CUBE-ALGOBUILD.1.4.0
2025-08-05 02:00:07,273 [WARN] PackLoader:240 - Cannot read IP mode file for STMicroelectronics.X-CUBE-MEMS1.11.3.0
2025-08-05 02:00:07,335 [WARN] PackLoader:240 - Cannot read IP mode file for STMicroelectronics.X-CUBE-AI.9.1.0
2025-08-05 02:00:07,338 [WARN] PackLoader:240 - Cannot read IP mode file for STMicroelectronics.X-CUBE-PM33A1.1.0.0
2025-08-05 02:00:07,345 [WARN] PackLoader:240 - Cannot read IP mode file for STMicroelectronics.X-CUBE-AZRTOS-F4.1.1.0
2025-08-05 02:00:07,349 [WARN] PackLoader:240 - Cannot read IP mode file for Avnet-IotConnect.X-CUBE-IoTC-DA16k-PMOD.1.0.0
2025-08-05 02:00:07,351 [WARN] PackLoader:240 - Cannot read IP mode file for STMicroelectronics.X-CUBE-ISPU.2.1.0
2025-08-05 02:00:07,354 [WARN] PackLoader:240 - Cannot read IP mode file for STMicroelectronics.X-CUBE-NFC12.1.0.0
2025-08-05 02:00:07,363 [WARN] PackLoader:240 - Cannot read IP mode file for STMicroelectronics.X-CUBE-AZRTOS-L5.2.0.0
2025-08-05 02:00:07,369 [WARN] PackLoader:240 - Cannot read IP mode file for STMicroelectronics.X-CUBE-NFC6.3.1.0
2025-08-05 02:00:07,372 [WARN] PackLoader:240 - Cannot read IP mode file for STMicroelectronics.X-CUBE-DPower.1.2.0
2025-08-05 02:00:07,376 [WARN] PackLoader:240 - Cannot read IP mode file for STMicroelectronics.X-CUBE-FREERTOS.1.3.1
2025-08-05 02:00:07,378 [WARN] PackLoader:240 - Cannot read IP mode file for STMicroelectronics.X-CUBE-FREERTOS.1.3.0
2025-08-05 02:00:07,380 [WARN] PackLoader:240 - Cannot read IP mode file for STMicroelectronics.X-CUBE-NFC7.1.0.1
2025-08-05 02:00:07,383 [WARN] PackLoader:240 - Cannot read IP mode file for STMicroelectronics.FP-SNS-STAIOTCFT.1.0.0
2025-08-05 02:00:07,386 [WARN] PackLoader:240 - Cannot read IP mode file for STMicroelectronics.X-CUBE-DPower.1.3.0
2025-08-05 02:00:07,392 [WARN] ConditionMgr:438 - getConditionDescription Invalid condition id : LAN8742 Phy interface Condition cause : null
2025-08-05 02:00:07,393 [WARN] PackLoader:240 - Cannot read IP mode file for STMicroelectronics.X-CUBE-AZRTOS-L4.2.0.0
2025-08-05 02:00:07,393 [WARN] ConditionMgr:1044 - genDependencies : Invalid condition id : LAN8742 Phy interface Condition cause : null
2025-08-05 02:00:07,393 [WARN] ConditionMgr:1044 - genDependencies : Invalid condition id : LAN8742 Phy interface Condition cause : null
2025-08-05 02:00:07,394 [WARN] ConditionMgr:1044 - genDependencies : Invalid condition id : LAN8742 Phy interface Condition cause : null
2025-08-05 02:00:07,397 [WARN] PackLoader:240 - Cannot read IP mode file for STMicroelectronics.X-CUBE-SFXS2LP1.4.0.0
2025-08-05 02:00:07,405 [WARN] PackLoader:240 - Cannot read IP mode file for STMicroelectronics.X-CUBE-AZRTOS-H7.3.3.0
2025-08-05 02:00:07,411 [WARN] PackLoader:240 - Cannot read IP mode file for STMicroelectronics.X-CUBE-BLEMGR.4.1.0
2025-08-05 02:00:07,417 [WARN] PackLoader:240 - Cannot read IP mode file for STMicroelectronics.X-CUBE-IPS.3.0.0
2025-08-05 02:00:07,426 [WARN] ConditionMgr:438 - getConditionDescription Invalid condition id : UX DEVICE CLASS RTOS Condition cause : null
2025-08-05 02:00:07,427 [WARN] ConditionMgr:438 - getConditionDescription Invalid condition id : UX DEVICE CLASS RTOS Condition cause : null
2025-08-05 02:00:07,428 [WARN] PackLoader:240 - Cannot read IP mode file for STMicroelectronics.X-CUBE-AZRTOS-WB.2.0.0
2025-08-05 02:00:07,428 [WARN] ConditionMgr:1044 - genDependencies : Invalid condition id : UX DEVICE CLASS RTOS Condition cause : null
2025-08-05 02:00:07,428 [WARN] ConditionMgr:1044 - genDependencies : Invalid condition id : UX DEVICE CLASS RTOS Condition cause : null
2025-08-05 02:00:07,428 [WARN] ConditionMgr:1044 - genDependencies : Invalid condition id : UX DEVICE CLASS RTOS Condition cause : null
2025-08-05 02:00:07,429 [WARN] ConditionMgr:1044 - genDependencies : Invalid condition id : UX DEVICE CLASS RTOS Condition cause : null
2025-08-05 02:00:07,429 [WARN] ConditionMgr:1044 - genDependencies : Invalid condition id : UX DEVICE CLASS RTOS Condition cause : null
2025-08-05 02:00:07,433 [WARN] PackLoader:240 - Cannot read IP mode file for STMicroelectronics.X-CUBE-GNSS1.7.0.1
2025-08-05 02:00:07,439 [WARN] PackLoader:240 - Cannot read IP mode file for STMicroelectronics.X-CUBE-TOUCHGFX.4.25.0
2025-08-05 02:00:07,443 [WARN] PackLoader:240 - Cannot read IP mode file for STMicroelectronics.FP-SNS-STBOX1.2.0.0
2025-08-05 02:00:07,450 [WARN] PackLoader:240 - Cannot read IP mode file for STMicroelectronics.X-CUBE-SUBG2.5.0.0
2025-08-05 02:00:07,464 [WARN] PackLoader:240 - Cannot read IP mode file for STMicroelectronics.X-CUBE-AZRTOS-H7RS.1.1.0
2025-08-05 02:00:07,478 [WARN] PackLoader:240 - Cannot read IP mode file for Cesanta.I-CUBE-Mongoose.7.13.0
2025-08-05 02:00:07,486 [WARN] PackLoader:240 - Cannot read IP mode file for STMicroelectronics.X-CUBE-AZRTOS-G4.2.0.0
2025-08-05 02:00:07,489 [WARN] PackLoader:240 - Cannot read IP mode file for STMicroelectronics.X-CUBE-NFC7.2.0.0
2025-08-05 02:00:07,495 [WARN] PackLoader:240 - Cannot read IP mode file for STMicroelectronics.X-CUBE-IPS.3.1.0
2025-08-05 02:00:07,499 [WARN] PackLoader:240 - Cannot read IP mode file for STMicroelectronics.X-CUBE-ALS.1.0.2
2025-08-05 02:00:07,501 [WARN] PackLoader:240 - Cannot read IP mode file for STMicroelectronics.X-CUBE-TOUCHGFX.4.24.2
2025-08-05 02:00:07,502 [WARN] PackLoader:240 - Cannot read IP mode file for STMicroelectronics.X-CUBE-TOUCHGFX.4.24.1
2025-08-05 02:00:07,504 [WARN] PackLoader:240 - Cannot read IP mode file for wolfSSL.I-CUBE-wolfTPM.3.4.0
2025-08-05 02:00:07,507 [WARN] PackLoader:240 - Cannot read IP mode file for portGmbH.I-Cube-SoM-uGOAL.1.1.0
2025-08-05 02:00:07,513 [WARN] PackLoader:240 - Cannot read IP mode file for STMicroelectronics.X-CUBE-AZRTOS-H7RS.1.0.0
2025-08-05 02:00:07,518 [WARN] PackLoader:240 - Cannot read IP mode file for STMicroelectronics.X-CUBE-TOF1.3.4.2
2025-08-05 02:00:07,527 [WARN] PackLoader:240 - Cannot read IP mode file for STMicroelectronics.X-CUBE-TOF1.3.4.3
2025-08-05 02:00:07,534 [WARN] PackLoader:240 - Cannot read IP mode file for wolfSSL.I-CUBE-wolfSSH.1.4.17
2025-08-05 02:00:07,534 [INFO] ThirdParty:978 - Integrity check success = true
2025-08-05 02:00:07,534 [INFO] IntegrityCheckThread:100 - exiting critical section [integrity check]
2025-08-05 02:00:07,534 [INFO] IntegrityCheckThread:103 - End integrity checks thread
2025-08-05 04:42:38,741 [ERROR] LogOutputStream:75 - [STDERR_REDIRECT] 
