2025-08-13 03:26:31,329 [INFO] Activator:176 - 


2025-08-13 03:26:31,333 [INFO] Activator:177 - !SESSION log4j initialized
2025-08-13 03:26:36,721 [INFO] LogOutputStream:77 - [STDOUT_REDIRECT] 
2025-08-13 03:26:37,868 [INFO] ApplicationProperties:184 - Using Application install path: C:\ST\STM32CubeIDE_1.17.0\STM32CubeIDE\plugins\com.st.stm32cube.common.mx_6.13.0.202411220809
2025-08-13 03:26:37,881 [INFO] DbMcusXml:78 - Set database path to: C:\ST\STM32CubeIDE_1.17.0\STM32CubeIDE\plugins\com.st.stm32cube.common.mx_6.13.0.202411220809\\db\/mcu/
2025-08-13 03:26:37,882 [INFO] ApiDb:274 - Set plugin database path to: C:\ST\STM32CubeIDE_1.17.0\STM32CubeIDE\plugins\com.st.stm32cube.common.mx_6.13.0.202411220809\\db\/plugins/boardmanager/
2025-08-13 03:26:37,882 [WARN] ApiDb:259 - Overriding images path with different value:  => C:\ST\STM32CubeIDE_1.17.0\STM32CubeIDE\plugins\com.st.stm32cube.common.mx_6.13.0.202411220809\\db\/plugins/mcufinder/images/
2025-08-13 03:26:37,887 [INFO] ApiDb:250 - Set database path to: C:\Users\arees\.stmcufinder\plugins\mcufinder//mcu/
2025-08-13 03:26:37,888 [INFO] DbMcusAds:125 - Set database path to: C:\Users\arees\.stmcufinder\plugins\mcufinder//mcu/
2025-08-13 03:26:37,889 [INFO] CrossReferenceDbSqlite:203 - Set database path to: C:\Users\arees\.stmcufinder\plugins\mcufinder//mcu/cs/
2025-08-13 03:26:37,976 [INFO] RulesReader:64 - Compatibility file has been processed (297 Rules)
2025-08-13 03:26:38,057 [INFO] DbMcusXml:78 - Set database path to: C:\ST\STM32CubeIDE_1.17.0\STM32CubeIDE\plugins\com.st.stm32cube.common.mx_6.13.0.202411220809\\db\/mcu/
2025-08-13 03:26:38,057 [INFO] ApiDb:274 - Set plugin database path to: C:\ST\STM32CubeIDE_1.17.0\STM32CubeIDE\plugins\com.st.stm32cube.common.mx_6.13.0.202411220809\\db\/plugins/boardmanager/
2025-08-13 03:26:38,057 [INFO] ApiDb:261 - Set plugin images path to: C:\ST\STM32CubeIDE_1.17.0\STM32CubeIDE\plugins\com.st.stm32cube.common.mx_6.13.0.202411220809\\db\/plugins/mcufinder/images/
2025-08-13 03:26:38,057 [WARN] DbFile:41 - Overriding database path with different value: C:\Users\arees\.stmcufinder\plugins\mcufinder/ => C:\Users\arees\.stmcufinder\plugins\mcufinder
2025-08-13 03:26:38,057 [INFO] ApiDb:250 - Set database path to: C:\Users\arees\.stmcufinder\plugins\mcufinder//mcu/
2025-08-13 03:26:38,057 [WARN] DbFile:41 - Overriding database path with different value: C:\Users\arees\.stmcufinder\plugins\mcufinder/ => C:\Users\arees\.stmcufinder\plugins\mcufinder
2025-08-13 03:26:38,057 [INFO] DbMcusAds:125 - Set database path to: C:\Users\arees\.stmcufinder\plugins\mcufinder//mcu/
2025-08-13 03:26:38,057 [WARN] DbFile:41 - Overriding database path with different value: C:\Users\arees\.stmcufinder\plugins\mcufinder/ => C:\Users\arees\.stmcufinder\plugins\mcufinder
2025-08-13 03:26:38,057 [WARN] DbFile:41 - Overriding database path with different value: C:\Users\arees\.stmcufinder\plugins\mcufinder/ => C:\Users\arees\.stmcufinder\plugins\mcufinder
2025-08-13 03:26:38,058 [INFO] CrossReferenceDbSqlite:203 - Set database path to: C:\Users\arees\.stmcufinder\plugins\mcufinder//mcu/cs/
2025-08-13 03:26:38,111 [INFO] MainPanel:272 - HeapMemory: 268435456
2025-08-13 03:26:38,190 [INFO] DbMcusXml:78 - Set database path to: C:\ST\STM32CubeIDE_1.17.0\STM32CubeIDE\plugins\com.st.stm32cube.common.mx_6.13.0.202411220809\\db\/mcu/
2025-08-13 03:26:38,190 [INFO] ApiDb:274 - Set plugin database path to: C:\ST\STM32CubeIDE_1.17.0\STM32CubeIDE\plugins\com.st.stm32cube.common.mx_6.13.0.202411220809\\db\/plugins/boardmanager/
2025-08-13 03:26:38,190 [INFO] ApiDb:261 - Set plugin images path to: C:\ST\STM32CubeIDE_1.17.0\STM32CubeIDE\plugins\com.st.stm32cube.common.mx_6.13.0.202411220809\\db\/plugins/mcufinder/images/
2025-08-13 03:26:38,190 [WARN] DbFile:41 - Overriding database path with different value: C:\Users\arees\.stmcufinder\plugins\mcufinder/ => C:\Users\arees\.stmcufinder\plugins\mcufinder
2025-08-13 03:26:38,190 [INFO] ApiDb:250 - Set database path to: C:\Users\arees\.stmcufinder\plugins\mcufinder//mcu/
2025-08-13 03:26:38,190 [WARN] DbFile:41 - Overriding database path with different value: C:\Users\arees\.stmcufinder\plugins\mcufinder/ => C:\Users\arees\.stmcufinder\plugins\mcufinder
2025-08-13 03:26:38,190 [INFO] DbMcusAds:125 - Set database path to: C:\Users\arees\.stmcufinder\plugins\mcufinder//mcu/
2025-08-13 03:26:38,190 [WARN] DbFile:41 - Overriding database path with different value: C:\Users\arees\.stmcufinder\plugins\mcufinder/ => C:\Users\arees\.stmcufinder\plugins\mcufinder
2025-08-13 03:26:38,190 [WARN] DbFile:41 - Overriding database path with different value: C:\Users\arees\.stmcufinder\plugins\mcufinder/ => C:\Users\arees\.stmcufinder\plugins\mcufinder
2025-08-13 03:26:38,191 [INFO] CrossReferenceDbSqlite:203 - Set database path to: C:\Users\arees\.stmcufinder\plugins\mcufinder//mcu/cs/
2025-08-13 03:26:38,205 [INFO] ApplicationProperties:184 - Using Application install path: C:\ST\STM32CubeIDE_1.17.0\STM32CubeIDE\plugins\com.st.stm32cube.common.mx_6.13.0.202411220809
2025-08-13 03:26:38,206 [INFO] PluginManage:196 - Search for loadable plugins [exclusion list=, ]
2025-08-13 03:26:38,207 [INFO] PluginManage:310 - Check plugin analytics
2025-08-13 03:26:38,336 [INFO] AnalyticsPlugin:253 - Accepted Software Licenses: 
2025-08-13 03:26:38,336 [INFO] AnalyticsPlugin:255 - Accepted CMSIS Pack Licenses: 
2025-08-13 03:26:38,336 [INFO] AnalyticsPlugin:257 - Accepted Firmware Licenses: 
2025-08-13 03:26:38,340 [INFO] PluginManage:359 - Loaded plugin analytics (category:tool,tabindex:-1)
2025-08-13 03:26:38,341 [INFO] PluginManage:310 - Check plugin cadmodel
2025-08-13 03:26:38,356 [INFO] CADModel:105 - Init CAD model plugin
2025-08-13 03:26:38,356 [INFO] PluginManage:359 - Loaded plugin cadmodel (category:power,tabindex:5)
2025-08-13 03:26:38,356 [INFO] PluginManage:310 - Check plugin clock
2025-08-13 03:26:38,373 [INFO] PluginManage:359 - Loaded plugin clock (category:base,tabindex:2)
2025-08-13 03:26:38,373 [INFO] PluginManage:310 - Check plugin ddr
2025-08-13 03:26:38,375 [INFO] PluginManage:359 - Loaded plugin ddr (category:tool,tabindex:6)
2025-08-13 03:26:38,376 [INFO] PluginManage:310 - Check plugin filemanager
2025-08-13 03:26:38,486 [INFO] PluginManage:359 - Loaded plugin filemanager (category:base,tabindex:10)
2025-08-13 03:26:38,486 [INFO] PluginManage:310 - Check plugin ipmanager
2025-08-13 03:26:38,491 [INFO] PluginManage:359 - Loaded plugin ipmanager (category:base,tabindex:5)
2025-08-13 03:26:38,491 [INFO] PluginManage:310 - Check plugin lpbam
2025-08-13 03:26:38,506 [INFO] PluginManage:359 - Loaded plugin lpbam (category:base,tabindex:0)
2025-08-13 03:26:38,506 [INFO] PluginManage:310 - Check plugin memorymap
2025-08-13 03:26:38,526 [INFO] PluginManage:359 - Loaded plugin memorymap (category:base,tabindex:4)
2025-08-13 03:26:38,526 [INFO] PluginManage:310 - Check plugin pinoutandconfiguration
2025-08-13 03:26:38,541 [INFO] PluginManage:359 - Loaded plugin pinoutandconfiguration (category:base,tabindex:1)
2025-08-13 03:26:38,542 [INFO] PluginManage:310 - Check plugin pinoutconfig
2025-08-13 03:26:38,616 [WARN] SupportedApi:132 - Cannot load RTOS API schema: s4s-elt-must-match.1: The content of 'definitions' must match (annotation?, (simpleType | complexType)?, (unique | key | keyref)*)). A problem was found starting at: attribute.
2025-08-13 03:26:38,722 [INFO] PluginManage:359 - Loaded plugin pinoutconfig (category:base,tabindex:0)
2025-08-13 03:26:38,722 [INFO] PluginManage:310 - Check plugin power
2025-08-13 03:26:38,740 [INFO] PluginManage:359 - Loaded plugin power (category:power,tabindex:4)
2025-08-13 03:26:38,740 [INFO] PluginManage:310 - Check plugin projectmanager
2025-08-13 03:26:38,752 [INFO] PluginManage:359 - Loaded plugin projectmanager (category:projectmanager,tabindex:4)
2025-08-13 03:26:38,753 [INFO] PluginManage:310 - Check plugin rif
2025-08-13 03:26:38,767 [INFO] PluginManage:359 - Loaded plugin rif (category:base,tabindex:3)
2025-08-13 03:26:38,768 [INFO] PluginManage:310 - Check plugin thirdparty
2025-08-13 03:26:39,008 [INFO] PluginManage:359 - Loaded plugin thirdparty (category:base,tabindex:-1)
2025-08-13 03:26:39,008 [WARN] IntegrityCheckThread:84 - waiting for thirdparty lock release [integrity check]
2025-08-13 03:26:39,008 [INFO] PluginManage:310 - Check plugin tools
2025-08-13 03:26:39,008 [INFO] IntegrityCheckThread:86 - entering critical section [integrity check]
2025-08-13 03:26:39,008 [INFO] ThirdPartyUpdaterWithRetryManager:70 - Updater plugin not ready yet. [1/15]
2025-08-13 03:26:39,038 [INFO] PluginManage:359 - Loaded plugin tools (category:base,tabindex:7)
2025-08-13 03:26:39,038 [INFO] PluginManage:310 - Check plugin tutovideos
2025-08-13 03:26:39,177 [INFO] PluginManage:359 - Loaded plugin tutovideos (category:base,tabindex:-1)
2025-08-13 03:26:39,177 [INFO] PluginManage:310 - Check plugin updater
2025-08-13 03:26:39,195 [INFO] PluginManage:359 - Loaded plugin updater (category:base,tabindex:12)
2025-08-13 03:26:39,195 [INFO] PluginManage:310 - Check plugin userauth
2025-08-13 03:26:39,198 [INFO] UserAuth:118 - Init User Auth plugin
2025-08-13 03:26:39,198 [INFO] PluginManage:359 - Loaded plugin userauth (category:base,tabindex:14)
2025-08-13 03:26:39,199 [INFO] PluginManage:283 - PluginManage : Loaded plugins [18]
2025-08-13 03:26:39,358 [INFO] PinOutPanel:1589 - setPackage(No Configuration,No Configuration)
2025-08-13 03:26:39,416 [INFO] CADModel:165 - CPN selected for project level
2025-08-13 03:26:39,417 [INFO] CADModel:114 - Register for checkConnection events
2025-08-13 03:26:39,439 [INFO] IPUIPlugin:80 - create IPUIPlugin
2025-08-13 03:26:39,440 [INFO] PluginManager:220 - loadIPPluginJar : add adc
2025-08-13 03:26:39,470 [INFO] IPUIPlugin:80 - create IPUIPlugin
2025-08-13 03:26:39,471 [INFO] PluginManager:220 - loadIPPluginJar : add aes
2025-08-13 03:26:39,502 [INFO] IPUIPlugin:80 - create IPUIPlugin
2025-08-13 03:26:39,502 [INFO] PluginManager:220 - loadIPPluginJar : add can
2025-08-13 03:26:39,522 [INFO] IPUIPlugin:80 - create IPUIPlugin
2025-08-13 03:26:39,522 [INFO] PluginManager:220 - loadIPPluginJar : add comp
2025-08-13 03:26:39,548 [INFO] IPUIPlugin:80 - create IPUIPlugin
2025-08-13 03:26:39,548 [INFO] PluginManager:220 - loadIPPluginJar : add cryp
2025-08-13 03:26:39,559 [INFO] IPUIPlugin:80 - create IPUIPlugin
2025-08-13 03:26:39,559 [INFO] PluginManager:220 - loadIPPluginJar : add ddr_ctrl_phy
2025-08-13 03:26:39,583 [INFO] IPUIPlugin:80 - create IPUIPlugin
2025-08-13 03:26:39,584 [INFO] PluginManager:220 - loadIPPluginJar : add dfsdm
2025-08-13 03:26:39,596 [INFO] IPUIPlugin:80 - create IPUIPlugin
2025-08-13 03:26:39,596 [INFO] PluginManager:220 - loadIPPluginJar : add dma
2025-08-13 03:26:39,626 [INFO] IPUIPlugin:80 - create IPUIPlugin
2025-08-13 03:26:39,626 [INFO] PluginManager:220 - loadIPPluginJar : add dma3
2025-08-13 03:26:39,662 [INFO] IPUIPlugin:80 - create IPUIPlugin
2025-08-13 03:26:39,662 [INFO] PluginManager:220 - loadIPPluginJar : add extmemmanager
2025-08-13 03:26:39,678 [INFO] IPUIPlugin:80 - create IPUIPlugin
2025-08-13 03:26:39,679 [INFO] PluginManager:220 - loadIPPluginJar : add fatfs
2025-08-13 03:26:39,714 [INFO] IPUIPlugin:80 - create IPUIPlugin
2025-08-13 03:26:39,714 [INFO] PluginManager:220 - loadIPPluginJar : add fmc
2025-08-13 03:26:39,727 [INFO] IPUIPlugin:80 - create IPUIPlugin
2025-08-13 03:26:39,727 [INFO] PluginManager:220 - loadIPPluginJar : add freertos
2025-08-13 03:26:39,745 [INFO] IPUIPlugin:80 - create IPUIPlugin
2025-08-13 03:26:39,745 [INFO] PluginManager:220 - loadIPPluginJar : add genericplugin
2025-08-13 03:26:39,818 [INFO] IPUIPlugin:80 - create IPUIPlugin
2025-08-13 03:26:39,818 [INFO] PluginManager:220 - loadIPPluginJar : add gfxmmu
2025-08-13 03:26:39,918 [INFO] IPUIPlugin:80 - create IPUIPlugin
2025-08-13 03:26:39,919 [INFO] PluginManager:220 - loadIPPluginJar : add gic
2025-08-13 03:26:39,930 [INFO] IPUIPlugin:80 - create IPUIPlugin
2025-08-13 03:26:39,931 [INFO] PluginManager:220 - loadIPPluginJar : add gpio
2025-08-13 03:26:40,003 [INFO] IPUIPlugin:80 - create IPUIPlugin
2025-08-13 03:26:40,003 [INFO] PluginManager:220 - loadIPPluginJar : add gtzc
2025-08-13 03:26:40,030 [INFO] IPUIPlugin:80 - create IPUIPlugin
2025-08-13 03:26:40,030 [INFO] PluginManager:220 - loadIPPluginJar : add hash
2025-08-13 03:26:40,072 [INFO] IPUIPlugin:80 - create IPUIPlugin
2025-08-13 03:26:40,072 [INFO] PluginManager:220 - loadIPPluginJar : add i2c
2025-08-13 03:26:40,103 [INFO] IPUIPlugin:80 - create IPUIPlugin
2025-08-13 03:26:40,103 [INFO] PluginManager:220 - loadIPPluginJar : add i2s
2025-08-13 03:26:40,138 [INFO] IPUIPlugin:80 - create IPUIPlugin
2025-08-13 03:26:40,138 [INFO] PluginManager:220 - loadIPPluginJar : add i3c
2025-08-13 03:26:40,219 [INFO] IPUIPlugin:80 - create IPUIPlugin
2025-08-13 03:26:40,219 [INFO] PluginManager:220 - loadIPPluginJar : add ipddr
2025-08-13 03:26:40,294 [INFO] IPUIPlugin:80 - create IPUIPlugin
2025-08-13 03:26:40,295 [INFO] PluginManager:220 - loadIPPluginJar : add linkedlist
2025-08-13 03:26:40,325 [INFO] IPUIPlugin:80 - create IPUIPlugin
2025-08-13 03:26:40,325 [INFO] PluginManager:220 - loadIPPluginJar : add lorawan
2025-08-13 03:26:40,355 [INFO] IPUIPlugin:80 - create IPUIPlugin
2025-08-13 03:26:40,355 [INFO] PluginManager:220 - loadIPPluginJar : add ltdc
2025-08-13 03:26:40,369 [INFO] IPUIPlugin:80 - create IPUIPlugin
2025-08-13 03:26:40,369 [INFO] PluginManager:220 - loadIPPluginJar : add mdma
2025-08-13 03:26:40,380 [INFO] IPUIPlugin:80 - create IPUIPlugin
2025-08-13 03:26:40,380 [INFO] PluginManager:220 - loadIPPluginJar : add nvic
2025-08-13 03:26:40,411 [INFO] IPUIPlugin:80 - create IPUIPlugin
2025-08-13 03:26:40,412 [INFO] PluginManager:220 - loadIPPluginJar : add opamp
2025-08-13 03:26:40,460 [INFO] IPUIPlugin:80 - create IPUIPlugin
2025-08-13 03:26:40,460 [INFO] PluginManager:220 - loadIPPluginJar : add openamp
2025-08-13 03:26:40,495 [INFO] IPUIPlugin:80 - create IPUIPlugin
2025-08-13 03:26:40,495 [INFO] PluginManager:220 - loadIPPluginJar : add pdm2pcm
2025-08-13 03:26:40,506 [INFO] IPUIPlugin:80 - create IPUIPlugin
2025-08-13 03:26:40,508 [INFO] PluginManager:220 - loadIPPluginJar : add plateformsettings
2025-08-13 03:26:40,527 [INFO] IPUIPlugin:80 - create IPUIPlugin
2025-08-13 03:26:40,528 [INFO] PluginManager:220 - loadIPPluginJar : add quadspi
2025-08-13 03:26:40,548 [INFO] IPUIPlugin:80 - create IPUIPlugin
2025-08-13 03:26:40,549 [INFO] PluginManager:220 - loadIPPluginJar : add radio
2025-08-13 03:26:40,560 [INFO] IPUIPlugin:80 - create IPUIPlugin
2025-08-13 03:26:40,560 [INFO] PluginManager:220 - loadIPPluginJar : add resmgrutility
2025-08-13 03:26:40,596 [INFO] IPUIPlugin:80 - create IPUIPlugin
2025-08-13 03:26:40,596 [INFO] PluginManager:220 - loadIPPluginJar : add sai
2025-08-13 03:26:40,626 [INFO] IPUIPlugin:80 - create IPUIPlugin
2025-08-13 03:26:40,626 [INFO] PluginManager:220 - loadIPPluginJar : add spi
2025-08-13 03:26:40,675 [INFO] IPUIPlugin:80 - create IPUIPlugin
2025-08-13 03:26:40,676 [INFO] PluginManager:220 - loadIPPluginJar : add stm32_wpan
2025-08-13 03:26:40,696 [INFO] IPUIPlugin:80 - create IPUIPlugin
2025-08-13 03:26:40,696 [INFO] PluginManager:220 - loadIPPluginJar : add tim
2025-08-13 03:26:40,742 [INFO] IPUIPlugin:80 - create IPUIPlugin
2025-08-13 03:26:40,742 [INFO] PluginManager:220 - loadIPPluginJar : add touchsensing
2025-08-13 03:26:40,760 [INFO] IPUIPlugin:80 - create IPUIPlugin
2025-08-13 03:26:40,760 [INFO] PluginManager:220 - loadIPPluginJar : add tracer_emb
2025-08-13 03:26:40,779 [INFO] IPUIPlugin:80 - create IPUIPlugin
2025-08-13 03:26:40,779 [INFO] PluginManager:220 - loadIPPluginJar : add ts
2025-08-13 03:26:40,798 [INFO] IPUIPlugin:80 - create IPUIPlugin
2025-08-13 03:26:40,798 [INFO] PluginManager:220 - loadIPPluginJar : add tsc
2025-08-13 03:26:40,817 [INFO] IPUIPlugin:80 - create IPUIPlugin
2025-08-13 03:26:40,817 [INFO] PluginManager:220 - loadIPPluginJar : add ucpd
2025-08-13 03:26:40,851 [INFO] IPUIPlugin:80 - create IPUIPlugin
2025-08-13 03:26:40,852 [INFO] PluginManager:220 - loadIPPluginJar : add usart
2025-08-13 03:26:40,888 [INFO] IPUIPlugin:80 - create IPUIPlugin
2025-08-13 03:26:40,888 [INFO] PluginManager:220 - loadIPPluginJar : add usbx
2025-08-13 03:26:41,012 [FATAL] Updater:351 - Updater called before beeing initialized
2025-08-13 03:26:41,030 [INFO] RulesReader:64 - Compatibility file has been processed (297 Rules)
2025-08-13 03:26:41,039 [INFO] RulesReader:64 - Compatibility file has been processed (297 Rules)
2025-08-13 03:26:41,048 [INFO] CADModel:165 - CPN selected for project level
2025-08-13 03:26:41,048 [INFO] CADModel:114 - Register for checkConnection events
2025-08-13 03:26:41,048 [FATAL] Updater:351 - Updater called before beeing initialized
2025-08-13 03:26:41,048 [ERROR] CADModel:125 - Updater not yet initialized, retry later 
2025-08-13 03:26:41,226 [FATAL] Updater:351 - Updater called before beeing initialized
2025-08-13 03:26:41,227 [INFO] CADModel:165 - CPN selected for project level
2025-08-13 03:26:41,228 [INFO] CADModel:114 - Register for checkConnection events
2025-08-13 03:26:41,228 [FATAL] Updater:351 - Updater called before beeing initialized
2025-08-13 03:26:41,228 [ERROR] CADModel:125 - Updater not yet initialized, retry later 
2025-08-13 03:26:41,230 [FATAL] Updater:351 - Updater called before beeing initialized
2025-08-13 03:26:41,317 [FATAL] Updater:351 - Updater called before beeing initialized
2025-08-13 03:26:41,331 [INFO] DbMcusAds:53 - JSON generation date=Tue Jul 08 03:14:23 CDT 2025 (1751962463582)
2025-08-13 03:26:41,331 [FATAL] Updater:351 - Updater called before beeing initialized
2025-08-13 03:26:41,361 [WARN] DetailPanel:346 - Failed to get advertising image, set to default
2025-08-13 03:26:41,540 [FATAL] Updater:351 - Updater called before beeing initialized
2025-08-13 03:26:41,541 [FATAL] Updater:351 - Updater called before beeing initialized
2025-08-13 03:26:41,541 [FATAL] Updater:351 - Updater called before beeing initialized
2025-08-13 03:26:41,542 [WARN] DetailPanel:346 - Failed to get advertising image, set to default
2025-08-13 03:26:41,542 [FATAL] Updater:351 - Updater called before beeing initialized
2025-08-13 03:26:41,597 [ERROR] Updater:1198 - MainUpdater not yet initialized. External WinMGr cannot be set.
2025-08-13 03:26:41,605 [INFO] Updater:1134 - Updater Version found : 6.13.0
2025-08-13 03:26:41,618 [INFO] ApplicationProperties:184 - Using Application install path: C:\ST\STM32CubeIDE_1.17.0\STM32CubeIDE\plugins\com.st.stm32cube.common.mx_6.13.0.202411220809
2025-08-13 03:26:42,010 [INFO] ThirdPartyUpdaterWithRetryManager:70 - Updater plugin not ready yet. [2/15]
2025-08-13 03:26:43,191 [ERROR] LogOutputStream:75 - [STDERR_REDIRECT] Aug 13, 2025 3:26:43 AM java.util.prefs.WindowsPreferences <init>
2025-08-13 03:26:43,192 [ERROR] LogOutputStream:75 - [STDERR_REDIRECT] WARNING: Could not open/create prefs root node Software\JavaSoft\Prefs at root 0xffffffff80000002. Windows RegCreateKeyEx(...) returned error code 5.
2025-08-13 03:26:43,192 [ERROR] LogOutputStream:75 - [STDERR_REDIRECT] 
2025-08-13 03:26:43,520 [INFO] MainUpdater:2872 - connection check result : 10
2025-08-13 03:26:43,520 [INFO] MainUpdater:3566 - Updater definition file requires update
2025-08-13 03:26:43,521 [INFO] MainUpdater:289 - Updater Check For Update Now.
2025-08-13 03:26:43,521 [INFO] MicroXplorer:498 - Change Database Version : DB.6.0.130
2025-08-13 03:26:43,537 [INFO] McuFinderGlobals:63 - Set McuFinder mode to 2 (CubeIDE integrated)
2025-08-13 03:26:43,537 [INFO] UserAuth:171 - activating auth plugin
2025-08-13 03:26:43,539 [INFO] UserAuth:486 - Internet connection configuration mode: 1
2025-08-13 03:26:43,563 [INFO] JxBrowserEngine:152 - Initiate JxBrowser Engine with user profile folder
2025-08-13 03:26:43,574 [INFO] ServerAccessManage:473 - Download File updaters.zip
2025-08-13 03:26:43,661 [INFO] FileExtend:240 - Unzip File : updaters.zip
2025-08-13 03:26:43,661 [INFO] FileExtend:255 - Standard Zip Deflate
2025-08-13 03:26:44,110 [INFO] ServerAccessManage:473 - Download File PacksControlFlags.xml
2025-08-13 03:26:44,191 [INFO] ServerAccessManage:473 - Download File cubemx.pidx
2025-08-13 03:26:44,296 [INFO] LoadServerUpdatesThread:375 - End of LoadServerUpdate Thread
2025-08-13 03:26:44,461 [INFO] CheckServerUpdateThread:120 - End of CheckServer Thread
2025-08-13 03:26:44,733 [INFO] WebApp:168 - Instantiating new browser for Auth
2025-08-13 03:26:45,230 [WARN] PackLoader:240 - Cannot read IP mode file for STMicroelectronics.FP-SNS-MOTENVWB1.1.4.0
2025-08-13 03:26:45,248 [WARN] PackLoader:240 - Cannot read IP mode file for STMicroelectronics.FP-ATR-ASTRA1.2.0.2
2025-08-13 03:26:45,264 [WARN] PackLoader:240 - Cannot read IP mode file for STMicroelectronics.FP-ATR-ASTRA1.2.0.1
2025-08-13 03:26:45,283 [WARN] PackLoader:240 - Cannot read IP mode file for STMicroelectronics.X-CUBE-SMBUS.2.1.0
2025-08-13 03:26:45,301 [WARN] PackLoader:240 - Cannot read IP mode file for STMicroelectronics.X-CUBE-WB05N.1.1.0
2025-08-13 03:26:45,318 [WARN] PackLoader:240 - Cannot read IP mode file for STMicroelectronics.X-CUBE-ST60.1.0.0
2025-08-13 03:26:45,369 [WARN] PackLoader:240 - Cannot read IP mode file for STMicroelectronics.X-CUBE-AZRTOS-F7.1.1.0
2025-08-13 03:26:45,391 [WARN] PackLoader:240 - Cannot read IP mode file for STMicroelectronics.FP-SNS-FLIGHT1.5.0.2
2025-08-13 03:26:45,427 [INFO] WebApp:449 - Apply proxy settings
2025-08-13 03:26:45,427 [INFO] WebApp:534 - Chromium requires no authentication
2025-08-13 03:26:45,435 [WARN] PackLoader:240 - Cannot read IP mode file for Infineon.AIROC-Wi-Fi-Bluetooth-STM32.1.7.0
2025-08-13 03:26:45,457 [INFO] WebApp:477 - Direct internet connection detected
2025-08-13 03:26:45,474 [WARN] PackLoader:240 - Cannot read IP mode file for STMicroelectronics.X-CUBE-AZRTOS-H7.3.4.0
2025-08-13 03:26:45,494 [WARN] PackLoader:240 - Cannot read IP mode file for STMicroelectronics.X-CUBE-DISPLAY.3.0.0
2025-08-13 03:26:45,509 [WARN] PackLoader:240 - Cannot read IP mode file for STMicroelectronics.X-CUBE-BLE1.7.0.0
2025-08-13 03:26:45,524 [WARN] PackLoader:240 - Cannot read IP mode file for STMicroelectronics.X-CUBE-NFC10.1.0.0
2025-08-13 03:26:45,542 [WARN] PackLoader:240 - Cannot read IP mode file for STMicroelectronics.X-CUBE-BLEMGR.4.0.0
2025-08-13 03:26:45,568 [WARN] PackLoader:240 - Cannot read IP mode file for emotas.I-CUBE-CANOPEN.1.3.0
2025-08-13 03:26:45,580 [ERROR] Engine:466 - C:\Users\arees\.stm32cubemx\thirdparties\pdsc\STMicroelectronics.FP-SNS-STBOX1.2.1.0.pdsc: PDSC version is not supported
2025-08-13 03:26:45,589 [INFO] WebApp:880 - Register for checkConnection events
2025-08-13 03:26:45,589 [INFO] WebApp:449 - Apply proxy settings
2025-08-13 03:26:45,589 [INFO] WebApp:534 - Chromium requires no authentication
2025-08-13 03:26:45,590 [INFO] WebApp:477 - Direct internet connection detected
2025-08-13 03:26:45,593 [WARN] PackLoader:240 - Cannot read IP mode file for STMicroelectronics.FP-SNS-SMARTAG2.1.2.0
2025-08-13 03:26:45,603 [WARN] PackLoader:240 - Cannot read IP mode file for STMicroelectronics.FP-SNS-FLIGHT1.5.1.0
2025-08-13 03:26:45,641 [WARN] PackLoader:240 - Cannot read IP mode file for STMicroelectronics.X-CUBE-MEMS1.11.1.0
2025-08-13 03:26:45,677 [INFO] WebApp:187 - Connection restablished
2025-08-13 03:26:45,758 [INFO] LogOutputStream:77 - [STDOUT_REDIRECT] 1 : Invalid condition id : UX_CORESTACK_Condition cause : null
2025-08-13 03:26:45,759 [INFO] LogOutputStream:77 - [STDOUT_REDIRECT] 1 : Invalid condition id : UX_CORESTACK_Condition cause : null
2025-08-13 03:26:45,760 [INFO] LogOutputStream:77 - [STDOUT_REDIRECT] 1 : Invalid condition id : UX_CORESTACK_Condition cause : null
2025-08-13 03:26:45,762 [INFO] LogOutputStream:77 - [STDOUT_REDIRECT] 1 : Invalid condition id : UX_CORESTACK_Condition cause : null
2025-08-13 03:26:45,763 [INFO] LogOutputStream:77 - [STDOUT_REDIRECT] 1 : Invalid condition id : UX_CORESTACK_Condition cause : null
2025-08-13 03:26:45,765 [WARN] PackLoader:240 - Cannot read IP mode file for STMicroelectronics.X-CUBE-AZRTOS-WL.2.0.0
2025-08-13 03:26:45,781 [WARN] PackLoader:240 - Cannot read IP mode file for STMicroelectronics.FP-SNS-MOTENV1.5.0.0
2025-08-13 03:26:45,795 [WARN] PackLoader:240 - Cannot read IP mode file for wolfSSL.I-CUBE-wolfMQTT.1.19.0
2025-08-13 03:26:45,813 [WARN] PackLoader:240 - Cannot read IP mode file for WES.I-CUBE-Cesium.1.3.0
2025-08-13 03:26:45,823 [WARN] PackLoader:240 - Cannot read IP mode file for STMicroelectronics.X-CUBE-BLE2.3.3.0
2025-08-13 03:26:45,833 [WARN] PackLoader:240 - Cannot read IP mode file for STMicroelectronics.X-CUBE-NFC9.1.0.0
2025-08-13 03:26:45,845 [WARN] PackLoader:240 - Cannot read IP mode file for STMicroelectronics.X-CUBE-BLE1.7.1.0
2025-08-13 03:26:45,859 [WARN] PackLoader:240 - Cannot read IP mode file for STMicroelectronics.X-CUBE-EEPRMA1.5.2.0
2025-08-13 03:26:45,886 [WARN] PackLoader:240 - Cannot read IP mode file for STMicroelectronics.X-CUBE-AZRTOS-G0.1.1.0
2025-08-13 03:26:45,904 [WARN] PackLoader:240 - Cannot read IP mode file for STMicroelectronics.X-CUBE-SAFEA1.1.2.2
2025-08-13 03:26:45,918 [WARN] PackLoader:240 - Cannot read IP mode file for STMicroelectronics.X-CUBE-NFC4.3.0.0
2025-08-13 03:26:45,937 [WARN] PackLoader:240 - Cannot read IP mode file for EmbeddedOffice.I-CUBE-FS-RTOS.1.0.1
2025-08-13 03:26:45,950 [WARN] PackLoader:240 - Cannot read IP mode file for STMicroelectronics.X-CUBE-WB05N.2.0.0
2025-08-13 03:26:45,968 [WARN] PackLoader:240 - Cannot read IP mode file for STMicroelectronics.X-CUBE-TCPP.4.2.0
2025-08-13 03:26:45,989 [WARN] PackLoader:240 - Cannot read IP mode file for RealThread.X-CUBE-RT-Thread_Nano.4.1.1
2025-08-13 03:26:46,008 [WARN] PackLoader:240 - Cannot read IP mode file for STMicroelectronics.FP-ATR-SIGFOX1.3.2.0
2025-08-13 03:26:46,023 [WARN] ConditionMgr:438 - getConditionDescription Invalid condition id : Cortex-A Device cause : null
2025-08-13 03:26:46,050 [WARN] ConditionMgr:1044 - genDependencies : Invalid condition id : Cortex-A Device cause : null
2025-08-13 03:26:46,050 [WARN] ConditionMgr:1044 - genDependencies : Invalid condition id : Cortex-A Device cause : null
2025-08-13 03:26:46,050 [WARN] ConditionMgr:1044 - genDependencies : Invalid condition id : Cortex-A Device cause : null
2025-08-13 03:26:46,065 [WARN] PackLoader:240 - Cannot read IP mode file for STMicroelectronics.X-CUBE-EEPRMA1.5.1.0
2025-08-13 03:26:46,080 [WARN] PackLoader:240 - Cannot read IP mode file for wolfSSL.I-CUBE-wolfSSL.5.7.4
2025-08-13 03:26:46,098 [WARN] PackLoader:240 - Cannot read IP mode file for ITTIA_DB.I-CUBE-ITTIADB.8.9.0
2025-08-13 03:26:46,121 [WARN] PackLoader:240 - Cannot read IP mode file for STMicroelectronics.X-CUBE-ST67W61.1.0.0
2025-08-13 03:26:46,136 [WARN] PackLoader:240 - Cannot read IP mode file for STMicroelectronics.X-CUBE-AI.10.2.0
2025-08-13 03:26:46,162 [WARN] PackLoader:240 - Cannot read IP mode file for SEGGER.I-CUBE-embOS.1.3.1
2025-08-13 03:26:46,203 [WARN] PackLoader:240 - Cannot read IP mode file for STMicroelectronics.X-CUBE-ALGOBUILD.1.4.0
2025-08-13 03:26:46,247 [WARN] PackLoader:240 - Cannot read IP mode file for STMicroelectronics.X-CUBE-MEMS1.11.3.0
2025-08-13 03:26:46,361 [WARN] PackLoader:240 - Cannot read IP mode file for STMicroelectronics.X-CUBE-AI.9.1.0
2025-08-13 03:26:46,376 [WARN] PackLoader:240 - Cannot read IP mode file for STMicroelectronics.X-CUBE-PM33A1.1.0.0
2025-08-13 03:26:46,397 [WARN] PackLoader:240 - Cannot read IP mode file for STMicroelectronics.X-CUBE-AZRTOS-F4.1.1.0
2025-08-13 03:26:46,411 [WARN] PackLoader:240 - Cannot read IP mode file for Avnet-IotConnect.X-CUBE-IoTC-DA16k-PMOD.1.0.0
2025-08-13 03:26:46,425 [WARN] PackLoader:240 - Cannot read IP mode file for STMicroelectronics.X-CUBE-ISPU.2.1.0
2025-08-13 03:26:46,444 [WARN] PackLoader:240 - Cannot read IP mode file for STMicroelectronics.X-CUBE-NFC12.1.0.0
2025-08-13 03:26:46,472 [WARN] PackLoader:240 - Cannot read IP mode file for STMicroelectronics.X-CUBE-AZRTOS-L5.2.0.0
2025-08-13 03:26:46,489 [WARN] PackLoader:240 - Cannot read IP mode file for STMicroelectronics.X-CUBE-NFC6.3.1.0
2025-08-13 03:26:46,505 [WARN] PackLoader:240 - Cannot read IP mode file for STMicroelectronics.X-CUBE-DPower.1.2.0
2025-08-13 03:26:46,519 [WARN] PackLoader:240 - Cannot read IP mode file for STMicroelectronics.X-CUBE-FREERTOS.1.3.1
2025-08-13 03:26:46,531 [WARN] PackLoader:240 - Cannot read IP mode file for STMicroelectronics.X-CUBE-FREERTOS.1.3.0
2025-08-13 03:26:46,543 [WARN] PackLoader:240 - Cannot read IP mode file for STMicroelectronics.X-CUBE-NFC7.1.0.1
2025-08-13 03:26:46,554 [WARN] PackLoader:240 - Cannot read IP mode file for STMicroelectronics.FP-SNS-STAIOTCFT.1.0.0
2025-08-13 03:26:46,565 [WARN] PackLoader:240 - Cannot read IP mode file for STMicroelectronics.X-CUBE-DPower.1.3.0
2025-08-13 03:26:46,586 [WARN] ConditionMgr:438 - getConditionDescription Invalid condition id : LAN8742 Phy interface Condition cause : null
2025-08-13 03:26:46,587 [WARN] PackLoader:240 - Cannot read IP mode file for STMicroelectronics.X-CUBE-AZRTOS-L4.2.0.0
2025-08-13 03:26:46,587 [WARN] ConditionMgr:1044 - genDependencies : Invalid condition id : LAN8742 Phy interface Condition cause : null
2025-08-13 03:26:46,587 [WARN] ConditionMgr:1044 - genDependencies : Invalid condition id : LAN8742 Phy interface Condition cause : null
2025-08-13 03:26:46,588 [WARN] ConditionMgr:1044 - genDependencies : Invalid condition id : LAN8742 Phy interface Condition cause : null
2025-08-13 03:26:46,600 [WARN] PackLoader:240 - Cannot read IP mode file for STMicroelectronics.X-CUBE-SFXS2LP1.4.0.0
2025-08-13 03:26:46,620 [WARN] PackLoader:240 - Cannot read IP mode file for STMicroelectronics.X-CUBE-AZRTOS-H7.3.3.0
2025-08-13 03:26:46,635 [WARN] PackLoader:240 - Cannot read IP mode file for STMicroelectronics.X-CUBE-BLEMGR.4.1.0
2025-08-13 03:26:46,652 [WARN] PackLoader:240 - Cannot read IP mode file for STMicroelectronics.X-CUBE-IPS.3.0.0
2025-08-13 03:26:46,670 [WARN] ConditionMgr:438 - getConditionDescription Invalid condition id : UX DEVICE CLASS RTOS Condition cause : null
2025-08-13 03:26:46,670 [WARN] ConditionMgr:438 - getConditionDescription Invalid condition id : UX DEVICE CLASS RTOS Condition cause : null
2025-08-13 03:26:46,671 [WARN] PackLoader:240 - Cannot read IP mode file for STMicroelectronics.X-CUBE-AZRTOS-WB.2.0.0
2025-08-13 03:26:46,672 [WARN] ConditionMgr:1044 - genDependencies : Invalid condition id : UX DEVICE CLASS RTOS Condition cause : null
2025-08-13 03:26:46,672 [WARN] ConditionMgr:1044 - genDependencies : Invalid condition id : UX DEVICE CLASS RTOS Condition cause : null
2025-08-13 03:26:46,672 [WARN] ConditionMgr:1044 - genDependencies : Invalid condition id : UX DEVICE CLASS RTOS Condition cause : null
2025-08-13 03:26:46,672 [WARN] ConditionMgr:1044 - genDependencies : Invalid condition id : UX DEVICE CLASS RTOS Condition cause : null
2025-08-13 03:26:46,672 [WARN] ConditionMgr:1044 - genDependencies : Invalid condition id : UX DEVICE CLASS RTOS Condition cause : null
2025-08-13 03:26:46,684 [WARN] PackLoader:240 - Cannot read IP mode file for STMicroelectronics.X-CUBE-GNSS1.7.0.1
2025-08-13 03:26:46,700 [WARN] PackLoader:240 - Cannot read IP mode file for STMicroelectronics.X-CUBE-TOUCHGFX.4.25.0
2025-08-13 03:26:46,712 [WARN] PackLoader:240 - Cannot read IP mode file for STMicroelectronics.FP-SNS-STBOX1.2.0.0
2025-08-13 03:26:46,726 [WARN] PackLoader:240 - Cannot read IP mode file for STMicroelectronics.X-CUBE-SUBG2.5.0.0
2025-08-13 03:26:46,750 [WARN] PackLoader:240 - Cannot read IP mode file for STMicroelectronics.X-CUBE-AZRTOS-H7RS.1.1.0
2025-08-13 03:26:46,763 [WARN] PackLoader:240 - Cannot read IP mode file for Cesanta.I-CUBE-Mongoose.7.13.0
2025-08-13 03:26:46,781 [INFO] WebApp:221 - Starting web application
2025-08-13 03:26:46,781 [INFO] WebApp:579 - Web application path used C:\ST\STM32CubeIDE_1.17.0\STM32CubeIDE\plugins\com.st.stm32cube.common.mx_6.13.0.202411220809\db\plugins\mcufinder\reactClient1\index.html
2025-08-13 03:26:46,784 [WARN] PackLoader:240 - Cannot read IP mode file for STMicroelectronics.X-CUBE-AZRTOS-G4.2.0.0
2025-08-13 03:26:46,801 [WARN] PackLoader:240 - Cannot read IP mode file for STMicroelectronics.X-CUBE-NFC7.2.0.0
2025-08-13 03:26:46,823 [WARN] PackLoader:240 - Cannot read IP mode file for STMicroelectronics.X-CUBE-IPS.3.1.0
2025-08-13 03:26:46,843 [WARN] PackLoader:240 - Cannot read IP mode file for STMicroelectronics.X-CUBE-ALS.1.0.2
2025-08-13 03:26:46,855 [WARN] PackLoader:240 - Cannot read IP mode file for STMicroelectronics.X-CUBE-TOUCHGFX.4.24.2
2025-08-13 03:26:46,867 [WARN] PackLoader:240 - Cannot read IP mode file for STMicroelectronics.X-CUBE-TOUCHGFX.4.24.1
2025-08-13 03:26:46,878 [WARN] PackLoader:240 - Cannot read IP mode file for wolfSSL.I-CUBE-wolfTPM.3.4.0
2025-08-13 03:26:46,890 [WARN] PackLoader:240 - Cannot read IP mode file for portGmbH.I-Cube-SoM-uGOAL.1.1.0
2025-08-13 03:26:46,918 [WARN] PackLoader:240 - Cannot read IP mode file for STMicroelectronics.X-CUBE-AZRTOS-H7RS.1.0.0
2025-08-13 03:26:46,940 [WARN] PackLoader:240 - Cannot read IP mode file for STMicroelectronics.X-CUBE-TOF1.3.4.2
2025-08-13 03:26:46,963 [WARN] PackLoader:240 - Cannot read IP mode file for STMicroelectronics.X-CUBE-TOF1.3.4.3
2025-08-13 03:26:46,982 [WARN] PackLoader:240 - Cannot read IP mode file for wolfSSL.I-CUBE-wolfSSH.1.4.17
2025-08-13 03:26:46,983 [INFO] ThirdParty:978 - Integrity check success = true
2025-08-13 03:26:46,983 [INFO] IntegrityCheckThread:100 - exiting critical section [integrity check]
2025-08-13 03:26:46,983 [INFO] IntegrityCheckThread:103 - End integrity checks thread
2025-08-13 03:40:38,863 [ERROR] LogOutputStream:75 - [STDERR_REDIRECT] 
