2025-08-20 03:31:21,346 [INFO] Activator:176 - 


2025-08-20 03:31:21,350 [INFO] Activator:177 - !SESSION log4j initialized
2025-08-20 03:31:25,990 [INFO] LogOutputStream:77 - [STDOUT_REDIRECT] 
2025-08-20 03:31:27,061 [INFO] ApplicationProperties:184 - Using Application install path: C:\ST\STM32CubeIDE_1.17.0\STM32CubeIDE\plugins\com.st.stm32cube.common.mx_6.13.0.202411220809
2025-08-20 03:31:27,070 [INFO] DbMcusXml:78 - Set database path to: C:\ST\STM32CubeIDE_1.17.0\STM32CubeIDE\plugins\com.st.stm32cube.common.mx_6.13.0.202411220809\\db\/mcu/
2025-08-20 03:31:27,071 [INFO] ApiDb:274 - Set plugin database path to: C:\ST\STM32CubeIDE_1.17.0\STM32CubeIDE\plugins\com.st.stm32cube.common.mx_6.13.0.202411220809\\db\/plugins/boardmanager/
2025-08-20 03:31:27,071 [WARN] ApiDb:259 - Overriding images path with different value:  => C:\ST\STM32CubeIDE_1.17.0\STM32CubeIDE\plugins\com.st.stm32cube.common.mx_6.13.0.202411220809\\db\/plugins/mcufinder/images/
2025-08-20 03:31:27,074 [INFO] ApiDb:250 - Set database path to: C:\Users\arees\.stmcufinder\plugins\mcufinder//mcu/
2025-08-20 03:31:27,075 [INFO] DbMcusAds:125 - Set database path to: C:\Users\arees\.stmcufinder\plugins\mcufinder//mcu/
2025-08-20 03:31:27,076 [INFO] CrossReferenceDbSqlite:203 - Set database path to: C:\Users\arees\.stmcufinder\plugins\mcufinder//mcu/cs/
2025-08-20 03:31:27,157 [INFO] RulesReader:64 - Compatibility file has been processed (297 Rules)
2025-08-20 03:31:27,220 [INFO] DbMcusXml:78 - Set database path to: C:\ST\STM32CubeIDE_1.17.0\STM32CubeIDE\plugins\com.st.stm32cube.common.mx_6.13.0.202411220809\\db\/mcu/
2025-08-20 03:31:27,220 [INFO] ApiDb:274 - Set plugin database path to: C:\ST\STM32CubeIDE_1.17.0\STM32CubeIDE\plugins\com.st.stm32cube.common.mx_6.13.0.202411220809\\db\/plugins/boardmanager/
2025-08-20 03:31:27,220 [INFO] ApiDb:261 - Set plugin images path to: C:\ST\STM32CubeIDE_1.17.0\STM32CubeIDE\plugins\com.st.stm32cube.common.mx_6.13.0.202411220809\\db\/plugins/mcufinder/images/
2025-08-20 03:31:27,220 [WARN] DbFile:41 - Overriding database path with different value: C:\Users\arees\.stmcufinder\plugins\mcufinder/ => C:\Users\arees\.stmcufinder\plugins\mcufinder
2025-08-20 03:31:27,220 [INFO] ApiDb:250 - Set database path to: C:\Users\arees\.stmcufinder\plugins\mcufinder//mcu/
2025-08-20 03:31:27,220 [WARN] DbFile:41 - Overriding database path with different value: C:\Users\arees\.stmcufinder\plugins\mcufinder/ => C:\Users\arees\.stmcufinder\plugins\mcufinder
2025-08-20 03:31:27,221 [INFO] DbMcusAds:125 - Set database path to: C:\Users\arees\.stmcufinder\plugins\mcufinder//mcu/
2025-08-20 03:31:27,221 [WARN] DbFile:41 - Overriding database path with different value: C:\Users\arees\.stmcufinder\plugins\mcufinder/ => C:\Users\arees\.stmcufinder\plugins\mcufinder
2025-08-20 03:31:27,221 [WARN] DbFile:41 - Overriding database path with different value: C:\Users\arees\.stmcufinder\plugins\mcufinder/ => C:\Users\arees\.stmcufinder\plugins\mcufinder
2025-08-20 03:31:27,221 [INFO] CrossReferenceDbSqlite:203 - Set database path to: C:\Users\arees\.stmcufinder\plugins\mcufinder//mcu/cs/
2025-08-20 03:31:27,263 [INFO] MainPanel:272 - HeapMemory: 268435456
2025-08-20 03:31:27,328 [INFO] DbMcusXml:78 - Set database path to: C:\ST\STM32CubeIDE_1.17.0\STM32CubeIDE\plugins\com.st.stm32cube.common.mx_6.13.0.202411220809\\db\/mcu/
2025-08-20 03:31:27,328 [INFO] ApiDb:274 - Set plugin database path to: C:\ST\STM32CubeIDE_1.17.0\STM32CubeIDE\plugins\com.st.stm32cube.common.mx_6.13.0.202411220809\\db\/plugins/boardmanager/
2025-08-20 03:31:27,328 [INFO] ApiDb:261 - Set plugin images path to: C:\ST\STM32CubeIDE_1.17.0\STM32CubeIDE\plugins\com.st.stm32cube.common.mx_6.13.0.202411220809\\db\/plugins/mcufinder/images/
2025-08-20 03:31:27,329 [WARN] DbFile:41 - Overriding database path with different value: C:\Users\arees\.stmcufinder\plugins\mcufinder/ => C:\Users\arees\.stmcufinder\plugins\mcufinder
2025-08-20 03:31:27,329 [INFO] ApiDb:250 - Set database path to: C:\Users\arees\.stmcufinder\plugins\mcufinder//mcu/
2025-08-20 03:31:27,329 [WARN] DbFile:41 - Overriding database path with different value: C:\Users\arees\.stmcufinder\plugins\mcufinder/ => C:\Users\arees\.stmcufinder\plugins\mcufinder
2025-08-20 03:31:27,329 [INFO] DbMcusAds:125 - Set database path to: C:\Users\arees\.stmcufinder\plugins\mcufinder//mcu/
2025-08-20 03:31:27,329 [WARN] DbFile:41 - Overriding database path with different value: C:\Users\arees\.stmcufinder\plugins\mcufinder/ => C:\Users\arees\.stmcufinder\plugins\mcufinder
2025-08-20 03:31:27,329 [WARN] DbFile:41 - Overriding database path with different value: C:\Users\arees\.stmcufinder\plugins\mcufinder/ => C:\Users\arees\.stmcufinder\plugins\mcufinder
2025-08-20 03:31:27,329 [INFO] CrossReferenceDbSqlite:203 - Set database path to: C:\Users\arees\.stmcufinder\plugins\mcufinder//mcu/cs/
2025-08-20 03:31:27,342 [INFO] ApplicationProperties:184 - Using Application install path: C:\ST\STM32CubeIDE_1.17.0\STM32CubeIDE\plugins\com.st.stm32cube.common.mx_6.13.0.202411220809
2025-08-20 03:31:27,343 [INFO] PluginManage:196 - Search for loadable plugins [exclusion list=, ]
2025-08-20 03:31:27,343 [INFO] PluginManage:310 - Check plugin analytics
2025-08-20 03:31:27,466 [INFO] AnalyticsPlugin:253 - Accepted Software Licenses: 
2025-08-20 03:31:27,466 [INFO] AnalyticsPlugin:255 - Accepted CMSIS Pack Licenses: 
2025-08-20 03:31:27,466 [INFO] AnalyticsPlugin:257 - Accepted Firmware Licenses: 
2025-08-20 03:31:27,469 [INFO] PluginManage:359 - Loaded plugin analytics (category:tool,tabindex:-1)
2025-08-20 03:31:27,470 [INFO] PluginManage:310 - Check plugin cadmodel
2025-08-20 03:31:27,482 [INFO] CADModel:105 - Init CAD model plugin
2025-08-20 03:31:27,482 [INFO] PluginManage:359 - Loaded plugin cadmodel (category:power,tabindex:5)
2025-08-20 03:31:27,482 [INFO] PluginManage:310 - Check plugin clock
2025-08-20 03:31:27,495 [INFO] PluginManage:359 - Loaded plugin clock (category:base,tabindex:2)
2025-08-20 03:31:27,495 [INFO] PluginManage:310 - Check plugin ddr
2025-08-20 03:31:27,497 [INFO] PluginManage:359 - Loaded plugin ddr (category:tool,tabindex:6)
2025-08-20 03:31:27,497 [INFO] PluginManage:310 - Check plugin filemanager
2025-08-20 03:31:27,583 [INFO] PluginManage:359 - Loaded plugin filemanager (category:base,tabindex:10)
2025-08-20 03:31:27,583 [INFO] PluginManage:310 - Check plugin ipmanager
2025-08-20 03:31:27,588 [INFO] PluginManage:359 - Loaded plugin ipmanager (category:base,tabindex:5)
2025-08-20 03:31:27,588 [INFO] PluginManage:310 - Check plugin lpbam
2025-08-20 03:31:27,602 [INFO] PluginManage:359 - Loaded plugin lpbam (category:base,tabindex:0)
2025-08-20 03:31:27,603 [INFO] PluginManage:310 - Check plugin memorymap
2025-08-20 03:31:27,618 [INFO] PluginManage:359 - Loaded plugin memorymap (category:base,tabindex:4)
2025-08-20 03:31:27,618 [INFO] PluginManage:310 - Check plugin pinoutandconfiguration
2025-08-20 03:31:27,632 [INFO] PluginManage:359 - Loaded plugin pinoutandconfiguration (category:base,tabindex:1)
2025-08-20 03:31:27,632 [INFO] PluginManage:310 - Check plugin pinoutconfig
2025-08-20 03:31:27,704 [WARN] SupportedApi:132 - Cannot load RTOS API schema: s4s-elt-must-match.1: The content of 'definitions' must match (annotation?, (simpleType | complexType)?, (unique | key | keyref)*)). A problem was found starting at: attribute.
2025-08-20 03:31:27,799 [INFO] PluginManage:359 - Loaded plugin pinoutconfig (category:base,tabindex:0)
2025-08-20 03:31:27,800 [INFO] PluginManage:310 - Check plugin power
2025-08-20 03:31:27,815 [INFO] PluginManage:359 - Loaded plugin power (category:power,tabindex:4)
2025-08-20 03:31:27,815 [INFO] PluginManage:310 - Check plugin projectmanager
2025-08-20 03:31:27,826 [INFO] PluginManage:359 - Loaded plugin projectmanager (category:projectmanager,tabindex:4)
2025-08-20 03:31:27,826 [INFO] PluginManage:310 - Check plugin rif
2025-08-20 03:31:27,841 [INFO] PluginManage:359 - Loaded plugin rif (category:base,tabindex:3)
2025-08-20 03:31:27,841 [INFO] PluginManage:310 - Check plugin thirdparty
2025-08-20 03:31:28,045 [INFO] PluginManage:359 - Loaded plugin thirdparty (category:base,tabindex:-1)
2025-08-20 03:31:28,045 [WARN] IntegrityCheckThread:84 - waiting for thirdparty lock release [integrity check]
2025-08-20 03:31:28,045 [INFO] PluginManage:310 - Check plugin tools
2025-08-20 03:31:28,045 [INFO] IntegrityCheckThread:86 - entering critical section [integrity check]
2025-08-20 03:31:28,046 [INFO] ThirdPartyUpdaterWithRetryManager:70 - Updater plugin not ready yet. [1/15]
2025-08-20 03:31:28,075 [INFO] PluginManage:359 - Loaded plugin tools (category:base,tabindex:7)
2025-08-20 03:31:28,075 [INFO] PluginManage:310 - Check plugin tutovideos
2025-08-20 03:31:28,192 [INFO] PluginManage:359 - Loaded plugin tutovideos (category:base,tabindex:-1)
2025-08-20 03:31:28,192 [INFO] PluginManage:310 - Check plugin updater
2025-08-20 03:31:28,206 [INFO] PluginManage:359 - Loaded plugin updater (category:base,tabindex:12)
2025-08-20 03:31:28,206 [INFO] PluginManage:310 - Check plugin userauth
2025-08-20 03:31:28,208 [INFO] UserAuth:118 - Init User Auth plugin
2025-08-20 03:31:28,209 [INFO] PluginManage:359 - Loaded plugin userauth (category:base,tabindex:14)
2025-08-20 03:31:28,209 [INFO] PluginManage:283 - PluginManage : Loaded plugins [18]
2025-08-20 03:31:28,337 [INFO] PinOutPanel:1589 - setPackage(No Configuration,No Configuration)
2025-08-20 03:31:28,394 [INFO] CADModel:165 - CPN selected for project level
2025-08-20 03:31:28,394 [INFO] CADModel:114 - Register for checkConnection events
2025-08-20 03:31:28,419 [INFO] IPUIPlugin:80 - create IPUIPlugin
2025-08-20 03:31:28,419 [INFO] PluginManager:220 - loadIPPluginJar : add adc
2025-08-20 03:31:28,454 [INFO] IPUIPlugin:80 - create IPUIPlugin
2025-08-20 03:31:28,454 [INFO] PluginManager:220 - loadIPPluginJar : add aes
2025-08-20 03:31:28,487 [INFO] IPUIPlugin:80 - create IPUIPlugin
2025-08-20 03:31:28,487 [INFO] PluginManager:220 - loadIPPluginJar : add can
2025-08-20 03:31:28,508 [INFO] IPUIPlugin:80 - create IPUIPlugin
2025-08-20 03:31:28,509 [INFO] PluginManager:220 - loadIPPluginJar : add comp
2025-08-20 03:31:28,538 [INFO] IPUIPlugin:80 - create IPUIPlugin
2025-08-20 03:31:28,538 [INFO] PluginManager:220 - loadIPPluginJar : add cryp
2025-08-20 03:31:28,548 [INFO] IPUIPlugin:80 - create IPUIPlugin
2025-08-20 03:31:28,548 [INFO] PluginManager:220 - loadIPPluginJar : add ddr_ctrl_phy
2025-08-20 03:31:28,573 [INFO] IPUIPlugin:80 - create IPUIPlugin
2025-08-20 03:31:28,573 [INFO] PluginManager:220 - loadIPPluginJar : add dfsdm
2025-08-20 03:31:28,584 [INFO] IPUIPlugin:80 - create IPUIPlugin
2025-08-20 03:31:28,584 [INFO] PluginManager:220 - loadIPPluginJar : add dma
2025-08-20 03:31:28,614 [INFO] IPUIPlugin:80 - create IPUIPlugin
2025-08-20 03:31:28,614 [INFO] PluginManager:220 - loadIPPluginJar : add dma3
2025-08-20 03:31:28,647 [INFO] IPUIPlugin:80 - create IPUIPlugin
2025-08-20 03:31:28,647 [INFO] PluginManager:220 - loadIPPluginJar : add extmemmanager
2025-08-20 03:31:28,663 [INFO] IPUIPlugin:80 - create IPUIPlugin
2025-08-20 03:31:28,663 [INFO] PluginManager:220 - loadIPPluginJar : add fatfs
2025-08-20 03:31:28,697 [INFO] IPUIPlugin:80 - create IPUIPlugin
2025-08-20 03:31:28,698 [INFO] PluginManager:220 - loadIPPluginJar : add fmc
2025-08-20 03:31:28,709 [INFO] IPUIPlugin:80 - create IPUIPlugin
2025-08-20 03:31:28,709 [INFO] PluginManager:220 - loadIPPluginJar : add freertos
2025-08-20 03:31:28,725 [INFO] IPUIPlugin:80 - create IPUIPlugin
2025-08-20 03:31:28,726 [INFO] PluginManager:220 - loadIPPluginJar : add genericplugin
2025-08-20 03:31:28,796 [INFO] IPUIPlugin:80 - create IPUIPlugin
2025-08-20 03:31:28,796 [INFO] PluginManager:220 - loadIPPluginJar : add gfxmmu
2025-08-20 03:31:28,895 [INFO] IPUIPlugin:80 - create IPUIPlugin
2025-08-20 03:31:28,895 [INFO] PluginManager:220 - loadIPPluginJar : add gic
2025-08-20 03:31:28,906 [INFO] IPUIPlugin:80 - create IPUIPlugin
2025-08-20 03:31:28,906 [INFO] PluginManager:220 - loadIPPluginJar : add gpio
2025-08-20 03:31:28,974 [INFO] IPUIPlugin:80 - create IPUIPlugin
2025-08-20 03:31:28,974 [INFO] PluginManager:220 - loadIPPluginJar : add gtzc
2025-08-20 03:31:28,999 [INFO] IPUIPlugin:80 - create IPUIPlugin
2025-08-20 03:31:28,999 [INFO] PluginManager:220 - loadIPPluginJar : add hash
2025-08-20 03:31:29,039 [INFO] IPUIPlugin:80 - create IPUIPlugin
2025-08-20 03:31:29,039 [INFO] PluginManager:220 - loadIPPluginJar : add i2c
2025-08-20 03:31:29,068 [INFO] IPUIPlugin:80 - create IPUIPlugin
2025-08-20 03:31:29,068 [INFO] PluginManager:220 - loadIPPluginJar : add i2s
2025-08-20 03:31:29,100 [INFO] IPUIPlugin:80 - create IPUIPlugin
2025-08-20 03:31:29,100 [INFO] PluginManager:220 - loadIPPluginJar : add i3c
2025-08-20 03:31:29,173 [INFO] IPUIPlugin:80 - create IPUIPlugin
2025-08-20 03:31:29,173 [INFO] PluginManager:220 - loadIPPluginJar : add ipddr
2025-08-20 03:31:29,243 [INFO] IPUIPlugin:80 - create IPUIPlugin
2025-08-20 03:31:29,243 [INFO] PluginManager:220 - loadIPPluginJar : add linkedlist
2025-08-20 03:31:29,270 [INFO] IPUIPlugin:80 - create IPUIPlugin
2025-08-20 03:31:29,270 [INFO] PluginManager:220 - loadIPPluginJar : add lorawan
2025-08-20 03:31:29,299 [INFO] IPUIPlugin:80 - create IPUIPlugin
2025-08-20 03:31:29,299 [INFO] PluginManager:220 - loadIPPluginJar : add ltdc
2025-08-20 03:31:29,309 [INFO] IPUIPlugin:80 - create IPUIPlugin
2025-08-20 03:31:29,309 [INFO] PluginManager:220 - loadIPPluginJar : add mdma
2025-08-20 03:31:29,319 [INFO] IPUIPlugin:80 - create IPUIPlugin
2025-08-20 03:31:29,319 [INFO] PluginManager:220 - loadIPPluginJar : add nvic
2025-08-20 03:31:29,347 [INFO] IPUIPlugin:80 - create IPUIPlugin
2025-08-20 03:31:29,347 [INFO] PluginManager:220 - loadIPPluginJar : add opamp
2025-08-20 03:31:29,394 [INFO] IPUIPlugin:80 - create IPUIPlugin
2025-08-20 03:31:29,394 [INFO] PluginManager:220 - loadIPPluginJar : add openamp
2025-08-20 03:31:29,426 [INFO] IPUIPlugin:80 - create IPUIPlugin
2025-08-20 03:31:29,427 [INFO] PluginManager:220 - loadIPPluginJar : add pdm2pcm
2025-08-20 03:31:29,438 [INFO] IPUIPlugin:80 - create IPUIPlugin
2025-08-20 03:31:29,439 [INFO] PluginManager:220 - loadIPPluginJar : add plateformsettings
2025-08-20 03:31:29,459 [INFO] IPUIPlugin:80 - create IPUIPlugin
2025-08-20 03:31:29,459 [INFO] PluginManager:220 - loadIPPluginJar : add quadspi
2025-08-20 03:31:29,481 [INFO] IPUIPlugin:80 - create IPUIPlugin
2025-08-20 03:31:29,481 [INFO] PluginManager:220 - loadIPPluginJar : add radio
2025-08-20 03:31:29,492 [INFO] IPUIPlugin:80 - create IPUIPlugin
2025-08-20 03:31:29,492 [INFO] PluginManager:220 - loadIPPluginJar : add resmgrutility
2025-08-20 03:31:29,526 [INFO] IPUIPlugin:80 - create IPUIPlugin
2025-08-20 03:31:29,526 [INFO] PluginManager:220 - loadIPPluginJar : add sai
2025-08-20 03:31:29,554 [INFO] IPUIPlugin:80 - create IPUIPlugin
2025-08-20 03:31:29,554 [INFO] PluginManager:220 - loadIPPluginJar : add spi
2025-08-20 03:31:29,605 [INFO] IPUIPlugin:80 - create IPUIPlugin
2025-08-20 03:31:29,605 [INFO] PluginManager:220 - loadIPPluginJar : add stm32_wpan
2025-08-20 03:31:29,624 [INFO] IPUIPlugin:80 - create IPUIPlugin
2025-08-20 03:31:29,624 [INFO] PluginManager:220 - loadIPPluginJar : add tim
2025-08-20 03:31:29,670 [INFO] IPUIPlugin:80 - create IPUIPlugin
2025-08-20 03:31:29,670 [INFO] PluginManager:220 - loadIPPluginJar : add touchsensing
2025-08-20 03:31:29,690 [INFO] IPUIPlugin:80 - create IPUIPlugin
2025-08-20 03:31:29,690 [INFO] PluginManager:220 - loadIPPluginJar : add tracer_emb
2025-08-20 03:31:29,710 [INFO] IPUIPlugin:80 - create IPUIPlugin
2025-08-20 03:31:29,710 [INFO] PluginManager:220 - loadIPPluginJar : add ts
2025-08-20 03:31:29,730 [INFO] IPUIPlugin:80 - create IPUIPlugin
2025-08-20 03:31:29,730 [INFO] PluginManager:220 - loadIPPluginJar : add tsc
2025-08-20 03:31:29,749 [INFO] IPUIPlugin:80 - create IPUIPlugin
2025-08-20 03:31:29,749 [INFO] PluginManager:220 - loadIPPluginJar : add ucpd
2025-08-20 03:31:29,782 [INFO] IPUIPlugin:80 - create IPUIPlugin
2025-08-20 03:31:29,782 [INFO] PluginManager:220 - loadIPPluginJar : add usart
2025-08-20 03:31:29,815 [INFO] IPUIPlugin:80 - create IPUIPlugin
2025-08-20 03:31:29,815 [INFO] PluginManager:220 - loadIPPluginJar : add usbx
2025-08-20 03:31:29,924 [FATAL] Updater:351 - Updater called before beeing initialized
2025-08-20 03:31:29,941 [INFO] RulesReader:64 - Compatibility file has been processed (297 Rules)
2025-08-20 03:31:29,948 [INFO] RulesReader:64 - Compatibility file has been processed (297 Rules)
2025-08-20 03:31:29,955 [INFO] CADModel:165 - CPN selected for project level
2025-08-20 03:31:29,955 [INFO] CADModel:114 - Register for checkConnection events
2025-08-20 03:31:29,955 [FATAL] Updater:351 - Updater called before beeing initialized
2025-08-20 03:31:29,956 [ERROR] CADModel:125 - Updater not yet initialized, retry later 
2025-08-20 03:31:30,075 [FATAL] Updater:351 - Updater called before beeing initialized
2025-08-20 03:31:30,077 [INFO] CADModel:165 - CPN selected for project level
2025-08-20 03:31:30,077 [INFO] CADModel:114 - Register for checkConnection events
2025-08-20 03:31:30,077 [FATAL] Updater:351 - Updater called before beeing initialized
2025-08-20 03:31:30,077 [ERROR] CADModel:125 - Updater not yet initialized, retry later 
2025-08-20 03:31:30,079 [FATAL] Updater:351 - Updater called before beeing initialized
2025-08-20 03:31:30,158 [FATAL] Updater:351 - Updater called before beeing initialized
2025-08-20 03:31:30,175 [INFO] DbMcusAds:53 - JSON generation date=Tue Jul 08 03:14:23 CDT 2025 (1751962463582)
2025-08-20 03:31:30,175 [FATAL] Updater:351 - Updater called before beeing initialized
2025-08-20 03:31:30,207 [WARN] DetailPanel:346 - Failed to get advertising image, set to default
2025-08-20 03:31:30,375 [FATAL] Updater:351 - Updater called before beeing initialized
2025-08-20 03:31:30,376 [FATAL] Updater:351 - Updater called before beeing initialized
2025-08-20 03:31:30,377 [FATAL] Updater:351 - Updater called before beeing initialized
2025-08-20 03:31:30,377 [WARN] DetailPanel:346 - Failed to get advertising image, set to default
2025-08-20 03:31:30,378 [FATAL] Updater:351 - Updater called before beeing initialized
2025-08-20 03:31:30,423 [ERROR] Updater:1198 - MainUpdater not yet initialized. External WinMGr cannot be set.
2025-08-20 03:31:30,430 [INFO] Updater:1134 - Updater Version found : 6.13.0
2025-08-20 03:31:30,442 [INFO] ApplicationProperties:184 - Using Application install path: C:\ST\STM32CubeIDE_1.17.0\STM32CubeIDE\plugins\com.st.stm32cube.common.mx_6.13.0.202411220809
2025-08-20 03:31:31,047 [INFO] ThirdPartyUpdaterWithRetryManager:70 - Updater plugin not ready yet. [2/15]
2025-08-20 03:31:32,010 [ERROR] LogOutputStream:75 - [STDERR_REDIRECT] Aug 20, 2025 3:31:32 AM java.util.prefs.WindowsPreferences <init>
2025-08-20 03:31:32,011 [ERROR] LogOutputStream:75 - [STDERR_REDIRECT] WARNING: Could not open/create prefs root node Software\JavaSoft\Prefs at root 0xffffffff80000002. Windows RegCreateKeyEx(...) returned error code 5.
2025-08-20 03:31:32,012 [ERROR] LogOutputStream:75 - [STDERR_REDIRECT] 
2025-08-20 03:31:32,345 [INFO] MainUpdater:2872 - connection check result : 10
2025-08-20 03:31:32,345 [INFO] MainUpdater:289 - Updater Check For Update Now.
2025-08-20 03:31:32,345 [INFO] MicroXplorer:498 - Change Database Version : DB.6.0.130
2025-08-20 03:31:32,359 [INFO] McuFinderGlobals:63 - Set McuFinder mode to 2 (CubeIDE integrated)
2025-08-20 03:31:32,359 [INFO] UserAuth:171 - activating auth plugin
2025-08-20 03:31:32,361 [INFO] UserAuth:486 - Internet connection configuration mode: 1
2025-08-20 03:31:32,398 [INFO] JxBrowserEngine:152 - Initiate JxBrowser Engine with user profile folder
2025-08-20 03:31:32,530 [INFO] CheckServerUpdateThread:120 - End of CheckServer Thread
2025-08-20 03:31:32,978 [INFO] WebApp:168 - Instantiating new browser for Auth
2025-08-20 03:31:33,413 [INFO] WebApp:449 - Apply proxy settings
2025-08-20 03:31:33,413 [INFO] WebApp:534 - Chromium requires no authentication
2025-08-20 03:31:33,418 [INFO] WebApp:477 - Direct internet connection detected
2025-08-20 03:31:33,434 [INFO] WebApp:880 - Register for checkConnection events
2025-08-20 03:31:33,434 [INFO] WebApp:449 - Apply proxy settings
2025-08-20 03:31:33,434 [INFO] WebApp:534 - Chromium requires no authentication
2025-08-20 03:31:33,434 [INFO] WebApp:477 - Direct internet connection detected
2025-08-20 03:31:33,550 [INFO] WebApp:221 - Starting web application
2025-08-20 03:31:33,550 [INFO] WebApp:579 - Web application path used C:\ST\STM32CubeIDE_1.17.0\STM32CubeIDE\plugins\com.st.stm32cube.common.mx_6.13.0.202411220809\db\plugins\mcufinder\reactClient1\index.html
2025-08-20 03:31:33,754 [INFO] WebApp:187 - Connection restablished
2025-08-20 03:31:34,252 [WARN] PackLoader:240 - Cannot read IP mode file for STMicroelectronics.FP-SNS-MOTENVWB1.1.4.0
2025-08-20 03:31:34,265 [WARN] PackLoader:240 - Cannot read IP mode file for STMicroelectronics.FP-ATR-ASTRA1.2.0.2
2025-08-20 03:31:34,274 [WARN] PackLoader:240 - Cannot read IP mode file for STMicroelectronics.FP-ATR-ASTRA1.2.0.1
2025-08-20 03:31:34,287 [WARN] PackLoader:240 - Cannot read IP mode file for STMicroelectronics.X-CUBE-SMBUS.2.1.0
2025-08-20 03:31:34,301 [WARN] PackLoader:240 - Cannot read IP mode file for STMicroelectronics.X-CUBE-WB05N.1.1.0
2025-08-20 03:31:34,314 [WARN] PackLoader:240 - Cannot read IP mode file for STMicroelectronics.X-CUBE-ST60.1.0.0
2025-08-20 03:31:34,344 [WARN] PackLoader:240 - Cannot read IP mode file for STMicroelectronics.X-CUBE-AZRTOS-F7.1.1.0
2025-08-20 03:31:34,358 [WARN] PackLoader:240 - Cannot read IP mode file for STMicroelectronics.FP-SNS-FLIGHT1.5.0.2
2025-08-20 03:31:34,383 [WARN] PackLoader:240 - Cannot read IP mode file for Infineon.AIROC-Wi-Fi-Bluetooth-STM32.1.7.0
2025-08-20 03:31:34,412 [WARN] PackLoader:240 - Cannot read IP mode file for STMicroelectronics.X-CUBE-AZRTOS-H7.3.4.0
2025-08-20 03:31:34,428 [WARN] PackLoader:240 - Cannot read IP mode file for STMicroelectronics.X-CUBE-DISPLAY.3.0.0
2025-08-20 03:31:34,443 [WARN] PackLoader:240 - Cannot read IP mode file for STMicroelectronics.X-CUBE-BLE1.7.0.0
2025-08-20 03:31:34,456 [WARN] PackLoader:240 - Cannot read IP mode file for STMicroelectronics.X-CUBE-NFC10.1.0.0
2025-08-20 03:31:34,470 [WARN] PackLoader:240 - Cannot read IP mode file for STMicroelectronics.X-CUBE-BLEMGR.4.0.0
2025-08-20 03:31:34,484 [WARN] PackLoader:240 - Cannot read IP mode file for emotas.I-CUBE-CANOPEN.1.3.0
2025-08-20 03:31:34,496 [ERROR] Engine:466 - C:\Users\arees\.stm32cubemx\thirdparties\pdsc\STMicroelectronics.FP-SNS-STBOX1.2.1.0.pdsc: PDSC version is not supported
2025-08-20 03:31:34,507 [WARN] PackLoader:240 - Cannot read IP mode file for STMicroelectronics.FP-SNS-SMARTAG2.1.2.0
2025-08-20 03:31:34,518 [WARN] PackLoader:240 - Cannot read IP mode file for STMicroelectronics.FP-SNS-FLIGHT1.5.1.0
2025-08-20 03:31:34,564 [WARN] PackLoader:240 - Cannot read IP mode file for STMicroelectronics.X-CUBE-MEMS1.11.1.0
2025-08-20 03:31:34,683 [INFO] LogOutputStream:77 - [STDOUT_REDIRECT] 1 : Invalid condition id : UX_CORESTACK_Condition cause : null
2025-08-20 03:31:34,684 [INFO] LogOutputStream:77 - [STDOUT_REDIRECT] 1 : Invalid condition id : UX_CORESTACK_Condition cause : null
2025-08-20 03:31:34,686 [INFO] LogOutputStream:77 - [STDOUT_REDIRECT] 1 : Invalid condition id : UX_CORESTACK_Condition cause : null
2025-08-20 03:31:34,688 [INFO] LogOutputStream:77 - [STDOUT_REDIRECT] 1 : Invalid condition id : UX_CORESTACK_Condition cause : null
2025-08-20 03:31:34,689 [INFO] LogOutputStream:77 - [STDOUT_REDIRECT] 1 : Invalid condition id : UX_CORESTACK_Condition cause : null
2025-08-20 03:31:34,692 [WARN] PackLoader:240 - Cannot read IP mode file for STMicroelectronics.X-CUBE-AZRTOS-WL.2.0.0
2025-08-20 03:31:34,711 [WARN] PackLoader:240 - Cannot read IP mode file for STMicroelectronics.FP-SNS-MOTENV1.5.0.0
2025-08-20 03:31:34,723 [WARN] PackLoader:240 - Cannot read IP mode file for wolfSSL.I-CUBE-wolfMQTT.1.19.0
2025-08-20 03:31:34,738 [WARN] PackLoader:240 - Cannot read IP mode file for WES.I-CUBE-Cesium.1.3.0
2025-08-20 03:31:34,751 [WARN] PackLoader:240 - Cannot read IP mode file for STMicroelectronics.X-CUBE-BLE2.3.3.0
2025-08-20 03:31:34,763 [WARN] PackLoader:240 - Cannot read IP mode file for STMicroelectronics.X-CUBE-NFC9.1.0.0
2025-08-20 03:31:34,775 [WARN] PackLoader:240 - Cannot read IP mode file for STMicroelectronics.X-CUBE-BLE1.7.1.0
2025-08-20 03:31:34,790 [WARN] PackLoader:240 - Cannot read IP mode file for STMicroelectronics.X-CUBE-EEPRMA1.5.2.0
2025-08-20 03:31:34,813 [WARN] PackLoader:240 - Cannot read IP mode file for STMicroelectronics.X-CUBE-AZRTOS-G0.1.1.0
2025-08-20 03:31:34,828 [WARN] PackLoader:240 - Cannot read IP mode file for STMicroelectronics.X-CUBE-SAFEA1.1.2.2
2025-08-20 03:31:34,841 [WARN] PackLoader:240 - Cannot read IP mode file for STMicroelectronics.X-CUBE-NFC4.3.0.0
2025-08-20 03:31:34,854 [WARN] PackLoader:240 - Cannot read IP mode file for EmbeddedOffice.I-CUBE-FS-RTOS.1.0.1
2025-08-20 03:31:34,864 [WARN] PackLoader:240 - Cannot read IP mode file for STMicroelectronics.X-CUBE-WB05N.2.0.0
2025-08-20 03:31:34,876 [WARN] PackLoader:240 - Cannot read IP mode file for STMicroelectronics.X-CUBE-TCPP.4.2.0
2025-08-20 03:31:34,887 [WARN] PackLoader:240 - Cannot read IP mode file for RealThread.X-CUBE-RT-Thread_Nano.4.1.1
2025-08-20 03:31:34,897 [WARN] PackLoader:240 - Cannot read IP mode file for STMicroelectronics.FP-ATR-SIGFOX1.3.2.0
2025-08-20 03:31:34,907 [WARN] ConditionMgr:438 - getConditionDescription Invalid condition id : Cortex-A Device cause : null
2025-08-20 03:31:34,926 [WARN] ConditionMgr:1044 - genDependencies : Invalid condition id : Cortex-A Device cause : null
2025-08-20 03:31:34,926 [WARN] ConditionMgr:1044 - genDependencies : Invalid condition id : Cortex-A Device cause : null
2025-08-20 03:31:34,926 [WARN] ConditionMgr:1044 - genDependencies : Invalid condition id : Cortex-A Device cause : null
2025-08-20 03:31:34,937 [WARN] PackLoader:240 - Cannot read IP mode file for STMicroelectronics.X-CUBE-EEPRMA1.5.1.0
2025-08-20 03:31:34,947 [WARN] PackLoader:240 - Cannot read IP mode file for wolfSSL.I-CUBE-wolfSSL.5.7.4
2025-08-20 03:31:34,960 [WARN] PackLoader:240 - Cannot read IP mode file for ITTIA_DB.I-CUBE-ITTIADB.8.9.0
2025-08-20 03:31:34,975 [WARN] PackLoader:240 - Cannot read IP mode file for STMicroelectronics.X-CUBE-ST67W61.1.0.0
2025-08-20 03:31:34,989 [WARN] PackLoader:240 - Cannot read IP mode file for STMicroelectronics.X-CUBE-AI.10.2.0
2025-08-20 03:31:35,019 [WARN] PackLoader:240 - Cannot read IP mode file for SEGGER.I-CUBE-embOS.1.3.1
2025-08-20 03:31:35,044 [WARN] PackLoader:240 - Cannot read IP mode file for STMicroelectronics.X-CUBE-ALGOBUILD.1.4.0
2025-08-20 03:31:35,076 [WARN] PackLoader:240 - Cannot read IP mode file for STMicroelectronics.X-CUBE-MEMS1.11.3.0
2025-08-20 03:31:35,131 [WARN] PackLoader:240 - Cannot read IP mode file for STMicroelectronics.X-CUBE-AI.9.1.0
2025-08-20 03:31:35,143 [WARN] PackLoader:240 - Cannot read IP mode file for STMicroelectronics.X-CUBE-PM33A1.1.0.0
2025-08-20 03:31:35,164 [WARN] PackLoader:240 - Cannot read IP mode file for STMicroelectronics.X-CUBE-AZRTOS-F4.1.1.0
2025-08-20 03:31:35,177 [WARN] PackLoader:240 - Cannot read IP mode file for Avnet-IotConnect.X-CUBE-IoTC-DA16k-PMOD.1.0.0
2025-08-20 03:31:35,188 [WARN] PackLoader:240 - Cannot read IP mode file for STMicroelectronics.X-CUBE-ISPU.2.1.0
2025-08-20 03:31:35,204 [WARN] PackLoader:240 - Cannot read IP mode file for STMicroelectronics.X-CUBE-NFC12.1.0.0
2025-08-20 03:31:35,224 [WARN] PackLoader:240 - Cannot read IP mode file for STMicroelectronics.X-CUBE-AZRTOS-L5.2.0.0
2025-08-20 03:31:35,238 [WARN] PackLoader:240 - Cannot read IP mode file for STMicroelectronics.X-CUBE-NFC6.3.1.0
2025-08-20 03:31:35,251 [WARN] PackLoader:240 - Cannot read IP mode file for STMicroelectronics.X-CUBE-DPower.1.2.0
2025-08-20 03:31:35,263 [WARN] PackLoader:240 - Cannot read IP mode file for STMicroelectronics.X-CUBE-FREERTOS.1.3.1
2025-08-20 03:31:35,273 [WARN] PackLoader:240 - Cannot read IP mode file for STMicroelectronics.X-CUBE-FREERTOS.1.3.0
2025-08-20 03:31:35,286 [WARN] PackLoader:240 - Cannot read IP mode file for STMicroelectronics.X-CUBE-NFC7.1.0.1
2025-08-20 03:31:35,300 [WARN] PackLoader:240 - Cannot read IP mode file for STMicroelectronics.FP-SNS-STAIOTCFT.1.0.0
2025-08-20 03:31:35,316 [WARN] PackLoader:240 - Cannot read IP mode file for STMicroelectronics.X-CUBE-DPower.1.3.0
2025-08-20 03:31:35,336 [WARN] ConditionMgr:438 - getConditionDescription Invalid condition id : LAN8742 Phy interface Condition cause : null
2025-08-20 03:31:35,337 [WARN] PackLoader:240 - Cannot read IP mode file for STMicroelectronics.X-CUBE-AZRTOS-L4.2.0.0
2025-08-20 03:31:35,337 [WARN] ConditionMgr:1044 - genDependencies : Invalid condition id : LAN8742 Phy interface Condition cause : null
2025-08-20 03:31:35,337 [WARN] ConditionMgr:1044 - genDependencies : Invalid condition id : LAN8742 Phy interface Condition cause : null
2025-08-20 03:31:35,338 [WARN] ConditionMgr:1044 - genDependencies : Invalid condition id : LAN8742 Phy interface Condition cause : null
2025-08-20 03:31:35,351 [WARN] PackLoader:240 - Cannot read IP mode file for STMicroelectronics.X-CUBE-SFXS2LP1.4.0.0
2025-08-20 03:31:35,371 [WARN] PackLoader:240 - Cannot read IP mode file for STMicroelectronics.X-CUBE-AZRTOS-H7.3.3.0
2025-08-20 03:31:35,387 [WARN] PackLoader:240 - Cannot read IP mode file for STMicroelectronics.X-CUBE-BLEMGR.4.1.0
2025-08-20 03:31:35,402 [WARN] PackLoader:240 - Cannot read IP mode file for STMicroelectronics.X-CUBE-IPS.3.0.0
2025-08-20 03:31:35,419 [WARN] ConditionMgr:438 - getConditionDescription Invalid condition id : UX DEVICE CLASS RTOS Condition cause : null
2025-08-20 03:31:35,419 [WARN] ConditionMgr:438 - getConditionDescription Invalid condition id : UX DEVICE CLASS RTOS Condition cause : null
2025-08-20 03:31:35,420 [WARN] PackLoader:240 - Cannot read IP mode file for STMicroelectronics.X-CUBE-AZRTOS-WB.2.0.0
2025-08-20 03:31:35,420 [WARN] ConditionMgr:1044 - genDependencies : Invalid condition id : UX DEVICE CLASS RTOS Condition cause : null
2025-08-20 03:31:35,420 [WARN] ConditionMgr:1044 - genDependencies : Invalid condition id : UX DEVICE CLASS RTOS Condition cause : null
2025-08-20 03:31:35,420 [WARN] ConditionMgr:1044 - genDependencies : Invalid condition id : UX DEVICE CLASS RTOS Condition cause : null
2025-08-20 03:31:35,421 [WARN] ConditionMgr:1044 - genDependencies : Invalid condition id : UX DEVICE CLASS RTOS Condition cause : null
2025-08-20 03:31:35,421 [WARN] ConditionMgr:1044 - genDependencies : Invalid condition id : UX DEVICE CLASS RTOS Condition cause : null
2025-08-20 03:31:35,433 [WARN] PackLoader:240 - Cannot read IP mode file for STMicroelectronics.X-CUBE-GNSS1.7.0.1
2025-08-20 03:31:35,446 [WARN] PackLoader:240 - Cannot read IP mode file for STMicroelectronics.X-CUBE-TOUCHGFX.4.25.0
2025-08-20 03:31:35,458 [WARN] PackLoader:240 - Cannot read IP mode file for STMicroelectronics.FP-SNS-STBOX1.2.0.0
2025-08-20 03:31:35,473 [WARN] PackLoader:240 - Cannot read IP mode file for STMicroelectronics.X-CUBE-SUBG2.5.0.0
2025-08-20 03:31:35,495 [WARN] PackLoader:240 - Cannot read IP mode file for STMicroelectronics.X-CUBE-AZRTOS-H7RS.1.1.0
2025-08-20 03:31:35,508 [WARN] PackLoader:240 - Cannot read IP mode file for Cesanta.I-CUBE-Mongoose.7.13.0
2025-08-20 03:31:35,525 [WARN] PackLoader:240 - Cannot read IP mode file for STMicroelectronics.X-CUBE-AZRTOS-G4.2.0.0
2025-08-20 03:31:35,535 [WARN] PackLoader:240 - Cannot read IP mode file for STMicroelectronics.X-CUBE-NFC7.2.0.0
2025-08-20 03:31:35,547 [WARN] PackLoader:240 - Cannot read IP mode file for STMicroelectronics.X-CUBE-IPS.3.1.0
2025-08-20 03:31:35,560 [WARN] PackLoader:240 - Cannot read IP mode file for STMicroelectronics.X-CUBE-ALS.1.0.2
2025-08-20 03:31:35,569 [WARN] PackLoader:240 - Cannot read IP mode file for STMicroelectronics.X-CUBE-TOUCHGFX.4.24.2
2025-08-20 03:31:35,578 [WARN] PackLoader:240 - Cannot read IP mode file for STMicroelectronics.X-CUBE-TOUCHGFX.4.24.1
2025-08-20 03:31:35,588 [WARN] PackLoader:240 - Cannot read IP mode file for wolfSSL.I-CUBE-wolfTPM.3.4.0
2025-08-20 03:31:35,599 [WARN] PackLoader:240 - Cannot read IP mode file for portGmbH.I-Cube-SoM-uGOAL.1.1.0
2025-08-20 03:31:35,616 [WARN] PackLoader:240 - Cannot read IP mode file for STMicroelectronics.X-CUBE-AZRTOS-H7RS.1.0.0
2025-08-20 03:31:35,630 [WARN] PackLoader:240 - Cannot read IP mode file for STMicroelectronics.X-CUBE-TOF1.3.4.2
2025-08-20 03:31:35,646 [WARN] PackLoader:240 - Cannot read IP mode file for STMicroelectronics.X-CUBE-TOF1.3.4.3
2025-08-20 03:31:35,669 [WARN] PackLoader:240 - Cannot read IP mode file for wolfSSL.I-CUBE-wolfSSH.1.4.17
2025-08-20 03:31:35,670 [INFO] ThirdParty:978 - Integrity check success = true
2025-08-20 03:31:35,670 [INFO] IntegrityCheckThread:100 - exiting critical section [integrity check]
2025-08-20 03:31:35,670 [INFO] IntegrityCheckThread:103 - End integrity checks thread
2025-08-20 15:39:46,468 [INFO] Activator:176 - 


2025-08-20 15:39:46,470 [INFO] Activator:177 - !SESSION log4j initialized
2025-08-20 15:39:51,191 [INFO] LogOutputStream:77 - [STDOUT_REDIRECT] 
2025-08-20 15:39:52,153 [INFO] ApplicationProperties:184 - Using Application install path: C:\ST\STM32CubeIDE_1.17.0\STM32CubeIDE\plugins\com.st.stm32cube.common.mx_6.13.0.202411220809
2025-08-20 15:39:52,171 [INFO] DbMcusXml:78 - Set database path to: C:\ST\STM32CubeIDE_1.17.0\STM32CubeIDE\plugins\com.st.stm32cube.common.mx_6.13.0.202411220809\\db\/mcu/
2025-08-20 15:39:52,171 [INFO] ApiDb:274 - Set plugin database path to: C:\ST\STM32CubeIDE_1.17.0\STM32CubeIDE\plugins\com.st.stm32cube.common.mx_6.13.0.202411220809\\db\/plugins/boardmanager/
2025-08-20 15:39:52,172 [WARN] ApiDb:259 - Overriding images path with different value:  => C:\ST\STM32CubeIDE_1.17.0\STM32CubeIDE\plugins\com.st.stm32cube.common.mx_6.13.0.202411220809\\db\/plugins/mcufinder/images/
2025-08-20 15:39:52,180 [INFO] ApiDb:250 - Set database path to: C:\Users\arees\.stmcufinder\plugins\mcufinder//mcu/
2025-08-20 15:39:52,181 [INFO] DbMcusAds:125 - Set database path to: C:\Users\arees\.stmcufinder\plugins\mcufinder//mcu/
2025-08-20 15:39:52,184 [INFO] CrossReferenceDbSqlite:203 - Set database path to: C:\Users\arees\.stmcufinder\plugins\mcufinder//mcu/cs/
2025-08-20 15:39:52,291 [INFO] RulesReader:64 - Compatibility file has been processed (297 Rules)
2025-08-20 15:39:52,390 [INFO] DbMcusXml:78 - Set database path to: C:\ST\STM32CubeIDE_1.17.0\STM32CubeIDE\plugins\com.st.stm32cube.common.mx_6.13.0.202411220809\\db\/mcu/
2025-08-20 15:39:52,390 [INFO] ApiDb:274 - Set plugin database path to: C:\ST\STM32CubeIDE_1.17.0\STM32CubeIDE\plugins\com.st.stm32cube.common.mx_6.13.0.202411220809\\db\/plugins/boardmanager/
2025-08-20 15:39:52,390 [INFO] ApiDb:261 - Set plugin images path to: C:\ST\STM32CubeIDE_1.17.0\STM32CubeIDE\plugins\com.st.stm32cube.common.mx_6.13.0.202411220809\\db\/plugins/mcufinder/images/
2025-08-20 15:39:52,390 [WARN] DbFile:41 - Overriding database path with different value: C:\Users\arees\.stmcufinder\plugins\mcufinder/ => C:\Users\arees\.stmcufinder\plugins\mcufinder
2025-08-20 15:39:52,390 [INFO] ApiDb:250 - Set database path to: C:\Users\arees\.stmcufinder\plugins\mcufinder//mcu/
2025-08-20 15:39:52,391 [WARN] DbFile:41 - Overriding database path with different value: C:\Users\arees\.stmcufinder\plugins\mcufinder/ => C:\Users\arees\.stmcufinder\plugins\mcufinder
2025-08-20 15:39:52,391 [INFO] DbMcusAds:125 - Set database path to: C:\Users\arees\.stmcufinder\plugins\mcufinder//mcu/
2025-08-20 15:39:52,391 [WARN] DbFile:41 - Overriding database path with different value: C:\Users\arees\.stmcufinder\plugins\mcufinder/ => C:\Users\arees\.stmcufinder\plugins\mcufinder
2025-08-20 15:39:52,391 [WARN] DbFile:41 - Overriding database path with different value: C:\Users\arees\.stmcufinder\plugins\mcufinder/ => C:\Users\arees\.stmcufinder\plugins\mcufinder
2025-08-20 15:39:52,391 [INFO] CrossReferenceDbSqlite:203 - Set database path to: C:\Users\arees\.stmcufinder\plugins\mcufinder//mcu/cs/
2025-08-20 15:39:52,459 [INFO] MainPanel:272 - HeapMemory: 268435456
2025-08-20 15:39:52,556 [INFO] DbMcusXml:78 - Set database path to: C:\ST\STM32CubeIDE_1.17.0\STM32CubeIDE\plugins\com.st.stm32cube.common.mx_6.13.0.202411220809\\db\/mcu/
2025-08-20 15:39:52,556 [INFO] ApiDb:274 - Set plugin database path to: C:\ST\STM32CubeIDE_1.17.0\STM32CubeIDE\plugins\com.st.stm32cube.common.mx_6.13.0.202411220809\\db\/plugins/boardmanager/
2025-08-20 15:39:52,556 [INFO] ApiDb:261 - Set plugin images path to: C:\ST\STM32CubeIDE_1.17.0\STM32CubeIDE\plugins\com.st.stm32cube.common.mx_6.13.0.202411220809\\db\/plugins/mcufinder/images/
2025-08-20 15:39:52,556 [WARN] DbFile:41 - Overriding database path with different value: C:\Users\arees\.stmcufinder\plugins\mcufinder/ => C:\Users\arees\.stmcufinder\plugins\mcufinder
2025-08-20 15:39:52,556 [INFO] ApiDb:250 - Set database path to: C:\Users\arees\.stmcufinder\plugins\mcufinder//mcu/
2025-08-20 15:39:52,556 [WARN] DbFile:41 - Overriding database path with different value: C:\Users\arees\.stmcufinder\plugins\mcufinder/ => C:\Users\arees\.stmcufinder\plugins\mcufinder
2025-08-20 15:39:52,556 [INFO] DbMcusAds:125 - Set database path to: C:\Users\arees\.stmcufinder\plugins\mcufinder//mcu/
2025-08-20 15:39:52,556 [WARN] DbFile:41 - Overriding database path with different value: C:\Users\arees\.stmcufinder\plugins\mcufinder/ => C:\Users\arees\.stmcufinder\plugins\mcufinder
2025-08-20 15:39:52,556 [WARN] DbFile:41 - Overriding database path with different value: C:\Users\arees\.stmcufinder\plugins\mcufinder/ => C:\Users\arees\.stmcufinder\plugins\mcufinder
2025-08-20 15:39:52,556 [INFO] CrossReferenceDbSqlite:203 - Set database path to: C:\Users\arees\.stmcufinder\plugins\mcufinder//mcu/cs/
2025-08-20 15:39:52,574 [INFO] ApplicationProperties:184 - Using Application install path: C:\ST\STM32CubeIDE_1.17.0\STM32CubeIDE\plugins\com.st.stm32cube.common.mx_6.13.0.202411220809
2025-08-20 15:39:52,575 [INFO] PluginManage:196 - Search for loadable plugins [exclusion list=, ]
2025-08-20 15:39:52,575 [INFO] PluginManage:310 - Check plugin analytics
2025-08-20 15:39:52,714 [INFO] AnalyticsPlugin:253 - Accepted Software Licenses: 
2025-08-20 15:39:52,715 [INFO] AnalyticsPlugin:255 - Accepted CMSIS Pack Licenses: 
2025-08-20 15:39:52,715 [INFO] AnalyticsPlugin:257 - Accepted Firmware Licenses: 
2025-08-20 15:39:52,719 [INFO] PluginManage:359 - Loaded plugin analytics (category:tool,tabindex:-1)
2025-08-20 15:39:52,720 [INFO] PluginManage:310 - Check plugin cadmodel
2025-08-20 15:39:52,725 [INFO] CADModel:105 - Init CAD model plugin
2025-08-20 15:39:52,726 [INFO] PluginManage:359 - Loaded plugin cadmodel (category:power,tabindex:5)
2025-08-20 15:39:52,726 [INFO] PluginManage:310 - Check plugin clock
2025-08-20 15:39:52,734 [INFO] PluginManage:359 - Loaded plugin clock (category:base,tabindex:2)
2025-08-20 15:39:52,734 [INFO] PluginManage:310 - Check plugin ddr
2025-08-20 15:39:52,737 [INFO] PluginManage:359 - Loaded plugin ddr (category:tool,tabindex:6)
2025-08-20 15:39:52,737 [INFO] PluginManage:310 - Check plugin filemanager
2025-08-20 15:39:52,855 [INFO] PluginManage:359 - Loaded plugin filemanager (category:base,tabindex:10)
2025-08-20 15:39:52,855 [INFO] PluginManage:310 - Check plugin ipmanager
2025-08-20 15:39:52,862 [INFO] PluginManage:359 - Loaded plugin ipmanager (category:base,tabindex:5)
2025-08-20 15:39:52,862 [INFO] PluginManage:310 - Check plugin lpbam
2025-08-20 15:39:52,869 [INFO] PluginManage:359 - Loaded plugin lpbam (category:base,tabindex:0)
2025-08-20 15:39:52,870 [INFO] PluginManage:310 - Check plugin memorymap
2025-08-20 15:39:52,883 [INFO] PluginManage:359 - Loaded plugin memorymap (category:base,tabindex:4)
2025-08-20 15:39:52,883 [INFO] PluginManage:310 - Check plugin pinoutandconfiguration
2025-08-20 15:39:52,891 [INFO] PluginManage:359 - Loaded plugin pinoutandconfiguration (category:base,tabindex:1)
2025-08-20 15:39:52,891 [INFO] PluginManage:310 - Check plugin pinoutconfig
2025-08-20 15:39:52,964 [WARN] SupportedApi:132 - Cannot load RTOS API schema: s4s-elt-must-match.1: The content of 'definitions' must match (annotation?, (simpleType | complexType)?, (unique | key | keyref)*)). A problem was found starting at: attribute.
2025-08-20 15:39:53,081 [INFO] PluginManage:359 - Loaded plugin pinoutconfig (category:base,tabindex:0)
2025-08-20 15:39:53,082 [INFO] PluginManage:310 - Check plugin power
2025-08-20 15:39:53,091 [INFO] PluginManage:359 - Loaded plugin power (category:power,tabindex:4)
2025-08-20 15:39:53,091 [INFO] PluginManage:310 - Check plugin projectmanager
2025-08-20 15:39:53,104 [INFO] PluginManage:359 - Loaded plugin projectmanager (category:projectmanager,tabindex:4)
2025-08-20 15:39:53,104 [INFO] PluginManage:310 - Check plugin rif
2025-08-20 15:39:53,113 [INFO] PluginManage:359 - Loaded plugin rif (category:base,tabindex:3)
2025-08-20 15:39:53,113 [INFO] PluginManage:310 - Check plugin thirdparty
2025-08-20 15:39:53,249 [WARN] IntegrityCheckThread:84 - waiting for thirdparty lock release [integrity check]
2025-08-20 15:39:53,249 [INFO] IntegrityCheckThread:86 - entering critical section [integrity check]
2025-08-20 15:39:53,250 [INFO] ThirdPartyUpdaterWithRetryManager:70 - Updater plugin not ready yet. [1/15]
2025-08-20 15:39:53,250 [INFO] PluginManage:359 - Loaded plugin thirdparty (category:base,tabindex:-1)
2025-08-20 15:39:53,250 [INFO] PluginManage:310 - Check plugin tools
2025-08-20 15:39:53,252 [INFO] PluginManage:359 - Loaded plugin tools (category:base,tabindex:7)
2025-08-20 15:39:53,253 [INFO] PluginManage:310 - Check plugin tutovideos
2025-08-20 15:39:53,405 [INFO] PluginManage:359 - Loaded plugin tutovideos (category:base,tabindex:-1)
2025-08-20 15:39:53,405 [INFO] PluginManage:310 - Check plugin updater
2025-08-20 15:39:53,424 [INFO] PluginManage:359 - Loaded plugin updater (category:base,tabindex:12)
2025-08-20 15:39:53,424 [INFO] PluginManage:310 - Check plugin userauth
2025-08-20 15:39:53,429 [INFO] UserAuth:118 - Init User Auth plugin
2025-08-20 15:39:53,429 [INFO] PluginManage:359 - Loaded plugin userauth (category:base,tabindex:14)
2025-08-20 15:39:53,430 [INFO] PluginManage:283 - PluginManage : Loaded plugins [18]
2025-08-20 15:39:53,623 [INFO] PinOutPanel:1589 - setPackage(No Configuration,No Configuration)
2025-08-20 15:39:53,703 [INFO] CADModel:165 - CPN selected for project level
2025-08-20 15:39:53,704 [INFO] CADModel:114 - Register for checkConnection events
2025-08-20 15:39:53,721 [INFO] IPUIPlugin:80 - create IPUIPlugin
2025-08-20 15:39:53,721 [INFO] PluginManager:220 - loadIPPluginJar : add adc
2025-08-20 15:39:53,724 [INFO] IPUIPlugin:80 - create IPUIPlugin
2025-08-20 15:39:53,724 [INFO] PluginManager:220 - loadIPPluginJar : add aes
2025-08-20 15:39:53,727 [INFO] IPUIPlugin:80 - create IPUIPlugin
2025-08-20 15:39:53,727 [INFO] PluginManager:220 - loadIPPluginJar : add can
2025-08-20 15:39:53,729 [INFO] IPUIPlugin:80 - create IPUIPlugin
2025-08-20 15:39:53,729 [INFO] PluginManager:220 - loadIPPluginJar : add comp
2025-08-20 15:39:53,731 [INFO] IPUIPlugin:80 - create IPUIPlugin
2025-08-20 15:39:53,732 [INFO] PluginManager:220 - loadIPPluginJar : add cryp
2025-08-20 15:39:53,735 [INFO] IPUIPlugin:80 - create IPUIPlugin
2025-08-20 15:39:53,735 [INFO] PluginManager:220 - loadIPPluginJar : add ddr_ctrl_phy
2025-08-20 15:39:53,737 [INFO] IPUIPlugin:80 - create IPUIPlugin
2025-08-20 15:39:53,737 [INFO] PluginManager:220 - loadIPPluginJar : add dfsdm
2025-08-20 15:39:53,742 [INFO] IPUIPlugin:80 - create IPUIPlugin
2025-08-20 15:39:53,742 [INFO] PluginManager:220 - loadIPPluginJar : add dma
2025-08-20 15:39:53,744 [INFO] IPUIPlugin:80 - create IPUIPlugin
2025-08-20 15:39:53,745 [INFO] PluginManager:220 - loadIPPluginJar : add dma3
2025-08-20 15:39:53,747 [INFO] IPUIPlugin:80 - create IPUIPlugin
2025-08-20 15:39:53,747 [INFO] PluginManager:220 - loadIPPluginJar : add extmemmanager
2025-08-20 15:39:53,749 [INFO] IPUIPlugin:80 - create IPUIPlugin
2025-08-20 15:39:53,749 [INFO] PluginManager:220 - loadIPPluginJar : add fatfs
2025-08-20 15:39:53,752 [INFO] IPUIPlugin:80 - create IPUIPlugin
2025-08-20 15:39:53,753 [INFO] PluginManager:220 - loadIPPluginJar : add fmc
2025-08-20 15:39:53,757 [INFO] IPUIPlugin:80 - create IPUIPlugin
2025-08-20 15:39:53,757 [INFO] PluginManager:220 - loadIPPluginJar : add freertos
2025-08-20 15:39:53,758 [INFO] IPUIPlugin:80 - create IPUIPlugin
2025-08-20 15:39:53,758 [INFO] PluginManager:220 - loadIPPluginJar : add genericplugin
2025-08-20 15:39:53,760 [INFO] IPUIPlugin:80 - create IPUIPlugin
2025-08-20 15:39:53,760 [INFO] PluginManager:220 - loadIPPluginJar : add gfxmmu
2025-08-20 15:39:53,765 [INFO] IPUIPlugin:80 - create IPUIPlugin
2025-08-20 15:39:53,765 [INFO] PluginManager:220 - loadIPPluginJar : add gic
2025-08-20 15:39:53,770 [INFO] IPUIPlugin:80 - create IPUIPlugin
2025-08-20 15:39:53,770 [INFO] PluginManager:220 - loadIPPluginJar : add gpio
2025-08-20 15:39:53,773 [INFO] IPUIPlugin:80 - create IPUIPlugin
2025-08-20 15:39:53,773 [INFO] PluginManager:220 - loadIPPluginJar : add gtzc
2025-08-20 15:39:53,775 [INFO] IPUIPlugin:80 - create IPUIPlugin
2025-08-20 15:39:53,775 [INFO] PluginManager:220 - loadIPPluginJar : add hash
2025-08-20 15:39:53,778 [INFO] IPUIPlugin:80 - create IPUIPlugin
2025-08-20 15:39:53,778 [INFO] PluginManager:220 - loadIPPluginJar : add i2c
2025-08-20 15:39:53,780 [INFO] IPUIPlugin:80 - create IPUIPlugin
2025-08-20 15:39:53,780 [INFO] PluginManager:220 - loadIPPluginJar : add i2s
2025-08-20 15:39:53,782 [INFO] IPUIPlugin:80 - create IPUIPlugin
2025-08-20 15:39:53,782 [INFO] PluginManager:220 - loadIPPluginJar : add i3c
2025-08-20 15:39:53,785 [INFO] IPUIPlugin:80 - create IPUIPlugin
2025-08-20 15:39:53,785 [INFO] PluginManager:220 - loadIPPluginJar : add ipddr
2025-08-20 15:39:53,792 [INFO] IPUIPlugin:80 - create IPUIPlugin
2025-08-20 15:39:53,792 [INFO] PluginManager:220 - loadIPPluginJar : add linkedlist
2025-08-20 15:39:53,795 [INFO] IPUIPlugin:80 - create IPUIPlugin
2025-08-20 15:39:53,795 [INFO] PluginManager:220 - loadIPPluginJar : add lorawan
2025-08-20 15:39:53,796 [INFO] IPUIPlugin:80 - create IPUIPlugin
2025-08-20 15:39:53,797 [INFO] PluginManager:220 - loadIPPluginJar : add ltdc
2025-08-20 15:39:53,802 [INFO] IPUIPlugin:80 - create IPUIPlugin
2025-08-20 15:39:53,802 [INFO] PluginManager:220 - loadIPPluginJar : add mdma
2025-08-20 15:39:53,805 [INFO] IPUIPlugin:80 - create IPUIPlugin
2025-08-20 15:39:53,806 [INFO] PluginManager:220 - loadIPPluginJar : add nvic
2025-08-20 15:39:53,808 [INFO] IPUIPlugin:80 - create IPUIPlugin
2025-08-20 15:39:53,809 [INFO] PluginManager:220 - loadIPPluginJar : add opamp
2025-08-20 15:39:53,816 [INFO] IPUIPlugin:80 - create IPUIPlugin
2025-08-20 15:39:53,816 [INFO] PluginManager:220 - loadIPPluginJar : add openamp
2025-08-20 15:39:53,819 [INFO] IPUIPlugin:80 - create IPUIPlugin
2025-08-20 15:39:53,819 [INFO] PluginManager:220 - loadIPPluginJar : add pdm2pcm
2025-08-20 15:39:53,823 [INFO] IPUIPlugin:80 - create IPUIPlugin
2025-08-20 15:39:53,825 [INFO] PluginManager:220 - loadIPPluginJar : add plateformsettings
2025-08-20 15:39:53,826 [INFO] IPUIPlugin:80 - create IPUIPlugin
2025-08-20 15:39:53,826 [INFO] PluginManager:220 - loadIPPluginJar : add quadspi
2025-08-20 15:39:53,828 [INFO] IPUIPlugin:80 - create IPUIPlugin
2025-08-20 15:39:53,829 [INFO] PluginManager:220 - loadIPPluginJar : add radio
2025-08-20 15:39:53,832 [INFO] IPUIPlugin:80 - create IPUIPlugin
2025-08-20 15:39:53,832 [INFO] PluginManager:220 - loadIPPluginJar : add resmgrutility
2025-08-20 15:39:53,835 [INFO] IPUIPlugin:80 - create IPUIPlugin
2025-08-20 15:39:53,835 [INFO] PluginManager:220 - loadIPPluginJar : add sai
2025-08-20 15:39:53,837 [INFO] IPUIPlugin:80 - create IPUIPlugin
2025-08-20 15:39:53,837 [INFO] PluginManager:220 - loadIPPluginJar : add spi
2025-08-20 15:39:53,841 [INFO] IPUIPlugin:80 - create IPUIPlugin
2025-08-20 15:39:53,841 [INFO] PluginManager:220 - loadIPPluginJar : add stm32_wpan
2025-08-20 15:39:53,843 [INFO] IPUIPlugin:80 - create IPUIPlugin
2025-08-20 15:39:53,843 [INFO] PluginManager:220 - loadIPPluginJar : add tim
2025-08-20 15:39:53,845 [INFO] IPUIPlugin:80 - create IPUIPlugin
2025-08-20 15:39:53,845 [INFO] PluginManager:220 - loadIPPluginJar : add touchsensing
2025-08-20 15:39:53,848 [INFO] IPUIPlugin:80 - create IPUIPlugin
2025-08-20 15:39:53,848 [INFO] PluginManager:220 - loadIPPluginJar : add tracer_emb
2025-08-20 15:39:53,850 [INFO] IPUIPlugin:80 - create IPUIPlugin
2025-08-20 15:39:53,850 [INFO] PluginManager:220 - loadIPPluginJar : add ts
2025-08-20 15:39:53,852 [INFO] IPUIPlugin:80 - create IPUIPlugin
2025-08-20 15:39:53,852 [INFO] PluginManager:220 - loadIPPluginJar : add tsc
2025-08-20 15:39:53,853 [INFO] IPUIPlugin:80 - create IPUIPlugin
2025-08-20 15:39:53,853 [INFO] PluginManager:220 - loadIPPluginJar : add ucpd
2025-08-20 15:39:53,856 [INFO] IPUIPlugin:80 - create IPUIPlugin
2025-08-20 15:39:53,856 [INFO] PluginManager:220 - loadIPPluginJar : add usart
2025-08-20 15:39:53,859 [INFO] IPUIPlugin:80 - create IPUIPlugin
2025-08-20 15:39:53,859 [INFO] PluginManager:220 - loadIPPluginJar : add usbx
2025-08-20 15:39:53,975 [FATAL] Updater:351 - Updater called before beeing initialized
2025-08-20 15:39:53,995 [INFO] RulesReader:64 - Compatibility file has been processed (297 Rules)
2025-08-20 15:39:54,005 [INFO] RulesReader:64 - Compatibility file has been processed (297 Rules)
2025-08-20 15:39:54,013 [INFO] CADModel:165 - CPN selected for project level
2025-08-20 15:39:54,013 [INFO] CADModel:114 - Register for checkConnection events
2025-08-20 15:39:54,013 [FATAL] Updater:351 - Updater called before beeing initialized
2025-08-20 15:39:54,013 [ERROR] CADModel:125 - Updater not yet initialized, retry later 
2025-08-20 15:39:54,182 [FATAL] Updater:351 - Updater called before beeing initialized
2025-08-20 15:39:54,184 [INFO] CADModel:165 - CPN selected for project level
2025-08-20 15:39:54,184 [INFO] CADModel:114 - Register for checkConnection events
2025-08-20 15:39:54,184 [FATAL] Updater:351 - Updater called before beeing initialized
2025-08-20 15:39:54,184 [ERROR] CADModel:125 - Updater not yet initialized, retry later 
2025-08-20 15:39:54,187 [FATAL] Updater:351 - Updater called before beeing initialized
2025-08-20 15:39:54,287 [FATAL] Updater:351 - Updater called before beeing initialized
2025-08-20 15:39:54,291 [INFO] DbMcusAds:53 - JSON generation date=Tue Jul 08 03:14:23 CDT 2025 (1751962463582)
2025-08-20 15:39:54,291 [FATAL] Updater:351 - Updater called before beeing initialized
2025-08-20 15:39:54,325 [WARN] DetailPanel:346 - Failed to get advertising image, set to default
2025-08-20 15:39:54,506 [FATAL] Updater:351 - Updater called before beeing initialized
2025-08-20 15:39:54,508 [FATAL] Updater:351 - Updater called before beeing initialized
2025-08-20 15:39:54,508 [FATAL] Updater:351 - Updater called before beeing initialized
2025-08-20 15:39:54,509 [WARN] DetailPanel:346 - Failed to get advertising image, set to default
2025-08-20 15:39:54,509 [FATAL] Updater:351 - Updater called before beeing initialized
2025-08-20 15:39:54,552 [ERROR] Updater:1198 - MainUpdater not yet initialized. External WinMGr cannot be set.
2025-08-20 15:39:54,554 [INFO] Updater:1134 - Updater Version found : 6.13.0
2025-08-20 15:39:54,569 [INFO] ApplicationProperties:184 - Using Application install path: C:\ST\STM32CubeIDE_1.17.0\STM32CubeIDE\plugins\com.st.stm32cube.common.mx_6.13.0.202411220809
2025-08-20 15:39:56,138 [ERROR] LogOutputStream:75 - [STDERR_REDIRECT] Aug 20, 2025 3:39:56 PM java.util.prefs.WindowsPreferences <init>
2025-08-20 15:39:56,139 [ERROR] LogOutputStream:75 - [STDERR_REDIRECT] WARNING: Could not open/create prefs root node Software\JavaSoft\Prefs at root 0xffffffff80000002. Windows RegCreateKeyEx(...) returned error code 5.
2025-08-20 15:39:56,140 [ERROR] LogOutputStream:75 - [STDERR_REDIRECT] 
2025-08-20 15:39:56,250 [INFO] ThirdPartyUpdaterWithRetryManager:70 - Updater plugin not ready yet. [2/15]
2025-08-20 15:39:56,451 [INFO] MainUpdater:2872 - connection check result : 10
2025-08-20 15:39:56,452 [INFO] MainUpdater:289 - Updater Check For Update Now.
2025-08-20 15:39:56,452 [INFO] MicroXplorer:498 - Change Database Version : DB.6.0.130
2025-08-20 15:39:56,460 [INFO] McuFinderGlobals:63 - Set McuFinder mode to 2 (CubeIDE integrated)
2025-08-20 15:39:56,460 [INFO] UserAuth:171 - activating auth plugin
2025-08-20 15:39:56,463 [INFO] UserAuth:486 - Internet connection configuration mode: 1
2025-08-20 15:39:56,503 [INFO] JxBrowserEngine:152 - Initiate JxBrowser Engine with user profile folder
2025-08-20 15:39:56,653 [INFO] CheckServerUpdateThread:120 - End of CheckServer Thread
2025-08-20 15:39:57,328 [INFO] WebApp:168 - Instantiating new browser for Auth
2025-08-20 15:39:57,968 [INFO] WebApp:449 - Apply proxy settings
2025-08-20 15:39:57,968 [INFO] WebApp:534 - Chromium requires no authentication
2025-08-20 15:39:57,977 [INFO] WebApp:477 - Direct internet connection detected
2025-08-20 15:39:58,005 [INFO] WebApp:880 - Register for checkConnection events
2025-08-20 15:39:58,005 [INFO] WebApp:449 - Apply proxy settings
2025-08-20 15:39:58,005 [INFO] WebApp:534 - Chromium requires no authentication
2025-08-20 15:39:58,006 [INFO] WebApp:477 - Direct internet connection detected
2025-08-20 15:39:58,191 [INFO] WebApp:221 - Starting web application
2025-08-20 15:39:58,192 [INFO] WebApp:579 - Web application path used C:\ST\STM32CubeIDE_1.17.0\STM32CubeIDE\plugins\com.st.stm32cube.common.mx_6.13.0.202411220809\db\plugins\mcufinder\reactClient1\index.html
2025-08-20 15:39:58,522 [INFO] WebApp:187 - Connection restablished
2025-08-20 15:39:59,543 [WARN] PackLoader:240 - Cannot read IP mode file for STMicroelectronics.FP-SNS-MOTENVWB1.1.4.0
2025-08-20 15:39:59,553 [WARN] PackLoader:240 - Cannot read IP mode file for STMicroelectronics.FP-ATR-ASTRA1.2.0.2
2025-08-20 15:39:59,557 [WARN] PackLoader:240 - Cannot read IP mode file for STMicroelectronics.FP-ATR-ASTRA1.2.0.1
2025-08-20 15:39:59,570 [WARN] PackLoader:240 - Cannot read IP mode file for STMicroelectronics.X-CUBE-SMBUS.2.1.0
2025-08-20 15:39:59,576 [WARN] PackLoader:240 - Cannot read IP mode file for STMicroelectronics.X-CUBE-WB05N.1.1.0
2025-08-20 15:39:59,582 [WARN] PackLoader:240 - Cannot read IP mode file for STMicroelectronics.X-CUBE-ST60.1.0.0
2025-08-20 15:39:59,605 [WARN] PackLoader:240 - Cannot read IP mode file for STMicroelectronics.X-CUBE-AZRTOS-F7.1.1.0
2025-08-20 15:39:59,613 [WARN] PackLoader:240 - Cannot read IP mode file for STMicroelectronics.FP-SNS-FLIGHT1.5.0.2
2025-08-20 15:39:59,632 [WARN] PackLoader:240 - Cannot read IP mode file for Infineon.AIROC-Wi-Fi-Bluetooth-STM32.1.7.0
2025-08-20 15:39:59,655 [WARN] PackLoader:240 - Cannot read IP mode file for STMicroelectronics.X-CUBE-AZRTOS-H7.3.4.0
2025-08-20 15:39:59,664 [WARN] PackLoader:240 - Cannot read IP mode file for STMicroelectronics.X-CUBE-DISPLAY.3.0.0
2025-08-20 15:39:59,673 [WARN] PackLoader:240 - Cannot read IP mode file for STMicroelectronics.X-CUBE-BLE1.7.0.0
2025-08-20 15:39:59,678 [WARN] PackLoader:240 - Cannot read IP mode file for STMicroelectronics.X-CUBE-NFC10.1.0.0
2025-08-20 15:39:59,687 [WARN] PackLoader:240 - Cannot read IP mode file for STMicroelectronics.X-CUBE-BLEMGR.4.0.0
2025-08-20 15:39:59,694 [WARN] PackLoader:240 - Cannot read IP mode file for emotas.I-CUBE-CANOPEN.1.3.0
2025-08-20 15:39:59,699 [ERROR] Engine:466 - C:\Users\arees\.stm32cubemx\thirdparties\pdsc\STMicroelectronics.FP-SNS-STBOX1.2.1.0.pdsc: PDSC version is not supported
2025-08-20 15:39:59,702 [WARN] PackLoader:240 - Cannot read IP mode file for STMicroelectronics.FP-SNS-SMARTAG2.1.2.0
2025-08-20 15:39:59,705 [WARN] PackLoader:240 - Cannot read IP mode file for STMicroelectronics.FP-SNS-FLIGHT1.5.1.0
2025-08-20 15:39:59,744 [WARN] PackLoader:240 - Cannot read IP mode file for STMicroelectronics.X-CUBE-MEMS1.11.1.0
2025-08-20 15:40:00,017 [INFO] LogOutputStream:77 - [STDOUT_REDIRECT] 1 : Invalid condition id : UX_CORESTACK_Condition cause : null
2025-08-20 15:40:00,020 [INFO] LogOutputStream:77 - [STDOUT_REDIRECT] 1 : Invalid condition id : UX_CORESTACK_Condition cause : null
2025-08-20 15:40:00,023 [INFO] LogOutputStream:77 - [STDOUT_REDIRECT] 1 : Invalid condition id : UX_CORESTACK_Condition cause : null
2025-08-20 15:40:00,025 [INFO] LogOutputStream:77 - [STDOUT_REDIRECT] 1 : Invalid condition id : UX_CORESTACK_Condition cause : null
2025-08-20 15:40:00,027 [INFO] LogOutputStream:77 - [STDOUT_REDIRECT] 1 : Invalid condition id : UX_CORESTACK_Condition cause : null
2025-08-20 15:40:00,029 [WARN] PackLoader:240 - Cannot read IP mode file for STMicroelectronics.X-CUBE-AZRTOS-WL.2.0.0
2025-08-20 15:40:00,036 [WARN] PackLoader:240 - Cannot read IP mode file for STMicroelectronics.FP-SNS-MOTENV1.5.0.0
2025-08-20 15:40:00,042 [WARN] PackLoader:240 - Cannot read IP mode file for wolfSSL.I-CUBE-wolfMQTT.1.19.0
2025-08-20 15:40:00,054 [WARN] PackLoader:240 - Cannot read IP mode file for WES.I-CUBE-Cesium.1.3.0
2025-08-20 15:40:00,062 [WARN] PackLoader:240 - Cannot read IP mode file for STMicroelectronics.X-CUBE-BLE2.3.3.0
2025-08-20 15:40:00,071 [WARN] PackLoader:240 - Cannot read IP mode file for STMicroelectronics.X-CUBE-NFC9.1.0.0
2025-08-20 15:40:00,077 [WARN] PackLoader:240 - Cannot read IP mode file for STMicroelectronics.X-CUBE-BLE1.7.1.0
2025-08-20 15:40:00,083 [WARN] PackLoader:240 - Cannot read IP mode file for STMicroelectronics.X-CUBE-EEPRMA1.5.2.0
2025-08-20 15:40:00,096 [WARN] PackLoader:240 - Cannot read IP mode file for STMicroelectronics.X-CUBE-AZRTOS-G0.1.1.0
2025-08-20 15:40:00,104 [WARN] PackLoader:240 - Cannot read IP mode file for STMicroelectronics.X-CUBE-SAFEA1.1.2.2
2025-08-20 15:40:00,109 [WARN] PackLoader:240 - Cannot read IP mode file for STMicroelectronics.X-CUBE-NFC4.3.0.0
2025-08-20 15:40:00,117 [WARN] PackLoader:240 - Cannot read IP mode file for EmbeddedOffice.I-CUBE-FS-RTOS.1.0.1
2025-08-20 15:40:00,122 [WARN] PackLoader:240 - Cannot read IP mode file for STMicroelectronics.X-CUBE-WB05N.2.0.0
2025-08-20 15:40:00,128 [WARN] PackLoader:240 - Cannot read IP mode file for STMicroelectronics.X-CUBE-TCPP.4.2.0
2025-08-20 15:40:00,135 [WARN] PackLoader:240 - Cannot read IP mode file for RealThread.X-CUBE-RT-Thread_Nano.4.1.1
2025-08-20 15:40:00,141 [WARN] PackLoader:240 - Cannot read IP mode file for STMicroelectronics.FP-ATR-SIGFOX1.3.2.0
2025-08-20 15:40:00,145 [WARN] ConditionMgr:438 - getConditionDescription Invalid condition id : Cortex-A Device cause : null
2025-08-20 15:40:00,160 [WARN] ConditionMgr:1044 - genDependencies : Invalid condition id : Cortex-A Device cause : null
2025-08-20 15:40:00,161 [WARN] ConditionMgr:1044 - genDependencies : Invalid condition id : Cortex-A Device cause : null
2025-08-20 15:40:00,161 [WARN] ConditionMgr:1044 - genDependencies : Invalid condition id : Cortex-A Device cause : null
2025-08-20 15:40:00,166 [WARN] PackLoader:240 - Cannot read IP mode file for STMicroelectronics.X-CUBE-EEPRMA1.5.1.0
2025-08-20 15:40:00,171 [WARN] PackLoader:240 - Cannot read IP mode file for wolfSSL.I-CUBE-wolfSSL.5.7.4
2025-08-20 15:40:00,177 [WARN] PackLoader:240 - Cannot read IP mode file for ITTIA_DB.I-CUBE-ITTIADB.8.9.0
2025-08-20 15:40:00,185 [WARN] PackLoader:240 - Cannot read IP mode file for STMicroelectronics.X-CUBE-ST67W61.1.0.0
2025-08-20 15:40:00,191 [WARN] PackLoader:240 - Cannot read IP mode file for STMicroelectronics.X-CUBE-AI.10.2.0
2025-08-20 15:40:00,218 [WARN] PackLoader:240 - Cannot read IP mode file for SEGGER.I-CUBE-embOS.1.3.1
2025-08-20 15:40:00,251 [WARN] PackLoader:240 - Cannot read IP mode file for STMicroelectronics.X-CUBE-ALGOBUILD.1.4.0
2025-08-20 15:40:00,290 [WARN] PackLoader:240 - Cannot read IP mode file for STMicroelectronics.X-CUBE-MEMS1.11.3.0
2025-08-20 15:40:00,425 [WARN] PackLoader:240 - Cannot read IP mode file for STMicroelectronics.X-CUBE-AI.9.1.0
2025-08-20 15:40:00,430 [WARN] PackLoader:240 - Cannot read IP mode file for STMicroelectronics.X-CUBE-PM33A1.1.0.0
2025-08-20 15:40:00,442 [WARN] PackLoader:240 - Cannot read IP mode file for STMicroelectronics.X-CUBE-AZRTOS-F4.1.1.0
2025-08-20 15:40:00,451 [WARN] PackLoader:240 - Cannot read IP mode file for Avnet-IotConnect.X-CUBE-IoTC-DA16k-PMOD.1.0.0
2025-08-20 15:40:00,459 [WARN] PackLoader:240 - Cannot read IP mode file for STMicroelectronics.X-CUBE-ISPU.2.1.0
2025-08-20 15:40:00,467 [WARN] PackLoader:240 - Cannot read IP mode file for STMicroelectronics.X-CUBE-NFC12.1.0.0
2025-08-20 15:40:00,481 [WARN] PackLoader:240 - Cannot read IP mode file for STMicroelectronics.X-CUBE-AZRTOS-L5.2.0.0
2025-08-20 15:40:00,497 [WARN] PackLoader:240 - Cannot read IP mode file for STMicroelectronics.X-CUBE-NFC6.3.1.0
2025-08-20 15:40:00,505 [WARN] PackLoader:240 - Cannot read IP mode file for STMicroelectronics.X-CUBE-DPower.1.2.0
2025-08-20 15:40:00,512 [WARN] PackLoader:240 - Cannot read IP mode file for STMicroelectronics.X-CUBE-FREERTOS.1.3.1
2025-08-20 15:40:00,515 [WARN] PackLoader:240 - Cannot read IP mode file for STMicroelectronics.X-CUBE-FREERTOS.1.3.0
2025-08-20 15:40:00,521 [WARN] PackLoader:240 - Cannot read IP mode file for STMicroelectronics.X-CUBE-NFC7.1.0.1
2025-08-20 15:40:00,527 [WARN] PackLoader:240 - Cannot read IP mode file for STMicroelectronics.FP-SNS-STAIOTCFT.1.0.0
2025-08-20 15:40:00,531 [WARN] PackLoader:240 - Cannot read IP mode file for STMicroelectronics.X-CUBE-DPower.1.3.0
2025-08-20 15:40:00,544 [WARN] ConditionMgr:438 - getConditionDescription Invalid condition id : LAN8742 Phy interface Condition cause : null
2025-08-20 15:40:00,545 [WARN] PackLoader:240 - Cannot read IP mode file for STMicroelectronics.X-CUBE-AZRTOS-L4.2.0.0
2025-08-20 15:40:00,546 [WARN] ConditionMgr:1044 - genDependencies : Invalid condition id : LAN8742 Phy interface Condition cause : null
2025-08-20 15:40:00,547 [WARN] ConditionMgr:1044 - genDependencies : Invalid condition id : LAN8742 Phy interface Condition cause : null
2025-08-20 15:40:00,548 [WARN] ConditionMgr:1044 - genDependencies : Invalid condition id : LAN8742 Phy interface Condition cause : null
2025-08-20 15:40:00,555 [WARN] PackLoader:240 - Cannot read IP mode file for STMicroelectronics.X-CUBE-SFXS2LP1.4.0.0
2025-08-20 15:40:00,570 [WARN] PackLoader:240 - Cannot read IP mode file for STMicroelectronics.X-CUBE-AZRTOS-H7.3.3.0
2025-08-20 15:40:00,581 [WARN] PackLoader:240 - Cannot read IP mode file for STMicroelectronics.X-CUBE-BLEMGR.4.1.0
2025-08-20 15:40:00,605 [WARN] PackLoader:240 - Cannot read IP mode file for STMicroelectronics.X-CUBE-IPS.3.0.0
2025-08-20 15:40:00,623 [WARN] ConditionMgr:438 - getConditionDescription Invalid condition id : UX DEVICE CLASS RTOS Condition cause : null
2025-08-20 15:40:00,623 [WARN] ConditionMgr:438 - getConditionDescription Invalid condition id : UX DEVICE CLASS RTOS Condition cause : null
2025-08-20 15:40:00,624 [WARN] PackLoader:240 - Cannot read IP mode file for STMicroelectronics.X-CUBE-AZRTOS-WB.2.0.0
2025-08-20 15:40:00,624 [WARN] ConditionMgr:1044 - genDependencies : Invalid condition id : UX DEVICE CLASS RTOS Condition cause : null
2025-08-20 15:40:00,625 [WARN] ConditionMgr:1044 - genDependencies : Invalid condition id : UX DEVICE CLASS RTOS Condition cause : null
2025-08-20 15:40:00,625 [WARN] ConditionMgr:1044 - genDependencies : Invalid condition id : UX DEVICE CLASS RTOS Condition cause : null
2025-08-20 15:40:00,625 [WARN] ConditionMgr:1044 - genDependencies : Invalid condition id : UX DEVICE CLASS RTOS Condition cause : null
2025-08-20 15:40:00,625 [WARN] ConditionMgr:1044 - genDependencies : Invalid condition id : UX DEVICE CLASS RTOS Condition cause : null
2025-08-20 15:40:00,631 [WARN] PackLoader:240 - Cannot read IP mode file for STMicroelectronics.X-CUBE-GNSS1.7.0.1
2025-08-20 15:40:00,639 [WARN] PackLoader:240 - Cannot read IP mode file for STMicroelectronics.X-CUBE-TOUCHGFX.4.25.0
2025-08-20 15:40:00,645 [WARN] PackLoader:240 - Cannot read IP mode file for STMicroelectronics.FP-SNS-STBOX1.2.0.0
2025-08-20 15:40:00,670 [WARN] PackLoader:240 - Cannot read IP mode file for STMicroelectronics.X-CUBE-SUBG2.5.0.0
2025-08-20 15:40:00,691 [WARN] PackLoader:240 - Cannot read IP mode file for STMicroelectronics.X-CUBE-AZRTOS-H7RS.1.1.0
2025-08-20 15:40:00,698 [WARN] PackLoader:240 - Cannot read IP mode file for Cesanta.I-CUBE-Mongoose.7.13.0
2025-08-20 15:40:00,707 [WARN] PackLoader:240 - Cannot read IP mode file for STMicroelectronics.X-CUBE-AZRTOS-G4.2.0.0
2025-08-20 15:40:00,711 [WARN] PackLoader:240 - Cannot read IP mode file for STMicroelectronics.X-CUBE-NFC7.2.0.0
2025-08-20 15:40:00,717 [WARN] PackLoader:240 - Cannot read IP mode file for STMicroelectronics.X-CUBE-IPS.3.1.0
2025-08-20 15:40:00,723 [WARN] PackLoader:240 - Cannot read IP mode file for STMicroelectronics.X-CUBE-ALS.1.0.2
2025-08-20 15:40:00,725 [WARN] PackLoader:240 - Cannot read IP mode file for STMicroelectronics.X-CUBE-TOUCHGFX.4.24.2
2025-08-20 15:40:00,728 [WARN] PackLoader:240 - Cannot read IP mode file for STMicroelectronics.X-CUBE-TOUCHGFX.4.24.1
2025-08-20 15:40:00,731 [WARN] PackLoader:240 - Cannot read IP mode file for wolfSSL.I-CUBE-wolfTPM.3.4.0
2025-08-20 15:40:00,736 [WARN] PackLoader:240 - Cannot read IP mode file for portGmbH.I-Cube-SoM-uGOAL.1.1.0
2025-08-20 15:40:00,746 [WARN] PackLoader:240 - Cannot read IP mode file for STMicroelectronics.X-CUBE-AZRTOS-H7RS.1.0.0
2025-08-20 15:40:00,755 [WARN] PackLoader:240 - Cannot read IP mode file for STMicroelectronics.X-CUBE-TOF1.3.4.2
2025-08-20 15:40:00,766 [WARN] PackLoader:240 - Cannot read IP mode file for STMicroelectronics.X-CUBE-TOF1.3.4.3
2025-08-20 15:40:00,774 [WARN] PackLoader:240 - Cannot read IP mode file for wolfSSL.I-CUBE-wolfSSH.1.4.17
2025-08-20 15:40:00,775 [INFO] ThirdParty:978 - Integrity check success = true
2025-08-20 15:40:00,775 [INFO] IntegrityCheckThread:100 - exiting critical section [integrity check]
2025-08-20 15:40:00,775 [INFO] IntegrityCheckThread:103 - End integrity checks thread
