2025-08-19 02:37:34,670 [INFO] Activator:176 - 


2025-08-19 02:37:34,674 [INFO] Activator:177 - !SESSION log4j initialized
2025-08-19 02:37:41,017 [INFO] LogOutputStream:77 - [STDOUT_REDIRECT] 
2025-08-19 02:37:42,195 [INFO] ApplicationProperties:184 - Using Application install path: C:\ST\STM32CubeIDE_1.17.0\STM32CubeIDE\plugins\com.st.stm32cube.common.mx_6.13.0.202411220809
2025-08-19 02:37:42,208 [INFO] DbMcusXml:78 - Set database path to: C:\ST\STM32CubeIDE_1.17.0\STM32CubeIDE\plugins\com.st.stm32cube.common.mx_6.13.0.202411220809\\db\/mcu/
2025-08-19 02:37:42,208 [INFO] ApiDb:274 - Set plugin database path to: C:\ST\STM32CubeIDE_1.17.0\STM32CubeIDE\plugins\com.st.stm32cube.common.mx_6.13.0.202411220809\\db\/plugins/boardmanager/
2025-08-19 02:37:42,209 [WARN] ApiDb:259 - Overriding images path with different value:  => C:\ST\STM32CubeIDE_1.17.0\STM32CubeIDE\plugins\com.st.stm32cube.common.mx_6.13.0.202411220809\\db\/plugins/mcufinder/images/
2025-08-19 02:37:42,214 [INFO] ApiDb:250 - Set database path to: C:\Users\arees\.stmcufinder\plugins\mcufinder//mcu/
2025-08-19 02:37:42,215 [INFO] DbMcusAds:125 - Set database path to: C:\Users\arees\.stmcufinder\plugins\mcufinder//mcu/
2025-08-19 02:37:42,217 [INFO] CrossReferenceDbSqlite:203 - Set database path to: C:\Users\arees\.stmcufinder\plugins\mcufinder//mcu/cs/
2025-08-19 02:37:42,307 [INFO] RulesReader:64 - Compatibility file has been processed (297 Rules)
2025-08-19 02:37:42,391 [INFO] DbMcusXml:78 - Set database path to: C:\ST\STM32CubeIDE_1.17.0\STM32CubeIDE\plugins\com.st.stm32cube.common.mx_6.13.0.202411220809\\db\/mcu/
2025-08-19 02:37:42,391 [INFO] ApiDb:274 - Set plugin database path to: C:\ST\STM32CubeIDE_1.17.0\STM32CubeIDE\plugins\com.st.stm32cube.common.mx_6.13.0.202411220809\\db\/plugins/boardmanager/
2025-08-19 02:37:42,392 [INFO] ApiDb:261 - Set plugin images path to: C:\ST\STM32CubeIDE_1.17.0\STM32CubeIDE\plugins\com.st.stm32cube.common.mx_6.13.0.202411220809\\db\/plugins/mcufinder/images/
2025-08-19 02:37:42,392 [WARN] DbFile:41 - Overriding database path with different value: C:\Users\arees\.stmcufinder\plugins\mcufinder/ => C:\Users\arees\.stmcufinder\plugins\mcufinder
2025-08-19 02:37:42,392 [INFO] ApiDb:250 - Set database path to: C:\Users\arees\.stmcufinder\plugins\mcufinder//mcu/
2025-08-19 02:37:42,392 [WARN] DbFile:41 - Overriding database path with different value: C:\Users\arees\.stmcufinder\plugins\mcufinder/ => C:\Users\arees\.stmcufinder\plugins\mcufinder
2025-08-19 02:37:42,392 [INFO] DbMcusAds:125 - Set database path to: C:\Users\arees\.stmcufinder\plugins\mcufinder//mcu/
2025-08-19 02:37:42,392 [WARN] DbFile:41 - Overriding database path with different value: C:\Users\arees\.stmcufinder\plugins\mcufinder/ => C:\Users\arees\.stmcufinder\plugins\mcufinder
2025-08-19 02:37:42,392 [WARN] DbFile:41 - Overriding database path with different value: C:\Users\arees\.stmcufinder\plugins\mcufinder/ => C:\Users\arees\.stmcufinder\plugins\mcufinder
2025-08-19 02:37:42,392 [INFO] CrossReferenceDbSqlite:203 - Set database path to: C:\Users\arees\.stmcufinder\plugins\mcufinder//mcu/cs/
2025-08-19 02:37:42,449 [INFO] MainPanel:272 - HeapMemory: 268435456
2025-08-19 02:37:42,532 [INFO] DbMcusXml:78 - Set database path to: C:\ST\STM32CubeIDE_1.17.0\STM32CubeIDE\plugins\com.st.stm32cube.common.mx_6.13.0.202411220809\\db\/mcu/
2025-08-19 02:37:42,532 [INFO] ApiDb:274 - Set plugin database path to: C:\ST\STM32CubeIDE_1.17.0\STM32CubeIDE\plugins\com.st.stm32cube.common.mx_6.13.0.202411220809\\db\/plugins/boardmanager/
2025-08-19 02:37:42,533 [INFO] ApiDb:261 - Set plugin images path to: C:\ST\STM32CubeIDE_1.17.0\STM32CubeIDE\plugins\com.st.stm32cube.common.mx_6.13.0.202411220809\\db\/plugins/mcufinder/images/
2025-08-19 02:37:42,533 [WARN] DbFile:41 - Overriding database path with different value: C:\Users\arees\.stmcufinder\plugins\mcufinder/ => C:\Users\arees\.stmcufinder\plugins\mcufinder
2025-08-19 02:37:42,533 [INFO] ApiDb:250 - Set database path to: C:\Users\arees\.stmcufinder\plugins\mcufinder//mcu/
2025-08-19 02:37:42,533 [WARN] DbFile:41 - Overriding database path with different value: C:\Users\arees\.stmcufinder\plugins\mcufinder/ => C:\Users\arees\.stmcufinder\plugins\mcufinder
2025-08-19 02:37:42,533 [INFO] DbMcusAds:125 - Set database path to: C:\Users\arees\.stmcufinder\plugins\mcufinder//mcu/
2025-08-19 02:37:42,533 [WARN] DbFile:41 - Overriding database path with different value: C:\Users\arees\.stmcufinder\plugins\mcufinder/ => C:\Users\arees\.stmcufinder\plugins\mcufinder
2025-08-19 02:37:42,533 [WARN] DbFile:41 - Overriding database path with different value: C:\Users\arees\.stmcufinder\plugins\mcufinder/ => C:\Users\arees\.stmcufinder\plugins\mcufinder
2025-08-19 02:37:42,533 [INFO] CrossReferenceDbSqlite:203 - Set database path to: C:\Users\arees\.stmcufinder\plugins\mcufinder//mcu/cs/
2025-08-19 02:37:42,549 [INFO] ApplicationProperties:184 - Using Application install path: C:\ST\STM32CubeIDE_1.17.0\STM32CubeIDE\plugins\com.st.stm32cube.common.mx_6.13.0.202411220809
2025-08-19 02:37:42,550 [INFO] PluginManage:196 - Search for loadable plugins [exclusion list=, ]
2025-08-19 02:37:42,551 [INFO] PluginManage:310 - Check plugin analytics
2025-08-19 02:37:42,688 [INFO] AnalyticsPlugin:253 - Accepted Software Licenses: 
2025-08-19 02:37:42,689 [INFO] AnalyticsPlugin:255 - Accepted CMSIS Pack Licenses: 
2025-08-19 02:37:42,689 [INFO] AnalyticsPlugin:257 - Accepted Firmware Licenses: 
2025-08-19 02:37:42,693 [INFO] PluginManage:359 - Loaded plugin analytics (category:tool,tabindex:-1)
2025-08-19 02:37:42,693 [INFO] PluginManage:310 - Check plugin cadmodel
2025-08-19 02:37:42,709 [INFO] CADModel:105 - Init CAD model plugin
2025-08-19 02:37:42,710 [INFO] PluginManage:359 - Loaded plugin cadmodel (category:power,tabindex:5)
2025-08-19 02:37:42,710 [INFO] PluginManage:310 - Check plugin clock
2025-08-19 02:37:42,725 [INFO] PluginManage:359 - Loaded plugin clock (category:base,tabindex:2)
2025-08-19 02:37:42,725 [INFO] PluginManage:310 - Check plugin ddr
2025-08-19 02:37:42,728 [INFO] PluginManage:359 - Loaded plugin ddr (category:tool,tabindex:6)
2025-08-19 02:37:42,728 [INFO] PluginManage:310 - Check plugin filemanager
2025-08-19 02:37:42,831 [INFO] PluginManage:359 - Loaded plugin filemanager (category:base,tabindex:10)
2025-08-19 02:37:42,831 [INFO] PluginManage:310 - Check plugin ipmanager
2025-08-19 02:37:42,836 [INFO] PluginManage:359 - Loaded plugin ipmanager (category:base,tabindex:5)
2025-08-19 02:37:42,837 [INFO] PluginManage:310 - Check plugin lpbam
2025-08-19 02:37:42,853 [INFO] PluginManage:359 - Loaded plugin lpbam (category:base,tabindex:0)
2025-08-19 02:37:42,853 [INFO] PluginManage:310 - Check plugin memorymap
2025-08-19 02:37:42,873 [INFO] PluginManage:359 - Loaded plugin memorymap (category:base,tabindex:4)
2025-08-19 02:37:42,873 [INFO] PluginManage:310 - Check plugin pinoutandconfiguration
2025-08-19 02:37:42,889 [INFO] PluginManage:359 - Loaded plugin pinoutandconfiguration (category:base,tabindex:1)
2025-08-19 02:37:42,889 [INFO] PluginManage:310 - Check plugin pinoutconfig
2025-08-19 02:37:42,964 [WARN] SupportedApi:132 - Cannot load RTOS API schema: s4s-elt-must-match.1: The content of 'definitions' must match (annotation?, (simpleType | complexType)?, (unique | key | keyref)*)). A problem was found starting at: attribute.
2025-08-19 02:37:43,069 [INFO] PluginManage:359 - Loaded plugin pinoutconfig (category:base,tabindex:0)
2025-08-19 02:37:43,069 [INFO] PluginManage:310 - Check plugin power
2025-08-19 02:37:43,088 [INFO] PluginManage:359 - Loaded plugin power (category:power,tabindex:4)
2025-08-19 02:37:43,088 [INFO] PluginManage:310 - Check plugin projectmanager
2025-08-19 02:37:43,100 [INFO] PluginManage:359 - Loaded plugin projectmanager (category:projectmanager,tabindex:4)
2025-08-19 02:37:43,100 [INFO] PluginManage:310 - Check plugin rif
2025-08-19 02:37:43,118 [INFO] PluginManage:359 - Loaded plugin rif (category:base,tabindex:3)
2025-08-19 02:37:43,118 [INFO] PluginManage:310 - Check plugin thirdparty
2025-08-19 02:37:43,342 [INFO] PluginManage:359 - Loaded plugin thirdparty (category:base,tabindex:-1)
2025-08-19 02:37:43,342 [WARN] IntegrityCheckThread:84 - waiting for thirdparty lock release [integrity check]
2025-08-19 02:37:43,343 [INFO] PluginManage:310 - Check plugin tools
2025-08-19 02:37:43,343 [INFO] IntegrityCheckThread:86 - entering critical section [integrity check]
2025-08-19 02:37:43,343 [INFO] ThirdPartyUpdaterWithRetryManager:70 - Updater plugin not ready yet. [1/15]
2025-08-19 02:37:43,374 [INFO] PluginManage:359 - Loaded plugin tools (category:base,tabindex:7)
2025-08-19 02:37:43,374 [INFO] PluginManage:310 - Check plugin tutovideos
2025-08-19 02:37:43,521 [INFO] PluginManage:359 - Loaded plugin tutovideos (category:base,tabindex:-1)
2025-08-19 02:37:43,521 [INFO] PluginManage:310 - Check plugin updater
2025-08-19 02:37:43,538 [INFO] PluginManage:359 - Loaded plugin updater (category:base,tabindex:12)
2025-08-19 02:37:43,538 [INFO] PluginManage:310 - Check plugin userauth
2025-08-19 02:37:43,542 [INFO] UserAuth:118 - Init User Auth plugin
2025-08-19 02:37:43,542 [INFO] PluginManage:359 - Loaded plugin userauth (category:base,tabindex:14)
2025-08-19 02:37:43,542 [INFO] PluginManage:283 - PluginManage : Loaded plugins [18]
2025-08-19 02:37:43,714 [INFO] PinOutPanel:1589 - setPackage(No Configuration,No Configuration)
2025-08-19 02:37:43,779 [INFO] CADModel:165 - CPN selected for project level
2025-08-19 02:37:43,779 [INFO] CADModel:114 - Register for checkConnection events
2025-08-19 02:37:43,805 [INFO] IPUIPlugin:80 - create IPUIPlugin
2025-08-19 02:37:43,806 [INFO] PluginManager:220 - loadIPPluginJar : add adc
2025-08-19 02:37:43,838 [INFO] IPUIPlugin:80 - create IPUIPlugin
2025-08-19 02:37:43,838 [INFO] PluginManager:220 - loadIPPluginJar : add aes
2025-08-19 02:37:43,874 [INFO] IPUIPlugin:80 - create IPUIPlugin
2025-08-19 02:37:43,875 [INFO] PluginManager:220 - loadIPPluginJar : add can
2025-08-19 02:37:43,900 [INFO] IPUIPlugin:80 - create IPUIPlugin
2025-08-19 02:37:43,900 [INFO] PluginManager:220 - loadIPPluginJar : add comp
2025-08-19 02:37:43,930 [INFO] IPUIPlugin:80 - create IPUIPlugin
2025-08-19 02:37:43,930 [INFO] PluginManager:220 - loadIPPluginJar : add cryp
2025-08-19 02:37:43,940 [INFO] IPUIPlugin:80 - create IPUIPlugin
2025-08-19 02:37:43,940 [INFO] PluginManager:220 - loadIPPluginJar : add ddr_ctrl_phy
2025-08-19 02:37:43,965 [INFO] IPUIPlugin:80 - create IPUIPlugin
2025-08-19 02:37:43,965 [INFO] PluginManager:220 - loadIPPluginJar : add dfsdm
2025-08-19 02:37:43,976 [INFO] IPUIPlugin:80 - create IPUIPlugin
2025-08-19 02:37:43,976 [INFO] PluginManager:220 - loadIPPluginJar : add dma
2025-08-19 02:37:44,006 [INFO] IPUIPlugin:80 - create IPUIPlugin
2025-08-19 02:37:44,006 [INFO] PluginManager:220 - loadIPPluginJar : add dma3
2025-08-19 02:37:44,040 [INFO] IPUIPlugin:80 - create IPUIPlugin
2025-08-19 02:37:44,041 [INFO] PluginManager:220 - loadIPPluginJar : add extmemmanager
2025-08-19 02:37:44,057 [INFO] IPUIPlugin:80 - create IPUIPlugin
2025-08-19 02:37:44,057 [INFO] PluginManager:220 - loadIPPluginJar : add fatfs
2025-08-19 02:37:44,096 [INFO] IPUIPlugin:80 - create IPUIPlugin
2025-08-19 02:37:44,096 [INFO] PluginManager:220 - loadIPPluginJar : add fmc
2025-08-19 02:37:44,109 [INFO] IPUIPlugin:80 - create IPUIPlugin
2025-08-19 02:37:44,109 [INFO] PluginManager:220 - loadIPPluginJar : add freertos
2025-08-19 02:37:44,126 [INFO] IPUIPlugin:80 - create IPUIPlugin
2025-08-19 02:37:44,127 [INFO] PluginManager:220 - loadIPPluginJar : add genericplugin
2025-08-19 02:37:44,199 [INFO] IPUIPlugin:80 - create IPUIPlugin
2025-08-19 02:37:44,199 [INFO] PluginManager:220 - loadIPPluginJar : add gfxmmu
2025-08-19 02:37:44,302 [INFO] IPUIPlugin:80 - create IPUIPlugin
2025-08-19 02:37:44,302 [INFO] PluginManager:220 - loadIPPluginJar : add gic
2025-08-19 02:37:44,313 [INFO] IPUIPlugin:80 - create IPUIPlugin
2025-08-19 02:37:44,313 [INFO] PluginManager:220 - loadIPPluginJar : add gpio
2025-08-19 02:37:44,384 [INFO] IPUIPlugin:80 - create IPUIPlugin
2025-08-19 02:37:44,384 [INFO] PluginManager:220 - loadIPPluginJar : add gtzc
2025-08-19 02:37:44,410 [INFO] IPUIPlugin:80 - create IPUIPlugin
2025-08-19 02:37:44,411 [INFO] PluginManager:220 - loadIPPluginJar : add hash
2025-08-19 02:37:44,450 [INFO] IPUIPlugin:80 - create IPUIPlugin
2025-08-19 02:37:44,450 [INFO] PluginManager:220 - loadIPPluginJar : add i2c
2025-08-19 02:37:44,481 [INFO] IPUIPlugin:80 - create IPUIPlugin
2025-08-19 02:37:44,481 [INFO] PluginManager:220 - loadIPPluginJar : add i2s
2025-08-19 02:37:44,515 [INFO] IPUIPlugin:80 - create IPUIPlugin
2025-08-19 02:37:44,515 [INFO] PluginManager:220 - loadIPPluginJar : add i3c
2025-08-19 02:37:44,592 [INFO] IPUIPlugin:80 - create IPUIPlugin
2025-08-19 02:37:44,593 [INFO] PluginManager:220 - loadIPPluginJar : add ipddr
2025-08-19 02:37:44,666 [INFO] IPUIPlugin:80 - create IPUIPlugin
2025-08-19 02:37:44,666 [INFO] PluginManager:220 - loadIPPluginJar : add linkedlist
2025-08-19 02:37:44,696 [INFO] IPUIPlugin:80 - create IPUIPlugin
2025-08-19 02:37:44,696 [INFO] PluginManager:220 - loadIPPluginJar : add lorawan
2025-08-19 02:37:44,725 [INFO] IPUIPlugin:80 - create IPUIPlugin
2025-08-19 02:37:44,725 [INFO] PluginManager:220 - loadIPPluginJar : add ltdc
2025-08-19 02:37:44,736 [INFO] IPUIPlugin:80 - create IPUIPlugin
2025-08-19 02:37:44,737 [INFO] PluginManager:220 - loadIPPluginJar : add mdma
2025-08-19 02:37:44,746 [INFO] IPUIPlugin:80 - create IPUIPlugin
2025-08-19 02:37:44,746 [INFO] PluginManager:220 - loadIPPluginJar : add nvic
2025-08-19 02:37:44,776 [INFO] IPUIPlugin:80 - create IPUIPlugin
2025-08-19 02:37:44,776 [INFO] PluginManager:220 - loadIPPluginJar : add opamp
2025-08-19 02:37:44,825 [INFO] IPUIPlugin:80 - create IPUIPlugin
2025-08-19 02:37:44,825 [INFO] PluginManager:220 - loadIPPluginJar : add openamp
2025-08-19 02:37:44,861 [INFO] IPUIPlugin:80 - create IPUIPlugin
2025-08-19 02:37:44,861 [INFO] PluginManager:220 - loadIPPluginJar : add pdm2pcm
2025-08-19 02:37:44,872 [INFO] IPUIPlugin:80 - create IPUIPlugin
2025-08-19 02:37:44,873 [INFO] PluginManager:220 - loadIPPluginJar : add plateformsettings
2025-08-19 02:37:44,893 [INFO] IPUIPlugin:80 - create IPUIPlugin
2025-08-19 02:37:44,893 [INFO] PluginManager:220 - loadIPPluginJar : add quadspi
2025-08-19 02:37:44,914 [INFO] IPUIPlugin:80 - create IPUIPlugin
2025-08-19 02:37:44,915 [INFO] PluginManager:220 - loadIPPluginJar : add radio
2025-08-19 02:37:44,926 [INFO] IPUIPlugin:80 - create IPUIPlugin
2025-08-19 02:37:44,926 [INFO] PluginManager:220 - loadIPPluginJar : add resmgrutility
2025-08-19 02:37:44,963 [INFO] IPUIPlugin:80 - create IPUIPlugin
2025-08-19 02:37:44,963 [INFO] PluginManager:220 - loadIPPluginJar : add sai
2025-08-19 02:37:44,994 [INFO] IPUIPlugin:80 - create IPUIPlugin
2025-08-19 02:37:44,994 [INFO] PluginManager:220 - loadIPPluginJar : add spi
2025-08-19 02:37:45,048 [INFO] IPUIPlugin:80 - create IPUIPlugin
2025-08-19 02:37:45,048 [INFO] PluginManager:220 - loadIPPluginJar : add stm32_wpan
2025-08-19 02:37:45,069 [INFO] IPUIPlugin:80 - create IPUIPlugin
2025-08-19 02:37:45,069 [INFO] PluginManager:220 - loadIPPluginJar : add tim
2025-08-19 02:37:45,116 [INFO] IPUIPlugin:80 - create IPUIPlugin
2025-08-19 02:37:45,117 [INFO] PluginManager:220 - loadIPPluginJar : add touchsensing
2025-08-19 02:37:45,137 [INFO] IPUIPlugin:80 - create IPUIPlugin
2025-08-19 02:37:45,137 [INFO] PluginManager:220 - loadIPPluginJar : add tracer_emb
2025-08-19 02:37:45,156 [INFO] IPUIPlugin:80 - create IPUIPlugin
2025-08-19 02:37:45,156 [INFO] PluginManager:220 - loadIPPluginJar : add ts
2025-08-19 02:37:45,176 [INFO] IPUIPlugin:80 - create IPUIPlugin
2025-08-19 02:37:45,176 [INFO] PluginManager:220 - loadIPPluginJar : add tsc
2025-08-19 02:37:45,194 [INFO] IPUIPlugin:80 - create IPUIPlugin
2025-08-19 02:37:45,194 [INFO] PluginManager:220 - loadIPPluginJar : add ucpd
2025-08-19 02:37:45,227 [INFO] IPUIPlugin:80 - create IPUIPlugin
2025-08-19 02:37:45,227 [INFO] PluginManager:220 - loadIPPluginJar : add usart
2025-08-19 02:37:45,261 [INFO] IPUIPlugin:80 - create IPUIPlugin
2025-08-19 02:37:45,261 [INFO] PluginManager:220 - loadIPPluginJar : add usbx
2025-08-19 02:37:45,374 [FATAL] Updater:351 - Updater called before beeing initialized
2025-08-19 02:37:45,392 [INFO] RulesReader:64 - Compatibility file has been processed (297 Rules)
2025-08-19 02:37:45,399 [INFO] RulesReader:64 - Compatibility file has been processed (297 Rules)
2025-08-19 02:37:45,406 [INFO] CADModel:165 - CPN selected for project level
2025-08-19 02:37:45,406 [INFO] CADModel:114 - Register for checkConnection events
2025-08-19 02:37:45,406 [FATAL] Updater:351 - Updater called before beeing initialized
2025-08-19 02:37:45,406 [ERROR] CADModel:125 - Updater not yet initialized, retry later 
2025-08-19 02:37:45,533 [FATAL] Updater:351 - Updater called before beeing initialized
2025-08-19 02:37:45,535 [INFO] CADModel:165 - CPN selected for project level
2025-08-19 02:37:45,535 [INFO] CADModel:114 - Register for checkConnection events
2025-08-19 02:37:45,535 [FATAL] Updater:351 - Updater called before beeing initialized
2025-08-19 02:37:45,535 [ERROR] CADModel:125 - Updater not yet initialized, retry later 
2025-08-19 02:37:45,536 [FATAL] Updater:351 - Updater called before beeing initialized
2025-08-19 02:37:45,623 [FATAL] Updater:351 - Updater called before beeing initialized
2025-08-19 02:37:45,632 [INFO] DbMcusAds:53 - JSON generation date=Tue Jul 08 03:14:23 CDT 2025 (1751962463582)
2025-08-19 02:37:45,633 [FATAL] Updater:351 - Updater called before beeing initialized
2025-08-19 02:37:45,662 [WARN] DetailPanel:346 - Failed to get advertising image, set to default
2025-08-19 02:37:45,831 [FATAL] Updater:351 - Updater called before beeing initialized
2025-08-19 02:37:45,833 [FATAL] Updater:351 - Updater called before beeing initialized
2025-08-19 02:37:45,833 [FATAL] Updater:351 - Updater called before beeing initialized
2025-08-19 02:37:45,833 [WARN] DetailPanel:346 - Failed to get advertising image, set to default
2025-08-19 02:37:45,834 [FATAL] Updater:351 - Updater called before beeing initialized
2025-08-19 02:37:45,886 [ERROR] Updater:1198 - MainUpdater not yet initialized. External WinMGr cannot be set.
2025-08-19 02:37:45,894 [INFO] Updater:1134 - Updater Version found : 6.13.0
2025-08-19 02:37:45,908 [INFO] ApplicationProperties:184 - Using Application install path: C:\ST\STM32CubeIDE_1.17.0\STM32CubeIDE\plugins\com.st.stm32cube.common.mx_6.13.0.202411220809
2025-08-19 02:37:46,344 [INFO] ThirdPartyUpdaterWithRetryManager:70 - Updater plugin not ready yet. [2/15]
2025-08-19 02:37:47,483 [ERROR] LogOutputStream:75 - [STDERR_REDIRECT] Aug 19, 2025 2:37:47 AM java.util.prefs.WindowsPreferences <init>
2025-08-19 02:37:47,484 [ERROR] LogOutputStream:75 - [STDERR_REDIRECT] WARNING: Could not open/create prefs root node Software\JavaSoft\Prefs at root 0xffffffff80000002. Windows RegCreateKeyEx(...) returned error code 5.
2025-08-19 02:37:47,484 [ERROR] LogOutputStream:75 - [STDERR_REDIRECT] 
2025-08-19 02:37:47,806 [INFO] MainUpdater:2872 - connection check result : 10
2025-08-19 02:37:47,806 [INFO] MainUpdater:3566 - Updater definition file requires update
2025-08-19 02:37:47,808 [INFO] MainUpdater:289 - Updater Check For Update Now.
2025-08-19 02:37:47,808 [INFO] MicroXplorer:498 - Change Database Version : DB.6.0.130
2025-08-19 02:37:47,824 [INFO] McuFinderGlobals:63 - Set McuFinder mode to 2 (CubeIDE integrated)
2025-08-19 02:37:47,824 [INFO] UserAuth:171 - activating auth plugin
2025-08-19 02:37:47,826 [INFO] UserAuth:486 - Internet connection configuration mode: 1
2025-08-19 02:37:47,848 [INFO] JxBrowserEngine:152 - Initiate JxBrowser Engine with user profile folder
2025-08-19 02:37:47,875 [INFO] ServerAccessManage:473 - Download File updaters.zip
2025-08-19 02:37:47,961 [INFO] FileExtend:240 - Unzip File : updaters.zip
2025-08-19 02:37:47,961 [INFO] FileExtend:255 - Standard Zip Deflate
2025-08-19 02:37:48,786 [INFO] ServerAccessManage:473 - Download File PacksControlFlags.xml
2025-08-19 02:37:49,030 [INFO] WebApp:168 - Instantiating new browser for Auth
2025-08-19 02:37:49,089 [INFO] ServerAccessManage:473 - Download File cubemx.pidx
2025-08-19 02:37:49,192 [INFO] LoadServerUpdatesThread:375 - End of LoadServerUpdate Thread
2025-08-19 02:37:49,344 [WARN] MainUpdater:1193 - Updater busy. Cannot search thirdparties
2025-08-19 02:37:49,344 [INFO] ThirdPartyUpdaterWithRetryManager:96 - Updater plugin is busy. [1/15]
2025-08-19 02:37:49,360 [INFO] CheckServerUpdateThread:120 - End of CheckServer Thread
2025-08-19 02:37:49,877 [INFO] WebApp:449 - Apply proxy settings
2025-08-19 02:37:49,877 [INFO] WebApp:534 - Chromium requires no authentication
2025-08-19 02:37:49,885 [INFO] WebApp:477 - Direct internet connection detected
2025-08-19 02:37:49,911 [INFO] WebApp:880 - Register for checkConnection events
2025-08-19 02:37:49,912 [INFO] WebApp:449 - Apply proxy settings
2025-08-19 02:37:49,912 [INFO] WebApp:534 - Chromium requires no authentication
2025-08-19 02:37:49,912 [INFO] WebApp:477 - Direct internet connection detected
2025-08-19 02:37:50,069 [INFO] WebApp:221 - Starting web application
2025-08-19 02:37:50,070 [INFO] WebApp:579 - Web application path used C:\ST\STM32CubeIDE_1.17.0\STM32CubeIDE\plugins\com.st.stm32cube.common.mx_6.13.0.202411220809\db\plugins\mcufinder\reactClient1\index.html
2025-08-19 02:37:50,089 [INFO] WebApp:187 - Connection restablished
2025-08-19 02:37:52,539 [WARN] PackLoader:240 - Cannot read IP mode file for STMicroelectronics.FP-SNS-MOTENVWB1.1.4.0
2025-08-19 02:37:52,553 [WARN] PackLoader:240 - Cannot read IP mode file for STMicroelectronics.FP-ATR-ASTRA1.2.0.2
2025-08-19 02:37:52,564 [WARN] PackLoader:240 - Cannot read IP mode file for STMicroelectronics.FP-ATR-ASTRA1.2.0.1
2025-08-19 02:37:52,575 [WARN] PackLoader:240 - Cannot read IP mode file for STMicroelectronics.X-CUBE-SMBUS.2.1.0
2025-08-19 02:37:52,587 [WARN] PackLoader:240 - Cannot read IP mode file for STMicroelectronics.X-CUBE-WB05N.1.1.0
2025-08-19 02:37:52,597 [WARN] PackLoader:240 - Cannot read IP mode file for STMicroelectronics.X-CUBE-ST60.1.0.0
2025-08-19 02:37:52,627 [WARN] PackLoader:240 - Cannot read IP mode file for STMicroelectronics.X-CUBE-AZRTOS-F7.1.1.0
2025-08-19 02:37:52,640 [WARN] PackLoader:240 - Cannot read IP mode file for STMicroelectronics.FP-SNS-FLIGHT1.5.0.2
2025-08-19 02:37:52,661 [WARN] PackLoader:240 - Cannot read IP mode file for Infineon.AIROC-Wi-Fi-Bluetooth-STM32.1.7.0
2025-08-19 02:37:52,687 [WARN] PackLoader:240 - Cannot read IP mode file for STMicroelectronics.X-CUBE-AZRTOS-H7.3.4.0
2025-08-19 02:37:52,703 [WARN] PackLoader:240 - Cannot read IP mode file for STMicroelectronics.X-CUBE-DISPLAY.3.0.0
2025-08-19 02:37:52,715 [WARN] PackLoader:240 - Cannot read IP mode file for STMicroelectronics.X-CUBE-BLE1.7.0.0
2025-08-19 02:37:52,725 [WARN] PackLoader:240 - Cannot read IP mode file for STMicroelectronics.X-CUBE-NFC10.1.0.0
2025-08-19 02:37:52,738 [WARN] PackLoader:240 - Cannot read IP mode file for STMicroelectronics.X-CUBE-BLEMGR.4.0.0
2025-08-19 02:37:52,753 [WARN] PackLoader:240 - Cannot read IP mode file for emotas.I-CUBE-CANOPEN.1.3.0
2025-08-19 02:37:52,765 [ERROR] Engine:466 - C:\Users\arees\.stm32cubemx\thirdparties\pdsc\STMicroelectronics.FP-SNS-STBOX1.2.1.0.pdsc: PDSC version is not supported
2025-08-19 02:37:52,777 [WARN] PackLoader:240 - Cannot read IP mode file for STMicroelectronics.FP-SNS-SMARTAG2.1.2.0
2025-08-19 02:37:52,786 [WARN] PackLoader:240 - Cannot read IP mode file for STMicroelectronics.FP-SNS-FLIGHT1.5.1.0
2025-08-19 02:37:52,819 [WARN] PackLoader:240 - Cannot read IP mode file for STMicroelectronics.X-CUBE-MEMS1.11.1.0
2025-08-19 02:37:52,910 [INFO] LogOutputStream:77 - [STDOUT_REDIRECT] 1 : Invalid condition id : UX_CORESTACK_Condition cause : null
2025-08-19 02:37:52,911 [INFO] LogOutputStream:77 - [STDOUT_REDIRECT] 1 : Invalid condition id : UX_CORESTACK_Condition cause : null
2025-08-19 02:37:52,912 [INFO] LogOutputStream:77 - [STDOUT_REDIRECT] 1 : Invalid condition id : UX_CORESTACK_Condition cause : null
2025-08-19 02:37:52,914 [INFO] LogOutputStream:77 - [STDOUT_REDIRECT] 1 : Invalid condition id : UX_CORESTACK_Condition cause : null
2025-08-19 02:37:52,915 [INFO] LogOutputStream:77 - [STDOUT_REDIRECT] 1 : Invalid condition id : UX_CORESTACK_Condition cause : null
2025-08-19 02:37:52,916 [WARN] PackLoader:240 - Cannot read IP mode file for STMicroelectronics.X-CUBE-AZRTOS-WL.2.0.0
2025-08-19 02:37:52,945 [WARN] PackLoader:240 - Cannot read IP mode file for STMicroelectronics.FP-SNS-MOTENV1.5.0.0
2025-08-19 02:37:52,960 [WARN] PackLoader:240 - Cannot read IP mode file for wolfSSL.I-CUBE-wolfMQTT.1.19.0
2025-08-19 02:37:52,977 [WARN] PackLoader:240 - Cannot read IP mode file for WES.I-CUBE-Cesium.1.3.0
2025-08-19 02:37:52,991 [WARN] PackLoader:240 - Cannot read IP mode file for STMicroelectronics.X-CUBE-BLE2.3.3.0
2025-08-19 02:37:53,008 [WARN] PackLoader:240 - Cannot read IP mode file for STMicroelectronics.X-CUBE-NFC9.1.0.0
2025-08-19 02:37:53,019 [WARN] PackLoader:240 - Cannot read IP mode file for STMicroelectronics.X-CUBE-BLE1.7.1.0
2025-08-19 02:37:53,031 [WARN] PackLoader:240 - Cannot read IP mode file for STMicroelectronics.X-CUBE-EEPRMA1.5.2.0
2025-08-19 02:37:53,054 [WARN] PackLoader:240 - Cannot read IP mode file for STMicroelectronics.X-CUBE-AZRTOS-G0.1.1.0
2025-08-19 02:37:53,067 [WARN] PackLoader:240 - Cannot read IP mode file for STMicroelectronics.X-CUBE-SAFEA1.1.2.2
2025-08-19 02:37:53,078 [WARN] PackLoader:240 - Cannot read IP mode file for STMicroelectronics.X-CUBE-NFC4.3.0.0
2025-08-19 02:37:53,091 [WARN] PackLoader:240 - Cannot read IP mode file for EmbeddedOffice.I-CUBE-FS-RTOS.1.0.1
2025-08-19 02:37:53,103 [WARN] PackLoader:240 - Cannot read IP mode file for STMicroelectronics.X-CUBE-WB05N.2.0.0
2025-08-19 02:37:53,114 [WARN] PackLoader:240 - Cannot read IP mode file for STMicroelectronics.X-CUBE-TCPP.4.2.0
2025-08-19 02:37:53,126 [WARN] PackLoader:240 - Cannot read IP mode file for RealThread.X-CUBE-RT-Thread_Nano.4.1.1
2025-08-19 02:37:53,138 [WARN] PackLoader:240 - Cannot read IP mode file for STMicroelectronics.FP-ATR-SIGFOX1.3.2.0
2025-08-19 02:37:53,148 [WARN] ConditionMgr:438 - getConditionDescription Invalid condition id : Cortex-A Device cause : null
2025-08-19 02:37:53,164 [WARN] ConditionMgr:1044 - genDependencies : Invalid condition id : Cortex-A Device cause : null
2025-08-19 02:37:53,164 [WARN] ConditionMgr:1044 - genDependencies : Invalid condition id : Cortex-A Device cause : null
2025-08-19 02:37:53,164 [WARN] ConditionMgr:1044 - genDependencies : Invalid condition id : Cortex-A Device cause : null
2025-08-19 02:37:53,174 [WARN] PackLoader:240 - Cannot read IP mode file for STMicroelectronics.X-CUBE-EEPRMA1.5.1.0
2025-08-19 02:37:53,184 [WARN] PackLoader:240 - Cannot read IP mode file for wolfSSL.I-CUBE-wolfSSL.5.7.4
2025-08-19 02:37:53,194 [WARN] PackLoader:240 - Cannot read IP mode file for ITTIA_DB.I-CUBE-ITTIADB.8.9.0
2025-08-19 02:37:53,207 [WARN] PackLoader:240 - Cannot read IP mode file for STMicroelectronics.X-CUBE-ST67W61.1.0.0
2025-08-19 02:37:53,218 [WARN] PackLoader:240 - Cannot read IP mode file for STMicroelectronics.X-CUBE-AI.10.2.0
2025-08-19 02:37:53,238 [WARN] PackLoader:240 - Cannot read IP mode file for SEGGER.I-CUBE-embOS.1.3.1
2025-08-19 02:37:53,264 [WARN] PackLoader:240 - Cannot read IP mode file for STMicroelectronics.X-CUBE-ALGOBUILD.1.4.0
2025-08-19 02:37:53,302 [WARN] PackLoader:240 - Cannot read IP mode file for STMicroelectronics.X-CUBE-MEMS1.11.3.0
2025-08-19 02:37:53,378 [WARN] PackLoader:240 - Cannot read IP mode file for STMicroelectronics.X-CUBE-AI.9.1.0
2025-08-19 02:37:53,390 [WARN] PackLoader:240 - Cannot read IP mode file for STMicroelectronics.X-CUBE-PM33A1.1.0.0
2025-08-19 02:37:53,409 [WARN] PackLoader:240 - Cannot read IP mode file for STMicroelectronics.X-CUBE-AZRTOS-F4.1.1.0
2025-08-19 02:37:53,423 [WARN] PackLoader:240 - Cannot read IP mode file for Avnet-IotConnect.X-CUBE-IoTC-DA16k-PMOD.1.0.0
2025-08-19 02:37:53,435 [WARN] PackLoader:240 - Cannot read IP mode file for STMicroelectronics.X-CUBE-ISPU.2.1.0
2025-08-19 02:37:53,449 [WARN] PackLoader:240 - Cannot read IP mode file for STMicroelectronics.X-CUBE-NFC12.1.0.0
2025-08-19 02:37:53,472 [WARN] PackLoader:240 - Cannot read IP mode file for STMicroelectronics.X-CUBE-AZRTOS-L5.2.0.0
2025-08-19 02:37:53,493 [WARN] PackLoader:240 - Cannot read IP mode file for STMicroelectronics.X-CUBE-NFC6.3.1.0
2025-08-19 02:37:53,506 [WARN] PackLoader:240 - Cannot read IP mode file for STMicroelectronics.X-CUBE-DPower.1.2.0
2025-08-19 02:37:53,516 [WARN] PackLoader:240 - Cannot read IP mode file for STMicroelectronics.X-CUBE-FREERTOS.1.3.1
2025-08-19 02:37:53,527 [WARN] PackLoader:240 - Cannot read IP mode file for STMicroelectronics.X-CUBE-FREERTOS.1.3.0
2025-08-19 02:37:53,537 [WARN] PackLoader:240 - Cannot read IP mode file for STMicroelectronics.X-CUBE-NFC7.1.0.1
2025-08-19 02:37:53,549 [WARN] PackLoader:240 - Cannot read IP mode file for STMicroelectronics.FP-SNS-STAIOTCFT.1.0.0
2025-08-19 02:37:53,559 [WARN] PackLoader:240 - Cannot read IP mode file for STMicroelectronics.X-CUBE-DPower.1.3.0
2025-08-19 02:37:53,580 [WARN] ConditionMgr:438 - getConditionDescription Invalid condition id : LAN8742 Phy interface Condition cause : null
2025-08-19 02:37:53,580 [WARN] PackLoader:240 - Cannot read IP mode file for STMicroelectronics.X-CUBE-AZRTOS-L4.2.0.0
2025-08-19 02:37:53,581 [WARN] ConditionMgr:1044 - genDependencies : Invalid condition id : LAN8742 Phy interface Condition cause : null
2025-08-19 02:37:53,581 [WARN] ConditionMgr:1044 - genDependencies : Invalid condition id : LAN8742 Phy interface Condition cause : null
2025-08-19 02:37:53,581 [WARN] ConditionMgr:1044 - genDependencies : Invalid condition id : LAN8742 Phy interface Condition cause : null
2025-08-19 02:37:53,596 [WARN] PackLoader:240 - Cannot read IP mode file for STMicroelectronics.X-CUBE-SFXS2LP1.4.0.0
2025-08-19 02:37:53,618 [WARN] PackLoader:240 - Cannot read IP mode file for STMicroelectronics.X-CUBE-AZRTOS-H7.3.3.0
2025-08-19 02:37:53,633 [WARN] PackLoader:240 - Cannot read IP mode file for STMicroelectronics.X-CUBE-BLEMGR.4.1.0
2025-08-19 02:37:53,648 [WARN] PackLoader:240 - Cannot read IP mode file for STMicroelectronics.X-CUBE-IPS.3.0.0
2025-08-19 02:37:53,667 [WARN] ConditionMgr:438 - getConditionDescription Invalid condition id : UX DEVICE CLASS RTOS Condition cause : null
2025-08-19 02:37:53,667 [WARN] ConditionMgr:438 - getConditionDescription Invalid condition id : UX DEVICE CLASS RTOS Condition cause : null
2025-08-19 02:37:53,668 [WARN] PackLoader:240 - Cannot read IP mode file for STMicroelectronics.X-CUBE-AZRTOS-WB.2.0.0
2025-08-19 02:37:53,668 [WARN] ConditionMgr:1044 - genDependencies : Invalid condition id : UX DEVICE CLASS RTOS Condition cause : null
2025-08-19 02:37:53,668 [WARN] ConditionMgr:1044 - genDependencies : Invalid condition id : UX DEVICE CLASS RTOS Condition cause : null
2025-08-19 02:37:53,668 [WARN] ConditionMgr:1044 - genDependencies : Invalid condition id : UX DEVICE CLASS RTOS Condition cause : null
2025-08-19 02:37:53,668 [WARN] ConditionMgr:1044 - genDependencies : Invalid condition id : UX DEVICE CLASS RTOS Condition cause : null
2025-08-19 02:37:53,668 [WARN] ConditionMgr:1044 - genDependencies : Invalid condition id : UX DEVICE CLASS RTOS Condition cause : null
2025-08-19 02:37:53,683 [WARN] PackLoader:240 - Cannot read IP mode file for STMicroelectronics.X-CUBE-GNSS1.7.0.1
2025-08-19 02:37:53,697 [WARN] PackLoader:240 - Cannot read IP mode file for STMicroelectronics.X-CUBE-TOUCHGFX.4.25.0
2025-08-19 02:37:53,711 [WARN] PackLoader:240 - Cannot read IP mode file for STMicroelectronics.FP-SNS-STBOX1.2.0.0
2025-08-19 02:37:53,755 [WARN] PackLoader:240 - Cannot read IP mode file for STMicroelectronics.X-CUBE-SUBG2.5.0.0
2025-08-19 02:37:53,782 [WARN] PackLoader:240 - Cannot read IP mode file for STMicroelectronics.X-CUBE-AZRTOS-H7RS.1.1.0
2025-08-19 02:37:53,795 [WARN] PackLoader:240 - Cannot read IP mode file for Cesanta.I-CUBE-Mongoose.7.13.0
2025-08-19 02:37:53,813 [WARN] PackLoader:240 - Cannot read IP mode file for STMicroelectronics.X-CUBE-AZRTOS-G4.2.0.0
2025-08-19 02:37:53,824 [WARN] PackLoader:240 - Cannot read IP mode file for STMicroelectronics.X-CUBE-NFC7.2.0.0
2025-08-19 02:37:53,839 [WARN] PackLoader:240 - Cannot read IP mode file for STMicroelectronics.X-CUBE-IPS.3.1.0
2025-08-19 02:37:53,852 [WARN] PackLoader:240 - Cannot read IP mode file for STMicroelectronics.X-CUBE-ALS.1.0.2
2025-08-19 02:37:53,862 [WARN] PackLoader:240 - Cannot read IP mode file for STMicroelectronics.X-CUBE-TOUCHGFX.4.24.2
2025-08-19 02:37:53,871 [WARN] PackLoader:240 - Cannot read IP mode file for STMicroelectronics.X-CUBE-TOUCHGFX.4.24.1
2025-08-19 02:37:53,881 [WARN] PackLoader:240 - Cannot read IP mode file for wolfSSL.I-CUBE-wolfTPM.3.4.0
2025-08-19 02:37:53,891 [WARN] PackLoader:240 - Cannot read IP mode file for portGmbH.I-Cube-SoM-uGOAL.1.1.0
2025-08-19 02:37:53,909 [WARN] PackLoader:240 - Cannot read IP mode file for STMicroelectronics.X-CUBE-AZRTOS-H7RS.1.0.0
2025-08-19 02:37:53,924 [WARN] PackLoader:240 - Cannot read IP mode file for STMicroelectronics.X-CUBE-TOF1.3.4.2
2025-08-19 02:37:53,941 [WARN] PackLoader:240 - Cannot read IP mode file for STMicroelectronics.X-CUBE-TOF1.3.4.3
2025-08-19 02:37:53,955 [WARN] PackLoader:240 - Cannot read IP mode file for wolfSSL.I-CUBE-wolfSSH.1.4.17
2025-08-19 02:37:53,956 [INFO] ThirdParty:978 - Integrity check success = true
2025-08-19 02:37:53,956 [INFO] IntegrityCheckThread:100 - exiting critical section [integrity check]
2025-08-19 02:37:53,956 [INFO] IntegrityCheckThread:103 - End integrity checks thread
2025-08-19 04:26:26,760 [ERROR] LogOutputStream:75 - [STDERR_REDIRECT] 
2025-08-19 04:26:26,761 [ERROR] LogOutputStream:75 - [STDERR_REDIRECT] 
2025-08-19 16:56:09,429 [INFO] Activator:176 - 


2025-08-19 16:56:09,431 [INFO] Activator:177 - !SESSION log4j initialized
2025-08-19 16:56:14,709 [INFO] LogOutputStream:77 - [STDOUT_REDIRECT] 
2025-08-19 16:56:16,037 [INFO] ApplicationProperties:184 - Using Application install path: C:\ST\STM32CubeIDE_1.17.0\STM32CubeIDE\plugins\com.st.stm32cube.common.mx_6.13.0.202411220809
2025-08-19 16:56:16,049 [INFO] DbMcusXml:78 - Set database path to: C:\ST\STM32CubeIDE_1.17.0\STM32CubeIDE\plugins\com.st.stm32cube.common.mx_6.13.0.202411220809\\db\/mcu/
2025-08-19 16:56:16,049 [INFO] ApiDb:274 - Set plugin database path to: C:\ST\STM32CubeIDE_1.17.0\STM32CubeIDE\plugins\com.st.stm32cube.common.mx_6.13.0.202411220809\\db\/plugins/boardmanager/
2025-08-19 16:56:16,050 [WARN] ApiDb:259 - Overriding images path with different value:  => C:\ST\STM32CubeIDE_1.17.0\STM32CubeIDE\plugins\com.st.stm32cube.common.mx_6.13.0.202411220809\\db\/plugins/mcufinder/images/
2025-08-19 16:56:16,056 [INFO] ApiDb:250 - Set database path to: C:\Users\arees\.stmcufinder\plugins\mcufinder//mcu/
2025-08-19 16:56:16,057 [INFO] DbMcusAds:125 - Set database path to: C:\Users\arees\.stmcufinder\plugins\mcufinder//mcu/
2025-08-19 16:56:16,059 [INFO] CrossReferenceDbSqlite:203 - Set database path to: C:\Users\arees\.stmcufinder\plugins\mcufinder//mcu/cs/
2025-08-19 16:56:16,147 [INFO] RulesReader:64 - Compatibility file has been processed (297 Rules)
2025-08-19 16:56:16,232 [INFO] DbMcusXml:78 - Set database path to: C:\ST\STM32CubeIDE_1.17.0\STM32CubeIDE\plugins\com.st.stm32cube.common.mx_6.13.0.202411220809\\db\/mcu/
2025-08-19 16:56:16,232 [INFO] ApiDb:274 - Set plugin database path to: C:\ST\STM32CubeIDE_1.17.0\STM32CubeIDE\plugins\com.st.stm32cube.common.mx_6.13.0.202411220809\\db\/plugins/boardmanager/
2025-08-19 16:56:16,232 [INFO] ApiDb:261 - Set plugin images path to: C:\ST\STM32CubeIDE_1.17.0\STM32CubeIDE\plugins\com.st.stm32cube.common.mx_6.13.0.202411220809\\db\/plugins/mcufinder/images/
2025-08-19 16:56:16,232 [WARN] DbFile:41 - Overriding database path with different value: C:\Users\arees\.stmcufinder\plugins\mcufinder/ => C:\Users\arees\.stmcufinder\plugins\mcufinder
2025-08-19 16:56:16,232 [INFO] ApiDb:250 - Set database path to: C:\Users\arees\.stmcufinder\plugins\mcufinder//mcu/
2025-08-19 16:56:16,232 [WARN] DbFile:41 - Overriding database path with different value: C:\Users\arees\.stmcufinder\plugins\mcufinder/ => C:\Users\arees\.stmcufinder\plugins\mcufinder
2025-08-19 16:56:16,232 [INFO] DbMcusAds:125 - Set database path to: C:\Users\arees\.stmcufinder\plugins\mcufinder//mcu/
2025-08-19 16:56:16,232 [WARN] DbFile:41 - Overriding database path with different value: C:\Users\arees\.stmcufinder\plugins\mcufinder/ => C:\Users\arees\.stmcufinder\plugins\mcufinder
2025-08-19 16:56:16,232 [WARN] DbFile:41 - Overriding database path with different value: C:\Users\arees\.stmcufinder\plugins\mcufinder/ => C:\Users\arees\.stmcufinder\plugins\mcufinder
2025-08-19 16:56:16,232 [INFO] CrossReferenceDbSqlite:203 - Set database path to: C:\Users\arees\.stmcufinder\plugins\mcufinder//mcu/cs/
2025-08-19 16:56:16,291 [INFO] MainPanel:272 - HeapMemory: 268435456
2025-08-19 16:56:16,371 [INFO] DbMcusXml:78 - Set database path to: C:\ST\STM32CubeIDE_1.17.0\STM32CubeIDE\plugins\com.st.stm32cube.common.mx_6.13.0.202411220809\\db\/mcu/
2025-08-19 16:56:16,371 [INFO] ApiDb:274 - Set plugin database path to: C:\ST\STM32CubeIDE_1.17.0\STM32CubeIDE\plugins\com.st.stm32cube.common.mx_6.13.0.202411220809\\db\/plugins/boardmanager/
2025-08-19 16:56:16,372 [INFO] ApiDb:261 - Set plugin images path to: C:\ST\STM32CubeIDE_1.17.0\STM32CubeIDE\plugins\com.st.stm32cube.common.mx_6.13.0.202411220809\\db\/plugins/mcufinder/images/
2025-08-19 16:56:16,372 [WARN] DbFile:41 - Overriding database path with different value: C:\Users\arees\.stmcufinder\plugins\mcufinder/ => C:\Users\arees\.stmcufinder\plugins\mcufinder
2025-08-19 16:56:16,372 [INFO] ApiDb:250 - Set database path to: C:\Users\arees\.stmcufinder\plugins\mcufinder//mcu/
2025-08-19 16:56:16,372 [WARN] DbFile:41 - Overriding database path with different value: C:\Users\arees\.stmcufinder\plugins\mcufinder/ => C:\Users\arees\.stmcufinder\plugins\mcufinder
2025-08-19 16:56:16,372 [INFO] DbMcusAds:125 - Set database path to: C:\Users\arees\.stmcufinder\plugins\mcufinder//mcu/
2025-08-19 16:56:16,372 [WARN] DbFile:41 - Overriding database path with different value: C:\Users\arees\.stmcufinder\plugins\mcufinder/ => C:\Users\arees\.stmcufinder\plugins\mcufinder
2025-08-19 16:56:16,372 [WARN] DbFile:41 - Overriding database path with different value: C:\Users\arees\.stmcufinder\plugins\mcufinder/ => C:\Users\arees\.stmcufinder\plugins\mcufinder
2025-08-19 16:56:16,372 [INFO] CrossReferenceDbSqlite:203 - Set database path to: C:\Users\arees\.stmcufinder\plugins\mcufinder//mcu/cs/
2025-08-19 16:56:16,387 [INFO] ApplicationProperties:184 - Using Application install path: C:\ST\STM32CubeIDE_1.17.0\STM32CubeIDE\plugins\com.st.stm32cube.common.mx_6.13.0.202411220809
2025-08-19 16:56:16,388 [INFO] PluginManage:196 - Search for loadable plugins [exclusion list=, ]
2025-08-19 16:56:16,389 [INFO] PluginManage:310 - Check plugin analytics
2025-08-19 16:56:16,520 [INFO] AnalyticsPlugin:253 - Accepted Software Licenses: 
2025-08-19 16:56:16,520 [INFO] AnalyticsPlugin:255 - Accepted CMSIS Pack Licenses: 
2025-08-19 16:56:16,520 [INFO] AnalyticsPlugin:257 - Accepted Firmware Licenses: 
2025-08-19 16:56:16,523 [INFO] PluginManage:359 - Loaded plugin analytics (category:tool,tabindex:-1)
2025-08-19 16:56:16,524 [INFO] PluginManage:310 - Check plugin cadmodel
2025-08-19 16:56:16,539 [INFO] CADModel:105 - Init CAD model plugin
2025-08-19 16:56:16,539 [INFO] PluginManage:359 - Loaded plugin cadmodel (category:power,tabindex:5)
2025-08-19 16:56:16,540 [INFO] PluginManage:310 - Check plugin clock
2025-08-19 16:56:16,557 [INFO] PluginManage:359 - Loaded plugin clock (category:base,tabindex:2)
2025-08-19 16:56:16,557 [INFO] PluginManage:310 - Check plugin ddr
2025-08-19 16:56:16,560 [INFO] PluginManage:359 - Loaded plugin ddr (category:tool,tabindex:6)
2025-08-19 16:56:16,560 [INFO] PluginManage:310 - Check plugin filemanager
2025-08-19 16:56:16,660 [INFO] PluginManage:359 - Loaded plugin filemanager (category:base,tabindex:10)
2025-08-19 16:56:16,660 [INFO] PluginManage:310 - Check plugin ipmanager
2025-08-19 16:56:16,666 [INFO] PluginManage:359 - Loaded plugin ipmanager (category:base,tabindex:5)
2025-08-19 16:56:16,666 [INFO] PluginManage:310 - Check plugin lpbam
2025-08-19 16:56:16,683 [INFO] PluginManage:359 - Loaded plugin lpbam (category:base,tabindex:0)
2025-08-19 16:56:16,683 [INFO] PluginManage:310 - Check plugin memorymap
2025-08-19 16:56:16,705 [INFO] PluginManage:359 - Loaded plugin memorymap (category:base,tabindex:4)
2025-08-19 16:56:16,705 [INFO] PluginManage:310 - Check plugin pinoutandconfiguration
2025-08-19 16:56:16,721 [INFO] PluginManage:359 - Loaded plugin pinoutandconfiguration (category:base,tabindex:1)
2025-08-19 16:56:16,721 [INFO] PluginManage:310 - Check plugin pinoutconfig
2025-08-19 16:56:16,796 [WARN] SupportedApi:132 - Cannot load RTOS API schema: s4s-elt-must-match.1: The content of 'definitions' must match (annotation?, (simpleType | complexType)?, (unique | key | keyref)*)). A problem was found starting at: attribute.
2025-08-19 16:56:16,899 [INFO] PluginManage:359 - Loaded plugin pinoutconfig (category:base,tabindex:0)
2025-08-19 16:56:16,899 [INFO] PluginManage:310 - Check plugin power
2025-08-19 16:56:16,917 [INFO] PluginManage:359 - Loaded plugin power (category:power,tabindex:4)
2025-08-19 16:56:16,917 [INFO] PluginManage:310 - Check plugin projectmanager
2025-08-19 16:56:16,930 [INFO] PluginManage:359 - Loaded plugin projectmanager (category:projectmanager,tabindex:4)
2025-08-19 16:56:16,930 [INFO] PluginManage:310 - Check plugin rif
2025-08-19 16:56:16,948 [INFO] PluginManage:359 - Loaded plugin rif (category:base,tabindex:3)
2025-08-19 16:56:16,949 [INFO] PluginManage:310 - Check plugin thirdparty
2025-08-19 16:56:17,192 [INFO] PluginManage:359 - Loaded plugin thirdparty (category:base,tabindex:-1)
2025-08-19 16:56:17,192 [WARN] IntegrityCheckThread:84 - waiting for thirdparty lock release [integrity check]
2025-08-19 16:56:17,192 [INFO] IntegrityCheckThread:86 - entering critical section [integrity check]
2025-08-19 16:56:17,192 [INFO] PluginManage:310 - Check plugin tools
2025-08-19 16:56:17,192 [INFO] ThirdPartyUpdaterWithRetryManager:70 - Updater plugin not ready yet. [1/15]
2025-08-19 16:56:17,225 [INFO] PluginManage:359 - Loaded plugin tools (category:base,tabindex:7)
2025-08-19 16:56:17,225 [INFO] PluginManage:310 - Check plugin tutovideos
2025-08-19 16:56:17,367 [INFO] PluginManage:359 - Loaded plugin tutovideos (category:base,tabindex:-1)
2025-08-19 16:56:17,367 [INFO] PluginManage:310 - Check plugin updater
2025-08-19 16:56:17,384 [INFO] PluginManage:359 - Loaded plugin updater (category:base,tabindex:12)
2025-08-19 16:56:17,384 [INFO] PluginManage:310 - Check plugin userauth
2025-08-19 16:56:17,387 [INFO] UserAuth:118 - Init User Auth plugin
2025-08-19 16:56:17,388 [INFO] PluginManage:359 - Loaded plugin userauth (category:base,tabindex:14)
2025-08-19 16:56:17,388 [INFO] PluginManage:283 - PluginManage : Loaded plugins [18]
2025-08-19 16:56:17,548 [INFO] PinOutPanel:1589 - setPackage(No Configuration,No Configuration)
2025-08-19 16:56:17,612 [INFO] CADModel:165 - CPN selected for project level
2025-08-19 16:56:17,612 [INFO] CADModel:114 - Register for checkConnection events
2025-08-19 16:56:17,637 [INFO] IPUIPlugin:80 - create IPUIPlugin
2025-08-19 16:56:17,637 [INFO] PluginManager:220 - loadIPPluginJar : add adc
2025-08-19 16:56:17,674 [INFO] IPUIPlugin:80 - create IPUIPlugin
2025-08-19 16:56:17,675 [INFO] PluginManager:220 - loadIPPluginJar : add aes
2025-08-19 16:56:17,712 [INFO] IPUIPlugin:80 - create IPUIPlugin
2025-08-19 16:56:17,712 [INFO] PluginManager:220 - loadIPPluginJar : add can
2025-08-19 16:56:17,738 [INFO] IPUIPlugin:80 - create IPUIPlugin
2025-08-19 16:56:17,739 [INFO] PluginManager:220 - loadIPPluginJar : add comp
2025-08-19 16:56:17,770 [INFO] IPUIPlugin:80 - create IPUIPlugin
2025-08-19 16:56:17,770 [INFO] PluginManager:220 - loadIPPluginJar : add cryp
2025-08-19 16:56:17,781 [INFO] IPUIPlugin:80 - create IPUIPlugin
2025-08-19 16:56:17,781 [INFO] PluginManager:220 - loadIPPluginJar : add ddr_ctrl_phy
2025-08-19 16:56:17,809 [INFO] IPUIPlugin:80 - create IPUIPlugin
2025-08-19 16:56:17,809 [INFO] PluginManager:220 - loadIPPluginJar : add dfsdm
2025-08-19 16:56:17,821 [INFO] IPUIPlugin:80 - create IPUIPlugin
2025-08-19 16:56:17,821 [INFO] PluginManager:220 - loadIPPluginJar : add dma
2025-08-19 16:56:17,854 [INFO] IPUIPlugin:80 - create IPUIPlugin
2025-08-19 16:56:17,855 [INFO] PluginManager:220 - loadIPPluginJar : add dma3
2025-08-19 16:56:17,895 [INFO] IPUIPlugin:80 - create IPUIPlugin
2025-08-19 16:56:17,895 [INFO] PluginManager:220 - loadIPPluginJar : add extmemmanager
2025-08-19 16:56:17,915 [INFO] IPUIPlugin:80 - create IPUIPlugin
2025-08-19 16:56:17,915 [INFO] PluginManager:220 - loadIPPluginJar : add fatfs
2025-08-19 16:56:17,955 [INFO] IPUIPlugin:80 - create IPUIPlugin
2025-08-19 16:56:17,956 [INFO] PluginManager:220 - loadIPPluginJar : add fmc
2025-08-19 16:56:17,970 [INFO] IPUIPlugin:80 - create IPUIPlugin
2025-08-19 16:56:17,970 [INFO] PluginManager:220 - loadIPPluginJar : add freertos
2025-08-19 16:56:17,991 [INFO] IPUIPlugin:80 - create IPUIPlugin
2025-08-19 16:56:17,991 [INFO] PluginManager:220 - loadIPPluginJar : add genericplugin
2025-08-19 16:56:18,068 [INFO] IPUIPlugin:80 - create IPUIPlugin
2025-08-19 16:56:18,068 [INFO] PluginManager:220 - loadIPPluginJar : add gfxmmu
2025-08-19 16:56:18,179 [INFO] IPUIPlugin:80 - create IPUIPlugin
2025-08-19 16:56:18,179 [INFO] PluginManager:220 - loadIPPluginJar : add gic
2025-08-19 16:56:18,191 [INFO] IPUIPlugin:80 - create IPUIPlugin
2025-08-19 16:56:18,191 [INFO] PluginManager:220 - loadIPPluginJar : add gpio
2025-08-19 16:56:18,269 [INFO] IPUIPlugin:80 - create IPUIPlugin
2025-08-19 16:56:18,270 [INFO] PluginManager:220 - loadIPPluginJar : add gtzc
2025-08-19 16:56:18,299 [INFO] IPUIPlugin:80 - create IPUIPlugin
2025-08-19 16:56:18,299 [INFO] PluginManager:220 - loadIPPluginJar : add hash
2025-08-19 16:56:18,360 [INFO] IPUIPlugin:80 - create IPUIPlugin
2025-08-19 16:56:18,360 [INFO] PluginManager:220 - loadIPPluginJar : add i2c
2025-08-19 16:56:18,393 [INFO] IPUIPlugin:80 - create IPUIPlugin
2025-08-19 16:56:18,393 [INFO] PluginManager:220 - loadIPPluginJar : add i2s
2025-08-19 16:56:18,427 [INFO] IPUIPlugin:80 - create IPUIPlugin
2025-08-19 16:56:18,427 [INFO] PluginManager:220 - loadIPPluginJar : add i3c
2025-08-19 16:56:18,513 [INFO] IPUIPlugin:80 - create IPUIPlugin
2025-08-19 16:56:18,513 [INFO] PluginManager:220 - loadIPPluginJar : add ipddr
2025-08-19 16:56:18,594 [INFO] IPUIPlugin:80 - create IPUIPlugin
2025-08-19 16:56:18,594 [INFO] PluginManager:220 - loadIPPluginJar : add linkedlist
2025-08-19 16:56:18,624 [INFO] IPUIPlugin:80 - create IPUIPlugin
2025-08-19 16:56:18,624 [INFO] PluginManager:220 - loadIPPluginJar : add lorawan
2025-08-19 16:56:18,659 [INFO] IPUIPlugin:80 - create IPUIPlugin
2025-08-19 16:56:18,659 [INFO] PluginManager:220 - loadIPPluginJar : add ltdc
2025-08-19 16:56:18,671 [INFO] IPUIPlugin:80 - create IPUIPlugin
2025-08-19 16:56:18,672 [INFO] PluginManager:220 - loadIPPluginJar : add mdma
2025-08-19 16:56:18,682 [INFO] IPUIPlugin:80 - create IPUIPlugin
2025-08-19 16:56:18,682 [INFO] PluginManager:220 - loadIPPluginJar : add nvic
2025-08-19 16:56:18,716 [INFO] IPUIPlugin:80 - create IPUIPlugin
2025-08-19 16:56:18,716 [INFO] PluginManager:220 - loadIPPluginJar : add opamp
2025-08-19 16:56:18,768 [INFO] IPUIPlugin:80 - create IPUIPlugin
2025-08-19 16:56:18,769 [INFO] PluginManager:220 - loadIPPluginJar : add openamp
2025-08-19 16:56:18,808 [INFO] IPUIPlugin:80 - create IPUIPlugin
2025-08-19 16:56:18,808 [INFO] PluginManager:220 - loadIPPluginJar : add pdm2pcm
2025-08-19 16:56:18,822 [INFO] IPUIPlugin:80 - create IPUIPlugin
2025-08-19 16:56:18,824 [INFO] PluginManager:220 - loadIPPluginJar : add plateformsettings
2025-08-19 16:56:18,848 [INFO] IPUIPlugin:80 - create IPUIPlugin
2025-08-19 16:56:18,848 [INFO] PluginManager:220 - loadIPPluginJar : add quadspi
2025-08-19 16:56:18,874 [INFO] IPUIPlugin:80 - create IPUIPlugin
2025-08-19 16:56:18,875 [INFO] PluginManager:220 - loadIPPluginJar : add radio
2025-08-19 16:56:18,887 [INFO] IPUIPlugin:80 - create IPUIPlugin
2025-08-19 16:56:18,887 [INFO] PluginManager:220 - loadIPPluginJar : add resmgrutility
2025-08-19 16:56:18,926 [INFO] IPUIPlugin:80 - create IPUIPlugin
2025-08-19 16:56:18,926 [INFO] PluginManager:220 - loadIPPluginJar : add sai
2025-08-19 16:56:18,959 [INFO] IPUIPlugin:80 - create IPUIPlugin
2025-08-19 16:56:18,959 [INFO] PluginManager:220 - loadIPPluginJar : add spi
2025-08-19 16:56:19,013 [INFO] IPUIPlugin:80 - create IPUIPlugin
2025-08-19 16:56:19,013 [INFO] PluginManager:220 - loadIPPluginJar : add stm32_wpan
2025-08-19 16:56:19,036 [INFO] IPUIPlugin:80 - create IPUIPlugin
2025-08-19 16:56:19,036 [INFO] PluginManager:220 - loadIPPluginJar : add tim
2025-08-19 16:56:19,089 [INFO] IPUIPlugin:80 - create IPUIPlugin
2025-08-19 16:56:19,089 [INFO] PluginManager:220 - loadIPPluginJar : add touchsensing
2025-08-19 16:56:19,110 [INFO] IPUIPlugin:80 - create IPUIPlugin
2025-08-19 16:56:19,110 [INFO] PluginManager:220 - loadIPPluginJar : add tracer_emb
2025-08-19 16:56:19,133 [INFO] IPUIPlugin:80 - create IPUIPlugin
2025-08-19 16:56:19,133 [INFO] PluginManager:220 - loadIPPluginJar : add ts
2025-08-19 16:56:19,154 [INFO] IPUIPlugin:80 - create IPUIPlugin
2025-08-19 16:56:19,154 [INFO] PluginManager:220 - loadIPPluginJar : add tsc
2025-08-19 16:56:19,174 [INFO] IPUIPlugin:80 - create IPUIPlugin
2025-08-19 16:56:19,174 [INFO] PluginManager:220 - loadIPPluginJar : add ucpd
2025-08-19 16:56:19,212 [INFO] IPUIPlugin:80 - create IPUIPlugin
2025-08-19 16:56:19,212 [INFO] PluginManager:220 - loadIPPluginJar : add usart
2025-08-19 16:56:19,249 [INFO] IPUIPlugin:80 - create IPUIPlugin
2025-08-19 16:56:19,249 [INFO] PluginManager:220 - loadIPPluginJar : add usbx
2025-08-19 16:56:19,364 [FATAL] Updater:351 - Updater called before beeing initialized
2025-08-19 16:56:19,381 [INFO] RulesReader:64 - Compatibility file has been processed (297 Rules)
2025-08-19 16:56:19,391 [INFO] RulesReader:64 - Compatibility file has been processed (297 Rules)
2025-08-19 16:56:19,400 [INFO] CADModel:165 - CPN selected for project level
2025-08-19 16:56:19,400 [INFO] CADModel:114 - Register for checkConnection events
2025-08-19 16:56:19,400 [FATAL] Updater:351 - Updater called before beeing initialized
2025-08-19 16:56:19,400 [ERROR] CADModel:125 - Updater not yet initialized, retry later 
2025-08-19 16:56:19,530 [FATAL] Updater:351 - Updater called before beeing initialized
2025-08-19 16:56:19,531 [INFO] CADModel:165 - CPN selected for project level
2025-08-19 16:56:19,531 [INFO] CADModel:114 - Register for checkConnection events
2025-08-19 16:56:19,531 [FATAL] Updater:351 - Updater called before beeing initialized
2025-08-19 16:56:19,531 [ERROR] CADModel:125 - Updater not yet initialized, retry later 
2025-08-19 16:56:19,533 [FATAL] Updater:351 - Updater called before beeing initialized
2025-08-19 16:56:19,618 [FATAL] Updater:351 - Updater called before beeing initialized
2025-08-19 16:56:19,633 [INFO] DbMcusAds:53 - JSON generation date=Tue Jul 08 03:14:23 CDT 2025 (1751962463582)
2025-08-19 16:56:19,633 [FATAL] Updater:351 - Updater called before beeing initialized
2025-08-19 16:56:19,665 [WARN] DetailPanel:346 - Failed to get advertising image, set to default
2025-08-19 16:56:19,837 [FATAL] Updater:351 - Updater called before beeing initialized
2025-08-19 16:56:19,838 [FATAL] Updater:351 - Updater called before beeing initialized
2025-08-19 16:56:19,838 [FATAL] Updater:351 - Updater called before beeing initialized
2025-08-19 16:56:19,839 [WARN] DetailPanel:346 - Failed to get advertising image, set to default
2025-08-19 16:56:19,839 [FATAL] Updater:351 - Updater called before beeing initialized
2025-08-19 16:56:19,892 [ERROR] Updater:1198 - MainUpdater not yet initialized. External WinMGr cannot be set.
2025-08-19 16:56:19,900 [INFO] Updater:1134 - Updater Version found : 6.13.0
2025-08-19 16:56:19,914 [INFO] ApplicationProperties:184 - Using Application install path: C:\ST\STM32CubeIDE_1.17.0\STM32CubeIDE\plugins\com.st.stm32cube.common.mx_6.13.0.202411220809
2025-08-19 16:56:20,193 [INFO] ThirdPartyUpdaterWithRetryManager:70 - Updater plugin not ready yet. [2/15]
2025-08-19 16:56:21,486 [ERROR] LogOutputStream:75 - [STDERR_REDIRECT] Aug 19, 2025 4:56:21 PM java.util.prefs.WindowsPreferences <init>
2025-08-19 16:56:21,487 [ERROR] LogOutputStream:75 - [STDERR_REDIRECT] WARNING: Could not open/create prefs root node Software\JavaSoft\Prefs at root 0xffffffff80000002. Windows RegCreateKeyEx(...) returned error code 5.
2025-08-19 16:56:21,487 [ERROR] LogOutputStream:75 - [STDERR_REDIRECT] 
2025-08-19 16:56:21,840 [INFO] MainUpdater:2872 - connection check result : 10
2025-08-19 16:56:21,841 [INFO] MainUpdater:289 - Updater Check For Update Now.
2025-08-19 16:56:21,841 [INFO] MicroXplorer:498 - Change Database Version : DB.6.0.130
2025-08-19 16:56:21,854 [INFO] McuFinderGlobals:63 - Set McuFinder mode to 2 (CubeIDE integrated)
2025-08-19 16:56:21,855 [INFO] UserAuth:171 - activating auth plugin
2025-08-19 16:56:21,858 [INFO] UserAuth:486 - Internet connection configuration mode: 1
2025-08-19 16:56:21,901 [INFO] JxBrowserEngine:152 - Initiate JxBrowser Engine with user profile folder
2025-08-19 16:56:22,033 [INFO] CheckServerUpdateThread:120 - End of CheckServer Thread
2025-08-19 16:56:22,736 [INFO] WebApp:168 - Instantiating new browser for Auth
2025-08-19 16:56:23,303 [INFO] WebApp:449 - Apply proxy settings
2025-08-19 16:56:23,303 [INFO] WebApp:534 - Chromium requires no authentication
2025-08-19 16:56:23,314 [INFO] WebApp:477 - Direct internet connection detected
2025-08-19 16:56:23,336 [INFO] WebApp:880 - Register for checkConnection events
2025-08-19 16:56:23,336 [INFO] WebApp:449 - Apply proxy settings
2025-08-19 16:56:23,337 [INFO] WebApp:534 - Chromium requires no authentication
2025-08-19 16:56:23,337 [INFO] WebApp:477 - Direct internet connection detected
2025-08-19 16:56:23,451 [WARN] PackLoader:240 - Cannot read IP mode file for STMicroelectronics.FP-SNS-MOTENVWB1.1.4.0
2025-08-19 16:56:23,467 [WARN] PackLoader:240 - Cannot read IP mode file for STMicroelectronics.FP-ATR-ASTRA1.2.0.2
2025-08-19 16:56:23,477 [WARN] PackLoader:240 - Cannot read IP mode file for STMicroelectronics.FP-ATR-ASTRA1.2.0.1
2025-08-19 16:56:23,494 [WARN] PackLoader:240 - Cannot read IP mode file for STMicroelectronics.X-CUBE-SMBUS.2.1.0
2025-08-19 16:56:23,509 [WARN] PackLoader:240 - Cannot read IP mode file for STMicroelectronics.X-CUBE-WB05N.1.1.0
2025-08-19 16:56:23,522 [WARN] PackLoader:240 - Cannot read IP mode file for STMicroelectronics.X-CUBE-ST60.1.0.0
2025-08-19 16:56:23,541 [INFO] WebApp:221 - Starting web application
2025-08-19 16:56:23,541 [INFO] WebApp:579 - Web application path used C:\ST\STM32CubeIDE_1.17.0\STM32CubeIDE\plugins\com.st.stm32cube.common.mx_6.13.0.202411220809\db\plugins\mcufinder\reactClient1\index.html
2025-08-19 16:56:23,560 [INFO] WebApp:187 - Connection restablished
2025-08-19 16:56:23,562 [WARN] PackLoader:240 - Cannot read IP mode file for STMicroelectronics.X-CUBE-AZRTOS-F7.1.1.0
2025-08-19 16:56:23,591 [WARN] PackLoader:240 - Cannot read IP mode file for STMicroelectronics.FP-SNS-FLIGHT1.5.0.2
2025-08-19 16:56:23,623 [WARN] PackLoader:240 - Cannot read IP mode file for Infineon.AIROC-Wi-Fi-Bluetooth-STM32.1.7.0
2025-08-19 16:56:23,658 [WARN] PackLoader:240 - Cannot read IP mode file for STMicroelectronics.X-CUBE-AZRTOS-H7.3.4.0
2025-08-19 16:56:23,676 [WARN] PackLoader:240 - Cannot read IP mode file for STMicroelectronics.X-CUBE-DISPLAY.3.0.0
2025-08-19 16:56:23,691 [WARN] PackLoader:240 - Cannot read IP mode file for STMicroelectronics.X-CUBE-BLE1.7.0.0
2025-08-19 16:56:23,706 [WARN] PackLoader:240 - Cannot read IP mode file for STMicroelectronics.X-CUBE-NFC10.1.0.0
2025-08-19 16:56:23,723 [WARN] PackLoader:240 - Cannot read IP mode file for STMicroelectronics.X-CUBE-BLEMGR.4.0.0
2025-08-19 16:56:23,741 [WARN] PackLoader:240 - Cannot read IP mode file for emotas.I-CUBE-CANOPEN.1.3.0
2025-08-19 16:56:23,760 [ERROR] Engine:466 - C:\Users\arees\.stm32cubemx\thirdparties\pdsc\STMicroelectronics.FP-SNS-STBOX1.2.1.0.pdsc: PDSC version is not supported
2025-08-19 16:56:23,776 [WARN] PackLoader:240 - Cannot read IP mode file for STMicroelectronics.FP-SNS-SMARTAG2.1.2.0
2025-08-19 16:56:23,789 [WARN] PackLoader:240 - Cannot read IP mode file for STMicroelectronics.FP-SNS-FLIGHT1.5.1.0
2025-08-19 16:56:23,836 [WARN] PackLoader:240 - Cannot read IP mode file for STMicroelectronics.X-CUBE-MEMS1.11.1.0
2025-08-19 16:56:24,009 [INFO] LogOutputStream:77 - [STDOUT_REDIRECT] 1 : Invalid condition id : UX_CORESTACK_Condition cause : null
2025-08-19 16:56:24,011 [INFO] LogOutputStream:77 - [STDOUT_REDIRECT] 1 : Invalid condition id : UX_CORESTACK_Condition cause : null
2025-08-19 16:56:24,013 [INFO] LogOutputStream:77 - [STDOUT_REDIRECT] 1 : Invalid condition id : UX_CORESTACK_Condition cause : null
2025-08-19 16:56:24,014 [INFO] LogOutputStream:77 - [STDOUT_REDIRECT] 1 : Invalid condition id : UX_CORESTACK_Condition cause : null
2025-08-19 16:56:24,016 [INFO] LogOutputStream:77 - [STDOUT_REDIRECT] 1 : Invalid condition id : UX_CORESTACK_Condition cause : null
2025-08-19 16:56:24,020 [WARN] PackLoader:240 - Cannot read IP mode file for STMicroelectronics.X-CUBE-AZRTOS-WL.2.0.0
2025-08-19 16:56:24,041 [WARN] PackLoader:240 - Cannot read IP mode file for STMicroelectronics.FP-SNS-MOTENV1.5.0.0
2025-08-19 16:56:24,055 [WARN] PackLoader:240 - Cannot read IP mode file for wolfSSL.I-CUBE-wolfMQTT.1.19.0
2025-08-19 16:56:24,077 [WARN] PackLoader:240 - Cannot read IP mode file for WES.I-CUBE-Cesium.1.3.0
2025-08-19 16:56:24,090 [WARN] PackLoader:240 - Cannot read IP mode file for STMicroelectronics.X-CUBE-BLE2.3.3.0
2025-08-19 16:56:24,104 [WARN] PackLoader:240 - Cannot read IP mode file for STMicroelectronics.X-CUBE-NFC9.1.0.0
2025-08-19 16:56:24,117 [WARN] PackLoader:240 - Cannot read IP mode file for STMicroelectronics.X-CUBE-BLE1.7.1.0
2025-08-19 16:56:24,130 [WARN] PackLoader:240 - Cannot read IP mode file for STMicroelectronics.X-CUBE-EEPRMA1.5.2.0
2025-08-19 16:56:24,152 [WARN] PackLoader:240 - Cannot read IP mode file for STMicroelectronics.X-CUBE-AZRTOS-G0.1.1.0
2025-08-19 16:56:24,167 [WARN] PackLoader:240 - Cannot read IP mode file for STMicroelectronics.X-CUBE-SAFEA1.1.2.2
2025-08-19 16:56:24,180 [WARN] PackLoader:240 - Cannot read IP mode file for STMicroelectronics.X-CUBE-NFC4.3.0.0
2025-08-19 16:56:24,195 [WARN] PackLoader:240 - Cannot read IP mode file for EmbeddedOffice.I-CUBE-FS-RTOS.1.0.1
2025-08-19 16:56:24,211 [WARN] PackLoader:240 - Cannot read IP mode file for STMicroelectronics.X-CUBE-WB05N.2.0.0
2025-08-19 16:56:24,225 [WARN] PackLoader:240 - Cannot read IP mode file for STMicroelectronics.X-CUBE-TCPP.4.2.0
2025-08-19 16:56:24,239 [WARN] PackLoader:240 - Cannot read IP mode file for RealThread.X-CUBE-RT-Thread_Nano.4.1.1
2025-08-19 16:56:24,253 [WARN] PackLoader:240 - Cannot read IP mode file for STMicroelectronics.FP-ATR-SIGFOX1.3.2.0
2025-08-19 16:56:24,266 [WARN] ConditionMgr:438 - getConditionDescription Invalid condition id : Cortex-A Device cause : null
2025-08-19 16:56:24,286 [WARN] ConditionMgr:1044 - genDependencies : Invalid condition id : Cortex-A Device cause : null
2025-08-19 16:56:24,286 [WARN] ConditionMgr:1044 - genDependencies : Invalid condition id : Cortex-A Device cause : null
2025-08-19 16:56:24,287 [WARN] ConditionMgr:1044 - genDependencies : Invalid condition id : Cortex-A Device cause : null
2025-08-19 16:56:24,300 [WARN] PackLoader:240 - Cannot read IP mode file for STMicroelectronics.X-CUBE-EEPRMA1.5.1.0
2025-08-19 16:56:24,313 [WARN] PackLoader:240 - Cannot read IP mode file for wolfSSL.I-CUBE-wolfSSL.5.7.4
2025-08-19 16:56:24,327 [WARN] PackLoader:240 - Cannot read IP mode file for ITTIA_DB.I-CUBE-ITTIADB.8.9.0
2025-08-19 16:56:24,343 [WARN] PackLoader:240 - Cannot read IP mode file for STMicroelectronics.X-CUBE-ST67W61.1.0.0
2025-08-19 16:56:24,356 [WARN] PackLoader:240 - Cannot read IP mode file for STMicroelectronics.X-CUBE-AI.10.2.0
2025-08-19 16:56:24,388 [WARN] PackLoader:240 - Cannot read IP mode file for SEGGER.I-CUBE-embOS.1.3.1
2025-08-19 16:56:24,422 [WARN] PackLoader:240 - Cannot read IP mode file for STMicroelectronics.X-CUBE-ALGOBUILD.1.4.0
2025-08-19 16:56:24,462 [WARN] PackLoader:240 - Cannot read IP mode file for STMicroelectronics.X-CUBE-MEMS1.11.3.0
2025-08-19 16:56:24,540 [WARN] PackLoader:240 - Cannot read IP mode file for STMicroelectronics.X-CUBE-AI.9.1.0
2025-08-19 16:56:24,554 [WARN] PackLoader:240 - Cannot read IP mode file for STMicroelectronics.X-CUBE-PM33A1.1.0.0
2025-08-19 16:56:24,577 [WARN] PackLoader:240 - Cannot read IP mode file for STMicroelectronics.X-CUBE-AZRTOS-F4.1.1.0
2025-08-19 16:56:24,593 [WARN] PackLoader:240 - Cannot read IP mode file for Avnet-IotConnect.X-CUBE-IoTC-DA16k-PMOD.1.0.0
2025-08-19 16:56:24,607 [WARN] PackLoader:240 - Cannot read IP mode file for STMicroelectronics.X-CUBE-ISPU.2.1.0
2025-08-19 16:56:24,623 [WARN] PackLoader:240 - Cannot read IP mode file for STMicroelectronics.X-CUBE-NFC12.1.0.0
2025-08-19 16:56:24,651 [WARN] PackLoader:240 - Cannot read IP mode file for STMicroelectronics.X-CUBE-AZRTOS-L5.2.0.0
2025-08-19 16:56:24,669 [WARN] PackLoader:240 - Cannot read IP mode file for STMicroelectronics.X-CUBE-NFC6.3.1.0
2025-08-19 16:56:24,683 [WARN] PackLoader:240 - Cannot read IP mode file for STMicroelectronics.X-CUBE-DPower.1.2.0
2025-08-19 16:56:24,696 [WARN] PackLoader:240 - Cannot read IP mode file for STMicroelectronics.X-CUBE-FREERTOS.1.3.1
2025-08-19 16:56:24,707 [WARN] PackLoader:240 - Cannot read IP mode file for STMicroelectronics.X-CUBE-FREERTOS.1.3.0
2025-08-19 16:56:24,719 [WARN] PackLoader:240 - Cannot read IP mode file for STMicroelectronics.X-CUBE-NFC7.1.0.1
2025-08-19 16:56:24,733 [WARN] PackLoader:240 - Cannot read IP mode file for STMicroelectronics.FP-SNS-STAIOTCFT.1.0.0
2025-08-19 16:56:24,746 [WARN] PackLoader:240 - Cannot read IP mode file for STMicroelectronics.X-CUBE-DPower.1.3.0
2025-08-19 16:56:24,768 [WARN] ConditionMgr:438 - getConditionDescription Invalid condition id : LAN8742 Phy interface Condition cause : null
2025-08-19 16:56:24,768 [WARN] PackLoader:240 - Cannot read IP mode file for STMicroelectronics.X-CUBE-AZRTOS-L4.2.0.0
2025-08-19 16:56:24,769 [WARN] ConditionMgr:1044 - genDependencies : Invalid condition id : LAN8742 Phy interface Condition cause : null
2025-08-19 16:56:24,769 [WARN] ConditionMgr:1044 - genDependencies : Invalid condition id : LAN8742 Phy interface Condition cause : null
2025-08-19 16:56:24,770 [WARN] ConditionMgr:1044 - genDependencies : Invalid condition id : LAN8742 Phy interface Condition cause : null
2025-08-19 16:56:24,782 [WARN] PackLoader:240 - Cannot read IP mode file for STMicroelectronics.X-CUBE-SFXS2LP1.4.0.0
2025-08-19 16:56:24,808 [WARN] PackLoader:240 - Cannot read IP mode file for STMicroelectronics.X-CUBE-AZRTOS-H7.3.3.0
2025-08-19 16:56:24,825 [WARN] PackLoader:240 - Cannot read IP mode file for STMicroelectronics.X-CUBE-BLEMGR.4.1.0
2025-08-19 16:56:24,843 [WARN] PackLoader:240 - Cannot read IP mode file for STMicroelectronics.X-CUBE-IPS.3.0.0
2025-08-19 16:56:24,866 [WARN] ConditionMgr:438 - getConditionDescription Invalid condition id : UX DEVICE CLASS RTOS Condition cause : null
2025-08-19 16:56:24,866 [WARN] ConditionMgr:438 - getConditionDescription Invalid condition id : UX DEVICE CLASS RTOS Condition cause : null
2025-08-19 16:56:24,867 [WARN] PackLoader:240 - Cannot read IP mode file for STMicroelectronics.X-CUBE-AZRTOS-WB.2.0.0
2025-08-19 16:56:24,867 [WARN] ConditionMgr:1044 - genDependencies : Invalid condition id : UX DEVICE CLASS RTOS Condition cause : null
2025-08-19 16:56:24,867 [WARN] ConditionMgr:1044 - genDependencies : Invalid condition id : UX DEVICE CLASS RTOS Condition cause : null
2025-08-19 16:56:24,867 [WARN] ConditionMgr:1044 - genDependencies : Invalid condition id : UX DEVICE CLASS RTOS Condition cause : null
2025-08-19 16:56:24,868 [WARN] ConditionMgr:1044 - genDependencies : Invalid condition id : UX DEVICE CLASS RTOS Condition cause : null
2025-08-19 16:56:24,868 [WARN] ConditionMgr:1044 - genDependencies : Invalid condition id : UX DEVICE CLASS RTOS Condition cause : null
2025-08-19 16:56:24,882 [WARN] PackLoader:240 - Cannot read IP mode file for STMicroelectronics.X-CUBE-GNSS1.7.0.1
2025-08-19 16:56:24,898 [WARN] PackLoader:240 - Cannot read IP mode file for STMicroelectronics.X-CUBE-TOUCHGFX.4.25.0
2025-08-19 16:56:24,914 [WARN] PackLoader:240 - Cannot read IP mode file for STMicroelectronics.FP-SNS-STBOX1.2.0.0
2025-08-19 16:56:24,932 [WARN] PackLoader:240 - Cannot read IP mode file for STMicroelectronics.X-CUBE-SUBG2.5.0.0
2025-08-19 16:56:24,962 [WARN] PackLoader:240 - Cannot read IP mode file for STMicroelectronics.X-CUBE-AZRTOS-H7RS.1.1.0
2025-08-19 16:56:24,980 [WARN] PackLoader:240 - Cannot read IP mode file for Cesanta.I-CUBE-Mongoose.7.13.0
2025-08-19 16:56:25,012 [WARN] PackLoader:240 - Cannot read IP mode file for STMicroelectronics.X-CUBE-AZRTOS-G4.2.0.0
2025-08-19 16:56:25,027 [WARN] PackLoader:240 - Cannot read IP mode file for STMicroelectronics.X-CUBE-NFC7.2.0.0
2025-08-19 16:56:25,042 [WARN] PackLoader:240 - Cannot read IP mode file for STMicroelectronics.X-CUBE-IPS.3.1.0
2025-08-19 16:56:25,056 [WARN] PackLoader:240 - Cannot read IP mode file for STMicroelectronics.X-CUBE-ALS.1.0.2
2025-08-19 16:56:25,066 [WARN] PackLoader:240 - Cannot read IP mode file for STMicroelectronics.X-CUBE-TOUCHGFX.4.24.2
2025-08-19 16:56:25,077 [WARN] PackLoader:240 - Cannot read IP mode file for STMicroelectronics.X-CUBE-TOUCHGFX.4.24.1
2025-08-19 16:56:25,088 [WARN] PackLoader:240 - Cannot read IP mode file for wolfSSL.I-CUBE-wolfTPM.3.4.0
2025-08-19 16:56:25,100 [WARN] PackLoader:240 - Cannot read IP mode file for portGmbH.I-Cube-SoM-uGOAL.1.1.0
2025-08-19 16:56:25,121 [WARN] PackLoader:240 - Cannot read IP mode file for STMicroelectronics.X-CUBE-AZRTOS-H7RS.1.0.0
2025-08-19 16:56:25,136 [WARN] PackLoader:240 - Cannot read IP mode file for STMicroelectronics.X-CUBE-TOF1.3.4.2
2025-08-19 16:56:25,157 [WARN] PackLoader:240 - Cannot read IP mode file for STMicroelectronics.X-CUBE-TOF1.3.4.3
2025-08-19 16:56:25,175 [WARN] PackLoader:240 - Cannot read IP mode file for wolfSSL.I-CUBE-wolfSSH.1.4.17
2025-08-19 16:56:25,176 [INFO] ThirdParty:978 - Integrity check success = true
2025-08-19 16:56:25,176 [INFO] IntegrityCheckThread:100 - exiting critical section [integrity check]
2025-08-19 16:56:25,176 [INFO] IntegrityCheckThread:103 - End integrity checks thread
